<?xml version="1.0" encoding="UTF-8"?>
<testsuite xmlns:xsi="http://www.w3.org/2001/XMLSchema-instance" xsi:noNamespaceSchemaLocation="https://maven.apache.org/surefire/maven-failsafe-plugin/xsd/failsafe-test-report-3.0.xsd" version="3.0" name="starter.CucumberTestSuite" time="113.957" tests="4" errors="0" skipped="0" failures="0">
  <properties>
    <property name="sun.desktop" value="windows"/>
    <property name="awt.toolkit" value="sun.awt.windows.WToolkit"/>
    <property name="java.specification.version" value="1.8"/>
    <property name="file.encoding.pkg" value="sun.io"/>
    <property name="webdriver.chrome.driver" value="C:\Users\ASUS\IdeaProjects\WebUITesting\src\test\resources\webdriver\chromedriver.exe"/>
    <property name="sun.cpu.isalist" value="amd64"/>
    <property name="sun.jnu.encoding" value="Cp1252"/>
    <property name="java.class.path" value="C:\Users\ASUS\IdeaProjects\WebUITesting\target\test-classes;C:\Users\ASUS\IdeaProjects\WebUITesting\target\WebUITesting-1.0-SNAPSHOT.jar;C:\Users\ASUS\.m2\repository\net\serenity-bdd\serenity-core\3.2.1\serenity-core-3.2.1.jar;C:\Users\ASUS\.m2\repository\net\serenity-bdd\serenity-model\3.2.1\serenity-model-3.2.1.jar;C:\Users\ASUS\.m2\repository\org\apache\commons\commons-text\1.9\commons-text-1.9.jar;C:\Users\ASUS\.m2\repository\commons-net\commons-net\3.8.0\commons-net-3.8.0.jar;C:\Users\ASUS\.m2\repository\com\google\guava\guava\31.1-jre\guava-31.1-jre.jar;C:\Users\ASUS\.m2\repository\com\google\guava\failureaccess\1.0.1\failureaccess-1.0.1.jar;C:\Users\ASUS\.m2\repository\com\google\guava\listenablefuture\9999.0-empty-to-avoid-conflict-with-guava\listenablefuture-9999.0-empty-to-avoid-conflict-with-guava.jar;C:\Users\ASUS\.m2\repository\com\google\code\findbugs\jsr305\3.0.2\jsr305-3.0.2.jar;C:\Users\ASUS\.m2\repository\org\checkerframework\checker-qual\3.12.0\checker-qual-3.12.0.jar;C:\Users\ASUS\.m2\repository\com\google\errorprone\error_prone_annotations\2.11.0\error_prone_annotations-2.11.0.jar;C:\Users\ASUS\.m2\repository\com\google\j2objc\j2objc-annotations\1.3\j2objc-annotations-1.3.jar;C:\Users\ASUS\.m2\repository\com\google\inject\guice\5.1.0\guice-5.1.0.jar;C:\Users\ASUS\.m2\repository\javax\inject\javax.inject\1\javax.inject-1.jar;C:\Users\ASUS\.m2\repository\aopalliance\aopalliance\1.0\aopalliance-1.0.jar;C:\Users\ASUS\.m2\repository\org\jsoup\jsoup\1.14.3\jsoup-1.14.3.jar;C:\Users\ASUS\.m2\repository\com\thoughtworks\xstream\xstream\1.4.19\xstream-1.4.19.jar;C:\Users\ASUS\.m2\repository\io\github\x-stream\mxparser\1.2.2\mxparser-1.2.2.jar;C:\Users\ASUS\.m2\repository\xmlpull\xmlpull\1.1.3.1\xmlpull-1.1.3.1.jar;C:\Users\ASUS\.m2\repository\io\cucumber\cucumber-java\7.2.3\cucumber-java-7.2.3.jar;C:\Users\ASUS\.m2\repository\com\typesafe\config\1.4.2\config-1.4.2.jar;C:\Users\ASUS\.m2\repository\org\imgscalr\imgscalr-lib\4.2\imgscalr-lib-4.2.jar;C:\Users\ASUS\.m2\repository\org\awaitility\awaitility\4.2.0\awaitility-4.2.0.jar;C:\Users\ASUS\.m2\repository\org\freemarker\freemarker\2.3.31\freemarker-2.3.31.jar;C:\Users\ASUS\.m2\repository\io\github\classgraph\classgraph\4.8.138\classgraph-4.8.138.jar;C:\Users\ASUS\.m2\repository\net\sourceforge\jexcelapi\jxl\2.6.12\jxl-2.6.12.jar;C:\Users\ASUS\.m2\repository\net\bytebuddy\byte-buddy\1.12.8\byte-buddy-1.12.8.jar;C:\Users\ASUS\.m2\repository\net\bytebuddy\byte-buddy-agent\1.12.8\byte-buddy-agent-1.12.8.jar;C:\Users\ASUS\.m2\repository\org\objenesis\objenesis\3.1\objenesis-3.1.jar;C:\Users\ASUS\.m2\repository\net\serenity-bdd\serenity-reports\3.2.1\serenity-reports-3.2.1.jar;C:\Users\ASUS\.m2\repository\net\serenity-bdd\serenity-stats\3.2.1\serenity-stats-3.2.1.jar;C:\Users\ASUS\.m2\repository\net\serenity-bdd\serenity-reports-configuration\3.2.1\serenity-reports-configuration-3.2.1.jar;C:\Users\ASUS\.m2\repository\com\vladsch\flexmark\flexmark-all\0.34.30\flexmark-all-0.34.30.jar;C:\Users\ASUS\.m2\repository\com\vladsch\flexmark\flexmark\0.34.30\flexmark-0.34.30.jar;C:\Users\ASUS\.m2\repository\com\vladsch\flexmark\flexmark-ext-abbreviation\0.34.30\flexmark-ext-abbreviation-0.34.30.jar;C:\Users\ASUS\.m2\repository\com\vladsch\flexmark\flexmark-ext-admonition\0.34.30\flexmark-ext-admonition-0.34.30.jar;C:\Users\ASUS\.m2\repository\com\vladsch\flexmark\flexmark-ext-anchorlink\0.34.30\flexmark-ext-anchorlink-0.34.30.jar;C:\Users\ASUS\.m2\repository\com\vladsch\flexmark\flexmark-ext-aside\0.34.30\flexmark-ext-aside-0.34.30.jar;C:\Users\ASUS\.m2\repository\com\vladsch\flexmark\flexmark-ext-attributes\0.34.30\flexmark-ext-attributes-0.34.30.jar;C:\Users\ASUS\.m2\repository\com\vladsch\flexmark\flexmark-ext-autolink\0.34.30\flexmark-ext-autolink-0.34.30.jar;C:\Users\ASUS\.m2\repository\org\nibor\autolink\autolink\0.6.0\autolink-0.6.0.jar;C:\Users\ASUS\.m2\repository\com\vladsch\flexmark\flexmark-ext-definition\0.34.30\flexmark-ext-definition-0.34.30.jar;C:\Users\ASUS\.m2\repository\com\vladsch\flexmark\flexmark-ext-emoji\0.34.30\flexmark-ext-emoji-0.34.30.jar;C:\Users\ASUS\.m2\repository\com\vladsch\flexmark\flexmark-ext-enumerated-reference\0.34.30\flexmark-ext-enumerated-reference-0.34.30.jar;C:\Users\ASUS\.m2\repository\com\vladsch\flexmark\flexmark-ext-escaped-character\0.34.30\flexmark-ext-escaped-character-0.34.30.jar;C:\Users\ASUS\.m2\repository\com\vladsch\flexmark\flexmark-ext-footnotes\0.34.30\flexmark-ext-footnotes-0.34.30.jar;C:\Users\ASUS\.m2\repository\com\vladsch\flexmark\flexmark-ext-gfm-issues\0.34.30\flexmark-ext-gfm-issues-0.34.30.jar;C:\Users\ASUS\.m2\repository\com\vladsch\flexmark\flexmark-ext-gfm-strikethrough\0.34.30\flexmark-ext-gfm-strikethrough-0.34.30.jar;C:\Users\ASUS\.m2\repository\com\vladsch\flexmark\flexmark-ext-gfm-tables\0.34.30\flexmark-ext-gfm-tables-0.34.30.jar;C:\Users\ASUS\.m2\repository\com\vladsch\flexmark\flexmark-ext-gfm-tasklist\0.34.30\flexmark-ext-gfm-tasklist-0.34.30.jar;C:\Users\ASUS\.m2\repository\com\vladsch\flexmark\flexmark-ext-gfm-users\0.34.30\flexmark-ext-gfm-users-0.34.30.jar;C:\Users\ASUS\.m2\repository\com\vladsch\flexmark\flexmark-ext-gitlab\0.34.30\flexmark-ext-gitlab-0.34.30.jar;C:\Users\ASUS\.m2\repository\com\vladsch\flexmark\flexmark-ext-jekyll-front-matter\0.34.30\flexmark-ext-jekyll-front-matter-0.34.30.jar;C:\Users\ASUS\.m2\repository\com\vladsch\flexmark\flexmark-ext-jekyll-tag\0.34.30\flexmark-ext-jekyll-tag-0.34.30.jar;C:\Users\ASUS\.m2\repository\com\vladsch\flexmark\flexmark-ext-media-tags\0.34.30\flexmark-ext-media-tags-0.34.30.jar;C:\Users\ASUS\.m2\repository\com\vladsch\flexmark\flexmark-test-util\0.34.30\flexmark-test-util-0.34.30.jar;C:\Users\ASUS\.m2\repository\com\vladsch\flexmark\flexmark-ext-ins\0.34.30\flexmark-ext-ins-0.34.30.jar;C:\Users\ASUS\.m2\repository\com\vladsch\flexmark\flexmark-ext-xwiki-macros\0.34.30\flexmark-ext-xwiki-macros-0.34.30.jar;C:\Users\ASUS\.m2\repository\com\vladsch\flexmark\flexmark-ext-superscript\0.34.30\flexmark-ext-superscript-0.34.30.jar;C:\Users\ASUS\.m2\repository\com\vladsch\flexmark\flexmark-ext-tables\0.34.30\flexmark-ext-tables-0.34.30.jar;C:\Users\ASUS\.m2\repository\com\vladsch\flexmark\flexmark-ext-toc\0.34.30\flexmark-ext-toc-0.34.30.jar;C:\Users\ASUS\.m2\repository\com\vladsch\flexmark\flexmark-ext-typographic\0.34.30\flexmark-ext-typographic-0.34.30.jar;C:\Users\ASUS\.m2\repository\com\vladsch\flexmark\flexmark-ext-wikilink\0.34.30\flexmark-ext-wikilink-0.34.30.jar;C:\Users\ASUS\.m2\repository\com\vladsch\flexmark\flexmark-ext-yaml-front-matter\0.34.30\flexmark-ext-yaml-front-matter-0.34.30.jar;C:\Users\ASUS\.m2\repository\com\vladsch\flexmark\flexmark-ext-youtube-embedded\0.34.30\flexmark-ext-youtube-embedded-0.34.30.jar;C:\Users\ASUS\.m2\repository\com\vladsch\flexmark\flexmark-formatter\0.34.30\flexmark-formatter-0.34.30.jar;C:\Users\ASUS\.m2\repository\com\vladsch\flexmark\flexmark-html-parser\0.34.30\flexmark-html-parser-0.34.30.jar;C:\Users\ASUS\.m2\repository\com\vladsch\flexmark\flexmark-jira-converter\0.34.30\flexmark-jira-converter-0.34.30.jar;C:\Users\ASUS\.m2\repository\com\vladsch\flexmark\flexmark-pdf-converter\0.34.30\flexmark-pdf-converter-0.34.30.jar;C:\Users\ASUS\.m2\repository\com\openhtmltopdf\openhtmltopdf-core\0.0.1-RC13\openhtmltopdf-core-0.0.1-RC13.jar;C:\Users\ASUS\.m2\repository\com\openhtmltopdf\openhtmltopdf-pdfbox\0.0.1-RC13\openhtmltopdf-pdfbox-0.0.1-RC13.jar;C:\Users\ASUS\.m2\repository\org\apache\pdfbox\pdfbox\2.0.8\pdfbox-2.0.8.jar;C:\Users\ASUS\.m2\repository\org\apache\pdfbox\fontbox\2.0.8\fontbox-2.0.8.jar;C:\Users\ASUS\.m2\repository\commons-logging\commons-logging\1.2\commons-logging-1.2.jar;C:\Users\ASUS\.m2\repository\org\apache\pdfbox\xmpbox\2.0.8\xmpbox-2.0.8.jar;C:\Users\ASUS\.m2\repository\de\rototor\pdfbox\graphics2d\0.12\graphics2d-0.12.jar;C:\Users\ASUS\.m2\repository\com\openhtmltopdf\openhtmltopdf-rtl-support\0.0.1-RC13\openhtmltopdf-rtl-support-0.0.1-RC13.jar;C:\Users\ASUS\.m2\repository\com\ibm\icu\icu4j\59.1\icu4j-59.1.jar;C:\Users\ASUS\.m2\repository\com\openhtmltopdf\openhtmltopdf-jsoup-dom-converter\0.0.1-RC13\openhtmltopdf-jsoup-dom-converter-0.0.1-RC13.jar;C:\Users\ASUS\.m2\repository\com\vladsch\flexmark\flexmark-profile-pegdown\0.34.30\flexmark-profile-pegdown-0.34.30.jar;C:\Users\ASUS\.m2\repository\com\vladsch\flexmark\flexmark-util\0.34.30\flexmark-util-0.34.30.jar;C:\Users\ASUS\.m2\repository\com\vladsch\flexmark\flexmark-youtrack-converter\0.34.30\flexmark-youtrack-converter-0.34.30.jar;C:\Users\ASUS\.m2\repository\es\nitaur\markdown\txtmark\0.16\txtmark-0.16.jar;C:\Users\ASUS\.m2\repository\net\serenity-bdd\serenity-report-resources\3.2.1\serenity-report-resources-3.2.1.jar;C:\Users\ASUS\.m2\repository\com\google\code\gson\gson\2.9.0\gson-2.9.0.jar;C:\Users\ASUS\.m2\repository\com\fasterxml\jackson\core\jackson-core\2.13.2\jackson-core-2.13.2.jar;C:\Users\ASUS\.m2\repository\com\fasterxml\jackson\core\jackson-databind\2.13.2\jackson-databind-2.13.2.jar;C:\Users\ASUS\.m2\repository\com\fasterxml\jackson\core\jackson-annotations\2.13.2\jackson-annotations-2.13.2.jar;C:\Users\ASUS\.m2\repository\commons-codec\commons-codec\1.15\commons-codec-1.15.jar;C:\Users\ASUS\.m2\repository\commons-io\commons-io\2.11.0\commons-io-2.11.0.jar;C:\Users\ASUS\.m2\repository\org\seleniumhq\selenium\selenium-java\4.1.2\selenium-java-4.1.2.jar;C:\Users\ASUS\.m2\repository\org\seleniumhq\selenium\selenium-devtools-v85\4.1.2\selenium-devtools-v85-4.1.2.jar;C:\Users\ASUS\.m2\repository\org\seleniumhq\selenium\selenium-devtools-v95\4.1.2\selenium-devtools-v95-4.1.2.jar;C:\Users\ASUS\.m2\repository\org\seleniumhq\selenium\selenium-devtools-v96\4.1.2\selenium-devtools-v96-4.1.2.jar;C:\Users\ASUS\.m2\repository\org\seleniumhq\selenium\selenium-devtools-v97\4.1.2\selenium-devtools-v97-4.1.2.jar;C:\Users\ASUS\.m2\repository\org\seleniumhq\selenium\selenium-firefox-xpi-driver\4.1.2\selenium-firefox-xpi-driver-4.1.2.jar;C:\Users\ASUS\.m2\repository\org\seleniumhq\selenium\selenium-opera-driver\4.1.2\selenium-opera-driver-4.1.2.jar;C:\Users\ASUS\.m2\repository\org\seleniumhq\selenium\selenium-remote-driver\4.1.2\selenium-remote-driver-4.1.2.jar;C:\Users\ASUS\.m2\repository\com\beust\jcommander\1.82\jcommander-1.82.jar;C:\Users\ASUS\.m2\repository\io\netty\netty-buffer\4.1.73.Final\netty-buffer-4.1.73.Final.jar;C:\Users\ASUS\.m2\repository\io\netty\netty-codec-http\4.1.73.Final\netty-codec-http-4.1.73.Final.jar;C:\Users\ASUS\.m2\repository\io\netty\netty-codec\4.1.73.Final\netty-codec-4.1.73.Final.jar;C:\Users\ASUS\.m2\repository\io\netty\netty-handler\4.1.73.Final\netty-handler-4.1.73.Final.jar;C:\Users\ASUS\.m2\repository\io\netty\netty-tcnative-classes\2.0.46.Final\netty-tcnative-classes-2.0.46.Final.jar;C:\Users\ASUS\.m2\repository\io\netty\netty-common\4.1.73.Final\netty-common-4.1.73.Final.jar;C:\Users\ASUS\.m2\repository\io\netty\netty-transport-classes-epoll\4.1.73.Final\netty-transport-classes-epoll-4.1.73.Final.jar;C:\Users\ASUS\.m2\repository\io\netty\netty-transport-classes-kqueue\4.1.73.Final\netty-transport-classes-kqueue-4.1.73.Final.jar;C:\Users\ASUS\.m2\repository\io\netty\netty-transport-native-epoll\4.1.73.Final\netty-transport-native-epoll-4.1.73.Final.jar;C:\Users\ASUS\.m2\repository\io\netty\netty-transport-native-kqueue\4.1.73.Final\netty-transport-native-kqueue-4.1.73.Final.jar;C:\Users\ASUS\.m2\repository\io\netty\netty-transport-native-unix-common\4.1.73.Final\netty-transport-native-unix-common-4.1.73.Final.jar;C:\Users\ASUS\.m2\repository\io\netty\netty-transport\4.1.73.Final\netty-transport-4.1.73.Final.jar;C:\Users\ASUS\.m2\repository\io\netty\netty-resolver\4.1.73.Final\netty-resolver-4.1.73.Final.jar;C:\Users\ASUS\.m2\repository\io\opentelemetry\opentelemetry-api\1.10.1\opentelemetry-api-1.10.1.jar;C:\Users\ASUS\.m2\repository\io\opentelemetry\opentelemetry-context\1.10.1\opentelemetry-context-1.10.1.jar;C:\Users\ASUS\.m2\repository\io\opentelemetry\opentelemetry-exporter-logging\1.10.1\opentelemetry-exporter-logging-1.10.1.jar;C:\Users\ASUS\.m2\repository\io\opentelemetry\opentelemetry-sdk-metrics\1.10.1-alpha\opentelemetry-sdk-metrics-1.10.1-alpha.jar;C:\Users\ASUS\.m2\repository\io\opentelemetry\opentelemetry-sdk-logs\1.10.1-alpha\opentelemetry-sdk-logs-1.10.1-alpha.jar;C:\Users\ASUS\.m2\repository\io\opentelemetry\opentelemetry-sdk-common\1.10.1\opentelemetry-sdk-common-1.10.1.jar;C:\Users\ASUS\.m2\repository\io\opentelemetry\opentelemetry-sdk-extension-autoconfigure-spi\1.10.1\opentelemetry-sdk-extension-autoconfigure-spi-1.10.1.jar;C:\Users\ASUS\.m2\repository\io\opentelemetry\opentelemetry-sdk-extension-autoconfigure\1.10.1-alpha\opentelemetry-sdk-extension-autoconfigure-1.10.1-alpha.jar;C:\Users\ASUS\.m2\repository\io\opentelemetry\opentelemetry-sdk-trace\1.10.1\opentelemetry-sdk-trace-1.10.1.jar;C:\Users\ASUS\.m2\repository\io\opentelemetry\opentelemetry-sdk\1.10.1\opentelemetry-sdk-1.10.1.jar;C:\Users\ASUS\.m2\repository\io\opentelemetry\opentelemetry-semconv\1.10.1-alpha\opentelemetry-semconv-1.10.1-alpha.jar;C:\Users\ASUS\.m2\repository\io\ous\jtoml\2.0.0\jtoml-2.0.0.jar;C:\Users\ASUS\.m2\repository\org\apache\commons\commons-exec\1.3\commons-exec-1.3.jar;C:\Users\ASUS\.m2\repository\org\asynchttpclient\async-http-client\2.12.3\async-http-client-2.12.3.jar;C:\Users\ASUS\.m2\repository\org\asynchttpclient\async-http-client-netty-utils\2.12.3\async-http-client-netty-utils-2.12.3.jar;C:\Users\ASUS\.m2\repository\io\netty\netty-codec-socks\4.1.60.Final\netty-codec-socks-4.1.60.Final.jar;C:\Users\ASUS\.m2\repository\io\netty\netty-handler-proxy\4.1.60.Final\netty-handler-proxy-4.1.60.Final.jar;C:\Users\ASUS\.m2\repository\io\netty\netty-transport-native-epoll\4.1.60.Final\netty-transport-native-epoll-4.1.60.Final-linux-x86_64.jar;C:\Users\ASUS\.m2\repository\io\netty\netty-transport-native-kqueue\4.1.60.Final\netty-transport-native-kqueue-4.1.60.Final-osx-x86_64.jar;C:\Users\ASUS\.m2\repository\org\reactivestreams\reactive-streams\1.0.3\reactive-streams-1.0.3.jar;C:\Users\ASUS\.m2\repository\com\typesafe\netty\netty-reactive-streams\2.0.4\netty-reactive-streams-2.0.4.jar;C:\Users\ASUS\.m2\repository\org\seleniumhq\selenium\selenium-http\4.1.2\selenium-http-4.1.2.jar;C:\Users\ASUS\.m2\repository\net\jodah\failsafe\2.4.4\failsafe-2.4.4.jar;C:\Users\ASUS\.m2\repository\org\seleniumhq\selenium\selenium-safari-driver\4.1.2\selenium-safari-driver-4.1.2.jar;C:\Users\ASUS\.m2\repository\org\seleniumhq\selenium\selenium-api\4.1.2\selenium-api-4.1.2.jar;C:\Users\ASUS\.m2\repository\org\seleniumhq\selenium\selenium-support\4.1.2\selenium-support-4.1.2.jar;C:\Users\ASUS\.m2\repository\com\google\auto\service\auto-service-annotations\1.0.1\auto-service-annotations-1.0.1.jar;C:\Users\ASUS\.m2\repository\com\google\auto\service\auto-service\1.0.1\auto-service-1.0.1.jar;C:\Users\ASUS\.m2\repository\com\google\auto\auto-common\1.2\auto-common-1.2.jar;C:\Users\ASUS\.m2\repository\org\seleniumhq\selenium\selenium-json\4.1.2\selenium-json-4.1.2.jar;C:\Users\ASUS\.m2\repository\org\seleniumhq\selenium\selenium-chrome-driver\4.1.2\selenium-chrome-driver-4.1.2.jar;C:\Users\ASUS\.m2\repository\org\seleniumhq\selenium\selenium-chromium-driver\4.1.2\selenium-chromium-driver-4.1.2.jar;C:\Users\ASUS\.m2\repository\org\seleniumhq\selenium\selenium-firefox-driver\4.1.2\selenium-firefox-driver-4.1.2.jar;C:\Users\ASUS\.m2\repository\org\seleniumhq\selenium\selenium-edge-driver\4.1.2\selenium-edge-driver-4.1.2.jar;C:\Users\ASUS\.m2\repository\org\seleniumhq\selenium\selenium-ie-driver\4.1.2\selenium-ie-driver-4.1.2.jar;C:\Users\ASUS\.m2\repository\org\projectlombok\lombok\1.18.20\lombok-1.18.20.jar;C:\Users\ASUS\.m2\repository\io\appium\java-client\8.0.0\java-client-8.0.0.jar;C:\Users\ASUS\.m2\repository\commons-validator\commons-validator\1.7\commons-validator-1.7.jar;C:\Users\ASUS\.m2\repository\commons-digester\commons-digester\2.1\commons-digester-2.1.jar;C:\Users\ASUS\.m2\repository\org\aspectj\aspectjweaver\1.9.8\aspectjweaver-1.9.8.jar;C:\Users\ASUS\.m2\repository\org\codehaus\groovy\groovy\3.0.10\groovy-3.0.10.jar;C:\Users\ASUS\.m2\repository\net\sf\opencsv\opencsv\2.0\opencsv-2.0.jar;C:\Users\ASUS\.m2\repository\commons-beanutils\commons-beanutils\1.9.4\commons-beanutils-1.9.4.jar;C:\Users\ASUS\.m2\repository\org\apache\commons\commons-lang3\3.12.0\commons-lang3-3.12.0.jar;C:\Users\ASUS\.m2\repository\commons-collections\commons-collections\3.2.2\commons-collections-3.2.2.jar;C:\Users\ASUS\.m2\repository\org\fluentlenium\fluentlenium-core\0.10.2\fluentlenium-core-0.10.2.jar;C:\Users\ASUS\.m2\repository\io\github\bonigarcia\webdrivermanager\5.1.0\webdrivermanager-5.1.0.jar;C:\Users\ASUS\.m2\repository\com\github\docker-java\docker-java\3.2.13\docker-java-3.2.13.jar;C:\Users\ASUS\.m2\repository\com\github\docker-java\docker-java-core\3.2.13\docker-java-core-3.2.13.jar;C:\Users\ASUS\.m2\repository\com\github\docker-java\docker-java-api\3.2.13\docker-java-api-3.2.13.jar;C:\Users\ASUS\.m2\repository\org\apache\commons\commons-compress\1.21\commons-compress-1.21.jar;C:\Users\ASUS\.m2\repository\org\bouncycastle\bcpkix-jdk15on\1.64\bcpkix-jdk15on-1.64.jar;C:\Users\ASUS\.m2\repository\org\bouncycastle\bcprov-jdk15on\1.64\bcprov-jdk15on-1.64.jar;C:\Users\ASUS\.m2\repository\org\slf4j\jcl-over-slf4j\1.7.30\jcl-over-slf4j-1.7.30.jar;C:\Users\ASUS\.m2\repository\com\github\docker-java\docker-java-transport-httpclient5\3.2.13\docker-java-transport-httpclient5-3.2.13.jar;C:\Users\ASUS\.m2\repository\com\github\docker-java\docker-java-transport\3.2.13\docker-java-transport-3.2.13.jar;C:\Users\ASUS\.m2\repository\org\apache\httpcomponents\client5\httpclient5\5.0.3\httpclient5-5.0.3.jar;C:\Users\ASUS\.m2\repository\org\apache\httpcomponents\core5\httpcore5\5.0.2\httpcore5-5.0.2.jar;C:\Users\ASUS\.m2\repository\net\java\dev\jna\jna\5.8.0\jna-5.8.0.jar;C:\Users\ASUS\.m2\repository\org\brotli\dec\0.1.2\dec-0.1.2.jar;C:\Users\ASUS\.m2\repository\com\jhlabs\filters\2.0.235\filters-2.0.235.jar;C:\Users\ASUS\.m2\repository\com\paulhammant\ngwebdriver\1.1.6\ngwebdriver-1.1.6.jar;C:\Users\ASUS\.m2\repository\joda-time\joda-time\2.8.2\joda-time-2.8.2.jar;C:\Users\ASUS\.m2\repository\org\hamcrest\hamcrest\2.2\hamcrest-2.2.jar;C:\Users\ASUS\.m2\repository\com\google\jimfs\jimfs\1.2\jimfs-1.2.jar;C:\Users\ASUS\.m2\repository\org\mockito\mockito-core\3.3.3\mockito-core-3.3.3.jar;C:\Users\ASUS\.m2\repository\javax\xml\bind\jaxb-api\2.3.1\jaxb-api-2.3.1.jar;C:\Users\ASUS\.m2\repository\javax\activation\javax.activation-api\1.2.0\javax.activation-api-1.2.0.jar;C:\Users\ASUS\.m2\repository\com\sun\xml\bind\jaxb-core\2.3.0.1\jaxb-core-2.3.0.1.jar;C:\Users\ASUS\.m2\repository\com\sun\xml\bind\jaxb-impl\2.3.3\jaxb-impl-2.3.3.jar;C:\Users\ASUS\.m2\repository\jakarta\xml\bind\jakarta.xml.bind-api\2.3.3\jakarta.xml.bind-api-2.3.3.jar;C:\Users\ASUS\.m2\repository\com\sun\activation\jakarta.activation\1.2.2\jakarta.activation-1.2.2.jar;C:\Users\ASUS\.m2\repository\javax\activation\activation\1.1.1\activation-1.1.1.jar;C:\Users\ASUS\.m2\repository\net\serenity-bdd\serenity-cucumber\3.2.1\serenity-cucumber-3.2.1.jar;C:\Users\ASUS\.m2\repository\io\cucumber\cucumber-core\7.2.3\cucumber-core-7.2.3.jar;C:\Users\ASUS\.m2\repository\io\cucumber\cucumber-gherkin\7.2.3\cucumber-gherkin-7.2.3.jar;C:\Users\ASUS\.m2\repository\io\cucumber\cucumber-gherkin-messages\7.2.3\cucumber-gherkin-messages-7.2.3.jar;C:\Users\ASUS\.m2\repository\io\cucumber\messages\17.1.1\messages-17.1.1.jar;C:\Users\ASUS\.m2\repository\io\cucumber\tag-expressions\4.1.0\tag-expressions-4.1.0.jar;C:\Users\ASUS\.m2\repository\io\cucumber\cucumber-expressions\15.0.1\cucumber-expressions-15.0.1.jar;C:\Users\ASUS\.m2\repository\io\cucumber\datatable\7.2.3\datatable-7.2.3.jar;C:\Users\ASUS\.m2\repository\io\cucumber\cucumber-plugin\7.2.3\cucumber-plugin-7.2.3.jar;C:\Users\ASUS\.m2\repository\io\cucumber\docstring\7.2.3\docstring-7.2.3.jar;C:\Users\ASUS\.m2\repository\io\cucumber\html-formatter\17.0.0\html-formatter-17.0.0.jar;C:\Users\ASUS\.m2\repository\io\cucumber\ci-environment\8.1.0\ci-environment-8.1.0.jar;C:\Users\ASUS\.m2\repository\io\cucumber\cucumber-junit\7.2.3\cucumber-junit-7.2.3.jar;C:\Users\ASUS\.m2\repository\org\apache\commons\commons-csv\1.5\commons-csv-1.5.jar;C:\Users\ASUS\.m2\repository\net\serenity-bdd\serenity-screenplay\3.2.1\serenity-screenplay-3.2.1.jar;C:\Users\ASUS\.m2\repository\net\serenity-bdd\serenity-screenplay-webdriver\3.2.1\serenity-screenplay-webdriver-3.2.1.jar;C:\Users\ASUS\.m2\repository\net\serenity-bdd\serenity-ensure\3.2.1\serenity-ensure-3.2.1.jar;C:\Users\ASUS\.m2\repository\net\serenity-bdd\serenity-junit\3.2.1\serenity-junit-3.2.1.jar;C:\Users\ASUS\.m2\repository\org\jetbrains\kotlin\kotlin-stdlib\1.6.0\kotlin-stdlib-1.6.0.jar;C:\Users\ASUS\.m2\repository\org\jetbrains\annotations\13.0\annotations-13.0.jar;C:\Users\ASUS\.m2\repository\org\jetbrains\kotlin\kotlin-stdlib-common\1.6.0\kotlin-stdlib-common-1.6.0.jar;C:\Users\ASUS\.m2\repository\org\junit\platform\junit-platform-launcher\1.8.1\junit-platform-launcher-1.8.1.jar;C:\Users\ASUS\.m2\repository\org\junit\platform\junit-platform-engine\1.8.1\junit-platform-engine-1.8.1.jar;C:\Users\ASUS\.m2\repository\org\opentest4j\opentest4j\1.2.0\opentest4j-1.2.0.jar;C:\Users\ASUS\.m2\repository\org\junit\platform\junit-platform-commons\1.8.1\junit-platform-commons-1.8.1.jar;C:\Users\ASUS\.m2\repository\org\apiguardian\apiguardian-api\1.1.2\apiguardian-api-1.1.2.jar;C:\Users\ASUS\.m2\repository\org\junit\jupiter\junit-jupiter-engine\5.8.2\junit-jupiter-engine-5.8.2.jar;C:\Users\ASUS\.m2\repository\org\junit\jupiter\junit-jupiter-api\5.8.2\junit-jupiter-api-5.8.2.jar;C:\Users\ASUS\.m2\repository\org\junit\vintage\junit-vintage-engine\5.8.2\junit-vintage-engine-5.8.2.jar;C:\Users\ASUS\.m2\repository\junit\junit\4.13.2\junit-4.13.2.jar;C:\Users\ASUS\.m2\repository\org\hamcrest\hamcrest-core\1.3\hamcrest-core-1.3.jar;C:\Users\ASUS\.m2\repository\ch\qos\logback\logback-classic\1.2.10\logback-classic-1.2.10.jar;C:\Users\ASUS\.m2\repository\ch\qos\logback\logback-core\1.2.10\logback-core-1.2.10.jar;C:\Users\ASUS\.m2\repository\org\slf4j\slf4j-api\1.7.32\slf4j-api-1.7.32.jar;C:\Users\ASUS\.m2\repository\org\assertj\assertj-core\3.6.2\assertj-core-3.6.2.jar;"/>
    <property name="java.vm.vendor" value="Oracle Corporation"/>
    <property name="sun.arch.data.model" value="64"/>
    <property name="user.variant" value=""/>
    <property name="java.vendor.url" value="http://java.oracle.com/"/>
    <property name="user.timezone" value="Asia/Bangkok"/>
    <property name="java.vm.specification.version" value="1.8"/>
    <property name="os.name" value="Windows 10"/>
    <property name="user.country" value="ID"/>
    <property name="sun.java.launcher" value="SUN_STANDARD"/>
    <property name="sun.boot.library.path" value="C:\Program Files\Java\jdk1.8.0_111\jre\bin"/>
    <property name="sun.java.command" value="C:\Users\ASUS\AppData\Local\Temp\surefire6409642628806649036\surefirebooter4546513331550630441.jar C:\Users\ASUS\AppData\Local\Temp\surefire6409642628806649036 2022-03-30T19-06-05_773-jvmRun1 surefire8426034930389215108tmp surefire_02855953956744874010tmp"/>
    <property name="surefire.test.class.path" value="C:\Users\ASUS\IdeaProjects\WebUITesting\target\test-classes;C:\Users\ASUS\IdeaProjects\WebUITesting\target\WebUITesting-1.0-SNAPSHOT.jar;C:\Users\ASUS\.m2\repository\net\serenity-bdd\serenity-core\3.2.1\serenity-core-3.2.1.jar;C:\Users\ASUS\.m2\repository\net\serenity-bdd\serenity-model\3.2.1\serenity-model-3.2.1.jar;C:\Users\ASUS\.m2\repository\org\apache\commons\commons-text\1.9\commons-text-1.9.jar;C:\Users\ASUS\.m2\repository\commons-net\commons-net\3.8.0\commons-net-3.8.0.jar;C:\Users\ASUS\.m2\repository\com\google\guava\guava\31.1-jre\guava-31.1-jre.jar;C:\Users\ASUS\.m2\repository\com\google\guava\failureaccess\1.0.1\failureaccess-1.0.1.jar;C:\Users\ASUS\.m2\repository\com\google\guava\listenablefuture\9999.0-empty-to-avoid-conflict-with-guava\listenablefuture-9999.0-empty-to-avoid-conflict-with-guava.jar;C:\Users\ASUS\.m2\repository\com\google\code\findbugs\jsr305\3.0.2\jsr305-3.0.2.jar;C:\Users\ASUS\.m2\repository\org\checkerframework\checker-qual\3.12.0\checker-qual-3.12.0.jar;C:\Users\ASUS\.m2\repository\com\google\errorprone\error_prone_annotations\2.11.0\error_prone_annotations-2.11.0.jar;C:\Users\ASUS\.m2\repository\com\google\j2objc\j2objc-annotations\1.3\j2objc-annotations-1.3.jar;C:\Users\ASUS\.m2\repository\com\google\inject\guice\5.1.0\guice-5.1.0.jar;C:\Users\ASUS\.m2\repository\javax\inject\javax.inject\1\javax.inject-1.jar;C:\Users\ASUS\.m2\repository\aopalliance\aopalliance\1.0\aopalliance-1.0.jar;C:\Users\ASUS\.m2\repository\org\jsoup\jsoup\1.14.3\jsoup-1.14.3.jar;C:\Users\ASUS\.m2\repository\com\thoughtworks\xstream\xstream\1.4.19\xstream-1.4.19.jar;C:\Users\ASUS\.m2\repository\io\github\x-stream\mxparser\1.2.2\mxparser-1.2.2.jar;C:\Users\ASUS\.m2\repository\xmlpull\xmlpull\1.1.3.1\xmlpull-1.1.3.1.jar;C:\Users\ASUS\.m2\repository\io\cucumber\cucumber-java\7.2.3\cucumber-java-7.2.3.jar;C:\Users\ASUS\.m2\repository\com\typesafe\config\1.4.2\config-1.4.2.jar;C:\Users\ASUS\.m2\repository\org\imgscalr\imgscalr-lib\4.2\imgscalr-lib-4.2.jar;C:\Users\ASUS\.m2\repository\org\awaitility\awaitility\4.2.0\awaitility-4.2.0.jar;C:\Users\ASUS\.m2\repository\org\freemarker\freemarker\2.3.31\freemarker-2.3.31.jar;C:\Users\ASUS\.m2\repository\io\github\classgraph\classgraph\4.8.138\classgraph-4.8.138.jar;C:\Users\ASUS\.m2\repository\net\sourceforge\jexcelapi\jxl\2.6.12\jxl-2.6.12.jar;C:\Users\ASUS\.m2\repository\net\bytebuddy\byte-buddy\1.12.8\byte-buddy-1.12.8.jar;C:\Users\ASUS\.m2\repository\net\bytebuddy\byte-buddy-agent\1.12.8\byte-buddy-agent-1.12.8.jar;C:\Users\ASUS\.m2\repository\org\objenesis\objenesis\3.1\objenesis-3.1.jar;C:\Users\ASUS\.m2\repository\net\serenity-bdd\serenity-reports\3.2.1\serenity-reports-3.2.1.jar;C:\Users\ASUS\.m2\repository\net\serenity-bdd\serenity-stats\3.2.1\serenity-stats-3.2.1.jar;C:\Users\ASUS\.m2\repository\net\serenity-bdd\serenity-reports-configuration\3.2.1\serenity-reports-configuration-3.2.1.jar;C:\Users\ASUS\.m2\repository\com\vladsch\flexmark\flexmark-all\0.34.30\flexmark-all-0.34.30.jar;C:\Users\ASUS\.m2\repository\com\vladsch\flexmark\flexmark\0.34.30\flexmark-0.34.30.jar;C:\Users\ASUS\.m2\repository\com\vladsch\flexmark\flexmark-ext-abbreviation\0.34.30\flexmark-ext-abbreviation-0.34.30.jar;C:\Users\ASUS\.m2\repository\com\vladsch\flexmark\flexmark-ext-admonition\0.34.30\flexmark-ext-admonition-0.34.30.jar;C:\Users\ASUS\.m2\repository\com\vladsch\flexmark\flexmark-ext-anchorlink\0.34.30\flexmark-ext-anchorlink-0.34.30.jar;C:\Users\ASUS\.m2\repository\com\vladsch\flexmark\flexmark-ext-aside\0.34.30\flexmark-ext-aside-0.34.30.jar;C:\Users\ASUS\.m2\repository\com\vladsch\flexmark\flexmark-ext-attributes\0.34.30\flexmark-ext-attributes-0.34.30.jar;C:\Users\ASUS\.m2\repository\com\vladsch\flexmark\flexmark-ext-autolink\0.34.30\flexmark-ext-autolink-0.34.30.jar;C:\Users\ASUS\.m2\repository\org\nibor\autolink\autolink\0.6.0\autolink-0.6.0.jar;C:\Users\ASUS\.m2\repository\com\vladsch\flexmark\flexmark-ext-definition\0.34.30\flexmark-ext-definition-0.34.30.jar;C:\Users\ASUS\.m2\repository\com\vladsch\flexmark\flexmark-ext-emoji\0.34.30\flexmark-ext-emoji-0.34.30.jar;C:\Users\ASUS\.m2\repository\com\vladsch\flexmark\flexmark-ext-enumerated-reference\0.34.30\flexmark-ext-enumerated-reference-0.34.30.jar;C:\Users\ASUS\.m2\repository\com\vladsch\flexmark\flexmark-ext-escaped-character\0.34.30\flexmark-ext-escaped-character-0.34.30.jar;C:\Users\ASUS\.m2\repository\com\vladsch\flexmark\flexmark-ext-footnotes\0.34.30\flexmark-ext-footnotes-0.34.30.jar;C:\Users\ASUS\.m2\repository\com\vladsch\flexmark\flexmark-ext-gfm-issues\0.34.30\flexmark-ext-gfm-issues-0.34.30.jar;C:\Users\ASUS\.m2\repository\com\vladsch\flexmark\flexmark-ext-gfm-strikethrough\0.34.30\flexmark-ext-gfm-strikethrough-0.34.30.jar;C:\Users\ASUS\.m2\repository\com\vladsch\flexmark\flexmark-ext-gfm-tables\0.34.30\flexmark-ext-gfm-tables-0.34.30.jar;C:\Users\ASUS\.m2\repository\com\vladsch\flexmark\flexmark-ext-gfm-tasklist\0.34.30\flexmark-ext-gfm-tasklist-0.34.30.jar;C:\Users\ASUS\.m2\repository\com\vladsch\flexmark\flexmark-ext-gfm-users\0.34.30\flexmark-ext-gfm-users-0.34.30.jar;C:\Users\ASUS\.m2\repository\com\vladsch\flexmark\flexmark-ext-gitlab\0.34.30\flexmark-ext-gitlab-0.34.30.jar;C:\Users\ASUS\.m2\repository\com\vladsch\flexmark\flexmark-ext-jekyll-front-matter\0.34.30\flexmark-ext-jekyll-front-matter-0.34.30.jar;C:\Users\ASUS\.m2\repository\com\vladsch\flexmark\flexmark-ext-jekyll-tag\0.34.30\flexmark-ext-jekyll-tag-0.34.30.jar;C:\Users\ASUS\.m2\repository\com\vladsch\flexmark\flexmark-ext-media-tags\0.34.30\flexmark-ext-media-tags-0.34.30.jar;C:\Users\ASUS\.m2\repository\com\vladsch\flexmark\flexmark-test-util\0.34.30\flexmark-test-util-0.34.30.jar;C:\Users\ASUS\.m2\repository\com\vladsch\flexmark\flexmark-ext-ins\0.34.30\flexmark-ext-ins-0.34.30.jar;C:\Users\ASUS\.m2\repository\com\vladsch\flexmark\flexmark-ext-xwiki-macros\0.34.30\flexmark-ext-xwiki-macros-0.34.30.jar;C:\Users\ASUS\.m2\repository\com\vladsch\flexmark\flexmark-ext-superscript\0.34.30\flexmark-ext-superscript-0.34.30.jar;C:\Users\ASUS\.m2\repository\com\vladsch\flexmark\flexmark-ext-tables\0.34.30\flexmark-ext-tables-0.34.30.jar;C:\Users\ASUS\.m2\repository\com\vladsch\flexmark\flexmark-ext-toc\0.34.30\flexmark-ext-toc-0.34.30.jar;C:\Users\ASUS\.m2\repository\com\vladsch\flexmark\flexmark-ext-typographic\0.34.30\flexmark-ext-typographic-0.34.30.jar;C:\Users\ASUS\.m2\repository\com\vladsch\flexmark\flexmark-ext-wikilink\0.34.30\flexmark-ext-wikilink-0.34.30.jar;C:\Users\ASUS\.m2\repository\com\vladsch\flexmark\flexmark-ext-yaml-front-matter\0.34.30\flexmark-ext-yaml-front-matter-0.34.30.jar;C:\Users\ASUS\.m2\repository\com\vladsch\flexmark\flexmark-ext-youtube-embedded\0.34.30\flexmark-ext-youtube-embedded-0.34.30.jar;C:\Users\ASUS\.m2\repository\com\vladsch\flexmark\flexmark-formatter\0.34.30\flexmark-formatter-0.34.30.jar;C:\Users\ASUS\.m2\repository\com\vladsch\flexmark\flexmark-html-parser\0.34.30\flexmark-html-parser-0.34.30.jar;C:\Users\ASUS\.m2\repository\com\vladsch\flexmark\flexmark-jira-converter\0.34.30\flexmark-jira-converter-0.34.30.jar;C:\Users\ASUS\.m2\repository\com\vladsch\flexmark\flexmark-pdf-converter\0.34.30\flexmark-pdf-converter-0.34.30.jar;C:\Users\ASUS\.m2\repository\com\openhtmltopdf\openhtmltopdf-core\0.0.1-RC13\openhtmltopdf-core-0.0.1-RC13.jar;C:\Users\ASUS\.m2\repository\com\openhtmltopdf\openhtmltopdf-pdfbox\0.0.1-RC13\openhtmltopdf-pdfbox-0.0.1-RC13.jar;C:\Users\ASUS\.m2\repository\org\apache\pdfbox\pdfbox\2.0.8\pdfbox-2.0.8.jar;C:\Users\ASUS\.m2\repository\org\apache\pdfbox\fontbox\2.0.8\fontbox-2.0.8.jar;C:\Users\ASUS\.m2\repository\commons-logging\commons-logging\1.2\commons-logging-1.2.jar;C:\Users\ASUS\.m2\repository\org\apache\pdfbox\xmpbox\2.0.8\xmpbox-2.0.8.jar;C:\Users\ASUS\.m2\repository\de\rototor\pdfbox\graphics2d\0.12\graphics2d-0.12.jar;C:\Users\ASUS\.m2\repository\com\openhtmltopdf\openhtmltopdf-rtl-support\0.0.1-RC13\openhtmltopdf-rtl-support-0.0.1-RC13.jar;C:\Users\ASUS\.m2\repository\com\ibm\icu\icu4j\59.1\icu4j-59.1.jar;C:\Users\ASUS\.m2\repository\com\openhtmltopdf\openhtmltopdf-jsoup-dom-converter\0.0.1-RC13\openhtmltopdf-jsoup-dom-converter-0.0.1-RC13.jar;C:\Users\ASUS\.m2\repository\com\vladsch\flexmark\flexmark-profile-pegdown\0.34.30\flexmark-profile-pegdown-0.34.30.jar;C:\Users\ASUS\.m2\repository\com\vladsch\flexmark\flexmark-util\0.34.30\flexmark-util-0.34.30.jar;C:\Users\ASUS\.m2\repository\com\vladsch\flexmark\flexmark-youtrack-converter\0.34.30\flexmark-youtrack-converter-0.34.30.jar;C:\Users\ASUS\.m2\repository\es\nitaur\markdown\txtmark\0.16\txtmark-0.16.jar;C:\Users\ASUS\.m2\repository\net\serenity-bdd\serenity-report-resources\3.2.1\serenity-report-resources-3.2.1.jar;C:\Users\ASUS\.m2\repository\com\google\code\gson\gson\2.9.0\gson-2.9.0.jar;C:\Users\ASUS\.m2\repository\com\fasterxml\jackson\core\jackson-core\2.13.2\jackson-core-2.13.2.jar;C:\Users\ASUS\.m2\repository\com\fasterxml\jackson\core\jackson-databind\2.13.2\jackson-databind-2.13.2.jar;C:\Users\ASUS\.m2\repository\com\fasterxml\jackson\core\jackson-annotations\2.13.2\jackson-annotations-2.13.2.jar;C:\Users\ASUS\.m2\repository\commons-codec\commons-codec\1.15\commons-codec-1.15.jar;C:\Users\ASUS\.m2\repository\commons-io\commons-io\2.11.0\commons-io-2.11.0.jar;C:\Users\ASUS\.m2\repository\org\seleniumhq\selenium\selenium-java\4.1.2\selenium-java-4.1.2.jar;C:\Users\ASUS\.m2\repository\org\seleniumhq\selenium\selenium-devtools-v85\4.1.2\selenium-devtools-v85-4.1.2.jar;C:\Users\ASUS\.m2\repository\org\seleniumhq\selenium\selenium-devtools-v95\4.1.2\selenium-devtools-v95-4.1.2.jar;C:\Users\ASUS\.m2\repository\org\seleniumhq\selenium\selenium-devtools-v96\4.1.2\selenium-devtools-v96-4.1.2.jar;C:\Users\ASUS\.m2\repository\org\seleniumhq\selenium\selenium-devtools-v97\4.1.2\selenium-devtools-v97-4.1.2.jar;C:\Users\ASUS\.m2\repository\org\seleniumhq\selenium\selenium-firefox-xpi-driver\4.1.2\selenium-firefox-xpi-driver-4.1.2.jar;C:\Users\ASUS\.m2\repository\org\seleniumhq\selenium\selenium-opera-driver\4.1.2\selenium-opera-driver-4.1.2.jar;C:\Users\ASUS\.m2\repository\org\seleniumhq\selenium\selenium-remote-driver\4.1.2\selenium-remote-driver-4.1.2.jar;C:\Users\ASUS\.m2\repository\com\beust\jcommander\1.82\jcommander-1.82.jar;C:\Users\ASUS\.m2\repository\io\netty\netty-buffer\4.1.73.Final\netty-buffer-4.1.73.Final.jar;C:\Users\ASUS\.m2\repository\io\netty\netty-codec-http\4.1.73.Final\netty-codec-http-4.1.73.Final.jar;C:\Users\ASUS\.m2\repository\io\netty\netty-codec\4.1.73.Final\netty-codec-4.1.73.Final.jar;C:\Users\ASUS\.m2\repository\io\netty\netty-handler\4.1.73.Final\netty-handler-4.1.73.Final.jar;C:\Users\ASUS\.m2\repository\io\netty\netty-tcnative-classes\2.0.46.Final\netty-tcnative-classes-2.0.46.Final.jar;C:\Users\ASUS\.m2\repository\io\netty\netty-common\4.1.73.Final\netty-common-4.1.73.Final.jar;C:\Users\ASUS\.m2\repository\io\netty\netty-transport-classes-epoll\4.1.73.Final\netty-transport-classes-epoll-4.1.73.Final.jar;C:\Users\ASUS\.m2\repository\io\netty\netty-transport-classes-kqueue\4.1.73.Final\netty-transport-classes-kqueue-4.1.73.Final.jar;C:\Users\ASUS\.m2\repository\io\netty\netty-transport-native-epoll\4.1.73.Final\netty-transport-native-epoll-4.1.73.Final.jar;C:\Users\ASUS\.m2\repository\io\netty\netty-transport-native-kqueue\4.1.73.Final\netty-transport-native-kqueue-4.1.73.Final.jar;C:\Users\ASUS\.m2\repository\io\netty\netty-transport-native-unix-common\4.1.73.Final\netty-transport-native-unix-common-4.1.73.Final.jar;C:\Users\ASUS\.m2\repository\io\netty\netty-transport\4.1.73.Final\netty-transport-4.1.73.Final.jar;C:\Users\ASUS\.m2\repository\io\netty\netty-resolver\4.1.73.Final\netty-resolver-4.1.73.Final.jar;C:\Users\ASUS\.m2\repository\io\opentelemetry\opentelemetry-api\1.10.1\opentelemetry-api-1.10.1.jar;C:\Users\ASUS\.m2\repository\io\opentelemetry\opentelemetry-context\1.10.1\opentelemetry-context-1.10.1.jar;C:\Users\ASUS\.m2\repository\io\opentelemetry\opentelemetry-exporter-logging\1.10.1\opentelemetry-exporter-logging-1.10.1.jar;C:\Users\ASUS\.m2\repository\io\opentelemetry\opentelemetry-sdk-metrics\1.10.1-alpha\opentelemetry-sdk-metrics-1.10.1-alpha.jar;C:\Users\ASUS\.m2\repository\io\opentelemetry\opentelemetry-sdk-logs\1.10.1-alpha\opentelemetry-sdk-logs-1.10.1-alpha.jar;C:\Users\ASUS\.m2\repository\io\opentelemetry\opentelemetry-sdk-common\1.10.1\opentelemetry-sdk-common-1.10.1.jar;C:\Users\ASUS\.m2\repository\io\opentelemetry\opentelemetry-sdk-extension-autoconfigure-spi\1.10.1\opentelemetry-sdk-extension-autoconfigure-spi-1.10.1.jar;C:\Users\ASUS\.m2\repository\io\opentelemetry\opentelemetry-sdk-extension-autoconfigure\1.10.1-alpha\opentelemetry-sdk-extension-autoconfigure-1.10.1-alpha.jar;C:\Users\ASUS\.m2\repository\io\opentelemetry\opentelemetry-sdk-trace\1.10.1\opentelemetry-sdk-trace-1.10.1.jar;C:\Users\ASUS\.m2\repository\io\opentelemetry\opentelemetry-sdk\1.10.1\opentelemetry-sdk-1.10.1.jar;C:\Users\ASUS\.m2\repository\io\opentelemetry\opentelemetry-semconv\1.10.1-alpha\opentelemetry-semconv-1.10.1-alpha.jar;C:\Users\ASUS\.m2\repository\io\ous\jtoml\2.0.0\jtoml-2.0.0.jar;C:\Users\ASUS\.m2\repository\org\apache\commons\commons-exec\1.3\commons-exec-1.3.jar;C:\Users\ASUS\.m2\repository\org\asynchttpclient\async-http-client\2.12.3\async-http-client-2.12.3.jar;C:\Users\ASUS\.m2\repository\org\asynchttpclient\async-http-client-netty-utils\2.12.3\async-http-client-netty-utils-2.12.3.jar;C:\Users\ASUS\.m2\repository\io\netty\netty-codec-socks\4.1.60.Final\netty-codec-socks-4.1.60.Final.jar;C:\Users\ASUS\.m2\repository\io\netty\netty-handler-proxy\4.1.60.Final\netty-handler-proxy-4.1.60.Final.jar;C:\Users\ASUS\.m2\repository\io\netty\netty-transport-native-epoll\4.1.60.Final\netty-transport-native-epoll-4.1.60.Final-linux-x86_64.jar;C:\Users\ASUS\.m2\repository\io\netty\netty-transport-native-kqueue\4.1.60.Final\netty-transport-native-kqueue-4.1.60.Final-osx-x86_64.jar;C:\Users\ASUS\.m2\repository\org\reactivestreams\reactive-streams\1.0.3\reactive-streams-1.0.3.jar;C:\Users\ASUS\.m2\repository\com\typesafe\netty\netty-reactive-streams\2.0.4\netty-reactive-streams-2.0.4.jar;C:\Users\ASUS\.m2\repository\org\seleniumhq\selenium\selenium-http\4.1.2\selenium-http-4.1.2.jar;C:\Users\ASUS\.m2\repository\net\jodah\failsafe\2.4.4\failsafe-2.4.4.jar;C:\Users\ASUS\.m2\repository\org\seleniumhq\selenium\selenium-safari-driver\4.1.2\selenium-safari-driver-4.1.2.jar;C:\Users\ASUS\.m2\repository\org\seleniumhq\selenium\selenium-api\4.1.2\selenium-api-4.1.2.jar;C:\Users\ASUS\.m2\repository\org\seleniumhq\selenium\selenium-support\4.1.2\selenium-support-4.1.2.jar;C:\Users\ASUS\.m2\repository\com\google\auto\service\auto-service-annotations\1.0.1\auto-service-annotations-1.0.1.jar;C:\Users\ASUS\.m2\repository\com\google\auto\service\auto-service\1.0.1\auto-service-1.0.1.jar;C:\Users\ASUS\.m2\repository\com\google\auto\auto-common\1.2\auto-common-1.2.jar;C:\Users\ASUS\.m2\repository\org\seleniumhq\selenium\selenium-json\4.1.2\selenium-json-4.1.2.jar;C:\Users\ASUS\.m2\repository\org\seleniumhq\selenium\selenium-chrome-driver\4.1.2\selenium-chrome-driver-4.1.2.jar;C:\Users\ASUS\.m2\repository\org\seleniumhq\selenium\selenium-chromium-driver\4.1.2\selenium-chromium-driver-4.1.2.jar;C:\Users\ASUS\.m2\repository\org\seleniumhq\selenium\selenium-firefox-driver\4.1.2\selenium-firefox-driver-4.1.2.jar;C:\Users\ASUS\.m2\repository\org\seleniumhq\selenium\selenium-edge-driver\4.1.2\selenium-edge-driver-4.1.2.jar;C:\Users\ASUS\.m2\repository\org\seleniumhq\selenium\selenium-ie-driver\4.1.2\selenium-ie-driver-4.1.2.jar;C:\Users\ASUS\.m2\repository\org\projectlombok\lombok\1.18.20\lombok-1.18.20.jar;C:\Users\ASUS\.m2\repository\io\appium\java-client\8.0.0\java-client-8.0.0.jar;C:\Users\ASUS\.m2\repository\commons-validator\commons-validator\1.7\commons-validator-1.7.jar;C:\Users\ASUS\.m2\repository\commons-digester\commons-digester\2.1\commons-digester-2.1.jar;C:\Users\ASUS\.m2\repository\org\aspectj\aspectjweaver\1.9.8\aspectjweaver-1.9.8.jar;C:\Users\ASUS\.m2\repository\org\codehaus\groovy\groovy\3.0.10\groovy-3.0.10.jar;C:\Users\ASUS\.m2\repository\net\sf\opencsv\opencsv\2.0\opencsv-2.0.jar;C:\Users\ASUS\.m2\repository\commons-beanutils\commons-beanutils\1.9.4\commons-beanutils-1.9.4.jar;C:\Users\ASUS\.m2\repository\org\apache\commons\commons-lang3\3.12.0\commons-lang3-3.12.0.jar;C:\Users\ASUS\.m2\repository\commons-collections\commons-collections\3.2.2\commons-collections-3.2.2.jar;C:\Users\ASUS\.m2\repository\org\fluentlenium\fluentlenium-core\0.10.2\fluentlenium-core-0.10.2.jar;C:\Users\ASUS\.m2\repository\io\github\bonigarcia\webdrivermanager\5.1.0\webdrivermanager-5.1.0.jar;C:\Users\ASUS\.m2\repository\com\github\docker-java\docker-java\3.2.13\docker-java-3.2.13.jar;C:\Users\ASUS\.m2\repository\com\github\docker-java\docker-java-core\3.2.13\docker-java-core-3.2.13.jar;C:\Users\ASUS\.m2\repository\com\github\docker-java\docker-java-api\3.2.13\docker-java-api-3.2.13.jar;C:\Users\ASUS\.m2\repository\org\apache\commons\commons-compress\1.21\commons-compress-1.21.jar;C:\Users\ASUS\.m2\repository\org\bouncycastle\bcpkix-jdk15on\1.64\bcpkix-jdk15on-1.64.jar;C:\Users\ASUS\.m2\repository\org\bouncycastle\bcprov-jdk15on\1.64\bcprov-jdk15on-1.64.jar;C:\Users\ASUS\.m2\repository\org\slf4j\jcl-over-slf4j\1.7.30\jcl-over-slf4j-1.7.30.jar;C:\Users\ASUS\.m2\repository\com\github\docker-java\docker-java-transport-httpclient5\3.2.13\docker-java-transport-httpclient5-3.2.13.jar;C:\Users\ASUS\.m2\repository\com\github\docker-java\docker-java-transport\3.2.13\docker-java-transport-3.2.13.jar;C:\Users\ASUS\.m2\repository\org\apache\httpcomponents\client5\httpclient5\5.0.3\httpclient5-5.0.3.jar;C:\Users\ASUS\.m2\repository\org\apache\httpcomponents\core5\httpcore5\5.0.2\httpcore5-5.0.2.jar;C:\Users\ASUS\.m2\repository\net\java\dev\jna\jna\5.8.0\jna-5.8.0.jar;C:\Users\ASUS\.m2\repository\org\brotli\dec\0.1.2\dec-0.1.2.jar;C:\Users\ASUS\.m2\repository\com\jhlabs\filters\2.0.235\filters-2.0.235.jar;C:\Users\ASUS\.m2\repository\com\paulhammant\ngwebdriver\1.1.6\ngwebdriver-1.1.6.jar;C:\Users\ASUS\.m2\repository\joda-time\joda-time\2.8.2\joda-time-2.8.2.jar;C:\Users\ASUS\.m2\repository\org\hamcrest\hamcrest\2.2\hamcrest-2.2.jar;C:\Users\ASUS\.m2\repository\com\google\jimfs\jimfs\1.2\jimfs-1.2.jar;C:\Users\ASUS\.m2\repository\org\mockito\mockito-core\3.3.3\mockito-core-3.3.3.jar;C:\Users\ASUS\.m2\repository\javax\xml\bind\jaxb-api\2.3.1\jaxb-api-2.3.1.jar;C:\Users\ASUS\.m2\repository\javax\activation\javax.activation-api\1.2.0\javax.activation-api-1.2.0.jar;C:\Users\ASUS\.m2\repository\com\sun\xml\bind\jaxb-core\2.3.0.1\jaxb-core-2.3.0.1.jar;C:\Users\ASUS\.m2\repository\com\sun\xml\bind\jaxb-impl\2.3.3\jaxb-impl-2.3.3.jar;C:\Users\ASUS\.m2\repository\jakarta\xml\bind\jakarta.xml.bind-api\2.3.3\jakarta.xml.bind-api-2.3.3.jar;C:\Users\ASUS\.m2\repository\com\sun\activation\jakarta.activation\1.2.2\jakarta.activation-1.2.2.jar;C:\Users\ASUS\.m2\repository\javax\activation\activation\1.1.1\activation-1.1.1.jar;C:\Users\ASUS\.m2\repository\net\serenity-bdd\serenity-cucumber\3.2.1\serenity-cucumber-3.2.1.jar;C:\Users\ASUS\.m2\repository\io\cucumber\cucumber-core\7.2.3\cucumber-core-7.2.3.jar;C:\Users\ASUS\.m2\repository\io\cucumber\cucumber-gherkin\7.2.3\cucumber-gherkin-7.2.3.jar;C:\Users\ASUS\.m2\repository\io\cucumber\cucumber-gherkin-messages\7.2.3\cucumber-gherkin-messages-7.2.3.jar;C:\Users\ASUS\.m2\repository\io\cucumber\messages\17.1.1\messages-17.1.1.jar;C:\Users\ASUS\.m2\repository\io\cucumber\tag-expressions\4.1.0\tag-expressions-4.1.0.jar;C:\Users\ASUS\.m2\repository\io\cucumber\cucumber-expressions\15.0.1\cucumber-expressions-15.0.1.jar;C:\Users\ASUS\.m2\repository\io\cucumber\datatable\7.2.3\datatable-7.2.3.jar;C:\Users\ASUS\.m2\repository\io\cucumber\cucumber-plugin\7.2.3\cucumber-plugin-7.2.3.jar;C:\Users\ASUS\.m2\repository\io\cucumber\docstring\7.2.3\docstring-7.2.3.jar;C:\Users\ASUS\.m2\repository\io\cucumber\html-formatter\17.0.0\html-formatter-17.0.0.jar;C:\Users\ASUS\.m2\repository\io\cucumber\ci-environment\8.1.0\ci-environment-8.1.0.jar;C:\Users\ASUS\.m2\repository\io\cucumber\cucumber-junit\7.2.3\cucumber-junit-7.2.3.jar;C:\Users\ASUS\.m2\repository\org\apache\commons\commons-csv\1.5\commons-csv-1.5.jar;C:\Users\ASUS\.m2\repository\net\serenity-bdd\serenity-screenplay\3.2.1\serenity-screenplay-3.2.1.jar;C:\Users\ASUS\.m2\repository\net\serenity-bdd\serenity-screenplay-webdriver\3.2.1\serenity-screenplay-webdriver-3.2.1.jar;C:\Users\ASUS\.m2\repository\net\serenity-bdd\serenity-ensure\3.2.1\serenity-ensure-3.2.1.jar;C:\Users\ASUS\.m2\repository\net\serenity-bdd\serenity-junit\3.2.1\serenity-junit-3.2.1.jar;C:\Users\ASUS\.m2\repository\org\jetbrains\kotlin\kotlin-stdlib\1.6.0\kotlin-stdlib-1.6.0.jar;C:\Users\ASUS\.m2\repository\org\jetbrains\annotations\13.0\annotations-13.0.jar;C:\Users\ASUS\.m2\repository\org\jetbrains\kotlin\kotlin-stdlib-common\1.6.0\kotlin-stdlib-common-1.6.0.jar;C:\Users\ASUS\.m2\repository\org\junit\platform\junit-platform-launcher\1.8.1\junit-platform-launcher-1.8.1.jar;C:\Users\ASUS\.m2\repository\org\junit\platform\junit-platform-engine\1.8.1\junit-platform-engine-1.8.1.jar;C:\Users\ASUS\.m2\repository\org\opentest4j\opentest4j\1.2.0\opentest4j-1.2.0.jar;C:\Users\ASUS\.m2\repository\org\junit\platform\junit-platform-commons\1.8.1\junit-platform-commons-1.8.1.jar;C:\Users\ASUS\.m2\repository\org\apiguardian\apiguardian-api\1.1.2\apiguardian-api-1.1.2.jar;C:\Users\ASUS\.m2\repository\org\junit\jupiter\junit-jupiter-engine\5.8.2\junit-jupiter-engine-5.8.2.jar;C:\Users\ASUS\.m2\repository\org\junit\jupiter\junit-jupiter-api\5.8.2\junit-jupiter-api-5.8.2.jar;C:\Users\ASUS\.m2\repository\org\junit\vintage\junit-vintage-engine\5.8.2\junit-vintage-engine-5.8.2.jar;C:\Users\ASUS\.m2\repository\junit\junit\4.13.2\junit-4.13.2.jar;C:\Users\ASUS\.m2\repository\org\hamcrest\hamcrest-core\1.3\hamcrest-core-1.3.jar;C:\Users\ASUS\.m2\repository\ch\qos\logback\logback-classic\1.2.10\logback-classic-1.2.10.jar;C:\Users\ASUS\.m2\repository\ch\qos\logback\logback-core\1.2.10\logback-core-1.2.10.jar;C:\Users\ASUS\.m2\repository\org\slf4j\slf4j-api\1.7.32\slf4j-api-1.7.32.jar;C:\Users\ASUS\.m2\repository\org\assertj\assertj-core\3.6.2\assertj-core-3.6.2.jar;"/>
    <property name="sun.cpu.endian" value="little"/>
    <property name="user.home" value="C:\Users\ASUS"/>
    <property name="user.language" value="en"/>
    <property name="java.specification.vendor" value="Oracle Corporation"/>
    <property name="java.home" value="C:\Program Files\Java\jdk1.8.0_111\jre"/>
    <property name="basedir" value="C:\Users\ASUS\IdeaProjects\WebUITesting"/>
    <property name="file.separator" value="\"/>
    <property name="line.separator" value="&#10;"/>
    <property name="java.vm.specification.vendor" value="Oracle Corporation"/>
    <property name="java.specification.name" value="Java Platform API Specification"/>
    <property name="java.awt.graphicsenv" value="sun.awt.Win32GraphicsEnvironment"/>
    <property name="surefire.real.class.path" value="C:\Users\ASUS\AppData\Local\Temp\surefire6409642628806649036\surefirebooter4546513331550630441.jar"/>
    <property name="sun.boot.class.path" value="C:\Program Files\Java\jdk1.8.0_111\jre\lib\resources.jar;C:\Program Files\Java\jdk1.8.0_111\jre\lib\rt.jar;C:\Program Files\Java\jdk1.8.0_111\jre\lib\sunrsasign.jar;C:\Program Files\Java\jdk1.8.0_111\jre\lib\jsse.jar;C:\Program Files\Java\jdk1.8.0_111\jre\lib\jce.jar;C:\Program Files\Java\jdk1.8.0_111\jre\lib\charsets.jar;C:\Program Files\Java\jdk1.8.0_111\jre\lib\jfr.jar;C:\Program Files\Java\jdk1.8.0_111\jre\classes"/>
    <property name="user.script" value=""/>
    <property name="java.protocol.handler.pkgs" value="com.google.common"/>
    <property name="sun.management.compiler" value="HotSpot 64-Bit Tiered Compilers"/>
    <property name="java.runtime.version" value="1.8.0_111-b14"/>
    <property name="user.name" value="Aurora"/>
    <property name="path.separator" value=";"/>
    <property name="os.version" value="10.0"/>
    <property name="java.endorsed.dirs" value="C:\Program Files\Java\jdk1.8.0_111\jre\lib\endorsed"/>
    <property name="java.runtime.name" value="Java(TM) SE Runtime Environment"/>
    <property name="file.encoding" value="Cp1252"/>
    <property name="java.vm.name" value="Java HotSpot(TM) 64-Bit Server VM"/>
    <property name="localRepository" value="C:\Users\ASUS\.m2\repository"/>
    <property name="java.vendor.url.bug" value="http://bugreport.sun.com/bugreport/"/>
    <property name="java.io.tmpdir" value="C:\Users\ASUS\AppData\Local\Temp\"/>
    <property name="java.version" value="1.8.0_111"/>
    <property name="user.dir" value="C:\Users\ASUS\IdeaProjects\WebUITesting"/>
    <property name="os.arch" value="amd64"/>
    <property name="java.vm.specification.name" value="Java Virtual Machine Specification"/>
    <property name="java.awt.printerjob" value="sun.awt.windows.WPrinterJob"/>
    <property name="sun.os.patch.level" value=""/>
    <property name="java.library.path" value="C:\Program Files\Java\jdk1.8.0_111\jre\bin;C:\WINDOWS\Sun\Java\bin;C:\WINDOWS\system32;C:\WINDOWS;C:\ProgramData\Oracle\Java\javapath;C:\oraclexe\app\oracle\product\11.2.0\server\bin;C:\Program Files (x86)\Common Files\Intel\Shared Files\cpp\bin\Intel64;C:\Program Files (x86)\Intel\Intel(R) Management Engine Components\iCLS\;C:\Program Files\Intel\Intel(R) Management Engine Components\iCLS\;C:\Windows\system32;C:\Windows;C:\Windows\System32\Wbem;C:\Windows\System32\WindowsPowerShell\v1.0\;C:\Program Files (x86)\Intel\Intel(R) Management Engine Components\DAL;C:\Program Files\Intel\Intel(R) Management Engine Components\DAL;C:\Program Files (x86)\Intel\Intel(R) Management Engine Components\IPT;C:\Program Files\Intel\Intel(R) Management Engine Components\IPT;C:\Program Files (x86)\NVIDIA Corporation\PhysX\Common;C:\Program Files (x86)\MKVtoolnix;C:\Program Files\NVIDIA Corporation\NVIDIA NvDLISR;C:\FPC\2.6.4\bin\i386-Win32;C:\WINDOWS\system32;C:\WINDOWS;C:\WINDOWS\System32\Wbem;C:\WINDOWS\System32\WindowsPowerShell\v1.0\;C:\WINDOWS\System32\OpenSSH\;C:\FPC\3.0.4\bin\i386-Win32;C:\Go\bin;C:\Program Files\Git\cmd;C:\Program Files\Java\jdk1.8.0_111\bin;C:\Users\ASUS\AppData\Local\Microsoft\WindowsApps;C:\Users\ASUS\AppData\Local\Programs\MiKTeX 2.9\miktex\bin\x64\;C:\Users\ASUS\AppData\Local\Programs\Microsoft VS Code\bin;C:\Users\ASUS\go\bin;C:\Users\ASUS\AppData\Local\GitHubDesktop\bin;C:\Program Files\JetBrains\IntelliJ IDEA Community Edition 2021.3.3\plugins\maven\lib\maven3\bin;C:\User\Program Files\Java\jdk1.8.0_111\bin;C:\Program Files\JetBrains\IntelliJ IDEA Community Edition 2021.3.3\bin;;;."/>
    <property name="java.vm.info" value="mixed mode"/>
    <property name="java.vendor" value="Oracle Corporation"/>
    <property name="java.vm.version" value="25.111-b14"/>
    <property name="java.ext.dirs" value="C:\Program Files\Java\jdk1.8.0_111\jre\lib\ext;C:\WINDOWS\Sun\Java\lib\ext"/>
    <property name="sun.io.unicode.encoding" value="UnicodeLittle"/>
    <property name="java.class.version" value="52.0"/>
  </properties>
  <testcase name="As user, I have be able to success login" classname="Login" time="27.808">
    <system-out><![CDATA[19:06:12.000 [main] INFO io.cucumber.core.plugin.SerenityReporter - Running feature from file:///C:/Users/ASUS/IdeaProjects/WebUITesting/src/test/resources/features/Login.feature
19:06:12.322 [main] INFO  - 

-------------------------------------------------------------------------------------
     _______. _______ .______       _______ .__   __.  __  .___________.____    ____ 
    /       ||   ____||   _  \     |   ____||  \ |  | |  | |           |\   \  /   / 
   |   (----`|  |__   |  |_)  |    |  |__   |   \|  | |  | `---|  |----` \   \/   /  
    \   \    |   __|  |      /     |   __|  |  . `  | |  |     |  |       \_    _/   
.----)   |   |  |____ |  |\  \----.|  |____ |  |\   | |  |     |  |         |  |     
|_______/    |_______|| _| `._____||_______||__| \__| |__|     |__|         |__|    
                                                                                     
 News and tutorials at http://www.serenity-bdd.info                                  
 Documentation at https://wakaleo.gitbooks.io/the-serenity-book/content/             
 Join the Serenity Community on Gitter: https://gitter.im/serenity-bdd/serenity-core 
 Serenity BDD Support and Training at http://serenity-bdd.info/#/trainingandsupport  
-------------------------------------------------------------------------------------

19:06:12.326 [main] DEBUG net.thucydides.core.steps.StepEventBus - Test suite started for story net.thucydides.core.model.Story@23282f08
19:06:12.331 [main] INFO  - Test Suite Started: Login
19:06:12.430 [main] INFO io.cucumber.core.plugin.SerenityReporter - Running feature from file:///C:/Users/ASUS/IdeaProjects/WebUITesting/src/test/resources/features/Login.feature
19:06:12.434 [main] DEBUG net.thucydides.core.steps.StepEventBus - Test suite started for story net.thucydides.core.model.Story@23282f08
19:06:12.435 [main] INFO  - Test Suite Started: Login

Scenario: As user, I have be able to success login &amp#27;[90m# src/test/resources/features/Login.feature:6&amp#27;[0m
19:06:12.922 [main] INFO io.cucumber.core.plugin.SerenityReporter - Running feature from file:///C:/Users/ASUS/IdeaProjects/WebUITesting/src/test/resources/features/Login.feature
19:06:13.183 [main] INFO  - 
  _____   ___   ___   _____     ___   _____     _     ___   _____   ___   ___  
 |_   _| | __| / __| |_   _|   / __| |_   _|   /_\   | _ \ |_   _| | __| |   \ 
   | |   | _|  \__ \   | |     \__ \   | |    / _ \  |   /   | |   | _|  | |) |
   |_|   |___| |___/   |_|     |___/   |_|   /_/ \_\ |_|_\   |_|   |___| |___/ 

As user, I have be able to success login(login;as-user--i-have-be-able-to-success-login)
--------------------------------------------------------------------------------
19:06:14.490 [main] DEBUG net.thucydides.core.steps.StepInterceptor - STARTING STEP: LoginSteps.onTheLoginPage - openPage
19:06:14.591 [main] INFO net.serenitybdd.core.webdriver.driverproviders.ChromeDriverProvider - Using automatically driver download
19:06:15.957 [main] DEBUG io.github.bonigarcia.wdm.cache.ResolutionCache - Resolution chrome=100 in cache (valid until 20:01:07 30/03/2022 ICT)
19:06:15.967 [main] DEBUG io.github.bonigarcia.wdm.cache.ResolutionCache - Resolution chrome100=100.0.4896.60 in cache (valid until 19:01:07 31/03/2022 ICT)
19:06:15.983 [main] INFO io.github.bonigarcia.wdm.WebDriverManager - Using chromedriver 100.0.4896.60 (resolved driver for Chrome 100)
19:06:16.012 [main] DEBUG io.github.bonigarcia.wdm.WebDriverManager - Driver chromedriver 100.0.4896.60 found in cache
19:06:16.013 [main] INFO io.github.bonigarcia.wdm.WebDriverManager - Exporting webdriver.chrome.driver as C:\Users\ASUS\.cache\selenium\chromedriver\win32\100.0.4896.60\chromedriver.exe
19:06:16.225 [main] DEBUG net.thucydides.core.reflection.ClassFinder - Could not load class .starter.CucumberTestSuite
19:06:16.225 [main] DEBUG net.thucydides.core.reflection.ClassFinder - Could not load class .starter.pages.HomePage
19:06:16.226 [main] DEBUG net.thucydides.core.reflection.ClassFinder - Could not load class .starter.pages.LoginPage
19:06:16.226 [main] DEBUG net.thucydides.core.reflection.ClassFinder - Could not load class .starter.stepdefinitions.LoginSteps
19:06:16.380 [main] DEBUG net.serenitybdd.core.webdriver.driverproviders.ProvideNewDriver - Instantiating driver
19:06:16.380 [main] DEBUG net.serenitybdd.core.webdriver.driverproviders.ProvideNewDriver - Driver capabilities: Capabilities {acceptInsecureCerts: false, base.url: https://demoqa.com, browserName: chrome, chrome.driver: src/test/resources/webdrive..., driver: chrome, goog:chromeOptions: {args: [], extensions: []}}
19:06:16.638 [main] DEBUG io.netty.util.internal.logging.InternalLoggerFactory - Using SLF4J as the default logging framework
19:06:16.646 [main] DEBUG io.netty.util.ResourceLeakDetector - -Dio.netty.leakDetection.level: simple
19:06:16.646 [main] DEBUG io.netty.util.ResourceLeakDetector - -Dio.netty.leakDetection.targetRecords: 4
19:06:16.654 [main] DEBUG io.netty.util.ResourceLeakDetectorFactory - Loaded default ResourceLeakDetector: io.netty.util.ResourceLeakDetector@49cd946c
19:06:16.692 [main] DEBUG io.netty.util.internal.PlatformDependent0 - -Dio.netty.noUnsafe: false
19:06:16.693 [main] DEBUG io.netty.util.internal.PlatformDependent0 - Java version: 8
19:06:16.695 [main] DEBUG io.netty.util.internal.PlatformDependent0 - sun.misc.Unsafe.theUnsafe: available
19:06:16.695 [main] DEBUG io.netty.util.internal.PlatformDependent0 - sun.misc.Unsafe.copyMemory: available
19:06:16.696 [main] DEBUG io.netty.util.internal.PlatformDependent0 - java.nio.Buffer.address: available
19:06:16.697 [main] DEBUG io.netty.util.internal.PlatformDependent0 - direct buffer constructor: available
19:06:16.699 [main] DEBUG io.netty.util.internal.PlatformDependent0 - java.nio.Bits.unaligned: available, true
19:06:16.699 [main] DEBUG io.netty.util.internal.PlatformDependent0 - jdk.internal.misc.Unsafe.allocateUninitializedArray(int): unavailable prior to Java9
19:06:16.699 [main] DEBUG io.netty.util.internal.PlatformDependent0 - java.nio.DirectByteBuffer.<init>(long, int): available
19:06:16.700 [main] DEBUG io.netty.util.internal.PlatformDependent - sun.misc.Unsafe: available
19:06:16.701 [main] DEBUG io.netty.util.internal.PlatformDependent - -Dio.netty.tmpdir: C:\Users\ASUS\AppData\Local\Temp (java.io.tmpdir)
19:06:16.701 [main] DEBUG io.netty.util.internal.PlatformDependent - -Dio.netty.bitMode: 64 (sun.arch.data.model)
19:06:16.701 [main] DEBUG io.netty.util.internal.PlatformDependent - Platform: Windows
19:06:16.702 [main] DEBUG io.netty.util.internal.PlatformDependent - -Dio.netty.maxDirectMemory: 1883242496 bytes
19:06:16.703 [main] DEBUG io.netty.util.internal.PlatformDependent - -Dio.netty.uninitializedArrayAllocationThreshold: -1
19:06:16.704 [main] DEBUG io.netty.util.internal.CleanerJava6 - java.nio.ByteBuffer.cleaner(): available
19:06:16.705 [main] DEBUG io.netty.util.internal.PlatformDependent - -Dio.netty.noPreferDirect: false
19:06:16.722 [main] DEBUG io.netty.util.internal.PlatformDependent - org.jctools-core.MpscChunkedArrayQueue: available
19:06:16.766 [main] DEBUG io.netty.util.internal.InternalThreadLocalMap - -Dio.netty.threadLocalMap.stringBuilder.initialSize: 1024
19:06:16.766 [main] DEBUG io.netty.util.internal.InternalThreadLocalMap - -Dio.netty.threadLocalMap.stringBuilder.maxSize: 4096
19:06:17.601 [main] DEBUG io.netty.handler.ssl.JdkSslContext - Default protocols (JDK): [TLSv1.2, TLSv1.1, TLSv1] 
19:06:17.601 [main] DEBUG io.netty.handler.ssl.JdkSslContext - Default cipher suites (JDK): [TLS_ECDHE_ECDSA_WITH_AES_128_GCM_SHA256, TLS_ECDHE_RSA_WITH_AES_128_GCM_SHA256, TLS_ECDHE_RSA_WITH_AES_128_CBC_SHA, TLS_RSA_WITH_AES_128_GCM_SHA256, TLS_RSA_WITH_AES_128_CBC_SHA]
19:06:17.657 [main] DEBUG io.netty.channel.MultithreadEventLoopGroup - -Dio.netty.eventLoopThreads: 16
19:06:17.683 [main] DEBUG io.netty.channel.nio.NioEventLoop - -Dio.netty.noKeySetOptimization: false
19:06:17.683 [main] DEBUG io.netty.channel.nio.NioEventLoop - -Dio.netty.selectorAutoRebuildThreshold: 512
19:06:17.803 [main] DEBUG io.netty.buffer.PooledByteBufAllocator - -Dio.netty.allocator.numHeapArenas: 16
19:06:17.803 [main] DEBUG io.netty.buffer.PooledByteBufAllocator - -Dio.netty.allocator.numDirectArenas: 16
19:06:17.803 [main] DEBUG io.netty.buffer.PooledByteBufAllocator - -Dio.netty.allocator.pageSize: 8192
19:06:17.803 [main] DEBUG io.netty.buffer.PooledByteBufAllocator - -Dio.netty.allocator.maxOrder: 11
19:06:17.804 [main] DEBUG io.netty.buffer.PooledByteBufAllocator - -Dio.netty.allocator.chunkSize: 16777216
19:06:17.804 [main] DEBUG io.netty.buffer.PooledByteBufAllocator - -Dio.netty.allocator.smallCacheSize: 256
19:06:17.805 [main] DEBUG io.netty.buffer.PooledByteBufAllocator - -Dio.netty.allocator.normalCacheSize: 64
19:06:17.805 [main] DEBUG io.netty.buffer.PooledByteBufAllocator - -Dio.netty.allocator.maxCachedBufferCapacity: 32768
19:06:17.805 [main] DEBUG io.netty.buffer.PooledByteBufAllocator - -Dio.netty.allocator.cacheTrimInterval: 8192
19:06:17.805 [main] DEBUG io.netty.buffer.PooledByteBufAllocator - -Dio.netty.allocator.cacheTrimIntervalMillis: 0
19:06:17.806 [main] DEBUG io.netty.buffer.PooledByteBufAllocator - -Dio.netty.allocator.useCacheForAllThreads: true
19:06:17.806 [main] DEBUG io.netty.buffer.PooledByteBufAllocator - -Dio.netty.allocator.maxCachedByteBuffersPerChunk: 1023
19:06:17.846 [main] DEBUG io.netty.buffer.ByteBufUtil - -Dio.netty.allocator.type: pooled
19:06:17.847 [main] DEBUG io.netty.buffer.ByteBufUtil - -Dio.netty.threadLocalDirectBufferSize: 0
19:06:17.847 [main] DEBUG io.netty.buffer.ByteBufUtil - -Dio.netty.maxThreadLocalCharBufferSize: 16384
19:06:19.001 [Forwarding newSession on session null to remote] DEBUG io.netty.channel.DefaultChannelId - -Dio.netty.processId: 14160 (auto-detected)
19:06:19.003 [Forwarding newSession on session null to remote] DEBUG io.netty.util.NetUtil - -Djava.net.preferIPv4Stack: false
19:06:19.004 [Forwarding newSession on session null to remote] DEBUG io.netty.util.NetUtil - -Djava.net.preferIPv6Addresses: false
19:06:19.543 [Forwarding newSession on session null to remote] DEBUG io.netty.util.NetUtilInitializations - Loopback interface: lo (Software Loopback Interface 1, 127.0.0.1)
19:06:19.545 [Forwarding newSession on session null to remote] DEBUG io.netty.util.NetUtil - Failed to get SOMAXCONN from sysctl and file \proc\sys\net\core\somaxconn. Default: 200
19:06:20.286 [Forwarding newSession on session null to remote] DEBUG io.netty.channel.DefaultChannelId - -Dio.netty.machineId: 80:c5:f2:ff:fe:d4:87:e8 (auto-detected)
19:06:20.438 [AsyncHttpClient-1-2] DEBUG io.netty.buffer.AbstractByteBuf - -Dio.netty.buffer.checkAccessible: true
19:06:20.438 [AsyncHttpClient-1-2] DEBUG io.netty.buffer.AbstractByteBuf - -Dio.netty.buffer.checkBounds: true
19:06:20.438 [AsyncHttpClient-1-2] DEBUG io.netty.util.ResourceLeakDetectorFactory - Loaded default ResourceLeakDetector: io.netty.util.ResourceLeakDetector@647d0e6a
19:06:20.488 [AsyncHttpClient-1-2] DEBUG org.asynchttpclient.netty.channel.NettyConnectListener - Using new Channel '[id: 0xb359261f, L:/127.0.0.1:63700 - R:localhost/127.0.0.1:54494]' for 'POST' to '/session'
19:06:20.530 [AsyncHttpClient-1-2] DEBUG io.netty.util.Recycler - -Dio.netty.recycler.maxCapacityPerThread: 4096
19:06:20.531 [AsyncHttpClient-1-2] DEBUG io.netty.util.Recycler - -Dio.netty.recycler.ratio: 8
19:06:20.531 [AsyncHttpClient-1-2] DEBUG io.netty.util.Recycler - -Dio.netty.recycler.chunkSize: 32
19:06:20.531 [AsyncHttpClient-1-2] DEBUG io.netty.util.Recycler - -Dio.netty.recycler.blocking: false
19:06:22.966 [AsyncHttpClient-1-2] DEBUG io.netty.handler.codec.compression.Brotli - brotli4j not in the classpath; Brotli support will be unavailable.
19:06:22.966 [AsyncHttpClient-1-2] DEBUG org.asynchttpclient.netty.handler.HttpHandler - 

Request DefaultHttpRequest(decodeResult: success, version: HTTP/1.1)
POST /session HTTP/1.1
User-Agent: selenium/4.1.2 (java windows)
Content-Length: 599
Content-Type: application/json; charset=utf-8
host: localhost:54494
accept: */*

Response DefaultHttpResponse(decodeResult: success, version: HTTP/1.1)
HTTP/1.1 200 OK
Content-Type: application/json; charset=utf-8
cache-control: no-cache
content-length: 787

19:06:22.992 [AsyncHttpClient-1-2] DEBUG org.asynchttpclient.netty.channel.ChannelManager - Adding key: http://localhost:54494 for channel [id: 0xb359261f, L:/127.0.0.1:63700 - R:localhost/127.0.0.1:54494]
19:06:23.032 [AsyncHttpClient-1-1] DEBUG org.asynchttpclient.netty.channel.DefaultChannelPool - Entry count for : http://localhost:54494 : 1
19:06:23.196 [AsyncHttpClient-1-3] DEBUG org.asynchttpclient.netty.channel.NettyConnectListener - Using new Channel '[id: 0x02ea95ec, L:/127.0.0.1:63709 - R:localhost/127.0.0.1:63701]' for 'GET' to '/json/version'
19:06:23.199 [AsyncHttpClient-1-3] DEBUG org.asynchttpclient.netty.handler.HttpHandler - 

Request DefaultFullHttpRequest(decodeResult: success, version: HTTP/1.1, content: EmptyByteBufBE)
GET /json/version HTTP/1.1
User-Agent: selenium/4.1.2 (java windows)
host: localhost:63701
accept: */*

Response DefaultHttpResponse(decodeResult: success, version: HTTP/1.1)
HTTP/1.1 200 OK
Content-Type: application/json; charset=UTF-8
content-length: 426

19:06:23.199 [AsyncHttpClient-1-3] DEBUG org.asynchttpclient.netty.channel.ChannelManager - Adding key: http://localhost:63701 for channel [id: 0x02ea95ec, L:/127.0.0.1:63709 - R:localhost/127.0.0.1:63701]
19:06:23.217 [main] DEBUG io.netty.util.internal.ThreadLocalRandom - -Dio.netty.initialSeedUniquifier: 0xbf0e7c460f7777db
19:06:23.226 [AsyncHttpClient-1-4] DEBUG org.asynchttpclient.netty.channel.NettyConnectListener - Using new Channel '[id: 0xed7e5581, L:/127.0.0.1:63711 - R:localhost/127.0.0.1:63701]' for 'GET' to '/devtools/browser/bc7d9c24-3925-4af9-825a-f56e9025a23a'
19:06:23.230 [AsyncHttpClient-1-4] DEBUG org.asynchttpclient.netty.handler.WebSocketHandler - 

Request DefaultFullHttpRequest(decodeResult: success, version: HTTP/1.1, content: EmptyByteBufBE)
GET /devtools/browser/bc7d9c24-3925-4af9-825a-f56e9025a23a HTTP/1.1
upgrade: websocket
connection: upgrade
sec-websocket-key: 1zq4+eGQE/7otTEIomdVAA==
sec-websocket-version: 13
origin: http://localhost:63701
host: localhost:63701
accept: */*
user-agent: AHC/2.1

Response DefaultHttpResponse(decodeResult: success, version: HTTP/1.1)
HTTP/1.1 101 WebSocket Protocol Handshake
Upgrade: WebSocket
Connection: Upgrade
Sec-WebSocket-Accept: zhJF6lfsTZ8BUv9bPgmH07ceitE=

19:06:23.334 [Forwarding maximizeCurrentWindow on session 4bf10aa214509a87fb0e5d73d5b89bbb to remote] DEBUG org.asynchttpclient.netty.request.NettyRequestSender - Using pooled Channel '[id: 0xb359261f, L:/127.0.0.1:63700 - R:localhost/127.0.0.1:54494]' for 'POST' to 'http://localhost:54494/session/4bf10aa214509a87fb0e5d73d5b89bbb/window/maximize'
19:06:23.335 [Forwarding maximizeCurrentWindow on session 4bf10aa214509a87fb0e5d73d5b89bbb to remote] DEBUG org.asynchttpclient.netty.request.NettyRequestSender - Using open Channel [id: 0xb359261f, L:/127.0.0.1:63700 - R:localhost/127.0.0.1:54494] for POST '/session/4bf10aa214509a87fb0e5d73d5b89bbb/window/maximize'
19:06:23.481 [AsyncHttpClient-1-2] DEBUG org.asynchttpclient.netty.handler.HttpHandler - 

Request DefaultHttpRequest(decodeResult: success, version: HTTP/1.1)
POST /session/4bf10aa214509a87fb0e5d73d5b89bbb/window/maximize HTTP/1.1
User-Agent: selenium/4.1.2 (java windows)
Content-Length: 3
Content-Type: application/json; charset=utf-8
host: localhost:54494
accept: */*

Response DefaultHttpResponse(decodeResult: success, version: HTTP/1.1)
HTTP/1.1 200 OK
Content-Type: application/json; charset=utf-8
cache-control: no-cache
content-length: 51

19:06:23.483 [AsyncHttpClient-1-2] DEBUG org.asynchttpclient.netty.channel.ChannelManager - Adding key: http://localhost:54494 for channel [id: 0xb359261f, L:/127.0.0.1:63700 - R:localhost/127.0.0.1:54494]
19:06:23.788 [main] DEBUG net.thucydides.core.reflection.ClassFinder - Could not load class .starter.CucumberTestSuite
19:06:23.788 [main] DEBUG net.thucydides.core.reflection.ClassFinder - Could not load class .starter.pages.HomePage
19:06:23.788 [main] DEBUG net.thucydides.core.reflection.ClassFinder - Could not load class .starter.pages.LoginPage
19:06:23.788 [main] DEBUG net.thucydides.core.reflection.ClassFinder - Could not load class .starter.stepdefinitions.LoginSteps
19:06:23.793 [Forwarding get on session 4bf10aa214509a87fb0e5d73d5b89bbb to remote] DEBUG org.asynchttpclient.netty.request.NettyRequestSender - Using pooled Channel '[id: 0xb359261f, L:/127.0.0.1:63700 - R:localhost/127.0.0.1:54494]' for 'POST' to 'http://localhost:54494/session/4bf10aa214509a87fb0e5d73d5b89bbb/url'
19:06:23.793 [Forwarding get on session 4bf10aa214509a87fb0e5d73d5b89bbb to remote] DEBUG org.asynchttpclient.netty.request.NettyRequestSender - Using open Channel [id: 0xb359261f, L:/127.0.0.1:63700 - R:localhost/127.0.0.1:54494] for POST '/session/4bf10aa214509a87fb0e5d73d5b89bbb/url'
19:06:24.132 [AsyncHttpClient-1-1] DEBUG org.asynchttpclient.netty.channel.DefaultChannelPool - Entry count for : http://localhost:63701 : 1
19:06:25.236 [AsyncHttpClient-1-1] DEBUG org.asynchttpclient.netty.channel.DefaultChannelPool - Entry count for : http://localhost:63701 : 1
19:06:26.331 [AsyncHttpClient-1-1] DEBUG org.asynchttpclient.netty.channel.DefaultChannelPool - Entry count for : http://localhost:63701 : 1
19:06:27.432 [AsyncHttpClient-1-1] DEBUG org.asynchttpclient.netty.channel.DefaultChannelPool - Entry count for : http://localhost:63701 : 1
19:06:28.540 [AsyncHttpClient-1-1] DEBUG org.asynchttpclient.netty.channel.DefaultChannelPool - Entry count for : http://localhost:63701 : 1
19:06:29.640 [AsyncHttpClient-1-1] DEBUG org.asynchttpclient.netty.channel.DefaultChannelPool - Entry count for : http://localhost:63701 : 1
19:06:30.736 [AsyncHttpClient-1-1] DEBUG org.asynchttpclient.netty.channel.DefaultChannelPool - Entry count for : http://localhost:63701 : 1
19:06:31.568 [AsyncHttpClient-1-2] DEBUG org.asynchttpclient.netty.handler.HttpHandler - 

Request DefaultHttpRequest(decodeResult: success, version: HTTP/1.1)
POST /session/4bf10aa214509a87fb0e5d73d5b89bbb/url HTTP/1.1
User-Agent: selenium/4.1.2 (java windows)
Content-Length: 54
Content-Type: application/json; charset=utf-8
host: localhost:54494
accept: */*

Response DefaultHttpResponse(decodeResult: success, version: HTTP/1.1)
HTTP/1.1 200 OK
Content-Type: application/json; charset=utf-8
cache-control: no-cache
content-length: 14

19:06:31.569 [AsyncHttpClient-1-2] DEBUG org.asynchttpclient.netty.channel.ChannelManager - Adding key: http://localhost:54494 for channel [id: 0xb359261f, L:/127.0.0.1:63700 - R:localhost/127.0.0.1:54494]
19:06:31.586 [Forwarding setTimeout on session 4bf10aa214509a87fb0e5d73d5b89bbb to remote] DEBUG org.asynchttpclient.netty.request.NettyRequestSender - Using pooled Channel '[id: 0xb359261f, L:/127.0.0.1:63700 - R:localhost/127.0.0.1:54494]' for 'POST' to 'http://localhost:54494/session/4bf10aa214509a87fb0e5d73d5b89bbb/timeouts'
19:06:31.586 [Forwarding setTimeout on session 4bf10aa214509a87fb0e5d73d5b89bbb to remote] DEBUG org.asynchttpclient.netty.request.NettyRequestSender - Using open Channel [id: 0xb359261f, L:/127.0.0.1:63700 - R:localhost/127.0.0.1:54494] for POST '/session/4bf10aa214509a87fb0e5d73d5b89bbb/timeouts'
19:06:31.593 [AsyncHttpClient-1-2] DEBUG org.asynchttpclient.netty.handler.HttpHandler - 

Request DefaultHttpRequest(decodeResult: success, version: HTTP/1.1)
POST /session/4bf10aa214509a87fb0e5d73d5b89bbb/timeouts HTTP/1.1
User-Agent: selenium/4.1.2 (java windows)
Content-Length: 22
Content-Type: application/json; charset=utf-8
host: localhost:54494
accept: */*

Response DefaultHttpResponse(decodeResult: success, version: HTTP/1.1)
HTTP/1.1 200 OK
Content-Type: application/json; charset=utf-8
cache-control: no-cache
content-length: 14

19:06:31.594 [AsyncHttpClient-1-2] DEBUG org.asynchttpclient.netty.channel.ChannelManager - Adding key: http://localhost:54494 for channel [id: 0xb359261f, L:/127.0.0.1:63700 - R:localhost/127.0.0.1:54494]
19:06:31.617 [Forwarding getCurrentUrl on session 4bf10aa214509a87fb0e5d73d5b89bbb to remote] DEBUG org.asynchttpclient.netty.request.NettyRequestSender - Using pooled Channel '[id: 0xb359261f, L:/127.0.0.1:63700 - R:localhost/127.0.0.1:54494]' for 'GET' to 'http://localhost:54494/session/4bf10aa214509a87fb0e5d73d5b89bbb/url'
19:06:31.617 [Forwarding getCurrentUrl on session 4bf10aa214509a87fb0e5d73d5b89bbb to remote] DEBUG org.asynchttpclient.netty.request.NettyRequestSender - Using open Channel [id: 0xb359261f, L:/127.0.0.1:63700 - R:localhost/127.0.0.1:54494] for GET '/session/4bf10aa214509a87fb0e5d73d5b89bbb/url'
19:06:31.627 [AsyncHttpClient-1-2] DEBUG org.asynchttpclient.netty.handler.HttpHandler - 

Request DefaultFullHttpRequest(decodeResult: success, version: HTTP/1.1, content: EmptyByteBufBE)
GET /session/4bf10aa214509a87fb0e5d73d5b89bbb/url HTTP/1.1
User-Agent: selenium/4.1.2 (java windows)
Cache-Control: no-cache
Content-Type: application/json; charset=utf-8
host: localhost:54494
accept: */*

Response DefaultHttpResponse(decodeResult: success, version: HTTP/1.1)
HTTP/1.1 200 OK
Content-Type: application/json; charset=utf-8
cache-control: no-cache
content-length: 36

19:06:31.629 [AsyncHttpClient-1-2] DEBUG org.asynchttpclient.netty.channel.ChannelManager - Adding key: http://localhost:54494 for channel [id: 0xb359261f, L:/127.0.0.1:63700 - R:localhost/127.0.0.1:54494]
19:06:31.663 [Forwarding findElement on session 4bf10aa214509a87fb0e5d73d5b89bbb to remote] DEBUG org.asynchttpclient.netty.request.NettyRequestSender - Using pooled Channel '[id: 0xb359261f, L:/127.0.0.1:63700 - R:localhost/127.0.0.1:54494]' for 'POST' to 'http://localhost:54494/session/4bf10aa214509a87fb0e5d73d5b89bbb/element'
19:06:31.663 [Forwarding findElement on session 4bf10aa214509a87fb0e5d73d5b89bbb to remote] DEBUG org.asynchttpclient.netty.request.NettyRequestSender - Using open Channel [id: 0xb359261f, L:/127.0.0.1:63700 - R:localhost/127.0.0.1:54494] for POST '/session/4bf10aa214509a87fb0e5d73d5b89bbb/element'
19:06:31.691 [AsyncHttpClient-1-2] DEBUG org.asynchttpclient.netty.handler.HttpHandler - 

Request DefaultHttpRequest(decodeResult: success, version: HTTP/1.1)
POST /session/4bf10aa214509a87fb0e5d73d5b89bbb/element HTTP/1.1
User-Agent: selenium/4.1.2 (java windows)
Content-Length: 83
Content-Type: application/json; charset=utf-8
host: localhost:54494
accept: */*

Response DefaultHttpResponse(decodeResult: success, version: HTTP/1.1)
HTTP/1.1 200 OK
Content-Type: application/json; charset=utf-8
cache-control: no-cache
content-length: 88

19:06:31.692 [AsyncHttpClient-1-2] DEBUG org.asynchttpclient.netty.channel.ChannelManager - Adding key: http://localhost:54494 for channel [id: 0xb359261f, L:/127.0.0.1:63700 - R:localhost/127.0.0.1:54494]
19:06:31.701 [Forwarding getElementTagName on session 4bf10aa214509a87fb0e5d73d5b89bbb to remote] DEBUG org.asynchttpclient.netty.request.NettyRequestSender - Using pooled Channel '[id: 0xb359261f, L:/127.0.0.1:63700 - R:localhost/127.0.0.1:54494]' for 'GET' to 'http://localhost:54494/session/4bf10aa214509a87fb0e5d73d5b89bbb/element/c5ae53d7-39ea-4389-a913-fd01d5830601/name'
19:06:31.701 [Forwarding getElementTagName on session 4bf10aa214509a87fb0e5d73d5b89bbb to remote] DEBUG org.asynchttpclient.netty.request.NettyRequestSender - Using open Channel [id: 0xb359261f, L:/127.0.0.1:63700 - R:localhost/127.0.0.1:54494] for GET '/session/4bf10aa214509a87fb0e5d73d5b89bbb/element/c5ae53d7-39ea-4389-a913-fd01d5830601/name'
19:06:31.708 [AsyncHttpClient-1-2] DEBUG org.asynchttpclient.netty.handler.HttpHandler - 

Request DefaultFullHttpRequest(decodeResult: success, version: HTTP/1.1, content: EmptyByteBufBE)
GET /session/4bf10aa214509a87fb0e5d73d5b89bbb/element/c5ae53d7-39ea-4389-a913-fd01d5830601/name HTTP/1.1
User-Agent: selenium/4.1.2 (java windows)
Cache-Control: no-cache
Content-Type: application/json; charset=utf-8
host: localhost:54494
accept: */*

Response DefaultHttpResponse(decodeResult: success, version: HTTP/1.1)
HTTP/1.1 200 OK
Content-Type: application/json; charset=utf-8
cache-control: no-cache
content-length: 15

19:06:31.709 [AsyncHttpClient-1-2] DEBUG org.asynchttpclient.netty.channel.ChannelManager - Adding key: http://localhost:54494 for channel [id: 0xb359261f, L:/127.0.0.1:63700 - R:localhost/127.0.0.1:54494]
19:06:31.712 [Forwarding getElementTagName on session 4bf10aa214509a87fb0e5d73d5b89bbb to remote] DEBUG org.asynchttpclient.netty.request.NettyRequestSender - Using pooled Channel '[id: 0xb359261f, L:/127.0.0.1:63700 - R:localhost/127.0.0.1:54494]' for 'GET' to 'http://localhost:54494/session/4bf10aa214509a87fb0e5d73d5b89bbb/element/c5ae53d7-39ea-4389-a913-fd01d5830601/name'
19:06:31.714 [Forwarding getElementTagName on session 4bf10aa214509a87fb0e5d73d5b89bbb to remote] DEBUG org.asynchttpclient.netty.request.NettyRequestSender - Using open Channel [id: 0xb359261f, L:/127.0.0.1:63700 - R:localhost/127.0.0.1:54494] for GET '/session/4bf10aa214509a87fb0e5d73d5b89bbb/element/c5ae53d7-39ea-4389-a913-fd01d5830601/name'
19:06:31.719 [AsyncHttpClient-1-2] DEBUG org.asynchttpclient.netty.handler.HttpHandler - 

Request DefaultFullHttpRequest(decodeResult: success, version: HTTP/1.1, content: EmptyByteBufBE)
GET /session/4bf10aa214509a87fb0e5d73d5b89bbb/element/c5ae53d7-39ea-4389-a913-fd01d5830601/name HTTP/1.1
User-Agent: selenium/4.1.2 (java windows)
Cache-Control: no-cache
Content-Type: application/json; charset=utf-8
host: localhost:54494
accept: */*

Response DefaultHttpResponse(decodeResult: success, version: HTTP/1.1)
HTTP/1.1 200 OK
Content-Type: application/json; charset=utf-8
cache-control: no-cache
content-length: 15

19:06:31.721 [AsyncHttpClient-1-2] DEBUG org.asynchttpclient.netty.channel.ChannelManager - Adding key: http://localhost:54494 for channel [id: 0xb359261f, L:/127.0.0.1:63700 - R:localhost/127.0.0.1:54494]
19:06:31.726 [Forwarding findElement on session 4bf10aa214509a87fb0e5d73d5b89bbb to remote] DEBUG org.asynchttpclient.netty.request.NettyRequestSender - Using pooled Channel '[id: 0xb359261f, L:/127.0.0.1:63700 - R:localhost/127.0.0.1:54494]' for 'POST' to 'http://localhost:54494/session/4bf10aa214509a87fb0e5d73d5b89bbb/element'
19:06:31.726 [Forwarding findElement on session 4bf10aa214509a87fb0e5d73d5b89bbb to remote] DEBUG org.asynchttpclient.netty.request.NettyRequestSender - Using open Channel [id: 0xb359261f, L:/127.0.0.1:63700 - R:localhost/127.0.0.1:54494] for POST '/session/4bf10aa214509a87fb0e5d73d5b89bbb/element'
19:06:31.740 [AsyncHttpClient-1-2] DEBUG org.asynchttpclient.netty.handler.HttpHandler - 

Request DefaultHttpRequest(decodeResult: success, version: HTTP/1.1)
POST /session/4bf10aa214509a87fb0e5d73d5b89bbb/element HTTP/1.1
User-Agent: selenium/4.1.2 (java windows)
Content-Length: 83
Content-Type: application/json; charset=utf-8
host: localhost:54494
accept: */*

Response DefaultHttpResponse(decodeResult: success, version: HTTP/1.1)
HTTP/1.1 200 OK
Content-Type: application/json; charset=utf-8
cache-control: no-cache
content-length: 88

19:06:31.741 [AsyncHttpClient-1-2] DEBUG org.asynchttpclient.netty.channel.ChannelManager - Adding key: http://localhost:54494 for channel [id: 0xb359261f, L:/127.0.0.1:63700 - R:localhost/127.0.0.1:54494]
19:06:31.745 [Forwarding clickElement on session 4bf10aa214509a87fb0e5d73d5b89bbb to remote] DEBUG org.asynchttpclient.netty.request.NettyRequestSender - Using pooled Channel '[id: 0xb359261f, L:/127.0.0.1:63700 - R:localhost/127.0.0.1:54494]' for 'POST' to 'http://localhost:54494/session/4bf10aa214509a87fb0e5d73d5b89bbb/element/c5ae53d7-39ea-4389-a913-fd01d5830601/click'
19:06:31.746 [Forwarding clickElement on session 4bf10aa214509a87fb0e5d73d5b89bbb to remote] DEBUG org.asynchttpclient.netty.request.NettyRequestSender - Using open Channel [id: 0xb359261f, L:/127.0.0.1:63700 - R:localhost/127.0.0.1:54494] for POST '/session/4bf10aa214509a87fb0e5d73d5b89bbb/element/c5ae53d7-39ea-4389-a913-fd01d5830601/click'
19:06:31.836 [AsyncHttpClient-1-1] DEBUG org.asynchttpclient.netty.channel.DefaultChannelPool - Entry count for : http://localhost:63701 : 1
19:06:31.844 [AsyncHttpClient-1-2] DEBUG org.asynchttpclient.netty.handler.HttpHandler - 

Request DefaultHttpRequest(decodeResult: success, version: HTTP/1.1)
POST /session/4bf10aa214509a87fb0e5d73d5b89bbb/element/c5ae53d7-39ea-4389-a913-fd01d5830601/click HTTP/1.1
User-Agent: selenium/4.1.2 (java windows)
Content-Length: 50
Content-Type: application/json; charset=utf-8
host: localhost:54494
accept: */*

Response DefaultHttpResponse(decodeResult: success, version: HTTP/1.1)
HTTP/1.1 200 OK
Content-Type: application/json; charset=utf-8
cache-control: no-cache
content-length: 14

19:06:31.845 [AsyncHttpClient-1-2] DEBUG org.asynchttpclient.netty.channel.ChannelManager - Adding key: http://localhost:54494 for channel [id: 0xb359261f, L:/127.0.0.1:63700 - R:localhost/127.0.0.1:54494]
19:06:31.922 [main] DEBUG net.serenitybdd.core.photography.Darkroom - Opening darkroom
19:06:31.947 [Darkroom Processing Line] DEBUG net.serenitybdd.core.photography.DarkroomProcessingLine - Darkroom processing line starting up
19:06:31.955 [Forwarding screenshot on session 4bf10aa214509a87fb0e5d73d5b89bbb to remote] DEBUG org.asynchttpclient.netty.request.NettyRequestSender - Using pooled Channel '[id: 0xb359261f, L:/127.0.0.1:63700 - R:localhost/127.0.0.1:54494]' for 'GET' to 'http://localhost:54494/session/4bf10aa214509a87fb0e5d73d5b89bbb/screenshot'
19:06:31.955 [Forwarding screenshot on session 4bf10aa214509a87fb0e5d73d5b89bbb to remote] DEBUG org.asynchttpclient.netty.request.NettyRequestSender - Using open Channel [id: 0xb359261f, L:/127.0.0.1:63700 - R:localhost/127.0.0.1:54494] for GET '/session/4bf10aa214509a87fb0e5d73d5b89bbb/screenshot'
19:06:32.305 [AsyncHttpClient-1-2] DEBUG org.asynchttpclient.netty.handler.HttpHandler - 

Request DefaultFullHttpRequest(decodeResult: success, version: HTTP/1.1, content: EmptyByteBufBE)
GET /session/4bf10aa214509a87fb0e5d73d5b89bbb/screenshot HTTP/1.1
User-Agent: selenium/4.1.2 (java windows)
Cache-Control: no-cache
Content-Type: application/json; charset=utf-8
host: localhost:54494
accept: */*

Response DefaultHttpResponse(decodeResult: success, version: HTTP/1.1)
HTTP/1.1 200 OK
Content-Type: application/json; charset=utf-8
cache-control: no-cache
content-length: 315148

19:06:32.312 [AsyncHttpClient-1-2] DEBUG org.asynchttpclient.netty.channel.ChannelManager - Adding key: http://localhost:54494 for channel [id: 0xb359261f, L:/127.0.0.1:63700 - R:localhost/127.0.0.1:54494]
19:06:32.650 [main] DEBUG net.serenitybdd.core.photography.Darkroom - Send negative for processing for target\site\serenity\96a7b0525108f9d5b6c74f016d654b247c6e75b786e6a2a8c6d6c32830ae243f.png
19:06:32.651 [Darkroom Processing Line] DEBUG net.serenitybdd.core.photography.DarkroomProcessingLine - Processing screenshot image in /var/screenshots/screenshot-2968067025179909091
19:06:32.651 [Darkroom Processing Line] DEBUG net.serenitybdd.core.photography.DarkroomProcessingLine - Saving screenshot to target\site\serenity\96a7b0525108f9d5b6c74f016d654b247c6e75b786e6a2a8c6d6c32830ae243f.png
19:06:32.663 [main] DEBUG net.thucydides.core.steps.StepInterceptor - STEP DONE: openPage
  &amp#27;[32mGiven &amp#27;[0m&amp#27;[32mI am on the login page&amp#27;[0m                     &amp#27;[90m# starter.stepdefinitions.LoginSteps.onTheLoginPage()&amp#27;[0m
19:06:32.706 [Forwarding screenshot on session 4bf10aa214509a87fb0e5d73d5b89bbb to remote] DEBUG org.asynchttpclient.netty.request.NettyRequestSender - Using pooled Channel '[id: 0xb359261f, L:/127.0.0.1:63700 - R:localhost/127.0.0.1:54494]' for 'GET' to 'http://localhost:54494/session/4bf10aa214509a87fb0e5d73d5b89bbb/screenshot'
19:06:32.707 [Forwarding screenshot on session 4bf10aa214509a87fb0e5d73d5b89bbb to remote] DEBUG org.asynchttpclient.netty.request.NettyRequestSender - Using open Channel [id: 0xb359261f, L:/127.0.0.1:63700 - R:localhost/127.0.0.1:54494] for GET '/session/4bf10aa214509a87fb0e5d73d5b89bbb/screenshot'
19:06:32.933 [AsyncHttpClient-1-1] DEBUG org.asynchttpclient.netty.channel.DefaultChannelPool - Entry count for : http://localhost:63701 : 1
19:06:33.082 [AsyncHttpClient-1-2] DEBUG org.asynchttpclient.netty.handler.HttpHandler - 

Request DefaultFullHttpRequest(decodeResult: success, version: HTTP/1.1, content: EmptyByteBufBE)
GET /session/4bf10aa214509a87fb0e5d73d5b89bbb/screenshot HTTP/1.1
User-Agent: selenium/4.1.2 (java windows)
Cache-Control: no-cache
Content-Type: application/json; charset=utf-8
host: localhost:54494
accept: */*

Response DefaultHttpResponse(decodeResult: success, version: HTTP/1.1)
HTTP/1.1 200 OK
Content-Type: application/json; charset=utf-8
cache-control: no-cache
content-length: 315148

19:06:33.090 [AsyncHttpClient-1-2] DEBUG org.asynchttpclient.netty.channel.ChannelManager - Adding key: http://localhost:54494 for channel [id: 0xb359261f, L:/127.0.0.1:63700 - R:localhost/127.0.0.1:54494]
19:06:33.193 [main] DEBUG net.serenitybdd.core.photography.Darkroom - Send negative for processing for target\site\serenity\96a7b0525108f9d5b6c74f016d654b247c6e75b786e6a2a8c6d6c32830ae243f.png
19:06:33.212 [main] DEBUG net.thucydides.core.steps.StepInterceptor - STARTING STEP: LoginSteps.inputUsername - inputUsername
19:06:33.220 [Forwarding findElement on session 4bf10aa214509a87fb0e5d73d5b89bbb to remote] DEBUG org.asynchttpclient.netty.request.NettyRequestSender - Using pooled Channel '[id: 0xb359261f, L:/127.0.0.1:63700 - R:localhost/127.0.0.1:54494]' for 'POST' to 'http://localhost:54494/session/4bf10aa214509a87fb0e5d73d5b89bbb/element'
19:06:33.221 [Forwarding findElement on session 4bf10aa214509a87fb0e5d73d5b89bbb to remote] DEBUG org.asynchttpclient.netty.request.NettyRequestSender - Using open Channel [id: 0xb359261f, L:/127.0.0.1:63700 - R:localhost/127.0.0.1:54494] for POST '/session/4bf10aa214509a87fb0e5d73d5b89bbb/element'
19:06:33.239 [AsyncHttpClient-1-2] DEBUG org.asynchttpclient.netty.handler.HttpHandler - 

Request DefaultHttpRequest(decodeResult: success, version: HTTP/1.1)
POST /session/4bf10aa214509a87fb0e5d73d5b89bbb/element HTTP/1.1
User-Agent: selenium/4.1.2 (java windows)
Content-Length: 53
Content-Type: application/json; charset=utf-8
host: localhost:54494
accept: */*

Response DefaultHttpResponse(decodeResult: success, version: HTTP/1.1)
HTTP/1.1 200 OK
Content-Type: application/json; charset=utf-8
cache-control: no-cache
content-length: 88

19:06:33.239 [AsyncHttpClient-1-2] DEBUG org.asynchttpclient.netty.channel.ChannelManager - Adding key: http://localhost:54494 for channel [id: 0xb359261f, L:/127.0.0.1:63700 - R:localhost/127.0.0.1:54494]
19:06:33.242 [Forwarding clearElement on session 4bf10aa214509a87fb0e5d73d5b89bbb to remote] DEBUG org.asynchttpclient.netty.request.NettyRequestSender - Using pooled Channel '[id: 0xb359261f, L:/127.0.0.1:63700 - R:localhost/127.0.0.1:54494]' for 'POST' to 'http://localhost:54494/session/4bf10aa214509a87fb0e5d73d5b89bbb/element/3b186949-390a-4de2-ad37-8b1d07d13eef/clear'
19:06:33.243 [Forwarding clearElement on session 4bf10aa214509a87fb0e5d73d5b89bbb to remote] DEBUG org.asynchttpclient.netty.request.NettyRequestSender - Using open Channel [id: 0xb359261f, L:/127.0.0.1:63700 - R:localhost/127.0.0.1:54494] for POST '/session/4bf10aa214509a87fb0e5d73d5b89bbb/element/3b186949-390a-4de2-ad37-8b1d07d13eef/clear'
19:06:33.287 [AsyncHttpClient-1-2] DEBUG org.asynchttpclient.netty.handler.HttpHandler - 

Request DefaultHttpRequest(decodeResult: success, version: HTTP/1.1)
POST /session/4bf10aa214509a87fb0e5d73d5b89bbb/element/3b186949-390a-4de2-ad37-8b1d07d13eef/clear HTTP/1.1
User-Agent: selenium/4.1.2 (java windows)
Content-Length: 50
Content-Type: application/json; charset=utf-8
host: localhost:54494
accept: */*

Response DefaultHttpResponse(decodeResult: success, version: HTTP/1.1)
HTTP/1.1 200 OK
Content-Type: application/json; charset=utf-8
cache-control: no-cache
content-length: 14

19:06:33.288 [AsyncHttpClient-1-2] DEBUG org.asynchttpclient.netty.channel.ChannelManager - Adding key: http://localhost:54494 for channel [id: 0xb359261f, L:/127.0.0.1:63700 - R:localhost/127.0.0.1:54494]
19:06:33.294 [Forwarding sendKeysToElement on session 4bf10aa214509a87fb0e5d73d5b89bbb to remote] DEBUG org.asynchttpclient.netty.request.NettyRequestSender - Using pooled Channel '[id: 0xb359261f, L:/127.0.0.1:63700 - R:localhost/127.0.0.1:54494]' for 'POST' to 'http://localhost:54494/session/4bf10aa214509a87fb0e5d73d5b89bbb/element/3b186949-390a-4de2-ad37-8b1d07d13eef/value'
19:06:33.295 [Forwarding sendKeysToElement on session 4bf10aa214509a87fb0e5d73d5b89bbb to remote] DEBUG org.asynchttpclient.netty.request.NettyRequestSender - Using open Channel [id: 0xb359261f, L:/127.0.0.1:63700 - R:localhost/127.0.0.1:54494] for POST '/session/4bf10aa214509a87fb0e5d73d5b89bbb/element/3b186949-390a-4de2-ad37-8b1d07d13eef/value'
19:06:33.397 [AsyncHttpClient-1-2] DEBUG org.asynchttpclient.netty.handler.HttpHandler - 

Request DefaultHttpRequest(decodeResult: success, version: HTTP/1.1)
POST /session/4bf10aa214509a87fb0e5d73d5b89bbb/element/3b186949-390a-4de2-ad37-8b1d07d13eef/value HTTP/1.1
User-Agent: selenium/4.1.2 (java windows)
Content-Length: 181
Content-Type: application/json; charset=utf-8
host: localhost:54494
accept: */*

Response DefaultHttpResponse(decodeResult: success, version: HTTP/1.1)
HTTP/1.1 200 OK
Content-Type: application/json; charset=utf-8
cache-control: no-cache
content-length: 14

19:06:33.397 [AsyncHttpClient-1-2] DEBUG org.asynchttpclient.netty.channel.ChannelManager - Adding key: http://localhost:54494 for channel [id: 0xb359261f, L:/127.0.0.1:63700 - R:localhost/127.0.0.1:54494]
19:06:33.419 [Forwarding screenshot on session 4bf10aa214509a87fb0e5d73d5b89bbb to remote] DEBUG org.asynchttpclient.netty.request.NettyRequestSender - Using pooled Channel '[id: 0xb359261f, L:/127.0.0.1:63700 - R:localhost/127.0.0.1:54494]' for 'GET' to 'http://localhost:54494/session/4bf10aa214509a87fb0e5d73d5b89bbb/screenshot'
19:06:33.419 [Forwarding screenshot on session 4bf10aa214509a87fb0e5d73d5b89bbb to remote] DEBUG org.asynchttpclient.netty.request.NettyRequestSender - Using open Channel [id: 0xb359261f, L:/127.0.0.1:63700 - R:localhost/127.0.0.1:54494] for GET '/session/4bf10aa214509a87fb0e5d73d5b89bbb/screenshot'
19:06:33.833 [AsyncHttpClient-1-2] DEBUG org.asynchttpclient.netty.handler.HttpHandler - 

Request DefaultFullHttpRequest(decodeResult: success, version: HTTP/1.1, content: EmptyByteBufBE)
GET /session/4bf10aa214509a87fb0e5d73d5b89bbb/screenshot HTTP/1.1
User-Agent: selenium/4.1.2 (java windows)
Cache-Control: no-cache
Content-Type: application/json; charset=utf-8
host: localhost:54494
accept: */*

Response DefaultHttpResponse(decodeResult: success, version: HTTP/1.1)
HTTP/1.1 200 OK
Content-Type: application/json; charset=utf-8
cache-control: no-cache
content-length: 315740

19:06:33.837 [AsyncHttpClient-1-2] DEBUG org.asynchttpclient.netty.channel.ChannelManager - Adding key: http://localhost:54494 for channel [id: 0xb359261f, L:/127.0.0.1:63700 - R:localhost/127.0.0.1:54494]
19:06:33.864 [main] DEBUG net.serenitybdd.core.photography.Darkroom - Send negative for processing for target\site\serenity\7481ff02a920f776da069be3414f7c29c015c3755a0e3f7bdcc48c3b7dfc2dd8.png
19:06:33.865 [main] DEBUG net.thucydides.core.steps.StepInterceptor - STEP DONE: inputUsername
19:06:33.865 [Darkroom Processing Line] DEBUG net.serenitybdd.core.photography.DarkroomProcessingLine - Processing screenshot image in /var/screenshots/screenshot-6752456479689954941
19:06:33.865 [Darkroom Processing Line] DEBUG net.serenitybdd.core.photography.DarkroomProcessingLine - Saving screenshot to target\site\serenity\7481ff02a920f776da069be3414f7c29c015c3755a0e3f7bdcc48c3b7dfc2dd8.png
  &amp#27;[32mWhen &amp#27;[0m&amp#27;[32mI input valid username&amp#27;[0m                      &amp#27;[90m# starter.stepdefinitions.LoginSteps.inputUsername()&amp#27;[0m
19:06:33.915 [main] DEBUG net.thucydides.core.steps.StepInterceptor - STARTING STEP: LoginSteps.inputPassword - inputPassword
19:06:33.931 [Forwarding findElement on session 4bf10aa214509a87fb0e5d73d5b89bbb to remote] DEBUG org.asynchttpclient.netty.request.NettyRequestSender - Using pooled Channel '[id: 0xb359261f, L:/127.0.0.1:63700 - R:localhost/127.0.0.1:54494]' for 'POST' to 'http://localhost:54494/session/4bf10aa214509a87fb0e5d73d5b89bbb/element'
19:06:33.931 [Forwarding findElement on session 4bf10aa214509a87fb0e5d73d5b89bbb to remote] DEBUG org.asynchttpclient.netty.request.NettyRequestSender - Using open Channel [id: 0xb359261f, L:/127.0.0.1:63700 - R:localhost/127.0.0.1:54494] for POST '/session/4bf10aa214509a87fb0e5d73d5b89bbb/element'
19:06:33.958 [AsyncHttpClient-1-2] DEBUG org.asynchttpclient.netty.handler.HttpHandler - 

Request DefaultHttpRequest(decodeResult: success, version: HTTP/1.1)
POST /session/4bf10aa214509a87fb0e5d73d5b89bbb/element HTTP/1.1
User-Agent: selenium/4.1.2 (java windows)
Content-Length: 53
Content-Type: application/json; charset=utf-8
host: localhost:54494
accept: */*

Response DefaultHttpResponse(decodeResult: success, version: HTTP/1.1)
HTTP/1.1 200 OK
Content-Type: application/json; charset=utf-8
cache-control: no-cache
content-length: 88

19:06:33.958 [AsyncHttpClient-1-2] DEBUG org.asynchttpclient.netty.channel.ChannelManager - Adding key: http://localhost:54494 for channel [id: 0xb359261f, L:/127.0.0.1:63700 - R:localhost/127.0.0.1:54494]
19:06:33.965 [Forwarding clearElement on session 4bf10aa214509a87fb0e5d73d5b89bbb to remote] DEBUG org.asynchttpclient.netty.request.NettyRequestSender - Using pooled Channel '[id: 0xb359261f, L:/127.0.0.1:63700 - R:localhost/127.0.0.1:54494]' for 'POST' to 'http://localhost:54494/session/4bf10aa214509a87fb0e5d73d5b89bbb/element/b1b26ab5-2904-449f-a651-2c576f2964a9/clear'
19:06:33.965 [Forwarding clearElement on session 4bf10aa214509a87fb0e5d73d5b89bbb to remote] DEBUG org.asynchttpclient.netty.request.NettyRequestSender - Using open Channel [id: 0xb359261f, L:/127.0.0.1:63700 - R:localhost/127.0.0.1:54494] for POST '/session/4bf10aa214509a87fb0e5d73d5b89bbb/element/b1b26ab5-2904-449f-a651-2c576f2964a9/clear'
19:06:34.033 [AsyncHttpClient-1-1] DEBUG org.asynchttpclient.netty.channel.DefaultChannelPool - Entry count for : http://localhost:63701 : 1
19:06:34.055 [AsyncHttpClient-1-2] DEBUG org.asynchttpclient.netty.handler.HttpHandler - 

Request DefaultHttpRequest(decodeResult: success, version: HTTP/1.1)
POST /session/4bf10aa214509a87fb0e5d73d5b89bbb/element/b1b26ab5-2904-449f-a651-2c576f2964a9/clear HTTP/1.1
User-Agent: selenium/4.1.2 (java windows)
Content-Length: 50
Content-Type: application/json; charset=utf-8
host: localhost:54494
accept: */*

Response DefaultHttpResponse(decodeResult: success, version: HTTP/1.1)
HTTP/1.1 200 OK
Content-Type: application/json; charset=utf-8
cache-control: no-cache
content-length: 14

19:06:34.056 [AsyncHttpClient-1-2] DEBUG org.asynchttpclient.netty.channel.ChannelManager - Adding key: http://localhost:54494 for channel [id: 0xb359261f, L:/127.0.0.1:63700 - R:localhost/127.0.0.1:54494]
19:06:34.062 [Forwarding sendKeysToElement on session 4bf10aa214509a87fb0e5d73d5b89bbb to remote] DEBUG org.asynchttpclient.netty.request.NettyRequestSender - Using pooled Channel '[id: 0xb359261f, L:/127.0.0.1:63700 - R:localhost/127.0.0.1:54494]' for 'POST' to 'http://localhost:54494/session/4bf10aa214509a87fb0e5d73d5b89bbb/element/b1b26ab5-2904-449f-a651-2c576f2964a9/value'
19:06:34.062 [Forwarding sendKeysToElement on session 4bf10aa214509a87fb0e5d73d5b89bbb to remote] DEBUG org.asynchttpclient.netty.request.NettyRequestSender - Using open Channel [id: 0xb359261f, L:/127.0.0.1:63700 - R:localhost/127.0.0.1:54494] for POST '/session/4bf10aa214509a87fb0e5d73d5b89bbb/element/b1b26ab5-2904-449f-a651-2c576f2964a9/value'
19:06:34.240 [AsyncHttpClient-1-2] DEBUG org.asynchttpclient.netty.handler.HttpHandler - 

Request DefaultHttpRequest(decodeResult: success, version: HTTP/1.1)
POST /session/4bf10aa214509a87fb0e5d73d5b89bbb/element/b1b26ab5-2904-449f-a651-2c576f2964a9/value HTTP/1.1
User-Agent: selenium/4.1.2 (java windows)
Content-Length: 161
Content-Type: application/json; charset=utf-8
host: localhost:54494
accept: */*

Response DefaultHttpResponse(decodeResult: success, version: HTTP/1.1)
HTTP/1.1 200 OK
Content-Type: application/json; charset=utf-8
cache-control: no-cache
content-length: 14

19:06:34.241 [AsyncHttpClient-1-2] DEBUG org.asynchttpclient.netty.channel.ChannelManager - Adding key: http://localhost:54494 for channel [id: 0xb359261f, L:/127.0.0.1:63700 - R:localhost/127.0.0.1:54494]
19:06:34.262 [Forwarding screenshot on session 4bf10aa214509a87fb0e5d73d5b89bbb to remote] DEBUG org.asynchttpclient.netty.request.NettyRequestSender - Using pooled Channel '[id: 0xb359261f, L:/127.0.0.1:63700 - R:localhost/127.0.0.1:54494]' for 'GET' to 'http://localhost:54494/session/4bf10aa214509a87fb0e5d73d5b89bbb/screenshot'
19:06:34.264 [Forwarding screenshot on session 4bf10aa214509a87fb0e5d73d5b89bbb to remote] DEBUG org.asynchttpclient.netty.request.NettyRequestSender - Using open Channel [id: 0xb359261f, L:/127.0.0.1:63700 - R:localhost/127.0.0.1:54494] for GET '/session/4bf10aa214509a87fb0e5d73d5b89bbb/screenshot'
19:06:34.708 [AsyncHttpClient-1-2] DEBUG org.asynchttpclient.netty.handler.HttpHandler - 

Request DefaultFullHttpRequest(decodeResult: success, version: HTTP/1.1, content: EmptyByteBufBE)
GET /session/4bf10aa214509a87fb0e5d73d5b89bbb/screenshot HTTP/1.1
User-Agent: selenium/4.1.2 (java windows)
Cache-Control: no-cache
Content-Type: application/json; charset=utf-8
host: localhost:54494
accept: */*

Response DefaultHttpResponse(decodeResult: success, version: HTTP/1.1)
HTTP/1.1 200 OK
Content-Type: application/json; charset=utf-8
cache-control: no-cache
content-length: 313212

19:06:34.715 [AsyncHttpClient-1-2] DEBUG org.asynchttpclient.netty.channel.ChannelManager - Adding key: http://localhost:54494 for channel [id: 0xb359261f, L:/127.0.0.1:63700 - R:localhost/127.0.0.1:54494]
19:06:34.749 [main] DEBUG net.serenitybdd.core.photography.Darkroom - Send negative for processing for target\site\serenity\ba1ace6497da43e3566bf6293c5724b49a887a38d85fe26006ae017c55b5aef3.png
19:06:34.750 [main] DEBUG net.thucydides.core.steps.StepInterceptor - STEP DONE: inputPassword
  &amp#27;[32mAnd &amp#27;[0m&amp#27;[32mI input valid password&amp#27;[0m                       &amp#27;[90m# starter.stepdefinitions.LoginSteps.inputPassword()&amp#27;[0m
19:06:34.752 [Darkroom Processing Line] DEBUG net.serenitybdd.core.photography.DarkroomProcessingLine - Processing screenshot image in /var/screenshots/screenshot-2152910361585768741
19:06:34.753 [Darkroom Processing Line] DEBUG net.serenitybdd.core.photography.DarkroomProcessingLine - Saving screenshot to target\site\serenity\ba1ace6497da43e3566bf6293c5724b49a887a38d85fe26006ae017c55b5aef3.png
19:06:34.827 [Forwarding screenshot on session 4bf10aa214509a87fb0e5d73d5b89bbb to remote] DEBUG org.asynchttpclient.netty.request.NettyRequestSender - Using pooled Channel '[id: 0xb359261f, L:/127.0.0.1:63700 - R:localhost/127.0.0.1:54494]' for 'GET' to 'http://localhost:54494/session/4bf10aa214509a87fb0e5d73d5b89bbb/screenshot'
19:06:34.827 [Forwarding screenshot on session 4bf10aa214509a87fb0e5d73d5b89bbb to remote] DEBUG org.asynchttpclient.netty.request.NettyRequestSender - Using open Channel [id: 0xb359261f, L:/127.0.0.1:63700 - R:localhost/127.0.0.1:54494] for GET '/session/4bf10aa214509a87fb0e5d73d5b89bbb/screenshot'
19:06:35.133 [AsyncHttpClient-1-1] DEBUG org.asynchttpclient.netty.channel.DefaultChannelPool - Entry count for : http://localhost:63701 : 1
19:06:35.189 [AsyncHttpClient-1-2] DEBUG org.asynchttpclient.netty.handler.HttpHandler - 

Request DefaultFullHttpRequest(decodeResult: success, version: HTTP/1.1, content: EmptyByteBufBE)
GET /session/4bf10aa214509a87fb0e5d73d5b89bbb/screenshot HTTP/1.1
User-Agent: selenium/4.1.2 (java windows)
Cache-Control: no-cache
Content-Type: application/json; charset=utf-8
host: localhost:54494
accept: */*

Response DefaultHttpResponse(decodeResult: success, version: HTTP/1.1)
HTTP/1.1 200 OK
Content-Type: application/json; charset=utf-8
cache-control: no-cache
content-length: 313456

19:06:35.192 [AsyncHttpClient-1-2] DEBUG org.asynchttpclient.netty.channel.ChannelManager - Adding key: http://localhost:54494 for channel [id: 0xb359261f, L:/127.0.0.1:63700 - R:localhost/127.0.0.1:54494]
19:06:35.216 [main] DEBUG net.serenitybdd.core.photography.Darkroom - Send negative for processing for target\site\serenity\adca1f7463b17afc20dffcdd4e25f0fd18dd2ffadae17718f42affcba334ad1d.png
19:06:35.216 [Darkroom Processing Line] DEBUG net.serenitybdd.core.photography.DarkroomProcessingLine - Processing screenshot image in /var/screenshots/screenshot-5605893225093439236
19:06:35.216 [Darkroom Processing Line] DEBUG net.serenitybdd.core.photography.DarkroomProcessingLine - Saving screenshot to target\site\serenity\adca1f7463b17afc20dffcdd4e25f0fd18dd2ffadae17718f42affcba334ad1d.png
19:06:35.217 [main] DEBUG net.thucydides.core.steps.StepInterceptor - STARTING STEP: LoginSteps.clickLoginButton - clickLoginButton
19:06:35.232 [Forwarding findElement on session 4bf10aa214509a87fb0e5d73d5b89bbb to remote] DEBUG org.asynchttpclient.netty.request.NettyRequestSender - Using pooled Channel '[id: 0xb359261f, L:/127.0.0.1:63700 - R:localhost/127.0.0.1:54494]' for 'POST' to 'http://localhost:54494/session/4bf10aa214509a87fb0e5d73d5b89bbb/element'
19:06:35.233 [Forwarding findElement on session 4bf10aa214509a87fb0e5d73d5b89bbb to remote] DEBUG org.asynchttpclient.netty.request.NettyRequestSender - Using open Channel [id: 0xb359261f, L:/127.0.0.1:63700 - R:localhost/127.0.0.1:54494] for POST '/session/4bf10aa214509a87fb0e5d73d5b89bbb/element'
19:06:35.261 [AsyncHttpClient-1-2] DEBUG org.asynchttpclient.netty.handler.HttpHandler - 

Request DefaultHttpRequest(decodeResult: success, version: HTTP/1.1)
POST /session/4bf10aa214509a87fb0e5d73d5b89bbb/element HTTP/1.1
User-Agent: selenium/4.1.2 (java windows)
Content-Length: 50
Content-Type: application/json; charset=utf-8
host: localhost:54494
accept: */*

Response DefaultHttpResponse(decodeResult: success, version: HTTP/1.1)
HTTP/1.1 200 OK
Content-Type: application/json; charset=utf-8
cache-control: no-cache
content-length: 88

19:06:35.261 [AsyncHttpClient-1-2] DEBUG org.asynchttpclient.netty.channel.ChannelManager - Adding key: http://localhost:54494 for channel [id: 0xb359261f, L:/127.0.0.1:63700 - R:localhost/127.0.0.1:54494]
19:06:35.265 [Forwarding getElementTagName on session 4bf10aa214509a87fb0e5d73d5b89bbb to remote] DEBUG org.asynchttpclient.netty.request.NettyRequestSender - Using pooled Channel '[id: 0xb359261f, L:/127.0.0.1:63700 - R:localhost/127.0.0.1:54494]' for 'GET' to 'http://localhost:54494/session/4bf10aa214509a87fb0e5d73d5b89bbb/element/ded27b9c-7711-4942-be57-b9b3e13bb272/name'
19:06:35.265 [Forwarding getElementTagName on session 4bf10aa214509a87fb0e5d73d5b89bbb to remote] DEBUG org.asynchttpclient.netty.request.NettyRequestSender - Using open Channel [id: 0xb359261f, L:/127.0.0.1:63700 - R:localhost/127.0.0.1:54494] for GET '/session/4bf10aa214509a87fb0e5d73d5b89bbb/element/ded27b9c-7711-4942-be57-b9b3e13bb272/name'
19:06:35.276 [AsyncHttpClient-1-2] DEBUG org.asynchttpclient.netty.handler.HttpHandler - 

Request DefaultFullHttpRequest(decodeResult: success, version: HTTP/1.1, content: EmptyByteBufBE)
GET /session/4bf10aa214509a87fb0e5d73d5b89bbb/element/ded27b9c-7711-4942-be57-b9b3e13bb272/name HTTP/1.1
User-Agent: selenium/4.1.2 (java windows)
Cache-Control: no-cache
Content-Type: application/json; charset=utf-8
host: localhost:54494
accept: */*

Response DefaultHttpResponse(decodeResult: success, version: HTTP/1.1)
HTTP/1.1 200 OK
Content-Type: application/json; charset=utf-8
cache-control: no-cache
content-length: 18

19:06:35.277 [AsyncHttpClient-1-2] DEBUG org.asynchttpclient.netty.channel.ChannelManager - Adding key: http://localhost:54494 for channel [id: 0xb359261f, L:/127.0.0.1:63700 - R:localhost/127.0.0.1:54494]
19:06:35.285 [Forwarding getElementTagName on session 4bf10aa214509a87fb0e5d73d5b89bbb to remote] DEBUG org.asynchttpclient.netty.request.NettyRequestSender - Using pooled Channel '[id: 0xb359261f, L:/127.0.0.1:63700 - R:localhost/127.0.0.1:54494]' for 'GET' to 'http://localhost:54494/session/4bf10aa214509a87fb0e5d73d5b89bbb/element/ded27b9c-7711-4942-be57-b9b3e13bb272/name'
19:06:35.285 [Forwarding getElementTagName on session 4bf10aa214509a87fb0e5d73d5b89bbb to remote] DEBUG org.asynchttpclient.netty.request.NettyRequestSender - Using open Channel [id: 0xb359261f, L:/127.0.0.1:63700 - R:localhost/127.0.0.1:54494] for GET '/session/4bf10aa214509a87fb0e5d73d5b89bbb/element/ded27b9c-7711-4942-be57-b9b3e13bb272/name'
19:06:35.295 [AsyncHttpClient-1-2] DEBUG org.asynchttpclient.netty.handler.HttpHandler - 

Request DefaultFullHttpRequest(decodeResult: success, version: HTTP/1.1, content: EmptyByteBufBE)
GET /session/4bf10aa214509a87fb0e5d73d5b89bbb/element/ded27b9c-7711-4942-be57-b9b3e13bb272/name HTTP/1.1
User-Agent: selenium/4.1.2 (java windows)
Cache-Control: no-cache
Content-Type: application/json; charset=utf-8
host: localhost:54494
accept: */*

Response DefaultHttpResponse(decodeResult: success, version: HTTP/1.1)
HTTP/1.1 200 OK
Content-Type: application/json; charset=utf-8
cache-control: no-cache
content-length: 18

19:06:35.295 [AsyncHttpClient-1-2] DEBUG org.asynchttpclient.netty.channel.ChannelManager - Adding key: http://localhost:54494 for channel [id: 0xb359261f, L:/127.0.0.1:63700 - R:localhost/127.0.0.1:54494]
19:06:35.308 [Forwarding isElementEnabled on session 4bf10aa214509a87fb0e5d73d5b89bbb to remote] DEBUG org.asynchttpclient.netty.request.NettyRequestSender - Using pooled Channel '[id: 0xb359261f, L:/127.0.0.1:63700 - R:localhost/127.0.0.1:54494]' for 'GET' to 'http://localhost:54494/session/4bf10aa214509a87fb0e5d73d5b89bbb/element/ded27b9c-7711-4942-be57-b9b3e13bb272/enabled'
19:06:35.308 [Forwarding isElementEnabled on session 4bf10aa214509a87fb0e5d73d5b89bbb to remote] DEBUG org.asynchttpclient.netty.request.NettyRequestSender - Using open Channel [id: 0xb359261f, L:/127.0.0.1:63700 - R:localhost/127.0.0.1:54494] for GET '/session/4bf10aa214509a87fb0e5d73d5b89bbb/element/ded27b9c-7711-4942-be57-b9b3e13bb272/enabled'
19:06:35.325 [AsyncHttpClient-1-2] DEBUG org.asynchttpclient.netty.handler.HttpHandler - 

Request DefaultFullHttpRequest(decodeResult: success, version: HTTP/1.1, content: EmptyByteBufBE)
GET /session/4bf10aa214509a87fb0e5d73d5b89bbb/element/ded27b9c-7711-4942-be57-b9b3e13bb272/enabled HTTP/1.1
User-Agent: selenium/4.1.2 (java windows)
Cache-Control: no-cache
Content-Type: application/json; charset=utf-8
host: localhost:54494
accept: */*

Response DefaultHttpResponse(decodeResult: success, version: HTTP/1.1)
HTTP/1.1 200 OK
Content-Type: application/json; charset=utf-8
cache-control: no-cache
content-length: 14

19:06:35.326 [AsyncHttpClient-1-2] DEBUG org.asynchttpclient.netty.channel.ChannelManager - Adding key: http://localhost:54494 for channel [id: 0xb359261f, L:/127.0.0.1:63700 - R:localhost/127.0.0.1:54494]
19:06:35.334 [Forwarding isElementEnabled on session 4bf10aa214509a87fb0e5d73d5b89bbb to remote] DEBUG org.asynchttpclient.netty.request.NettyRequestSender - Using pooled Channel '[id: 0xb359261f, L:/127.0.0.1:63700 - R:localhost/127.0.0.1:54494]' for 'GET' to 'http://localhost:54494/session/4bf10aa214509a87fb0e5d73d5b89bbb/element/ded27b9c-7711-4942-be57-b9b3e13bb272/enabled'
19:06:35.334 [Forwarding isElementEnabled on session 4bf10aa214509a87fb0e5d73d5b89bbb to remote] DEBUG org.asynchttpclient.netty.request.NettyRequestSender - Using open Channel [id: 0xb359261f, L:/127.0.0.1:63700 - R:localhost/127.0.0.1:54494] for GET '/session/4bf10aa214509a87fb0e5d73d5b89bbb/element/ded27b9c-7711-4942-be57-b9b3e13bb272/enabled'
19:06:35.348 [AsyncHttpClient-1-2] DEBUG org.asynchttpclient.netty.handler.HttpHandler - 

Request DefaultFullHttpRequest(decodeResult: success, version: HTTP/1.1, content: EmptyByteBufBE)
GET /session/4bf10aa214509a87fb0e5d73d5b89bbb/element/ded27b9c-7711-4942-be57-b9b3e13bb272/enabled HTTP/1.1
User-Agent: selenium/4.1.2 (java windows)
Cache-Control: no-cache
Content-Type: application/json; charset=utf-8
host: localhost:54494
accept: */*

Response DefaultHttpResponse(decodeResult: success, version: HTTP/1.1)
HTTP/1.1 200 OK
Content-Type: application/json; charset=utf-8
cache-control: no-cache
content-length: 14

19:06:35.349 [AsyncHttpClient-1-2] DEBUG org.asynchttpclient.netty.channel.ChannelManager - Adding key: http://localhost:54494 for channel [id: 0xb359261f, L:/127.0.0.1:63700 - R:localhost/127.0.0.1:54494]
19:06:35.355 [Forwarding findElement on session 4bf10aa214509a87fb0e5d73d5b89bbb to remote] DEBUG org.asynchttpclient.netty.request.NettyRequestSender - Using pooled Channel '[id: 0xb359261f, L:/127.0.0.1:63700 - R:localhost/127.0.0.1:54494]' for 'POST' to 'http://localhost:54494/session/4bf10aa214509a87fb0e5d73d5b89bbb/element'
19:06:35.355 [Forwarding findElement on session 4bf10aa214509a87fb0e5d73d5b89bbb to remote] DEBUG org.asynchttpclient.netty.request.NettyRequestSender - Using open Channel [id: 0xb359261f, L:/127.0.0.1:63700 - R:localhost/127.0.0.1:54494] for POST '/session/4bf10aa214509a87fb0e5d73d5b89bbb/element'
19:06:35.370 [AsyncHttpClient-1-2] DEBUG org.asynchttpclient.netty.handler.HttpHandler - 

Request DefaultHttpRequest(decodeResult: success, version: HTTP/1.1)
POST /session/4bf10aa214509a87fb0e5d73d5b89bbb/element HTTP/1.1
User-Agent: selenium/4.1.2 (java windows)
Content-Length: 50
Content-Type: application/json; charset=utf-8
host: localhost:54494
accept: */*

Response DefaultHttpResponse(decodeResult: success, version: HTTP/1.1)
HTTP/1.1 200 OK
Content-Type: application/json; charset=utf-8
cache-control: no-cache
content-length: 88

19:06:35.371 [AsyncHttpClient-1-2] DEBUG org.asynchttpclient.netty.channel.ChannelManager - Adding key: http://localhost:54494 for channel [id: 0xb359261f, L:/127.0.0.1:63700 - R:localhost/127.0.0.1:54494]
19:06:35.376 [Forwarding clickElement on session 4bf10aa214509a87fb0e5d73d5b89bbb to remote] DEBUG org.asynchttpclient.netty.request.NettyRequestSender - Using pooled Channel '[id: 0xb359261f, L:/127.0.0.1:63700 - R:localhost/127.0.0.1:54494]' for 'POST' to 'http://localhost:54494/session/4bf10aa214509a87fb0e5d73d5b89bbb/element/ded27b9c-7711-4942-be57-b9b3e13bb272/click'
19:06:35.376 [Forwarding clickElement on session 4bf10aa214509a87fb0e5d73d5b89bbb to remote] DEBUG org.asynchttpclient.netty.request.NettyRequestSender - Using open Channel [id: 0xb359261f, L:/127.0.0.1:63700 - R:localhost/127.0.0.1:54494] for POST '/session/4bf10aa214509a87fb0e5d73d5b89bbb/element/ded27b9c-7711-4942-be57-b9b3e13bb272/click'
19:06:35.462 [AsyncHttpClient-1-2] DEBUG org.asynchttpclient.netty.handler.HttpHandler - 

Request DefaultHttpRequest(decodeResult: success, version: HTTP/1.1)
POST /session/4bf10aa214509a87fb0e5d73d5b89bbb/element/ded27b9c-7711-4942-be57-b9b3e13bb272/click HTTP/1.1
User-Agent: selenium/4.1.2 (java windows)
Content-Length: 50
Content-Type: application/json; charset=utf-8
host: localhost:54494
accept: */*

Response DefaultHttpResponse(decodeResult: success, version: HTTP/1.1)
HTTP/1.1 200 OK
Content-Type: application/json; charset=utf-8
cache-control: no-cache
content-length: 14

19:06:35.462 [AsyncHttpClient-1-2] DEBUG org.asynchttpclient.netty.channel.ChannelManager - Adding key: http://localhost:54494 for channel [id: 0xb359261f, L:/127.0.0.1:63700 - R:localhost/127.0.0.1:54494]
19:06:35.483 [Forwarding screenshot on session 4bf10aa214509a87fb0e5d73d5b89bbb to remote] DEBUG org.asynchttpclient.netty.request.NettyRequestSender - Using pooled Channel '[id: 0xb359261f, L:/127.0.0.1:63700 - R:localhost/127.0.0.1:54494]' for 'GET' to 'http://localhost:54494/session/4bf10aa214509a87fb0e5d73d5b89bbb/screenshot'
19:06:35.483 [Forwarding screenshot on session 4bf10aa214509a87fb0e5d73d5b89bbb to remote] DEBUG org.asynchttpclient.netty.request.NettyRequestSender - Using open Channel [id: 0xb359261f, L:/127.0.0.1:63700 - R:localhost/127.0.0.1:54494] for GET '/session/4bf10aa214509a87fb0e5d73d5b89bbb/screenshot'
19:06:35.902 [AsyncHttpClient-1-2] DEBUG org.asynchttpclient.netty.handler.HttpHandler - 

Request DefaultFullHttpRequest(decodeResult: success, version: HTTP/1.1, content: EmptyByteBufBE)
GET /session/4bf10aa214509a87fb0e5d73d5b89bbb/screenshot HTTP/1.1
User-Agent: selenium/4.1.2 (java windows)
Cache-Control: no-cache
Content-Type: application/json; charset=utf-8
host: localhost:54494
accept: */*

Response DefaultHttpResponse(decodeResult: success, version: HTTP/1.1)
HTTP/1.1 200 OK
Content-Type: application/json; charset=utf-8
cache-control: no-cache
content-length: 287988

19:06:35.907 [AsyncHttpClient-1-2] DEBUG org.asynchttpclient.netty.channel.ChannelManager - Adding key: http://localhost:54494 for channel [id: 0xb359261f, L:/127.0.0.1:63700 - R:localhost/127.0.0.1:54494]
19:06:35.928 [main] DEBUG net.serenitybdd.core.photography.Darkroom - Send negative for processing for target\site\serenity\8144c225bcf723c8a98cde469fa179e8ccccf7020201fcfe26f55a381a68abef.png
19:06:35.928 [main] DEBUG net.thucydides.core.steps.StepInterceptor - STEP DONE: clickLoginButton
  &amp#27;[32mAnd &amp#27;[0m&amp#27;[32mI click login button&amp#27;[0m                         &amp#27;[90m# starter.stepdefinitions.LoginSteps.clickLoginButton()&amp#27;[0m
19:06:35.928 [Darkroom Processing Line] DEBUG net.serenitybdd.core.photography.DarkroomProcessingLine - Processing screenshot image in /var/screenshots/screenshot-3913266806460910568
19:06:35.928 [Darkroom Processing Line] DEBUG net.serenitybdd.core.photography.DarkroomProcessingLine - Saving screenshot to target\site\serenity\8144c225bcf723c8a98cde469fa179e8ccccf7020201fcfe26f55a381a68abef.png
19:06:35.964 [main] DEBUG net.thucydides.core.steps.StepInterceptor - STARTING STEP: LoginSteps.onTheHomePage - validateOnHomePage
19:06:35.969 [Forwarding findElement on session 4bf10aa214509a87fb0e5d73d5b89bbb to remote] DEBUG org.asynchttpclient.netty.request.NettyRequestSender - Using pooled Channel '[id: 0xb359261f, L:/127.0.0.1:63700 - R:localhost/127.0.0.1:54494]' for 'POST' to 'http://localhost:54494/session/4bf10aa214509a87fb0e5d73d5b89bbb/element'
19:06:35.969 [Forwarding findElement on session 4bf10aa214509a87fb0e5d73d5b89bbb to remote] DEBUG org.asynchttpclient.netty.request.NettyRequestSender - Using open Channel [id: 0xb359261f, L:/127.0.0.1:63700 - R:localhost/127.0.0.1:54494] for POST '/session/4bf10aa214509a87fb0e5d73d5b89bbb/element'
19:06:36.239 [AsyncHttpClient-1-1] DEBUG org.asynchttpclient.netty.channel.DefaultChannelPool - Entry count for : http://localhost:63701 : 1
19:06:36.611 [AsyncHttpClient-1-2] DEBUG org.asynchttpclient.netty.handler.HttpHandler - 

Request DefaultHttpRequest(decodeResult: success, version: HTTP/1.1)
POST /session/4bf10aa214509a87fb0e5d73d5b89bbb/element HTTP/1.1
User-Agent: selenium/4.1.2 (java windows)
Content-Length: 51
Content-Type: application/json; charset=utf-8
host: localhost:54494
accept: */*

Response DefaultHttpResponse(decodeResult: success, version: HTTP/1.1)
HTTP/1.1 200 OK
Content-Type: application/json; charset=utf-8
cache-control: no-cache
content-length: 88

19:06:36.611 [AsyncHttpClient-1-2] DEBUG org.asynchttpclient.netty.channel.ChannelManager - Adding key: http://localhost:54494 for channel [id: 0xb359261f, L:/127.0.0.1:63700 - R:localhost/127.0.0.1:54494]
19:06:36.638 [Forwarding isElementDisplayed on session 4bf10aa214509a87fb0e5d73d5b89bbb to remote] DEBUG org.asynchttpclient.netty.request.NettyRequestSender - Using pooled Channel '[id: 0xb359261f, L:/127.0.0.1:63700 - R:localhost/127.0.0.1:54494]' for 'POST' to 'http://localhost:54494/session/4bf10aa214509a87fb0e5d73d5b89bbb/execute/sync'
19:06:36.639 [Forwarding isElementDisplayed on session 4bf10aa214509a87fb0e5d73d5b89bbb to remote] DEBUG org.asynchttpclient.netty.request.NettyRequestSender - Using open Channel [id: 0xb359261f, L:/127.0.0.1:63700 - R:localhost/127.0.0.1:54494] for POST '/session/4bf10aa214509a87fb0e5d73d5b89bbb/execute/sync'
19:06:36.681 [AsyncHttpClient-1-2] DEBUG org.asynchttpclient.netty.handler.HttpHandler - 

Request DefaultHttpRequest(decodeResult: success, version: HTTP/1.1)
POST /session/4bf10aa214509a87fb0e5d73d5b89bbb/execute/sync HTTP/1.1
User-Agent: selenium/4.1.2 (java windows)
Content-Length: 48780
Content-Type: application/json; charset=utf-8
host: localhost:54494
accept: */*

Response DefaultHttpResponse(decodeResult: success, version: HTTP/1.1)
HTTP/1.1 200 OK
Content-Type: application/json; charset=utf-8
cache-control: no-cache
content-length: 14

19:06:36.682 [AsyncHttpClient-1-2] DEBUG org.asynchttpclient.netty.channel.ChannelManager - Adding key: http://localhost:54494 for channel [id: 0xb359261f, L:/127.0.0.1:63700 - R:localhost/127.0.0.1:54494]
19:06:36.694 [Forwarding screenshot on session 4bf10aa214509a87fb0e5d73d5b89bbb to remote] DEBUG org.asynchttpclient.netty.request.NettyRequestSender - Using pooled Channel '[id: 0xb359261f, L:/127.0.0.1:63700 - R:localhost/127.0.0.1:54494]' for 'GET' to 'http://localhost:54494/session/4bf10aa214509a87fb0e5d73d5b89bbb/screenshot'
19:06:36.694 [Forwarding screenshot on session 4bf10aa214509a87fb0e5d73d5b89bbb to remote] DEBUG org.asynchttpclient.netty.request.NettyRequestSender - Using open Channel [id: 0xb359261f, L:/127.0.0.1:63700 - R:localhost/127.0.0.1:54494] for GET '/session/4bf10aa214509a87fb0e5d73d5b89bbb/screenshot'
19:06:37.316 [AsyncHttpClient-1-2] DEBUG org.asynchttpclient.netty.handler.HttpHandler - 

Request DefaultFullHttpRequest(decodeResult: success, version: HTTP/1.1, content: EmptyByteBufBE)
GET /session/4bf10aa214509a87fb0e5d73d5b89bbb/screenshot HTTP/1.1
User-Agent: selenium/4.1.2 (java windows)
Cache-Control: no-cache
Content-Type: application/json; charset=utf-8
host: localhost:54494
accept: */*

Response DefaultHttpResponse(decodeResult: success, version: HTTP/1.1)
HTTP/1.1 200 OK
Content-Type: application/json; charset=utf-8
cache-control: no-cache
content-length: 342100

19:06:37.320 [AsyncHttpClient-1-2] DEBUG org.asynchttpclient.netty.channel.ChannelManager - Adding key: http://localhost:54494 for channel [id: 0xb359261f, L:/127.0.0.1:63700 - R:localhost/127.0.0.1:54494]
19:06:37.337 [AsyncHttpClient-1-1] DEBUG org.asynchttpclient.netty.channel.DefaultChannelPool - Entry count for : http://localhost:54494 : 1
19:06:37.337 [AsyncHttpClient-1-1] DEBUG org.asynchttpclient.netty.channel.DefaultChannelPool - Entry count for : http://localhost:63701 : 1
19:06:37.387 [main] DEBUG net.serenitybdd.core.photography.Darkroom - Send negative for processing for target\site\serenity\f4861b2dbeda68ed299f9e8b8c713dce2440a7f0ba6525d085c1eae5a87dd7b1.png
19:06:37.388 [main] DEBUG net.thucydides.core.steps.StepInterceptor - STEP DONE: validateOnHomePage
  &amp#27;[32mThen &amp#27;[0m&amp#27;[32mI am on the home page&amp#27;[0m                       &amp#27;[90m# starter.stepdefinitions.LoginSteps.onTheHomePage()&amp#27;[0m
19:06:37.389 [Darkroom Processing Line] DEBUG net.serenitybdd.core.photography.DarkroomProcessingLine - Processing screenshot image in /var/screenshots/screenshot-5914594684381707353
19:06:37.389 [Darkroom Processing Line] DEBUG net.serenitybdd.core.photography.DarkroomProcessingLine - Saving screenshot to target\site\serenity\f4861b2dbeda68ed299f9e8b8c713dce2440a7f0ba6525d085c1eae5a87dd7b1.png
19:06:37.432 [main] INFO  - 
  _____   ___   ___   _____     ___     _     ___   ___   ___   ___  
 |_   _| | __| / __| |_   _|   | _ \   /_\   / __| / __| | __| |   \ 
   | |   | _|  \__ \   | |     |  _/  / _ \  \__ \ \__ \ | _|  | |) |
   |_|   |___| |___/   |_|     |_|   /_/ \_\ |___/ |___/ |___| |___/ 

As user, I have be able to success login
----------------------------------------------------------------------
19:06:37.931 [Driver Command Executor] DEBUG org.asynchttpclient.netty.request.NettyRequestSender - Using pooled Channel '[id: 0xb359261f, L:/127.0.0.1:63700 - R:localhost/127.0.0.1:54494]' for 'DELETE' to 'http://localhost:54494/session/4bf10aa214509a87fb0e5d73d5b89bbb'
19:06:37.931 [Driver Command Executor] DEBUG org.asynchttpclient.netty.request.NettyRequestSender - Using open Channel [id: 0xb359261f, L:/127.0.0.1:63700 - R:localhost/127.0.0.1:54494] for DELETE '/session/4bf10aa214509a87fb0e5d73d5b89bbb'
19:06:37.934 [AsyncHttpClient-1-4] DEBUG org.asynchttpclient.netty.handler.WebSocketHandler - Channel Closed: [id: 0xed7e5581, L:/127.0.0.1:63711 ! R:localhost/127.0.0.1:63701] with attribute NettyResponseFuture{currentRetry=5,
	isDone=1,
	isCancelled=0,
	asyncHandler=org.asynchttpclient.ws.WebSocketUpgradeHandler@512d7202,
	nettyRequest=org.asynchttpclient.netty.request.NettyRequest@4b27de83,
	future=java.util.concurrent.CompletableFuture@6c9a68bb[Completed normally],
	uri=ws://localhost:63701/devtools/browser/bc7d9c24-3925-4af9-825a-f56e9025a23a,
	keepAlive=true,
	redirectCount=0,
	timeoutsHolder=null,
	inAuth=0,
	touch=1648641983257}
19:06:37.935 [AsyncHttpClient-1-4] DEBUG org.asynchttpclient.netty.channel.ChannelManager - Closing Channel [id: 0xed7e5581, L:/127.0.0.1:63711 ! R:localhost/127.0.0.1:63701] 
19:06:38.432 [AsyncHttpClient-1-1] DEBUG org.asynchttpclient.netty.channel.DefaultChannelPool - Entry count for : http://localhost:63701 : 1
19:06:39.041 [AsyncHttpClient-1-3] DEBUG org.asynchttpclient.netty.handler.HttpHandler - Unexpected I/O exception on channel [id: 0x02ea95ec, L:/127.0.0.1:63709 - R:localhost/127.0.0.1:63701]
java.io.IOException: An existing connection was forcibly closed by the remote host
	at sun.nio.ch.SocketDispatcher.read0(Native Method)
	at sun.nio.ch.SocketDispatcher.read(SocketDispatcher.java:43)
	at sun.nio.ch.IOUtil.readIntoNativeBuffer(IOUtil.java:223)
	at sun.nio.ch.IOUtil.read(IOUtil.java:192)
	at sun.nio.ch.SocketChannelImpl.read(SocketChannelImpl.java:380)
	at io.netty.buffer.PooledByteBuf.setBytes(PooledByteBuf.java:258)
	at io.netty.buffer.AbstractByteBuf.writeBytes(AbstractByteBuf.java:1132)
	at io.netty.channel.socket.nio.NioSocketChannel.doReadBytes(NioSocketChannel.java:350)
	at io.netty.channel.nio.AbstractNioByteChannel$NioByteUnsafe.read(AbstractNioByteChannel.java:151)
	at io.netty.channel.nio.NioEventLoop.processSelectedKey(NioEventLoop.java:722)
	at io.netty.channel.nio.NioEventLoop.processSelectedKeysOptimized(NioEventLoop.java:658)
	at io.netty.channel.nio.NioEventLoop.processSelectedKeys(NioEventLoop.java:584)
	at io.netty.channel.nio.NioEventLoop.run(NioEventLoop.java:496)
	at io.netty.util.concurrent.SingleThreadEventExecutor$4.run(SingleThreadEventExecutor.java:986)
	at io.netty.util.internal.ThreadExecutorMap$2.run(ThreadExecutorMap.java:74)
	at io.netty.util.concurrent.FastThreadLocalRunnable.run(FastThreadLocalRunnable.java:30)
	at java.lang.Thread.run(Thread.java:745)
19:06:39.042 [AsyncHttpClient-1-3] DEBUG org.asynchttpclient.netty.channel.ChannelManager - Closing Channel [id: 0x02ea95ec, L:/127.0.0.1:63709 - R:localhost/127.0.0.1:63701] 
19:06:39.047 [AsyncHttpClient-1-3] DEBUG org.asynchttpclient.netty.handler.HttpHandler - Channel Closed: [id: 0x02ea95ec, L:/127.0.0.1:63709 ! R:localhost/127.0.0.1:63701] with attribute DISCARD
19:06:39.523 [AsyncHttpClient-1-2] DEBUG org.asynchttpclient.netty.handler.HttpHandler - 

Request DefaultFullHttpRequest(decodeResult: success, version: HTTP/1.1, content: EmptyByteBufBE)
DELETE /session/4bf10aa214509a87fb0e5d73d5b89bbb HTTP/1.1
User-Agent: selenium/4.1.2 (java windows)
Content-Type: application/json; charset=utf-8
host: localhost:54494
accept: */*

Response DefaultHttpResponse(decodeResult: success, version: HTTP/1.1)
HTTP/1.1 200 OK
Content-Type: application/json; charset=utf-8
cache-control: no-cache
content-length: 14

19:06:39.524 [AsyncHttpClient-1-2] DEBUG org.asynchttpclient.netty.channel.ChannelManager - Adding key: http://localhost:54494 for channel [id: 0xb359261f, L:/127.0.0.1:63700 - R:localhost/127.0.0.1:54494]
19:06:39.537 [AsyncHttpClient-1-1] DEBUG org.asynchttpclient.netty.channel.DefaultChannelPool - Entry count for : http://localhost:54494 : 1
19:06:39.537 [AsyncHttpClient-1-1] DEBUG org.asynchttpclient.netty.channel.DefaultChannelPool - Entry count for : http://localhost:63701 : 1
19:06:39.537 [AsyncHttpClient-1-1] DEBUG org.asynchttpclient.netty.channel.DefaultChannelPool - Adding Candidate expired Channel [id: 0x02ea95ec, L:/127.0.0.1:63709 ! R:localhost/127.0.0.1:63701] isIdleTimeoutExpired=false isRemotelyClosed=true isTtlExpired=false
19:06:39.537 [AsyncHttpClient-1-1] DEBUG org.asynchttpclient.netty.channel.DefaultChannelPool - Closing Idle Channel [id: 0x02ea95ec, L:/127.0.0.1:63709 ! R:localhost/127.0.0.1:63701]
19:06:39.538 [AsyncHttpClient-1-1] DEBUG org.asynchttpclient.netty.channel.DefaultChannelPool - Closed 1 connections out of 2 in 1 ms
19:06:39.719 [AsyncHttpClient-1-2] DEBUG org.asynchttpclient.netty.handler.HttpHandler - Channel Closed: [id: 0xb359261f, L:/127.0.0.1:63700 ! R:localhost/127.0.0.1:54494] with attribute DISCARD
]]></system-out>
    <system-err><![CDATA[Starting ChromeDriver 99.0.4844.51 (d537ec02474b5afe23684e7963d538896c63ac77-refs/branch-heads/4844@{#875}) on port 54494
Only local connections are allowed.
Please see https://chromedriver.chromium.org/security-considerations for suggestions on keeping ChromeDriver safe.
ChromeDriver was started successfully.
[1648641981.623][WARNING]: This version of ChromeDriver has not been tested with Chrome version 100.
Mar 30, 2022 7:06:23 PM org.openqa.selenium.remote.ProtocolHandshake createSession
INFO: Detected dialect: W3C
Mar 30, 2022 7:06:23 PM org.openqa.selenium.devtools.CdpVersionFinder findNearestMatch
WARNING: Unable to find an exact match for CDP version 100, so returning the closest version found: 97
Mar 30, 2022 7:06:23 PM org.openqa.selenium.devtools.CdpVersionFinder findNearestMatch
INFO: Found CDP implementation for version 100 of 97
]]></system-err>
  </testcase>
  <testcase name="As user, I have be unable login #1" classname="Login" time="19.259">
    <system-out><![CDATA[
Scenario: As user, I have be unable login                 &amp#27;[90m# src/test/resources/features/Login.feature:13&amp#27;[0m
19:06:40.279 [main] INFO io.cucumber.core.plugin.SerenityReporter - Running feature from file:///C:/Users/ASUS/IdeaProjects/WebUITesting/src/test/resources/features/Login.feature
19:06:40.296 [main] INFO  - 
  _____   ___   ___   _____     ___   _____     _     ___   _____   ___   ___  
 |_   _| | __| / __| |_   _|   / __| |_   _|   /_\   | _ \ |_   _| | __| |   \ 
   | |   | _|  \__ \   | |     \__ \   | |    / _ \  |   /   | |   | _|  | |) |
   |_|   |___| |___/   |_|     |___/   |_|   /_/ \_\ |_|_\   |_|   |___| |___/ 

As user, I have be unable login(login;as-user--i-have-be-unable-login)
--------------------------------------------------------------------------------
19:06:40.388 [main] DEBUG net.thucydides.core.steps.StepInterceptor - STARTING STEP: LoginSteps.onTheLoginPage - openPage
19:06:40.390 [main] INFO net.serenitybdd.core.webdriver.driverproviders.ChromeDriverProvider - Using automatically driver download
19:06:40.632 [AsyncHttpClient-1-1] DEBUG org.asynchttpclient.netty.channel.DefaultChannelPool - Entry count for : http://localhost:54494 : 1
19:06:40.632 [AsyncHttpClient-1-1] DEBUG org.asynchttpclient.netty.channel.DefaultChannelPool - Adding Candidate expired Channel [id: 0xb359261f, L:/127.0.0.1:63700 ! R:localhost/127.0.0.1:54494] isIdleTimeoutExpired=false isRemotelyClosed=true isTtlExpired=false
19:06:40.632 [AsyncHttpClient-1-1] DEBUG org.asynchttpclient.netty.channel.DefaultChannelPool - Closing Idle Channel [id: 0xb359261f, L:/127.0.0.1:63700 ! R:localhost/127.0.0.1:54494]
19:06:40.632 [AsyncHttpClient-1-1] DEBUG org.asynchttpclient.netty.channel.DefaultChannelPool - Closed 1 connections out of 1 in 0 ms
19:06:40.707 [main] DEBUG io.github.bonigarcia.wdm.cache.ResolutionCache - Resolution chrome=100 in cache (valid until 20:01:07 30/03/2022 ICT)
19:06:40.755 [main] DEBUG io.github.bonigarcia.wdm.cache.ResolutionCache - Resolution chrome100=100.0.4896.60 in cache (valid until 19:01:07 31/03/2022 ICT)
19:06:40.763 [main] INFO io.github.bonigarcia.wdm.WebDriverManager - Using chromedriver 100.0.4896.60 (resolved driver for Chrome 100)
19:06:40.801 [main] DEBUG io.github.bonigarcia.wdm.WebDriverManager - Driver chromedriver 100.0.4896.60 found in cache
19:06:40.802 [main] INFO io.github.bonigarcia.wdm.WebDriverManager - Exporting webdriver.chrome.driver as C:\Users\ASUS\.cache\selenium\chromedriver\win32\100.0.4896.60\chromedriver.exe
19:06:41.089 [main] DEBUG net.serenitybdd.core.webdriver.driverproviders.ProvideNewDriver - Instantiating driver
19:06:41.089 [main] DEBUG net.serenitybdd.core.webdriver.driverproviders.ProvideNewDriver - Driver capabilities: Capabilities {acceptInsecureCerts: false, base.url: https://demoqa.com, browserName: chrome, chrome.driver: src/test/resources/webdrive..., driver: chrome, goog:chromeOptions: {args: [], extensions: []}}
19:06:41.661 [AsyncHttpClient-1-5] DEBUG org.asynchttpclient.netty.channel.NettyConnectListener - Using new Channel '[id: 0xb13e53cf, L:/127.0.0.1:63748 - R:localhost/127.0.0.1:57437]' for 'POST' to '/session'
19:06:44.354 [AsyncHttpClient-1-5] DEBUG org.asynchttpclient.netty.handler.HttpHandler - 

Request DefaultHttpRequest(decodeResult: success, version: HTTP/1.1)
POST /session HTTP/1.1
User-Agent: selenium/4.1.2 (java windows)
Content-Length: 599
Content-Type: application/json; charset=utf-8
host: localhost:57437
accept: */*

Response DefaultHttpResponse(decodeResult: success, version: HTTP/1.1)
HTTP/1.1 200 OK
Content-Type: application/json; charset=utf-8
cache-control: no-cache
content-length: 786

19:06:44.354 [AsyncHttpClient-1-5] DEBUG org.asynchttpclient.netty.channel.ChannelManager - Adding key: http://localhost:57437 for channel [id: 0xb13e53cf, L:/127.0.0.1:63748 - R:localhost/127.0.0.1:57437]
19:06:44.400 [AsyncHttpClient-1-6] DEBUG org.asynchttpclient.netty.channel.NettyConnectListener - Using new Channel '[id: 0x2ff53b3c, L:/127.0.0.1:63757 - R:localhost/127.0.0.1:63749]' for 'GET' to '/json/version'
19:06:44.403 [AsyncHttpClient-1-6] DEBUG org.asynchttpclient.netty.handler.HttpHandler - 

Request DefaultFullHttpRequest(decodeResult: success, version: HTTP/1.1, content: EmptyByteBufBE)
GET /json/version HTTP/1.1
User-Agent: selenium/4.1.2 (java windows)
host: localhost:63749
accept: */*

Response DefaultHttpResponse(decodeResult: success, version: HTTP/1.1)
HTTP/1.1 200 OK
Content-Type: application/json; charset=UTF-8
content-length: 426

19:06:44.403 [AsyncHttpClient-1-6] DEBUG org.asynchttpclient.netty.channel.ChannelManager - Adding key: http://localhost:63749 for channel [id: 0x2ff53b3c, L:/127.0.0.1:63757 - R:localhost/127.0.0.1:63749]
19:06:44.433 [AsyncHttpClient-1-7] DEBUG org.asynchttpclient.netty.channel.NettyConnectListener - Using new Channel '[id: 0x03b26474, L:/127.0.0.1:63758 - R:localhost/127.0.0.1:63749]' for 'GET' to '/devtools/browser/0c4cf0d2-0060-49e9-a55b-191fb14842e1'
19:06:44.438 [AsyncHttpClient-1-7] DEBUG org.asynchttpclient.netty.handler.WebSocketHandler - 

Request DefaultFullHttpRequest(decodeResult: success, version: HTTP/1.1, content: EmptyByteBufBE)
GET /devtools/browser/0c4cf0d2-0060-49e9-a55b-191fb14842e1 HTTP/1.1
upgrade: websocket
connection: upgrade
sec-websocket-key: KpUYuF589Md+UwhT4U8s3w==
sec-websocket-version: 13
origin: http://localhost:63749
host: localhost:63749
accept: */*
user-agent: AHC/2.1

Response DefaultHttpResponse(decodeResult: success, version: HTTP/1.1)
HTTP/1.1 101 WebSocket Protocol Handshake
Upgrade: WebSocket
Connection: Upgrade
Sec-WebSocket-Accept: PyQzzd1L6CqfQNVkcQQBmGh5xDo=

19:06:44.457 [Forwarding maximizeCurrentWindow on session 2b1e40433400f2bf19b82eb7ba57fde5 to remote] DEBUG org.asynchttpclient.netty.request.NettyRequestSender - Using pooled Channel '[id: 0xb13e53cf, L:/127.0.0.1:63748 - R:localhost/127.0.0.1:57437]' for 'POST' to 'http://localhost:57437/session/2b1e40433400f2bf19b82eb7ba57fde5/window/maximize'
19:06:44.458 [Forwarding maximizeCurrentWindow on session 2b1e40433400f2bf19b82eb7ba57fde5 to remote] DEBUG org.asynchttpclient.netty.request.NettyRequestSender - Using open Channel [id: 0xb13e53cf, L:/127.0.0.1:63748 - R:localhost/127.0.0.1:57437] for POST '/session/2b1e40433400f2bf19b82eb7ba57fde5/window/maximize'
19:06:44.666 [AsyncHttpClient-1-5] DEBUG org.asynchttpclient.netty.handler.HttpHandler - 

Request DefaultHttpRequest(decodeResult: success, version: HTTP/1.1)
POST /session/2b1e40433400f2bf19b82eb7ba57fde5/window/maximize HTTP/1.1
User-Agent: selenium/4.1.2 (java windows)
Content-Length: 3
Content-Type: application/json; charset=utf-8
host: localhost:57437
accept: */*

Response DefaultHttpResponse(decodeResult: success, version: HTTP/1.1)
HTTP/1.1 200 OK
Content-Type: application/json; charset=utf-8
cache-control: no-cache
content-length: 51

19:06:44.668 [AsyncHttpClient-1-5] DEBUG org.asynchttpclient.netty.channel.ChannelManager - Adding key: http://localhost:57437 for channel [id: 0xb13e53cf, L:/127.0.0.1:63748 - R:localhost/127.0.0.1:57437]
19:06:44.686 [Forwarding get on session 2b1e40433400f2bf19b82eb7ba57fde5 to remote] DEBUG org.asynchttpclient.netty.request.NettyRequestSender - Using pooled Channel '[id: 0xb13e53cf, L:/127.0.0.1:63748 - R:localhost/127.0.0.1:57437]' for 'POST' to 'http://localhost:57437/session/2b1e40433400f2bf19b82eb7ba57fde5/url'
19:06:44.687 [Forwarding get on session 2b1e40433400f2bf19b82eb7ba57fde5 to remote] DEBUG org.asynchttpclient.netty.request.NettyRequestSender - Using open Channel [id: 0xb13e53cf, L:/127.0.0.1:63748 - R:localhost/127.0.0.1:57437] for POST '/session/2b1e40433400f2bf19b82eb7ba57fde5/url'
19:06:45.133 [AsyncHttpClient-1-1] DEBUG org.asynchttpclient.netty.channel.DefaultChannelPool - Entry count for : http://localhost:63749 : 1
19:06:46.235 [AsyncHttpClient-1-1] DEBUG org.asynchttpclient.netty.channel.DefaultChannelPool - Entry count for : http://localhost:63749 : 1
19:06:47.339 [AsyncHttpClient-1-1] DEBUG org.asynchttpclient.netty.channel.DefaultChannelPool - Entry count for : http://localhost:63749 : 1
19:06:48.440 [AsyncHttpClient-1-1] DEBUG org.asynchttpclient.netty.channel.DefaultChannelPool - Entry count for : http://localhost:63749 : 1
19:06:49.533 [AsyncHttpClient-1-1] DEBUG org.asynchttpclient.netty.channel.DefaultChannelPool - Entry count for : http://localhost:63749 : 1
19:06:50.632 [AsyncHttpClient-1-1] DEBUG org.asynchttpclient.netty.channel.DefaultChannelPool - Entry count for : http://localhost:63749 : 1
19:06:51.733 [AsyncHttpClient-1-1] DEBUG org.asynchttpclient.netty.channel.DefaultChannelPool - Entry count for : http://localhost:63749 : 1
19:06:52.843 [AsyncHttpClient-1-1] DEBUG org.asynchttpclient.netty.channel.DefaultChannelPool - Entry count for : http://localhost:63749 : 1
19:06:53.370 [AsyncHttpClient-1-5] DEBUG org.asynchttpclient.netty.handler.HttpHandler - 

Request DefaultHttpRequest(decodeResult: success, version: HTTP/1.1)
POST /session/2b1e40433400f2bf19b82eb7ba57fde5/url HTTP/1.1
User-Agent: selenium/4.1.2 (java windows)
Content-Length: 54
Content-Type: application/json; charset=utf-8
host: localhost:57437
accept: */*

Response DefaultHttpResponse(decodeResult: success, version: HTTP/1.1)
HTTP/1.1 200 OK
Content-Type: application/json; charset=utf-8
cache-control: no-cache
content-length: 14

19:06:53.371 [AsyncHttpClient-1-5] DEBUG org.asynchttpclient.netty.channel.ChannelManager - Adding key: http://localhost:57437 for channel [id: 0xb13e53cf, L:/127.0.0.1:63748 - R:localhost/127.0.0.1:57437]
19:06:53.383 [Forwarding setTimeout on session 2b1e40433400f2bf19b82eb7ba57fde5 to remote] DEBUG org.asynchttpclient.netty.request.NettyRequestSender - Using pooled Channel '[id: 0xb13e53cf, L:/127.0.0.1:63748 - R:localhost/127.0.0.1:57437]' for 'POST' to 'http://localhost:57437/session/2b1e40433400f2bf19b82eb7ba57fde5/timeouts'
19:06:53.384 [Forwarding setTimeout on session 2b1e40433400f2bf19b82eb7ba57fde5 to remote] DEBUG org.asynchttpclient.netty.request.NettyRequestSender - Using open Channel [id: 0xb13e53cf, L:/127.0.0.1:63748 - R:localhost/127.0.0.1:57437] for POST '/session/2b1e40433400f2bf19b82eb7ba57fde5/timeouts'
19:06:53.395 [AsyncHttpClient-1-5] DEBUG org.asynchttpclient.netty.handler.HttpHandler - 

Request DefaultHttpRequest(decodeResult: success, version: HTTP/1.1)
POST /session/2b1e40433400f2bf19b82eb7ba57fde5/timeouts HTTP/1.1
User-Agent: selenium/4.1.2 (java windows)
Content-Length: 22
Content-Type: application/json; charset=utf-8
host: localhost:57437
accept: */*

Response DefaultHttpResponse(decodeResult: success, version: HTTP/1.1)
HTTP/1.1 200 OK
Content-Type: application/json; charset=utf-8
cache-control: no-cache
content-length: 14

19:06:53.396 [AsyncHttpClient-1-5] DEBUG org.asynchttpclient.netty.channel.ChannelManager - Adding key: http://localhost:57437 for channel [id: 0xb13e53cf, L:/127.0.0.1:63748 - R:localhost/127.0.0.1:57437]
19:06:53.415 [Forwarding getCurrentUrl on session 2b1e40433400f2bf19b82eb7ba57fde5 to remote] DEBUG org.asynchttpclient.netty.request.NettyRequestSender - Using pooled Channel '[id: 0xb13e53cf, L:/127.0.0.1:63748 - R:localhost/127.0.0.1:57437]' for 'GET' to 'http://localhost:57437/session/2b1e40433400f2bf19b82eb7ba57fde5/url'
19:06:53.416 [Forwarding getCurrentUrl on session 2b1e40433400f2bf19b82eb7ba57fde5 to remote] DEBUG org.asynchttpclient.netty.request.NettyRequestSender - Using open Channel [id: 0xb13e53cf, L:/127.0.0.1:63748 - R:localhost/127.0.0.1:57437] for GET '/session/2b1e40433400f2bf19b82eb7ba57fde5/url'
19:06:53.434 [AsyncHttpClient-1-5] DEBUG org.asynchttpclient.netty.handler.HttpHandler - 

Request DefaultFullHttpRequest(decodeResult: success, version: HTTP/1.1, content: EmptyByteBufBE)
GET /session/2b1e40433400f2bf19b82eb7ba57fde5/url HTTP/1.1
User-Agent: selenium/4.1.2 (java windows)
Cache-Control: no-cache
Content-Type: application/json; charset=utf-8
host: localhost:57437
accept: */*

Response DefaultHttpResponse(decodeResult: success, version: HTTP/1.1)
HTTP/1.1 200 OK
Content-Type: application/json; charset=utf-8
cache-control: no-cache
content-length: 36

19:06:53.435 [AsyncHttpClient-1-5] DEBUG org.asynchttpclient.netty.channel.ChannelManager - Adding key: http://localhost:57437 for channel [id: 0xb13e53cf, L:/127.0.0.1:63748 - R:localhost/127.0.0.1:57437]
19:06:53.466 [Forwarding findElement on session 2b1e40433400f2bf19b82eb7ba57fde5 to remote] DEBUG org.asynchttpclient.netty.request.NettyRequestSender - Using pooled Channel '[id: 0xb13e53cf, L:/127.0.0.1:63748 - R:localhost/127.0.0.1:57437]' for 'POST' to 'http://localhost:57437/session/2b1e40433400f2bf19b82eb7ba57fde5/element'
19:06:53.467 [Forwarding findElement on session 2b1e40433400f2bf19b82eb7ba57fde5 to remote] DEBUG org.asynchttpclient.netty.request.NettyRequestSender - Using open Channel [id: 0xb13e53cf, L:/127.0.0.1:63748 - R:localhost/127.0.0.1:57437] for POST '/session/2b1e40433400f2bf19b82eb7ba57fde5/element'
19:06:53.516 [AsyncHttpClient-1-5] DEBUG org.asynchttpclient.netty.handler.HttpHandler - 

Request DefaultHttpRequest(decodeResult: success, version: HTTP/1.1)
POST /session/2b1e40433400f2bf19b82eb7ba57fde5/element HTTP/1.1
User-Agent: selenium/4.1.2 (java windows)
Content-Length: 83
Content-Type: application/json; charset=utf-8
host: localhost:57437
accept: */*

Response DefaultHttpResponse(decodeResult: success, version: HTTP/1.1)
HTTP/1.1 200 OK
Content-Type: application/json; charset=utf-8
cache-control: no-cache
content-length: 88

19:06:53.517 [AsyncHttpClient-1-5] DEBUG org.asynchttpclient.netty.channel.ChannelManager - Adding key: http://localhost:57437 for channel [id: 0xb13e53cf, L:/127.0.0.1:63748 - R:localhost/127.0.0.1:57437]
19:06:53.520 [Forwarding getElementTagName on session 2b1e40433400f2bf19b82eb7ba57fde5 to remote] DEBUG org.asynchttpclient.netty.request.NettyRequestSender - Using pooled Channel '[id: 0xb13e53cf, L:/127.0.0.1:63748 - R:localhost/127.0.0.1:57437]' for 'GET' to 'http://localhost:57437/session/2b1e40433400f2bf19b82eb7ba57fde5/element/55fed65b-db6f-48ce-9db7-cb14b5dc6552/name'
19:06:53.520 [Forwarding getElementTagName on session 2b1e40433400f2bf19b82eb7ba57fde5 to remote] DEBUG org.asynchttpclient.netty.request.NettyRequestSender - Using open Channel [id: 0xb13e53cf, L:/127.0.0.1:63748 - R:localhost/127.0.0.1:57437] for GET '/session/2b1e40433400f2bf19b82eb7ba57fde5/element/55fed65b-db6f-48ce-9db7-cb14b5dc6552/name'
19:06:53.546 [AsyncHttpClient-1-5] DEBUG org.asynchttpclient.netty.handler.HttpHandler - 

Request DefaultFullHttpRequest(decodeResult: success, version: HTTP/1.1, content: EmptyByteBufBE)
GET /session/2b1e40433400f2bf19b82eb7ba57fde5/element/55fed65b-db6f-48ce-9db7-cb14b5dc6552/name HTTP/1.1
User-Agent: selenium/4.1.2 (java windows)
Cache-Control: no-cache
Content-Type: application/json; charset=utf-8
host: localhost:57437
accept: */*

Response DefaultHttpResponse(decodeResult: success, version: HTTP/1.1)
HTTP/1.1 200 OK
Content-Type: application/json; charset=utf-8
cache-control: no-cache
content-length: 15

19:06:53.547 [AsyncHttpClient-1-5] DEBUG org.asynchttpclient.netty.channel.ChannelManager - Adding key: http://localhost:57437 for channel [id: 0xb13e53cf, L:/127.0.0.1:63748 - R:localhost/127.0.0.1:57437]
19:06:53.551 [Forwarding getElementTagName on session 2b1e40433400f2bf19b82eb7ba57fde5 to remote] DEBUG org.asynchttpclient.netty.request.NettyRequestSender - Using pooled Channel '[id: 0xb13e53cf, L:/127.0.0.1:63748 - R:localhost/127.0.0.1:57437]' for 'GET' to 'http://localhost:57437/session/2b1e40433400f2bf19b82eb7ba57fde5/element/55fed65b-db6f-48ce-9db7-cb14b5dc6552/name'
19:06:53.552 [Forwarding getElementTagName on session 2b1e40433400f2bf19b82eb7ba57fde5 to remote] DEBUG org.asynchttpclient.netty.request.NettyRequestSender - Using open Channel [id: 0xb13e53cf, L:/127.0.0.1:63748 - R:localhost/127.0.0.1:57437] for GET '/session/2b1e40433400f2bf19b82eb7ba57fde5/element/55fed65b-db6f-48ce-9db7-cb14b5dc6552/name'
19:06:53.557 [AsyncHttpClient-1-5] DEBUG org.asynchttpclient.netty.handler.HttpHandler - 

Request DefaultFullHttpRequest(decodeResult: success, version: HTTP/1.1, content: EmptyByteBufBE)
GET /session/2b1e40433400f2bf19b82eb7ba57fde5/element/55fed65b-db6f-48ce-9db7-cb14b5dc6552/name HTTP/1.1
User-Agent: selenium/4.1.2 (java windows)
Cache-Control: no-cache
Content-Type: application/json; charset=utf-8
host: localhost:57437
accept: */*

Response DefaultHttpResponse(decodeResult: success, version: HTTP/1.1)
HTTP/1.1 200 OK
Content-Type: application/json; charset=utf-8
cache-control: no-cache
content-length: 15

19:06:53.557 [AsyncHttpClient-1-5] DEBUG org.asynchttpclient.netty.channel.ChannelManager - Adding key: http://localhost:57437 for channel [id: 0xb13e53cf, L:/127.0.0.1:63748 - R:localhost/127.0.0.1:57437]
19:06:53.562 [Forwarding findElement on session 2b1e40433400f2bf19b82eb7ba57fde5 to remote] DEBUG org.asynchttpclient.netty.request.NettyRequestSender - Using pooled Channel '[id: 0xb13e53cf, L:/127.0.0.1:63748 - R:localhost/127.0.0.1:57437]' for 'POST' to 'http://localhost:57437/session/2b1e40433400f2bf19b82eb7ba57fde5/element'
19:06:53.562 [Forwarding findElement on session 2b1e40433400f2bf19b82eb7ba57fde5 to remote] DEBUG org.asynchttpclient.netty.request.NettyRequestSender - Using open Channel [id: 0xb13e53cf, L:/127.0.0.1:63748 - R:localhost/127.0.0.1:57437] for POST '/session/2b1e40433400f2bf19b82eb7ba57fde5/element'
19:06:53.575 [AsyncHttpClient-1-5] DEBUG org.asynchttpclient.netty.handler.HttpHandler - 

Request DefaultHttpRequest(decodeResult: success, version: HTTP/1.1)
POST /session/2b1e40433400f2bf19b82eb7ba57fde5/element HTTP/1.1
User-Agent: selenium/4.1.2 (java windows)
Content-Length: 83
Content-Type: application/json; charset=utf-8
host: localhost:57437
accept: */*

Response DefaultHttpResponse(decodeResult: success, version: HTTP/1.1)
HTTP/1.1 200 OK
Content-Type: application/json; charset=utf-8
cache-control: no-cache
content-length: 88

19:06:53.575 [AsyncHttpClient-1-5] DEBUG org.asynchttpclient.netty.channel.ChannelManager - Adding key: http://localhost:57437 for channel [id: 0xb13e53cf, L:/127.0.0.1:63748 - R:localhost/127.0.0.1:57437]
19:06:53.578 [Forwarding clickElement on session 2b1e40433400f2bf19b82eb7ba57fde5 to remote] DEBUG org.asynchttpclient.netty.request.NettyRequestSender - Using pooled Channel '[id: 0xb13e53cf, L:/127.0.0.1:63748 - R:localhost/127.0.0.1:57437]' for 'POST' to 'http://localhost:57437/session/2b1e40433400f2bf19b82eb7ba57fde5/element/55fed65b-db6f-48ce-9db7-cb14b5dc6552/click'
19:06:53.578 [Forwarding clickElement on session 2b1e40433400f2bf19b82eb7ba57fde5 to remote] DEBUG org.asynchttpclient.netty.request.NettyRequestSender - Using open Channel [id: 0xb13e53cf, L:/127.0.0.1:63748 - R:localhost/127.0.0.1:57437] for POST '/session/2b1e40433400f2bf19b82eb7ba57fde5/element/55fed65b-db6f-48ce-9db7-cb14b5dc6552/click'
19:06:53.643 [AsyncHttpClient-1-5] DEBUG org.asynchttpclient.netty.handler.HttpHandler - 

Request DefaultHttpRequest(decodeResult: success, version: HTTP/1.1)
POST /session/2b1e40433400f2bf19b82eb7ba57fde5/element/55fed65b-db6f-48ce-9db7-cb14b5dc6552/click HTTP/1.1
User-Agent: selenium/4.1.2 (java windows)
Content-Length: 50
Content-Type: application/json; charset=utf-8
host: localhost:57437
accept: */*

Response DefaultHttpResponse(decodeResult: success, version: HTTP/1.1)
HTTP/1.1 200 OK
Content-Type: application/json; charset=utf-8
cache-control: no-cache
content-length: 14

19:06:53.644 [AsyncHttpClient-1-5] DEBUG org.asynchttpclient.netty.channel.ChannelManager - Adding key: http://localhost:57437 for channel [id: 0xb13e53cf, L:/127.0.0.1:63748 - R:localhost/127.0.0.1:57437]
19:06:53.673 [Forwarding screenshot on session 2b1e40433400f2bf19b82eb7ba57fde5 to remote] DEBUG org.asynchttpclient.netty.request.NettyRequestSender - Using pooled Channel '[id: 0xb13e53cf, L:/127.0.0.1:63748 - R:localhost/127.0.0.1:57437]' for 'GET' to 'http://localhost:57437/session/2b1e40433400f2bf19b82eb7ba57fde5/screenshot'
19:06:53.673 [Forwarding screenshot on session 2b1e40433400f2bf19b82eb7ba57fde5 to remote] DEBUG org.asynchttpclient.netty.request.NettyRequestSender - Using open Channel [id: 0xb13e53cf, L:/127.0.0.1:63748 - R:localhost/127.0.0.1:57437] for GET '/session/2b1e40433400f2bf19b82eb7ba57fde5/screenshot'
19:06:53.933 [AsyncHttpClient-1-1] DEBUG org.asynchttpclient.netty.channel.DefaultChannelPool - Entry count for : http://localhost:63749 : 1
19:06:54.035 [AsyncHttpClient-1-5] DEBUG org.asynchttpclient.netty.handler.HttpHandler - 

Request DefaultFullHttpRequest(decodeResult: success, version: HTTP/1.1, content: EmptyByteBufBE)
GET /session/2b1e40433400f2bf19b82eb7ba57fde5/screenshot HTTP/1.1
User-Agent: selenium/4.1.2 (java windows)
Cache-Control: no-cache
Content-Type: application/json; charset=utf-8
host: localhost:57437
accept: */*

Response DefaultHttpResponse(decodeResult: success, version: HTTP/1.1)
HTTP/1.1 200 OK
Content-Type: application/json; charset=utf-8
cache-control: no-cache
content-length: 315204

19:06:54.039 [AsyncHttpClient-1-5] DEBUG org.asynchttpclient.netty.channel.ChannelManager - Adding key: http://localhost:57437 for channel [id: 0xb13e53cf, L:/127.0.0.1:63748 - R:localhost/127.0.0.1:57437]
19:06:54.073 [main] DEBUG net.serenitybdd.core.photography.Darkroom - Send negative for processing for target\site\serenity\7acf3dfb4fc218e67c2e172e2ae7c4c76d6831c800de63fc7257befef6ccd18f.png
19:06:54.073 [main] DEBUG net.thucydides.core.steps.StepInterceptor - STEP DONE: openPage
19:06:54.074 [Darkroom Processing Line] DEBUG net.serenitybdd.core.photography.DarkroomProcessingLine - Processing screenshot image in /var/screenshots/screenshot-4464371159514520170
19:06:54.074 [Darkroom Processing Line] DEBUG net.serenitybdd.core.photography.DarkroomProcessingLine - Saving screenshot to target\site\serenity\7acf3dfb4fc218e67c2e172e2ae7c4c76d6831c800de63fc7257befef6ccd18f.png
  &amp#27;[32mGiven &amp#27;[0m&amp#27;[32mI am on the login page&amp#27;[0m                            &amp#27;[90m# starter.stepdefinitions.LoginSteps.onTheLoginPage()&amp#27;[0m
19:06:54.116 [main] DEBUG net.thucydides.core.steps.StepInterceptor - STARTING STEP: LoginSteps.iInputInvalidUsername - inputUsername
19:06:54.130 [Forwarding findElement on session 2b1e40433400f2bf19b82eb7ba57fde5 to remote] DEBUG org.asynchttpclient.netty.request.NettyRequestSender - Using pooled Channel '[id: 0xb13e53cf, L:/127.0.0.1:63748 - R:localhost/127.0.0.1:57437]' for 'POST' to 'http://localhost:57437/session/2b1e40433400f2bf19b82eb7ba57fde5/element'
19:06:54.131 [Forwarding findElement on session 2b1e40433400f2bf19b82eb7ba57fde5 to remote] DEBUG org.asynchttpclient.netty.request.NettyRequestSender - Using open Channel [id: 0xb13e53cf, L:/127.0.0.1:63748 - R:localhost/127.0.0.1:57437] for POST '/session/2b1e40433400f2bf19b82eb7ba57fde5/element'
19:06:54.159 [AsyncHttpClient-1-5] DEBUG org.asynchttpclient.netty.handler.HttpHandler - 

Request DefaultHttpRequest(decodeResult: success, version: HTTP/1.1)
POST /session/2b1e40433400f2bf19b82eb7ba57fde5/element HTTP/1.1
User-Agent: selenium/4.1.2 (java windows)
Content-Length: 53
Content-Type: application/json; charset=utf-8
host: localhost:57437
accept: */*

Response DefaultHttpResponse(decodeResult: success, version: HTTP/1.1)
HTTP/1.1 200 OK
Content-Type: application/json; charset=utf-8
cache-control: no-cache
content-length: 88

19:06:54.160 [AsyncHttpClient-1-5] DEBUG org.asynchttpclient.netty.channel.ChannelManager - Adding key: http://localhost:57437 for channel [id: 0xb13e53cf, L:/127.0.0.1:63748 - R:localhost/127.0.0.1:57437]
19:06:54.163 [Forwarding clearElement on session 2b1e40433400f2bf19b82eb7ba57fde5 to remote] DEBUG org.asynchttpclient.netty.request.NettyRequestSender - Using pooled Channel '[id: 0xb13e53cf, L:/127.0.0.1:63748 - R:localhost/127.0.0.1:57437]' for 'POST' to 'http://localhost:57437/session/2b1e40433400f2bf19b82eb7ba57fde5/element/7c405691-f1a5-4fc5-b8cd-ed080dd4fe83/clear'
19:06:54.163 [Forwarding clearElement on session 2b1e40433400f2bf19b82eb7ba57fde5 to remote] DEBUG org.asynchttpclient.netty.request.NettyRequestSender - Using open Channel [id: 0xb13e53cf, L:/127.0.0.1:63748 - R:localhost/127.0.0.1:57437] for POST '/session/2b1e40433400f2bf19b82eb7ba57fde5/element/7c405691-f1a5-4fc5-b8cd-ed080dd4fe83/clear'
19:06:54.239 [AsyncHttpClient-1-5] DEBUG org.asynchttpclient.netty.handler.HttpHandler - 

Request DefaultHttpRequest(decodeResult: success, version: HTTP/1.1)
POST /session/2b1e40433400f2bf19b82eb7ba57fde5/element/7c405691-f1a5-4fc5-b8cd-ed080dd4fe83/clear HTTP/1.1
User-Agent: selenium/4.1.2 (java windows)
Content-Length: 50
Content-Type: application/json; charset=utf-8
host: localhost:57437
accept: */*

Response DefaultHttpResponse(decodeResult: success, version: HTTP/1.1)
HTTP/1.1 200 OK
Content-Type: application/json; charset=utf-8
cache-control: no-cache
content-length: 14

19:06:54.240 [AsyncHttpClient-1-5] DEBUG org.asynchttpclient.netty.channel.ChannelManager - Adding key: http://localhost:57437 for channel [id: 0xb13e53cf, L:/127.0.0.1:63748 - R:localhost/127.0.0.1:57437]
19:06:54.250 [Forwarding sendKeysToElement on session 2b1e40433400f2bf19b82eb7ba57fde5 to remote] DEBUG org.asynchttpclient.netty.request.NettyRequestSender - Using pooled Channel '[id: 0xb13e53cf, L:/127.0.0.1:63748 - R:localhost/127.0.0.1:57437]' for 'POST' to 'http://localhost:57437/session/2b1e40433400f2bf19b82eb7ba57fde5/element/7c405691-f1a5-4fc5-b8cd-ed080dd4fe83/value'
19:06:54.250 [Forwarding sendKeysToElement on session 2b1e40433400f2bf19b82eb7ba57fde5 to remote] DEBUG org.asynchttpclient.netty.request.NettyRequestSender - Using open Channel [id: 0xb13e53cf, L:/127.0.0.1:63748 - R:localhost/127.0.0.1:57437] for POST '/session/2b1e40433400f2bf19b82eb7ba57fde5/element/7c405691-f1a5-4fc5-b8cd-ed080dd4fe83/value'
19:06:54.616 [AsyncHttpClient-1-5] DEBUG org.asynchttpclient.netty.handler.HttpHandler - 

Request DefaultHttpRequest(decodeResult: success, version: HTTP/1.1)
POST /session/2b1e40433400f2bf19b82eb7ba57fde5/element/7c405691-f1a5-4fc5-b8cd-ed080dd4fe83/value HTTP/1.1
User-Agent: selenium/4.1.2 (java windows)
Content-Length: 141
Content-Type: application/json; charset=utf-8
host: localhost:57437
accept: */*

Response DefaultHttpResponse(decodeResult: success, version: HTTP/1.1)
HTTP/1.1 200 OK
Content-Type: application/json; charset=utf-8
cache-control: no-cache
content-length: 14

19:06:54.616 [AsyncHttpClient-1-5] DEBUG org.asynchttpclient.netty.channel.ChannelManager - Adding key: http://localhost:57437 for channel [id: 0xb13e53cf, L:/127.0.0.1:63748 - R:localhost/127.0.0.1:57437]
19:06:54.640 [Forwarding screenshot on session 2b1e40433400f2bf19b82eb7ba57fde5 to remote] DEBUG org.asynchttpclient.netty.request.NettyRequestSender - Using pooled Channel '[id: 0xb13e53cf, L:/127.0.0.1:63748 - R:localhost/127.0.0.1:57437]' for 'GET' to 'http://localhost:57437/session/2b1e40433400f2bf19b82eb7ba57fde5/screenshot'
19:06:54.640 [Forwarding screenshot on session 2b1e40433400f2bf19b82eb7ba57fde5 to remote] DEBUG org.asynchttpclient.netty.request.NettyRequestSender - Using open Channel [id: 0xb13e53cf, L:/127.0.0.1:63748 - R:localhost/127.0.0.1:57437] for GET '/session/2b1e40433400f2bf19b82eb7ba57fde5/screenshot'
19:06:55.032 [AsyncHttpClient-1-1] DEBUG org.asynchttpclient.netty.channel.DefaultChannelPool - Entry count for : http://localhost:63749 : 1
19:06:55.091 [AsyncHttpClient-1-5] DEBUG org.asynchttpclient.netty.handler.HttpHandler - 

Request DefaultFullHttpRequest(decodeResult: success, version: HTTP/1.1, content: EmptyByteBufBE)
GET /session/2b1e40433400f2bf19b82eb7ba57fde5/screenshot HTTP/1.1
User-Agent: selenium/4.1.2 (java windows)
Cache-Control: no-cache
Content-Type: application/json; charset=utf-8
host: localhost:57437
accept: */*

Response DefaultHttpResponse(decodeResult: success, version: HTTP/1.1)
HTTP/1.1 200 OK
Content-Type: application/json; charset=utf-8
cache-control: no-cache
content-length: 315044

19:06:55.094 [AsyncHttpClient-1-5] DEBUG org.asynchttpclient.netty.channel.ChannelManager - Adding key: http://localhost:57437 for channel [id: 0xb13e53cf, L:/127.0.0.1:63748 - R:localhost/127.0.0.1:57437]
19:06:55.116 [main] DEBUG net.serenitybdd.core.photography.Darkroom - Send negative for processing for target\site\serenity\3654915e433a50264268c8a2688c4a50bf11e0f8ecb7cd88597a7e7eacb44891.png
19:06:55.117 [main] DEBUG net.thucydides.core.steps.StepInterceptor - STEP DONE: inputUsername
19:06:55.117 [Darkroom Processing Line] DEBUG net.serenitybdd.core.photography.DarkroomProcessingLine - Processing screenshot image in /var/screenshots/screenshot-1945873430959581103
19:06:55.117 [Darkroom Processing Line] DEBUG net.serenitybdd.core.photography.DarkroomProcessingLine - Saving screenshot to target\site\serenity\3654915e433a50264268c8a2688c4a50bf11e0f8ecb7cd88597a7e7eacb44891.png
  &amp#27;[32mWhen &amp#27;[0m&amp#27;[32mI input invalid username&amp#27;[0m                           &amp#27;[90m# starter.stepdefinitions.LoginSteps.iInputInvalidUsername()&amp#27;[0m
19:06:55.160 [main] DEBUG net.thucydides.core.steps.StepInterceptor - STARTING STEP: LoginSteps.inputPassword - inputPassword
19:06:55.169 [Forwarding findElement on session 2b1e40433400f2bf19b82eb7ba57fde5 to remote] DEBUG org.asynchttpclient.netty.request.NettyRequestSender - Using pooled Channel '[id: 0xb13e53cf, L:/127.0.0.1:63748 - R:localhost/127.0.0.1:57437]' for 'POST' to 'http://localhost:57437/session/2b1e40433400f2bf19b82eb7ba57fde5/element'
19:06:55.169 [Forwarding findElement on session 2b1e40433400f2bf19b82eb7ba57fde5 to remote] DEBUG org.asynchttpclient.netty.request.NettyRequestSender - Using open Channel [id: 0xb13e53cf, L:/127.0.0.1:63748 - R:localhost/127.0.0.1:57437] for POST '/session/2b1e40433400f2bf19b82eb7ba57fde5/element'
19:06:55.190 [AsyncHttpClient-1-5] DEBUG org.asynchttpclient.netty.handler.HttpHandler - 

Request DefaultHttpRequest(decodeResult: success, version: HTTP/1.1)
POST /session/2b1e40433400f2bf19b82eb7ba57fde5/element HTTP/1.1
User-Agent: selenium/4.1.2 (java windows)
Content-Length: 53
Content-Type: application/json; charset=utf-8
host: localhost:57437
accept: */*

Response DefaultHttpResponse(decodeResult: success, version: HTTP/1.1)
HTTP/1.1 200 OK
Content-Type: application/json; charset=utf-8
cache-control: no-cache
content-length: 88

19:06:55.191 [AsyncHttpClient-1-5] DEBUG org.asynchttpclient.netty.channel.ChannelManager - Adding key: http://localhost:57437 for channel [id: 0xb13e53cf, L:/127.0.0.1:63748 - R:localhost/127.0.0.1:57437]
19:06:55.193 [Forwarding clearElement on session 2b1e40433400f2bf19b82eb7ba57fde5 to remote] DEBUG org.asynchttpclient.netty.request.NettyRequestSender - Using pooled Channel '[id: 0xb13e53cf, L:/127.0.0.1:63748 - R:localhost/127.0.0.1:57437]' for 'POST' to 'http://localhost:57437/session/2b1e40433400f2bf19b82eb7ba57fde5/element/8dffb228-75f3-4dbe-86b8-bac74d76b0ac/clear'
19:06:55.194 [Forwarding clearElement on session 2b1e40433400f2bf19b82eb7ba57fde5 to remote] DEBUG org.asynchttpclient.netty.request.NettyRequestSender - Using open Channel [id: 0xb13e53cf, L:/127.0.0.1:63748 - R:localhost/127.0.0.1:57437] for POST '/session/2b1e40433400f2bf19b82eb7ba57fde5/element/8dffb228-75f3-4dbe-86b8-bac74d76b0ac/clear'
19:06:55.269 [AsyncHttpClient-1-5] DEBUG org.asynchttpclient.netty.handler.HttpHandler - 

Request DefaultHttpRequest(decodeResult: success, version: HTTP/1.1)
POST /session/2b1e40433400f2bf19b82eb7ba57fde5/element/8dffb228-75f3-4dbe-86b8-bac74d76b0ac/clear HTTP/1.1
User-Agent: selenium/4.1.2 (java windows)
Content-Length: 50
Content-Type: application/json; charset=utf-8
host: localhost:57437
accept: */*

Response DefaultHttpResponse(decodeResult: success, version: HTTP/1.1)
HTTP/1.1 200 OK
Content-Type: application/json; charset=utf-8
cache-control: no-cache
content-length: 14

19:06:55.270 [AsyncHttpClient-1-5] DEBUG org.asynchttpclient.netty.channel.ChannelManager - Adding key: http://localhost:57437 for channel [id: 0xb13e53cf, L:/127.0.0.1:63748 - R:localhost/127.0.0.1:57437]
19:06:55.275 [Forwarding sendKeysToElement on session 2b1e40433400f2bf19b82eb7ba57fde5 to remote] DEBUG org.asynchttpclient.netty.request.NettyRequestSender - Using pooled Channel '[id: 0xb13e53cf, L:/127.0.0.1:63748 - R:localhost/127.0.0.1:57437]' for 'POST' to 'http://localhost:57437/session/2b1e40433400f2bf19b82eb7ba57fde5/element/8dffb228-75f3-4dbe-86b8-bac74d76b0ac/value'
19:06:55.276 [Forwarding sendKeysToElement on session 2b1e40433400f2bf19b82eb7ba57fde5 to remote] DEBUG org.asynchttpclient.netty.request.NettyRequestSender - Using open Channel [id: 0xb13e53cf, L:/127.0.0.1:63748 - R:localhost/127.0.0.1:57437] for POST '/session/2b1e40433400f2bf19b82eb7ba57fde5/element/8dffb228-75f3-4dbe-86b8-bac74d76b0ac/value'
19:06:55.420 [AsyncHttpClient-1-5] DEBUG org.asynchttpclient.netty.handler.HttpHandler - 

Request DefaultHttpRequest(decodeResult: success, version: HTTP/1.1)
POST /session/2b1e40433400f2bf19b82eb7ba57fde5/element/8dffb228-75f3-4dbe-86b8-bac74d76b0ac/value HTTP/1.1
User-Agent: selenium/4.1.2 (java windows)
Content-Length: 161
Content-Type: application/json; charset=utf-8
host: localhost:57437
accept: */*

Response DefaultHttpResponse(decodeResult: success, version: HTTP/1.1)
HTTP/1.1 200 OK
Content-Type: application/json; charset=utf-8
cache-control: no-cache
content-length: 14

19:06:55.421 [AsyncHttpClient-1-5] DEBUG org.asynchttpclient.netty.channel.ChannelManager - Adding key: http://localhost:57437 for channel [id: 0xb13e53cf, L:/127.0.0.1:63748 - R:localhost/127.0.0.1:57437]
19:06:55.448 [Forwarding screenshot on session 2b1e40433400f2bf19b82eb7ba57fde5 to remote] DEBUG org.asynchttpclient.netty.request.NettyRequestSender - Using pooled Channel '[id: 0xb13e53cf, L:/127.0.0.1:63748 - R:localhost/127.0.0.1:57437]' for 'GET' to 'http://localhost:57437/session/2b1e40433400f2bf19b82eb7ba57fde5/screenshot'
19:06:55.448 [Forwarding screenshot on session 2b1e40433400f2bf19b82eb7ba57fde5 to remote] DEBUG org.asynchttpclient.netty.request.NettyRequestSender - Using open Channel [id: 0xb13e53cf, L:/127.0.0.1:63748 - R:localhost/127.0.0.1:57437] for GET '/session/2b1e40433400f2bf19b82eb7ba57fde5/screenshot'
19:06:55.806 [AsyncHttpClient-1-5] DEBUG org.asynchttpclient.netty.handler.HttpHandler - 

Request DefaultFullHttpRequest(decodeResult: success, version: HTTP/1.1, content: EmptyByteBufBE)
GET /session/2b1e40433400f2bf19b82eb7ba57fde5/screenshot HTTP/1.1
User-Agent: selenium/4.1.2 (java windows)
Cache-Control: no-cache
Content-Type: application/json; charset=utf-8
host: localhost:57437
accept: */*

Response DefaultHttpResponse(decodeResult: success, version: HTTP/1.1)
HTTP/1.1 200 OK
Content-Type: application/json; charset=utf-8
cache-control: no-cache
content-length: 312588

19:06:55.810 [AsyncHttpClient-1-5] DEBUG org.asynchttpclient.netty.channel.ChannelManager - Adding key: http://localhost:57437 for channel [id: 0xb13e53cf, L:/127.0.0.1:63748 - R:localhost/127.0.0.1:57437]
19:06:55.839 [main] DEBUG net.serenitybdd.core.photography.Darkroom - Send negative for processing for target\site\serenity\e6fbc191804cd5016388aa16d57a677449a23ac4b0c7ecc9610de7fc6bc068b5.png
19:06:55.840 [main] DEBUG net.thucydides.core.steps.StepInterceptor - STEP DONE: inputPassword
19:06:55.840 [Darkroom Processing Line] DEBUG net.serenitybdd.core.photography.DarkroomProcessingLine - Processing screenshot image in /var/screenshots/screenshot-4120565385769537985
  &amp#27;[32mAnd &amp#27;[0m&amp#27;[32mI input valid password&amp#27;[0m                              &amp#27;[90m# starter.stepdefinitions.LoginSteps.inputPassword()&amp#27;[0m
19:06:55.841 [Darkroom Processing Line] DEBUG net.serenitybdd.core.photography.DarkroomProcessingLine - Saving screenshot to target\site\serenity\e6fbc191804cd5016388aa16d57a677449a23ac4b0c7ecc9610de7fc6bc068b5.png
19:06:55.899 [Forwarding screenshot on session 2b1e40433400f2bf19b82eb7ba57fde5 to remote] DEBUG org.asynchttpclient.netty.request.NettyRequestSender - Using pooled Channel '[id: 0xb13e53cf, L:/127.0.0.1:63748 - R:localhost/127.0.0.1:57437]' for 'GET' to 'http://localhost:57437/session/2b1e40433400f2bf19b82eb7ba57fde5/screenshot'
19:06:55.899 [Forwarding screenshot on session 2b1e40433400f2bf19b82eb7ba57fde5 to remote] DEBUG org.asynchttpclient.netty.request.NettyRequestSender - Using open Channel [id: 0xb13e53cf, L:/127.0.0.1:63748 - R:localhost/127.0.0.1:57437] for GET '/session/2b1e40433400f2bf19b82eb7ba57fde5/screenshot'
19:06:56.141 [AsyncHttpClient-1-1] DEBUG org.asynchttpclient.netty.channel.DefaultChannelPool - Entry count for : http://localhost:63749 : 1
19:06:56.238 [AsyncHttpClient-1-5] DEBUG org.asynchttpclient.netty.handler.HttpHandler - 

Request DefaultFullHttpRequest(decodeResult: success, version: HTTP/1.1, content: EmptyByteBufBE)
GET /session/2b1e40433400f2bf19b82eb7ba57fde5/screenshot HTTP/1.1
User-Agent: selenium/4.1.2 (java windows)
Cache-Control: no-cache
Content-Type: application/json; charset=utf-8
host: localhost:57437
accept: */*

Response DefaultHttpResponse(decodeResult: success, version: HTTP/1.1)
HTTP/1.1 200 OK
Content-Type: application/json; charset=utf-8
cache-control: no-cache
content-length: 312588

19:06:56.241 [AsyncHttpClient-1-5] DEBUG org.asynchttpclient.netty.channel.ChannelManager - Adding key: http://localhost:57437 for channel [id: 0xb13e53cf, L:/127.0.0.1:63748 - R:localhost/127.0.0.1:57437]
19:06:56.277 [main] DEBUG net.serenitybdd.core.photography.Darkroom - Send negative for processing for target\site\serenity\e6fbc191804cd5016388aa16d57a677449a23ac4b0c7ecc9610de7fc6bc068b5.png
19:06:56.278 [main] DEBUG net.thucydides.core.steps.StepInterceptor - STARTING STEP: LoginSteps.clickLoginButton - clickLoginButton
19:06:56.288 [Forwarding findElement on session 2b1e40433400f2bf19b82eb7ba57fde5 to remote] DEBUG org.asynchttpclient.netty.request.NettyRequestSender - Using pooled Channel '[id: 0xb13e53cf, L:/127.0.0.1:63748 - R:localhost/127.0.0.1:57437]' for 'POST' to 'http://localhost:57437/session/2b1e40433400f2bf19b82eb7ba57fde5/element'
19:06:56.288 [Forwarding findElement on session 2b1e40433400f2bf19b82eb7ba57fde5 to remote] DEBUG org.asynchttpclient.netty.request.NettyRequestSender - Using open Channel [id: 0xb13e53cf, L:/127.0.0.1:63748 - R:localhost/127.0.0.1:57437] for POST '/session/2b1e40433400f2bf19b82eb7ba57fde5/element'
19:06:56.316 [AsyncHttpClient-1-5] DEBUG org.asynchttpclient.netty.handler.HttpHandler - 

Request DefaultHttpRequest(decodeResult: success, version: HTTP/1.1)
POST /session/2b1e40433400f2bf19b82eb7ba57fde5/element HTTP/1.1
User-Agent: selenium/4.1.2 (java windows)
Content-Length: 50
Content-Type: application/json; charset=utf-8
host: localhost:57437
accept: */*

Response DefaultHttpResponse(decodeResult: success, version: HTTP/1.1)
HTTP/1.1 200 OK
Content-Type: application/json; charset=utf-8
cache-control: no-cache
content-length: 88

19:06:56.316 [AsyncHttpClient-1-5] DEBUG org.asynchttpclient.netty.channel.ChannelManager - Adding key: http://localhost:57437 for channel [id: 0xb13e53cf, L:/127.0.0.1:63748 - R:localhost/127.0.0.1:57437]
19:06:56.319 [Forwarding getElementTagName on session 2b1e40433400f2bf19b82eb7ba57fde5 to remote] DEBUG org.asynchttpclient.netty.request.NettyRequestSender - Using pooled Channel '[id: 0xb13e53cf, L:/127.0.0.1:63748 - R:localhost/127.0.0.1:57437]' for 'GET' to 'http://localhost:57437/session/2b1e40433400f2bf19b82eb7ba57fde5/element/2bfd6f3b-6f92-4e1f-bb6d-90c2940ccf45/name'
19:06:56.319 [Forwarding getElementTagName on session 2b1e40433400f2bf19b82eb7ba57fde5 to remote] DEBUG org.asynchttpclient.netty.request.NettyRequestSender - Using open Channel [id: 0xb13e53cf, L:/127.0.0.1:63748 - R:localhost/127.0.0.1:57437] for GET '/session/2b1e40433400f2bf19b82eb7ba57fde5/element/2bfd6f3b-6f92-4e1f-bb6d-90c2940ccf45/name'
19:06:56.334 [AsyncHttpClient-1-5] DEBUG org.asynchttpclient.netty.handler.HttpHandler - 

Request DefaultFullHttpRequest(decodeResult: success, version: HTTP/1.1, content: EmptyByteBufBE)
GET /session/2b1e40433400f2bf19b82eb7ba57fde5/element/2bfd6f3b-6f92-4e1f-bb6d-90c2940ccf45/name HTTP/1.1
User-Agent: selenium/4.1.2 (java windows)
Cache-Control: no-cache
Content-Type: application/json; charset=utf-8
host: localhost:57437
accept: */*

Response DefaultHttpResponse(decodeResult: success, version: HTTP/1.1)
HTTP/1.1 200 OK
Content-Type: application/json; charset=utf-8
cache-control: no-cache
content-length: 18

19:06:56.335 [AsyncHttpClient-1-5] DEBUG org.asynchttpclient.netty.channel.ChannelManager - Adding key: http://localhost:57437 for channel [id: 0xb13e53cf, L:/127.0.0.1:63748 - R:localhost/127.0.0.1:57437]
19:06:56.340 [Forwarding getElementTagName on session 2b1e40433400f2bf19b82eb7ba57fde5 to remote] DEBUG org.asynchttpclient.netty.request.NettyRequestSender - Using pooled Channel '[id: 0xb13e53cf, L:/127.0.0.1:63748 - R:localhost/127.0.0.1:57437]' for 'GET' to 'http://localhost:57437/session/2b1e40433400f2bf19b82eb7ba57fde5/element/2bfd6f3b-6f92-4e1f-bb6d-90c2940ccf45/name'
19:06:56.341 [Forwarding getElementTagName on session 2b1e40433400f2bf19b82eb7ba57fde5 to remote] DEBUG org.asynchttpclient.netty.request.NettyRequestSender - Using open Channel [id: 0xb13e53cf, L:/127.0.0.1:63748 - R:localhost/127.0.0.1:57437] for GET '/session/2b1e40433400f2bf19b82eb7ba57fde5/element/2bfd6f3b-6f92-4e1f-bb6d-90c2940ccf45/name'
19:06:56.349 [AsyncHttpClient-1-5] DEBUG org.asynchttpclient.netty.handler.HttpHandler - 

Request DefaultFullHttpRequest(decodeResult: success, version: HTTP/1.1, content: EmptyByteBufBE)
GET /session/2b1e40433400f2bf19b82eb7ba57fde5/element/2bfd6f3b-6f92-4e1f-bb6d-90c2940ccf45/name HTTP/1.1
User-Agent: selenium/4.1.2 (java windows)
Cache-Control: no-cache
Content-Type: application/json; charset=utf-8
host: localhost:57437
accept: */*

Response DefaultHttpResponse(decodeResult: success, version: HTTP/1.1)
HTTP/1.1 200 OK
Content-Type: application/json; charset=utf-8
cache-control: no-cache
content-length: 18

19:06:56.349 [AsyncHttpClient-1-5] DEBUG org.asynchttpclient.netty.channel.ChannelManager - Adding key: http://localhost:57437 for channel [id: 0xb13e53cf, L:/127.0.0.1:63748 - R:localhost/127.0.0.1:57437]
19:06:56.356 [Forwarding isElementEnabled on session 2b1e40433400f2bf19b82eb7ba57fde5 to remote] DEBUG org.asynchttpclient.netty.request.NettyRequestSender - Using pooled Channel '[id: 0xb13e53cf, L:/127.0.0.1:63748 - R:localhost/127.0.0.1:57437]' for 'GET' to 'http://localhost:57437/session/2b1e40433400f2bf19b82eb7ba57fde5/element/2bfd6f3b-6f92-4e1f-bb6d-90c2940ccf45/enabled'
19:06:56.356 [Forwarding isElementEnabled on session 2b1e40433400f2bf19b82eb7ba57fde5 to remote] DEBUG org.asynchttpclient.netty.request.NettyRequestSender - Using open Channel [id: 0xb13e53cf, L:/127.0.0.1:63748 - R:localhost/127.0.0.1:57437] for GET '/session/2b1e40433400f2bf19b82eb7ba57fde5/element/2bfd6f3b-6f92-4e1f-bb6d-90c2940ccf45/enabled'
19:06:56.377 [AsyncHttpClient-1-5] DEBUG org.asynchttpclient.netty.handler.HttpHandler - 

Request DefaultFullHttpRequest(decodeResult: success, version: HTTP/1.1, content: EmptyByteBufBE)
GET /session/2b1e40433400f2bf19b82eb7ba57fde5/element/2bfd6f3b-6f92-4e1f-bb6d-90c2940ccf45/enabled HTTP/1.1
User-Agent: selenium/4.1.2 (java windows)
Cache-Control: no-cache
Content-Type: application/json; charset=utf-8
host: localhost:57437
accept: */*

Response DefaultHttpResponse(decodeResult: success, version: HTTP/1.1)
HTTP/1.1 200 OK
Content-Type: application/json; charset=utf-8
cache-control: no-cache
content-length: 14

19:06:56.378 [AsyncHttpClient-1-5] DEBUG org.asynchttpclient.netty.channel.ChannelManager - Adding key: http://localhost:57437 for channel [id: 0xb13e53cf, L:/127.0.0.1:63748 - R:localhost/127.0.0.1:57437]
19:06:56.383 [Forwarding isElementEnabled on session 2b1e40433400f2bf19b82eb7ba57fde5 to remote] DEBUG org.asynchttpclient.netty.request.NettyRequestSender - Using pooled Channel '[id: 0xb13e53cf, L:/127.0.0.1:63748 - R:localhost/127.0.0.1:57437]' for 'GET' to 'http://localhost:57437/session/2b1e40433400f2bf19b82eb7ba57fde5/element/2bfd6f3b-6f92-4e1f-bb6d-90c2940ccf45/enabled'
19:06:56.384 [Forwarding isElementEnabled on session 2b1e40433400f2bf19b82eb7ba57fde5 to remote] DEBUG org.asynchttpclient.netty.request.NettyRequestSender - Using open Channel [id: 0xb13e53cf, L:/127.0.0.1:63748 - R:localhost/127.0.0.1:57437] for GET '/session/2b1e40433400f2bf19b82eb7ba57fde5/element/2bfd6f3b-6f92-4e1f-bb6d-90c2940ccf45/enabled'
19:06:56.408 [AsyncHttpClient-1-5] DEBUG org.asynchttpclient.netty.handler.HttpHandler - 

Request DefaultFullHttpRequest(decodeResult: success, version: HTTP/1.1, content: EmptyByteBufBE)
GET /session/2b1e40433400f2bf19b82eb7ba57fde5/element/2bfd6f3b-6f92-4e1f-bb6d-90c2940ccf45/enabled HTTP/1.1
User-Agent: selenium/4.1.2 (java windows)
Cache-Control: no-cache
Content-Type: application/json; charset=utf-8
host: localhost:57437
accept: */*

Response DefaultHttpResponse(decodeResult: success, version: HTTP/1.1)
HTTP/1.1 200 OK
Content-Type: application/json; charset=utf-8
cache-control: no-cache
content-length: 14

19:06:56.408 [AsyncHttpClient-1-5] DEBUG org.asynchttpclient.netty.channel.ChannelManager - Adding key: http://localhost:57437 for channel [id: 0xb13e53cf, L:/127.0.0.1:63748 - R:localhost/127.0.0.1:57437]
19:06:56.415 [Forwarding findElement on session 2b1e40433400f2bf19b82eb7ba57fde5 to remote] DEBUG org.asynchttpclient.netty.request.NettyRequestSender - Using pooled Channel '[id: 0xb13e53cf, L:/127.0.0.1:63748 - R:localhost/127.0.0.1:57437]' for 'POST' to 'http://localhost:57437/session/2b1e40433400f2bf19b82eb7ba57fde5/element'
19:06:56.415 [Forwarding findElement on session 2b1e40433400f2bf19b82eb7ba57fde5 to remote] DEBUG org.asynchttpclient.netty.request.NettyRequestSender - Using open Channel [id: 0xb13e53cf, L:/127.0.0.1:63748 - R:localhost/127.0.0.1:57437] for POST '/session/2b1e40433400f2bf19b82eb7ba57fde5/element'
19:06:56.454 [AsyncHttpClient-1-5] DEBUG org.asynchttpclient.netty.handler.HttpHandler - 

Request DefaultHttpRequest(decodeResult: success, version: HTTP/1.1)
POST /session/2b1e40433400f2bf19b82eb7ba57fde5/element HTTP/1.1
User-Agent: selenium/4.1.2 (java windows)
Content-Length: 50
Content-Type: application/json; charset=utf-8
host: localhost:57437
accept: */*

Response DefaultHttpResponse(decodeResult: success, version: HTTP/1.1)
HTTP/1.1 200 OK
Content-Type: application/json; charset=utf-8
cache-control: no-cache
content-length: 88

19:06:56.455 [AsyncHttpClient-1-5] DEBUG org.asynchttpclient.netty.channel.ChannelManager - Adding key: http://localhost:57437 for channel [id: 0xb13e53cf, L:/127.0.0.1:63748 - R:localhost/127.0.0.1:57437]
19:06:56.461 [Forwarding clickElement on session 2b1e40433400f2bf19b82eb7ba57fde5 to remote] DEBUG org.asynchttpclient.netty.request.NettyRequestSender - Using pooled Channel '[id: 0xb13e53cf, L:/127.0.0.1:63748 - R:localhost/127.0.0.1:57437]' for 'POST' to 'http://localhost:57437/session/2b1e40433400f2bf19b82eb7ba57fde5/element/2bfd6f3b-6f92-4e1f-bb6d-90c2940ccf45/click'
19:06:56.461 [Forwarding clickElement on session 2b1e40433400f2bf19b82eb7ba57fde5 to remote] DEBUG org.asynchttpclient.netty.request.NettyRequestSender - Using open Channel [id: 0xb13e53cf, L:/127.0.0.1:63748 - R:localhost/127.0.0.1:57437] for POST '/session/2b1e40433400f2bf19b82eb7ba57fde5/element/2bfd6f3b-6f92-4e1f-bb6d-90c2940ccf45/click'
19:06:56.567 [AsyncHttpClient-1-5] DEBUG org.asynchttpclient.netty.handler.HttpHandler - 

Request DefaultHttpRequest(decodeResult: success, version: HTTP/1.1)
POST /session/2b1e40433400f2bf19b82eb7ba57fde5/element/2bfd6f3b-6f92-4e1f-bb6d-90c2940ccf45/click HTTP/1.1
User-Agent: selenium/4.1.2 (java windows)
Content-Length: 50
Content-Type: application/json; charset=utf-8
host: localhost:57437
accept: */*

Response DefaultHttpResponse(decodeResult: success, version: HTTP/1.1)
HTTP/1.1 200 OK
Content-Type: application/json; charset=utf-8
cache-control: no-cache
content-length: 14

19:06:56.568 [AsyncHttpClient-1-5] DEBUG org.asynchttpclient.netty.channel.ChannelManager - Adding key: http://localhost:57437 for channel [id: 0xb13e53cf, L:/127.0.0.1:63748 - R:localhost/127.0.0.1:57437]
19:06:56.651 [Forwarding screenshot on session 2b1e40433400f2bf19b82eb7ba57fde5 to remote] DEBUG org.asynchttpclient.netty.request.NettyRequestSender - Using pooled Channel '[id: 0xb13e53cf, L:/127.0.0.1:63748 - R:localhost/127.0.0.1:57437]' for 'GET' to 'http://localhost:57437/session/2b1e40433400f2bf19b82eb7ba57fde5/screenshot'
19:06:56.651 [Forwarding screenshot on session 2b1e40433400f2bf19b82eb7ba57fde5 to remote] DEBUG org.asynchttpclient.netty.request.NettyRequestSender - Using open Channel [id: 0xb13e53cf, L:/127.0.0.1:63748 - R:localhost/127.0.0.1:57437] for GET '/session/2b1e40433400f2bf19b82eb7ba57fde5/screenshot'
19:06:57.026 [AsyncHttpClient-1-5] DEBUG org.asynchttpclient.netty.handler.HttpHandler - 

Request DefaultFullHttpRequest(decodeResult: success, version: HTTP/1.1, content: EmptyByteBufBE)
GET /session/2b1e40433400f2bf19b82eb7ba57fde5/screenshot HTTP/1.1
User-Agent: selenium/4.1.2 (java windows)
Cache-Control: no-cache
Content-Type: application/json; charset=utf-8
host: localhost:57437
accept: */*

Response DefaultHttpResponse(decodeResult: success, version: HTTP/1.1)
HTTP/1.1 200 OK
Content-Type: application/json; charset=utf-8
cache-control: no-cache
content-length: 288124

19:06:57.030 [AsyncHttpClient-1-5] DEBUG org.asynchttpclient.netty.channel.ChannelManager - Adding key: http://localhost:57437 for channel [id: 0xb13e53cf, L:/127.0.0.1:63748 - R:localhost/127.0.0.1:57437]
19:06:57.056 [main] DEBUG net.serenitybdd.core.photography.Darkroom - Send negative for processing for target\site\serenity\b54cdd72c6771b28e310b103b9857aff8ec3dd87f5e795aefc280a2730f45a37.png
19:06:57.057 [main] DEBUG net.thucydides.core.steps.StepInterceptor - STEP DONE: clickLoginButton
  &amp#27;[32mAnd &amp#27;[0m&amp#27;[32mI click login button&amp#27;[0m                                &amp#27;[90m# starter.stepdefinitions.LoginSteps.clickLoginButton()&amp#27;[0m
19:06:57.058 [Darkroom Processing Line] DEBUG net.serenitybdd.core.photography.DarkroomProcessingLine - Processing screenshot image in /var/screenshots/screenshot-1381094471414674138
19:06:57.058 [Darkroom Processing Line] DEBUG net.serenitybdd.core.photography.DarkroomProcessingLine - Saving screenshot to target\site\serenity\b54cdd72c6771b28e310b103b9857aff8ec3dd87f5e795aefc280a2730f45a37.png
19:06:57.106 [main] DEBUG net.thucydides.core.steps.StepInterceptor - STARTING STEP: LoginSteps.showErrorMessage - showErrorMessage
19:06:57.112 [Forwarding findElement on session 2b1e40433400f2bf19b82eb7ba57fde5 to remote] DEBUG org.asynchttpclient.netty.request.NettyRequestSender - Using pooled Channel '[id: 0xb13e53cf, L:/127.0.0.1:63748 - R:localhost/127.0.0.1:57437]' for 'POST' to 'http://localhost:57437/session/2b1e40433400f2bf19b82eb7ba57fde5/element'
19:06:57.113 [Forwarding findElement on session 2b1e40433400f2bf19b82eb7ba57fde5 to remote] DEBUG org.asynchttpclient.netty.request.NettyRequestSender - Using open Channel [id: 0xb13e53cf, L:/127.0.0.1:63748 - R:localhost/127.0.0.1:57437] for POST '/session/2b1e40433400f2bf19b82eb7ba57fde5/element'
19:06:57.153 [AsyncHttpClient-1-5] DEBUG org.asynchttpclient.netty.handler.HttpHandler - 

Request DefaultHttpRequest(decodeResult: success, version: HTTP/1.1)
POST /session/2b1e40433400f2bf19b82eb7ba57fde5/element HTTP/1.1
User-Agent: selenium/4.1.2 (java windows)
Content-Length: 49
Content-Type: application/json; charset=utf-8
host: localhost:57437
accept: */*

Response DefaultHttpResponse(decodeResult: success, version: HTTP/1.1)
HTTP/1.1 200 OK
Content-Type: application/json; charset=utf-8
cache-control: no-cache
content-length: 88

19:06:57.153 [AsyncHttpClient-1-5] DEBUG org.asynchttpclient.netty.channel.ChannelManager - Adding key: http://localhost:57437 for channel [id: 0xb13e53cf, L:/127.0.0.1:63748 - R:localhost/127.0.0.1:57437]
19:06:57.168 [Forwarding isElementDisplayed on session 2b1e40433400f2bf19b82eb7ba57fde5 to remote] DEBUG org.asynchttpclient.netty.request.NettyRequestSender - Using pooled Channel '[id: 0xb13e53cf, L:/127.0.0.1:63748 - R:localhost/127.0.0.1:57437]' for 'POST' to 'http://localhost:57437/session/2b1e40433400f2bf19b82eb7ba57fde5/execute/sync'
19:06:57.168 [Forwarding isElementDisplayed on session 2b1e40433400f2bf19b82eb7ba57fde5 to remote] DEBUG org.asynchttpclient.netty.request.NettyRequestSender - Using open Channel [id: 0xb13e53cf, L:/127.0.0.1:63748 - R:localhost/127.0.0.1:57437] for POST '/session/2b1e40433400f2bf19b82eb7ba57fde5/execute/sync'
19:06:57.209 [AsyncHttpClient-1-5] DEBUG org.asynchttpclient.netty.handler.HttpHandler - 

Request DefaultHttpRequest(decodeResult: success, version: HTTP/1.1)
POST /session/2b1e40433400f2bf19b82eb7ba57fde5/execute/sync HTTP/1.1
User-Agent: selenium/4.1.2 (java windows)
Content-Length: 48780
Content-Type: application/json; charset=utf-8
host: localhost:57437
accept: */*

Response DefaultHttpResponse(decodeResult: success, version: HTTP/1.1)
HTTP/1.1 200 OK
Content-Type: application/json; charset=utf-8
cache-control: no-cache
content-length: 14

19:06:57.209 [AsyncHttpClient-1-5] DEBUG org.asynchttpclient.netty.channel.ChannelManager - Adding key: http://localhost:57437 for channel [id: 0xb13e53cf, L:/127.0.0.1:63748 - R:localhost/127.0.0.1:57437]
19:06:57.223 [Forwarding screenshot on session 2b1e40433400f2bf19b82eb7ba57fde5 to remote] DEBUG org.asynchttpclient.netty.request.NettyRequestSender - Using pooled Channel '[id: 0xb13e53cf, L:/127.0.0.1:63748 - R:localhost/127.0.0.1:57437]' for 'GET' to 'http://localhost:57437/session/2b1e40433400f2bf19b82eb7ba57fde5/screenshot'
19:06:57.224 [Forwarding screenshot on session 2b1e40433400f2bf19b82eb7ba57fde5 to remote] DEBUG org.asynchttpclient.netty.request.NettyRequestSender - Using open Channel [id: 0xb13e53cf, L:/127.0.0.1:63748 - R:localhost/127.0.0.1:57437] for GET '/session/2b1e40433400f2bf19b82eb7ba57fde5/screenshot'
19:06:57.240 [AsyncHttpClient-1-1] DEBUG org.asynchttpclient.netty.channel.DefaultChannelPool - Entry count for : http://localhost:63749 : 1
19:06:57.593 [AsyncHttpClient-1-5] DEBUG org.asynchttpclient.netty.handler.HttpHandler - 

Request DefaultFullHttpRequest(decodeResult: success, version: HTTP/1.1, content: EmptyByteBufBE)
GET /session/2b1e40433400f2bf19b82eb7ba57fde5/screenshot HTTP/1.1
User-Agent: selenium/4.1.2 (java windows)
Cache-Control: no-cache
Content-Type: application/json; charset=utf-8
host: localhost:57437
accept: */*

Response DefaultHttpResponse(decodeResult: success, version: HTTP/1.1)
HTTP/1.1 200 OK
Content-Type: application/json; charset=utf-8
cache-control: no-cache
content-length: 313252

19:06:57.597 [AsyncHttpClient-1-5] DEBUG org.asynchttpclient.netty.channel.ChannelManager - Adding key: http://localhost:57437 for channel [id: 0xb13e53cf, L:/127.0.0.1:63748 - R:localhost/127.0.0.1:57437]
19:06:57.640 [main] DEBUG net.serenitybdd.core.photography.Darkroom - Send negative for processing for target\site\serenity\ccdb7724b95a1d089b7dbd3963a85e08a92d78329e1fbac2430729984bea682f.png
19:06:57.642 [Darkroom Processing Line] DEBUG net.serenitybdd.core.photography.DarkroomProcessingLine - Processing screenshot image in /var/screenshots/screenshot-7766209977624891936
19:06:57.642 [Darkroom Processing Line] DEBUG net.serenitybdd.core.photography.DarkroomProcessingLine - Saving screenshot to target\site\serenity\ccdb7724b95a1d089b7dbd3963a85e08a92d78329e1fbac2430729984bea682f.png
19:06:57.642 [main] DEBUG net.thucydides.core.steps.StepInterceptor - STEP DONE: showErrorMessage
19:06:57.666 [main] DEBUG net.thucydides.core.steps.StepInterceptor - STARTING STEP: LoginSteps.showErrorMessage - verify
19:06:57.674 [Forwarding findElement on session 2b1e40433400f2bf19b82eb7ba57fde5 to remote] DEBUG org.asynchttpclient.netty.request.NettyRequestSender - Using pooled Channel '[id: 0xb13e53cf, L:/127.0.0.1:63748 - R:localhost/127.0.0.1:57437]' for 'POST' to 'http://localhost:57437/session/2b1e40433400f2bf19b82eb7ba57fde5/element'
19:06:57.674 [Forwarding findElement on session 2b1e40433400f2bf19b82eb7ba57fde5 to remote] DEBUG org.asynchttpclient.netty.request.NettyRequestSender - Using open Channel [id: 0xb13e53cf, L:/127.0.0.1:63748 - R:localhost/127.0.0.1:57437] for POST '/session/2b1e40433400f2bf19b82eb7ba57fde5/element'
19:06:57.695 [AsyncHttpClient-1-5] DEBUG org.asynchttpclient.netty.handler.HttpHandler - 

Request DefaultHttpRequest(decodeResult: success, version: HTTP/1.1)
POST /session/2b1e40433400f2bf19b82eb7ba57fde5/element HTTP/1.1
User-Agent: selenium/4.1.2 (java windows)
Content-Length: 49
Content-Type: application/json; charset=utf-8
host: localhost:57437
accept: */*

Response DefaultHttpResponse(decodeResult: success, version: HTTP/1.1)
HTTP/1.1 200 OK
Content-Type: application/json; charset=utf-8
cache-control: no-cache
content-length: 88

19:06:57.696 [AsyncHttpClient-1-5] DEBUG org.asynchttpclient.netty.channel.ChannelManager - Adding key: http://localhost:57437 for channel [id: 0xb13e53cf, L:/127.0.0.1:63748 - R:localhost/127.0.0.1:57437]
19:06:57.699 [Forwarding getElementText on session 2b1e40433400f2bf19b82eb7ba57fde5 to remote] DEBUG org.asynchttpclient.netty.request.NettyRequestSender - Using pooled Channel '[id: 0xb13e53cf, L:/127.0.0.1:63748 - R:localhost/127.0.0.1:57437]' for 'GET' to 'http://localhost:57437/session/2b1e40433400f2bf19b82eb7ba57fde5/element/c4eab2ec-fc09-445d-8894-dc18b0066b86/text'
19:06:57.700 [Forwarding getElementText on session 2b1e40433400f2bf19b82eb7ba57fde5 to remote] DEBUG org.asynchttpclient.netty.request.NettyRequestSender - Using open Channel [id: 0xb13e53cf, L:/127.0.0.1:63748 - R:localhost/127.0.0.1:57437] for GET '/session/2b1e40433400f2bf19b82eb7ba57fde5/element/c4eab2ec-fc09-445d-8894-dc18b0066b86/text'
19:06:57.744 [AsyncHttpClient-1-5] DEBUG org.asynchttpclient.netty.handler.HttpHandler - 

Request DefaultFullHttpRequest(decodeResult: success, version: HTTP/1.1, content: EmptyByteBufBE)
GET /session/2b1e40433400f2bf19b82eb7ba57fde5/element/c4eab2ec-fc09-445d-8894-dc18b0066b86/text HTTP/1.1
User-Agent: selenium/4.1.2 (java windows)
Cache-Control: no-cache
Content-Type: application/json; charset=utf-8
host: localhost:57437
accept: */*

Response DefaultHttpResponse(decodeResult: success, version: HTTP/1.1)
HTTP/1.1 200 OK
Content-Type: application/json; charset=utf-8
cache-control: no-cache
content-length: 41

19:06:57.745 [AsyncHttpClient-1-5] DEBUG org.asynchttpclient.netty.channel.ChannelManager - Adding key: http://localhost:57437 for channel [id: 0xb13e53cf, L:/127.0.0.1:63748 - R:localhost/127.0.0.1:57437]
19:06:57.763 [Forwarding screenshot on session 2b1e40433400f2bf19b82eb7ba57fde5 to remote] DEBUG org.asynchttpclient.netty.request.NettyRequestSender - Using pooled Channel '[id: 0xb13e53cf, L:/127.0.0.1:63748 - R:localhost/127.0.0.1:57437]' for 'GET' to 'http://localhost:57437/session/2b1e40433400f2bf19b82eb7ba57fde5/screenshot'
19:06:57.764 [Forwarding screenshot on session 2b1e40433400f2bf19b82eb7ba57fde5 to remote] DEBUG org.asynchttpclient.netty.request.NettyRequestSender - Using open Channel [id: 0xb13e53cf, L:/127.0.0.1:63748 - R:localhost/127.0.0.1:57437] for GET '/session/2b1e40433400f2bf19b82eb7ba57fde5/screenshot'
19:06:58.171 [AsyncHttpClient-1-5] DEBUG org.asynchttpclient.netty.handler.HttpHandler - 

Request DefaultFullHttpRequest(decodeResult: success, version: HTTP/1.1, content: EmptyByteBufBE)
GET /session/2b1e40433400f2bf19b82eb7ba57fde5/screenshot HTTP/1.1
User-Agent: selenium/4.1.2 (java windows)
Cache-Control: no-cache
Content-Type: application/json; charset=utf-8
host: localhost:57437
accept: */*

Response DefaultHttpResponse(decodeResult: success, version: HTTP/1.1)
HTTP/1.1 200 OK
Content-Type: application/json; charset=utf-8
cache-control: no-cache
content-length: 313252

19:06:58.173 [AsyncHttpClient-1-5] DEBUG org.asynchttpclient.netty.channel.ChannelManager - Adding key: http://localhost:57437 for channel [id: 0xb13e53cf, L:/127.0.0.1:63748 - R:localhost/127.0.0.1:57437]
19:06:58.200 [main] DEBUG net.serenitybdd.core.photography.Darkroom - Send negative for processing for target\site\serenity\ccdb7724b95a1d089b7dbd3963a85e08a92d78329e1fbac2430729984bea682f.png
19:06:58.201 [main] DEBUG net.thucydides.core.steps.StepInterceptor - STEP DONE: verify
  &amp#27;[32mThen &amp#27;[0m&amp#27;[32mShow error message &amp#27;[0m&amp#27;[32m&amp#27;[1m"Invalid username or password!"&amp#27;[0m &amp#27;[90m# starter.stepdefinitions.LoginSteps.showErrorMessage(java.lang.String)&amp#27;[0m
19:06:58.215 [main] INFO  - 
  _____   ___   ___   _____     ___     _     ___   ___   ___   ___  
 |_   _| | __| / __| |_   _|   | _ \   /_\   / __| / __| | __| |   \ 
   | |   | _|  \__ \   | |     |  _/  / _ \  \__ \ \__ \ | _|  | |) |
   |_|   |___| |___/   |_|     |_|   /_/ \_\ |___/ |___/ |___| |___/ 

As user, I have be unable login
----------------------------------------------------------------------
19:06:58.218 [AsyncHttpClient-1-7] DEBUG org.asynchttpclient.netty.handler.WebSocketHandler - Channel Closed: [id: 0x03b26474, L:/127.0.0.1:63758 ! R:localhost/127.0.0.1:63749] with attribute NettyResponseFuture{currentRetry=5,
	isDone=1,
	isCancelled=0,
	asyncHandler=org.asynchttpclient.ws.WebSocketUpgradeHandler@2121f8a3,
	nettyRequest=org.asynchttpclient.netty.request.NettyRequest@642362e3,
	future=java.util.concurrent.CompletableFuture@38332bf[Completed normally],
	uri=ws://localhost:63749/devtools/browser/0c4cf0d2-0060-49e9-a55b-191fb14842e1,
	keepAlive=true,
	redirectCount=0,
	timeoutsHolder=null,
	inAuth=0,
	touch=1648642004442}
19:06:58.218 [AsyncHttpClient-1-7] DEBUG org.asynchttpclient.netty.channel.ChannelManager - Closing Channel [id: 0x03b26474, L:/127.0.0.1:63758 ! R:localhost/127.0.0.1:63749] 
19:06:58.219 [Driver Command Executor] DEBUG org.asynchttpclient.netty.request.NettyRequestSender - Using pooled Channel '[id: 0xb13e53cf, L:/127.0.0.1:63748 - R:localhost/127.0.0.1:57437]' for 'DELETE' to 'http://localhost:57437/session/2b1e40433400f2bf19b82eb7ba57fde5'
19:06:58.219 [Driver Command Executor] DEBUG org.asynchttpclient.netty.request.NettyRequestSender - Using open Channel [id: 0xb13e53cf, L:/127.0.0.1:63748 - R:localhost/127.0.0.1:57437] for DELETE '/session/2b1e40433400f2bf19b82eb7ba57fde5'
19:06:58.342 [AsyncHttpClient-1-1] DEBUG org.asynchttpclient.netty.channel.DefaultChannelPool - Entry count for : http://localhost:63749 : 1
19:06:58.709 [AsyncHttpClient-1-6] DEBUG org.asynchttpclient.netty.handler.HttpHandler - Unexpected I/O exception on channel [id: 0x2ff53b3c, L:/127.0.0.1:63757 - R:localhost/127.0.0.1:63749]
java.io.IOException: An existing connection was forcibly closed by the remote host
	at sun.nio.ch.SocketDispatcher.read0(Native Method)
	at sun.nio.ch.SocketDispatcher.read(SocketDispatcher.java:43)
	at sun.nio.ch.IOUtil.readIntoNativeBuffer(IOUtil.java:223)
	at sun.nio.ch.IOUtil.read(IOUtil.java:192)
	at sun.nio.ch.SocketChannelImpl.read(SocketChannelImpl.java:380)
	at io.netty.buffer.PooledByteBuf.setBytes(PooledByteBuf.java:258)
	at io.netty.buffer.AbstractByteBuf.writeBytes(AbstractByteBuf.java:1132)
	at io.netty.channel.socket.nio.NioSocketChannel.doReadBytes(NioSocketChannel.java:350)
	at io.netty.channel.nio.AbstractNioByteChannel$NioByteUnsafe.read(AbstractNioByteChannel.java:151)
	at io.netty.channel.nio.NioEventLoop.processSelectedKey(NioEventLoop.java:722)
	at io.netty.channel.nio.NioEventLoop.processSelectedKeysOptimized(NioEventLoop.java:658)
	at io.netty.channel.nio.NioEventLoop.processSelectedKeys(NioEventLoop.java:584)
	at io.netty.channel.nio.NioEventLoop.run(NioEventLoop.java:496)
	at io.netty.util.concurrent.SingleThreadEventExecutor$4.run(SingleThreadEventExecutor.java:986)
	at io.netty.util.internal.ThreadExecutorMap$2.run(ThreadExecutorMap.java:74)
	at io.netty.util.concurrent.FastThreadLocalRunnable.run(FastThreadLocalRunnable.java:30)
	at java.lang.Thread.run(Thread.java:745)
19:06:58.709 [AsyncHttpClient-1-6] DEBUG org.asynchttpclient.netty.channel.ChannelManager - Closing Channel [id: 0x2ff53b3c, L:/127.0.0.1:63757 - R:localhost/127.0.0.1:63749] 
19:06:58.709 [AsyncHttpClient-1-6] DEBUG org.asynchttpclient.netty.handler.HttpHandler - Channel Closed: [id: 0x2ff53b3c, L:/127.0.0.1:63757 ! R:localhost/127.0.0.1:63749] with attribute DISCARD
19:06:58.894 [AsyncHttpClient-1-5] DEBUG org.asynchttpclient.netty.handler.HttpHandler - 

Request DefaultFullHttpRequest(decodeResult: success, version: HTTP/1.1, content: EmptyByteBufBE)
DELETE /session/2b1e40433400f2bf19b82eb7ba57fde5 HTTP/1.1
User-Agent: selenium/4.1.2 (java windows)
Content-Type: application/json; charset=utf-8
host: localhost:57437
accept: */*

Response DefaultHttpResponse(decodeResult: success, version: HTTP/1.1)
HTTP/1.1 200 OK
Content-Type: application/json; charset=utf-8
cache-control: no-cache
content-length: 14

19:06:58.894 [AsyncHttpClient-1-5] DEBUG org.asynchttpclient.netty.channel.ChannelManager - Adding key: http://localhost:57437 for channel [id: 0xb13e53cf, L:/127.0.0.1:63748 - R:localhost/127.0.0.1:57437]
19:06:58.977 [AsyncHttpClient-1-5] DEBUG org.asynchttpclient.netty.handler.HttpHandler - Channel Closed: [id: 0xb13e53cf, L:/127.0.0.1:63748 ! R:localhost/127.0.0.1:57437] with attribute DISCARD
19:06:59.435 [AsyncHttpClient-1-1] DEBUG org.asynchttpclient.netty.channel.DefaultChannelPool - Entry count for : http://localhost:63749 : 1
19:06:59.435 [AsyncHttpClient-1-1] DEBUG org.asynchttpclient.netty.channel.DefaultChannelPool - Entry count for : http://localhost:57437 : 1
19:06:59.435 [AsyncHttpClient-1-1] DEBUG org.asynchttpclient.netty.channel.DefaultChannelPool - Adding Candidate expired Channel [id: 0x2ff53b3c, L:/127.0.0.1:63757 ! R:localhost/127.0.0.1:63749] isIdleTimeoutExpired=false isRemotelyClosed=true isTtlExpired=false
19:06:59.435 [AsyncHttpClient-1-1] DEBUG org.asynchttpclient.netty.channel.DefaultChannelPool - Closing Idle Channel [id: 0x2ff53b3c, L:/127.0.0.1:63757 ! R:localhost/127.0.0.1:63749]
19:06:59.435 [AsyncHttpClient-1-1] DEBUG org.asynchttpclient.netty.channel.DefaultChannelPool - Adding Candidate expired Channel [id: 0xb13e53cf, L:/127.0.0.1:63748 ! R:localhost/127.0.0.1:57437] isIdleTimeoutExpired=false isRemotelyClosed=true isTtlExpired=false
19:06:59.435 [AsyncHttpClient-1-1] DEBUG org.asynchttpclient.netty.channel.DefaultChannelPool - Closing Idle Channel [id: 0xb13e53cf, L:/127.0.0.1:63748 ! R:localhost/127.0.0.1:57437]
19:06:59.435 [AsyncHttpClient-1-1] DEBUG org.asynchttpclient.netty.channel.DefaultChannelPool - Closed 2 connections out of 2 in 0 ms
]]></system-out>
    <system-err><![CDATA[Starting ChromeDriver 99.0.4844.51 (d537ec02474b5afe23684e7963d538896c63ac77-refs/branch-heads/4844@{#875}) on port 57437
Only local connections are allowed.
Please see https://chromedriver.chromium.org/security-considerations for suggestions on keeping ChromeDriver safe.
ChromeDriver was started successfully.
[1648642003.251][WARNING]: This version of ChromeDriver has not been tested with Chrome version 100.
Mar 30, 2022 7:06:44 PM org.openqa.selenium.remote.ProtocolHandshake createSession
INFO: Detected dialect: W3C
Mar 30, 2022 7:06:44 PM org.openqa.selenium.devtools.CdpVersionFinder findNearestMatch
WARNING: Unable to find an exact match for CDP version 100, so returning the closest version found: 97
Mar 30, 2022 7:06:44 PM org.openqa.selenium.devtools.CdpVersionFinder findNearestMatch
INFO: Found CDP implementation for version 100 of 97
]]></system-err>
  </testcase>
  <testcase name="As user, I have be unable login #2" classname="Login" time="33.09">
    <system-out><![CDATA[
Scenario: As user, I have be unable login                 &amp#27;[90m# src/test/resources/features/Login.feature:20&amp#27;[0m
19:06:59.528 [main] INFO io.cucumber.core.plugin.SerenityReporter - Running feature from file:///C:/Users/ASUS/IdeaProjects/WebUITesting/src/test/resources/features/Login.feature
19:06:59.613 [main] DEBUG net.thucydides.core.steps.StepInterceptor - STARTING STEP: LoginSteps.onTheLoginPage - openPage
19:06:59.619 [main] INFO net.serenitybdd.core.webdriver.driverproviders.ChromeDriverProvider - Using automatically driver download
19:07:00.017 [main] DEBUG io.github.bonigarcia.wdm.cache.ResolutionCache - Resolution chrome=100 in cache (valid until 20:01:07 30/03/2022 ICT)
19:07:00.038 [main] DEBUG io.github.bonigarcia.wdm.cache.ResolutionCache - Resolution chrome100=100.0.4896.60 in cache (valid until 19:01:07 31/03/2022 ICT)
19:07:00.046 [main] INFO io.github.bonigarcia.wdm.WebDriverManager - Using chromedriver 100.0.4896.60 (resolved driver for Chrome 100)
19:07:00.085 [main] DEBUG io.github.bonigarcia.wdm.WebDriverManager - Driver chromedriver 100.0.4896.60 found in cache
19:07:00.086 [main] INFO io.github.bonigarcia.wdm.WebDriverManager - Exporting webdriver.chrome.driver as C:\Users\ASUS\.cache\selenium\chromedriver\win32\100.0.4896.60\chromedriver.exe
19:07:00.378 [main] DEBUG net.serenitybdd.core.webdriver.driverproviders.ProvideNewDriver - Instantiating driver
19:07:00.379 [main] DEBUG net.serenitybdd.core.webdriver.driverproviders.ProvideNewDriver - Driver capabilities: Capabilities {acceptInsecureCerts: false, base.url: https://demoqa.com, browserName: chrome, chrome.driver: src/test/resources/webdrive..., driver: chrome, goog:chromeOptions: {args: [], extensions: []}}
19:07:00.964 [AsyncHttpClient-1-8] DEBUG org.asynchttpclient.netty.channel.NettyConnectListener - Using new Channel '[id: 0x5dd3b8bb, L:/127.0.0.1:63794 - R:localhost/127.0.0.1:50040]' for 'POST' to '/session'
19:07:03.584 [AsyncHttpClient-1-8] DEBUG org.asynchttpclient.netty.handler.HttpHandler - 

Request DefaultHttpRequest(decodeResult: success, version: HTTP/1.1)
POST /session HTTP/1.1
User-Agent: selenium/4.1.2 (java windows)
Content-Length: 599
Content-Type: application/json; charset=utf-8
host: localhost:50040
accept: */*

Response DefaultHttpResponse(decodeResult: success, version: HTTP/1.1)
HTTP/1.1 200 OK
Content-Type: application/json; charset=utf-8
cache-control: no-cache
content-length: 786

19:07:03.585 [AsyncHttpClient-1-8] DEBUG org.asynchttpclient.netty.channel.ChannelManager - Adding key: http://localhost:50040 for channel [id: 0x5dd3b8bb, L:/127.0.0.1:63794 - R:localhost/127.0.0.1:50040]
19:07:03.627 [AsyncHttpClient-1-9] DEBUG org.asynchttpclient.netty.channel.NettyConnectListener - Using new Channel '[id: 0xb372cb22, L:/127.0.0.1:63801 - R:localhost/127.0.0.1:63795]' for 'GET' to '/json/version'
19:07:03.630 [AsyncHttpClient-1-9] DEBUG org.asynchttpclient.netty.handler.HttpHandler - 

Request DefaultFullHttpRequest(decodeResult: success, version: HTTP/1.1, content: EmptyByteBufBE)
GET /json/version HTTP/1.1
User-Agent: selenium/4.1.2 (java windows)
host: localhost:63795
accept: */*

Response DefaultHttpResponse(decodeResult: success, version: HTTP/1.1)
HTTP/1.1 200 OK
Content-Type: application/json; charset=UTF-8
content-length: 426

19:07:03.630 [AsyncHttpClient-1-9] DEBUG org.asynchttpclient.netty.channel.ChannelManager - Adding key: http://localhost:63795 for channel [id: 0xb372cb22, L:/127.0.0.1:63801 - R:localhost/127.0.0.1:63795]
19:07:03.716 [AsyncHttpClient-1-10] DEBUG org.asynchttpclient.netty.channel.NettyConnectListener - Using new Channel '[id: 0x1c021fc4, L:/127.0.0.1:63802 - R:localhost/127.0.0.1:63795]' for 'GET' to '/devtools/browser/9f9953ae-1190-4b28-99eb-e5186a1a0bb2'
19:07:03.720 [AsyncHttpClient-1-10] DEBUG org.asynchttpclient.netty.handler.WebSocketHandler - 

Request DefaultFullHttpRequest(decodeResult: success, version: HTTP/1.1, content: EmptyByteBufBE)
GET /devtools/browser/9f9953ae-1190-4b28-99eb-e5186a1a0bb2 HTTP/1.1
upgrade: websocket
connection: upgrade
sec-websocket-key: gm+3N+5zmKTUcfzZuCn5YA==
sec-websocket-version: 13
origin: http://localhost:63795
host: localhost:63795
accept: */*
user-agent: AHC/2.1

Response DefaultHttpResponse(decodeResult: success, version: HTTP/1.1)
HTTP/1.1 101 WebSocket Protocol Handshake
Upgrade: WebSocket
Connection: Upgrade
Sec-WebSocket-Accept: GrIszDGC2Gem7PeFakz5BggNor4=

19:07:03.746 [Forwarding maximizeCurrentWindow on session 882987db199587f8d8c26ea4419611ad to remote] DEBUG org.asynchttpclient.netty.request.NettyRequestSender - Using pooled Channel '[id: 0x5dd3b8bb, L:/127.0.0.1:63794 - R:localhost/127.0.0.1:50040]' for 'POST' to 'http://localhost:50040/session/882987db199587f8d8c26ea4419611ad/window/maximize'
19:07:03.746 [Forwarding maximizeCurrentWindow on session 882987db199587f8d8c26ea4419611ad to remote] DEBUG org.asynchttpclient.netty.request.NettyRequestSender - Using open Channel [id: 0x5dd3b8bb, L:/127.0.0.1:63794 - R:localhost/127.0.0.1:50040] for POST '/session/882987db199587f8d8c26ea4419611ad/window/maximize'
19:07:03.836 [AsyncHttpClient-1-1] DEBUG org.asynchttpclient.netty.channel.DefaultChannelPool - Entry count for : http://localhost:63795 : 1
19:07:03.931 [AsyncHttpClient-1-8] DEBUG org.asynchttpclient.netty.handler.HttpHandler - 

Request DefaultHttpRequest(decodeResult: success, version: HTTP/1.1)
POST /session/882987db199587f8d8c26ea4419611ad/window/maximize HTTP/1.1
User-Agent: selenium/4.1.2 (java windows)
Content-Length: 3
Content-Type: application/json; charset=utf-8
host: localhost:50040
accept: */*

Response DefaultHttpResponse(decodeResult: success, version: HTTP/1.1)
HTTP/1.1 200 OK
Content-Type: application/json; charset=utf-8
cache-control: no-cache
content-length: 51

19:07:03.933 [AsyncHttpClient-1-8] DEBUG org.asynchttpclient.netty.channel.ChannelManager - Adding key: http://localhost:50040 for channel [id: 0x5dd3b8bb, L:/127.0.0.1:63794 - R:localhost/127.0.0.1:50040]
19:07:03.949 [Forwarding get on session 882987db199587f8d8c26ea4419611ad to remote] DEBUG org.asynchttpclient.netty.request.NettyRequestSender - Using pooled Channel '[id: 0x5dd3b8bb, L:/127.0.0.1:63794 - R:localhost/127.0.0.1:50040]' for 'POST' to 'http://localhost:50040/session/882987db199587f8d8c26ea4419611ad/url'
19:07:03.950 [Forwarding get on session 882987db199587f8d8c26ea4419611ad to remote] DEBUG org.asynchttpclient.netty.request.NettyRequestSender - Using open Channel [id: 0x5dd3b8bb, L:/127.0.0.1:63794 - R:localhost/127.0.0.1:50040] for POST '/session/882987db199587f8d8c26ea4419611ad/url'
19:07:04.961 [AsyncHttpClient-1-1] DEBUG org.asynchttpclient.netty.channel.DefaultChannelPool - Entry count for : http://localhost:63795 : 1
19:07:06.032 [AsyncHttpClient-1-1] DEBUG org.asynchttpclient.netty.channel.DefaultChannelPool - Entry count for : http://localhost:63795 : 1
19:07:07.139 [AsyncHttpClient-1-1] DEBUG org.asynchttpclient.netty.channel.DefaultChannelPool - Entry count for : http://localhost:63795 : 1
19:07:08.232 [AsyncHttpClient-1-1] DEBUG org.asynchttpclient.netty.channel.DefaultChannelPool - Entry count for : http://localhost:63795 : 1
19:07:09.338 [AsyncHttpClient-1-1] DEBUG org.asynchttpclient.netty.channel.DefaultChannelPool - Entry count for : http://localhost:63795 : 1
19:07:10.434 [AsyncHttpClient-1-1] DEBUG org.asynchttpclient.netty.channel.DefaultChannelPool - Entry count for : http://localhost:63795 : 1
19:07:11.532 [AsyncHttpClient-1-1] DEBUG org.asynchttpclient.netty.channel.DefaultChannelPool - Entry count for : http://localhost:63795 : 1
19:07:12.632 [AsyncHttpClient-1-1] DEBUG org.asynchttpclient.netty.channel.DefaultChannelPool - Entry count for : http://localhost:63795 : 1
19:07:13.732 [AsyncHttpClient-1-1] DEBUG org.asynchttpclient.netty.channel.DefaultChannelPool - Entry count for : http://localhost:63795 : 1
19:07:14.833 [AsyncHttpClient-1-1] DEBUG org.asynchttpclient.netty.channel.DefaultChannelPool - Entry count for : http://localhost:63795 : 1
19:07:15.935 [AsyncHttpClient-1-1] DEBUG org.asynchttpclient.netty.channel.DefaultChannelPool - Entry count for : http://localhost:63795 : 1
19:07:17.035 [AsyncHttpClient-1-1] DEBUG org.asynchttpclient.netty.channel.DefaultChannelPool - Entry count for : http://localhost:63795 : 1
19:07:18.131 [AsyncHttpClient-1-1] DEBUG org.asynchttpclient.netty.channel.DefaultChannelPool - Entry count for : http://localhost:63795 : 1
19:07:19.239 [AsyncHttpClient-1-1] DEBUG org.asynchttpclient.netty.channel.DefaultChannelPool - Entry count for : http://localhost:63795 : 1
19:07:20.332 [AsyncHttpClient-1-1] DEBUG org.asynchttpclient.netty.channel.DefaultChannelPool - Entry count for : http://localhost:63795 : 1
19:07:21.437 [AsyncHttpClient-1-1] DEBUG org.asynchttpclient.netty.channel.DefaultChannelPool - Entry count for : http://localhost:63795 : 1
19:07:22.538 [AsyncHttpClient-1-1] DEBUG org.asynchttpclient.netty.channel.DefaultChannelPool - Entry count for : http://localhost:63795 : 1
19:07:23.638 [AsyncHttpClient-1-1] DEBUG org.asynchttpclient.netty.channel.DefaultChannelPool - Entry count for : http://localhost:63795 : 1
19:07:24.738 [AsyncHttpClient-1-1] DEBUG org.asynchttpclient.netty.channel.DefaultChannelPool - Entry count for : http://localhost:63795 : 1
19:07:25.833 [AsyncHttpClient-1-1] DEBUG org.asynchttpclient.netty.channel.DefaultChannelPool - Entry count for : http://localhost:63795 : 1
19:07:26.937 [AsyncHttpClient-1-1] DEBUG org.asynchttpclient.netty.channel.DefaultChannelPool - Entry count for : http://localhost:63795 : 1
19:07:27.229 [AsyncHttpClient-1-8] DEBUG org.asynchttpclient.netty.handler.HttpHandler - 

Request DefaultHttpRequest(decodeResult: success, version: HTTP/1.1)
POST /session/882987db199587f8d8c26ea4419611ad/url HTTP/1.1
User-Agent: selenium/4.1.2 (java windows)
Content-Length: 54
Content-Type: application/json; charset=utf-8
host: localhost:50040
accept: */*

Response DefaultHttpResponse(decodeResult: success, version: HTTP/1.1)
HTTP/1.1 200 OK
Content-Type: application/json; charset=utf-8
cache-control: no-cache
content-length: 14

19:07:27.230 [AsyncHttpClient-1-8] DEBUG org.asynchttpclient.netty.channel.ChannelManager - Adding key: http://localhost:50040 for channel [id: 0x5dd3b8bb, L:/127.0.0.1:63794 - R:localhost/127.0.0.1:50040]
19:07:27.239 [Forwarding setTimeout on session 882987db199587f8d8c26ea4419611ad to remote] DEBUG org.asynchttpclient.netty.request.NettyRequestSender - Using pooled Channel '[id: 0x5dd3b8bb, L:/127.0.0.1:63794 - R:localhost/127.0.0.1:50040]' for 'POST' to 'http://localhost:50040/session/882987db199587f8d8c26ea4419611ad/timeouts'
19:07:27.239 [Forwarding setTimeout on session 882987db199587f8d8c26ea4419611ad to remote] DEBUG org.asynchttpclient.netty.request.NettyRequestSender - Using open Channel [id: 0x5dd3b8bb, L:/127.0.0.1:63794 - R:localhost/127.0.0.1:50040] for POST '/session/882987db199587f8d8c26ea4419611ad/timeouts'
19:07:27.247 [AsyncHttpClient-1-8] DEBUG org.asynchttpclient.netty.handler.HttpHandler - 

Request DefaultHttpRequest(decodeResult: success, version: HTTP/1.1)
POST /session/882987db199587f8d8c26ea4419611ad/timeouts HTTP/1.1
User-Agent: selenium/4.1.2 (java windows)
Content-Length: 22
Content-Type: application/json; charset=utf-8
host: localhost:50040
accept: */*

Response DefaultHttpResponse(decodeResult: success, version: HTTP/1.1)
HTTP/1.1 200 OK
Content-Type: application/json; charset=utf-8
cache-control: no-cache
content-length: 14

19:07:27.248 [AsyncHttpClient-1-8] DEBUG org.asynchttpclient.netty.channel.ChannelManager - Adding key: http://localhost:50040 for channel [id: 0x5dd3b8bb, L:/127.0.0.1:63794 - R:localhost/127.0.0.1:50040]
19:07:27.276 [Forwarding getCurrentUrl on session 882987db199587f8d8c26ea4419611ad to remote] DEBUG org.asynchttpclient.netty.request.NettyRequestSender - Using pooled Channel '[id: 0x5dd3b8bb, L:/127.0.0.1:63794 - R:localhost/127.0.0.1:50040]' for 'GET' to 'http://localhost:50040/session/882987db199587f8d8c26ea4419611ad/url'
19:07:27.276 [Forwarding getCurrentUrl on session 882987db199587f8d8c26ea4419611ad to remote] DEBUG org.asynchttpclient.netty.request.NettyRequestSender - Using open Channel [id: 0x5dd3b8bb, L:/127.0.0.1:63794 - R:localhost/127.0.0.1:50040] for GET '/session/882987db199587f8d8c26ea4419611ad/url'
19:07:27.289 [AsyncHttpClient-1-8] DEBUG org.asynchttpclient.netty.handler.HttpHandler - 

Request DefaultFullHttpRequest(decodeResult: success, version: HTTP/1.1, content: EmptyByteBufBE)
GET /session/882987db199587f8d8c26ea4419611ad/url HTTP/1.1
User-Agent: selenium/4.1.2 (java windows)
Cache-Control: no-cache
Content-Type: application/json; charset=utf-8
host: localhost:50040
accept: */*

Response DefaultHttpResponse(decodeResult: success, version: HTTP/1.1)
HTTP/1.1 200 OK
Content-Type: application/json; charset=utf-8
cache-control: no-cache
content-length: 36

19:07:27.290 [AsyncHttpClient-1-8] DEBUG org.asynchttpclient.netty.channel.ChannelManager - Adding key: http://localhost:50040 for channel [id: 0x5dd3b8bb, L:/127.0.0.1:63794 - R:localhost/127.0.0.1:50040]
19:07:27.308 [Forwarding findElement on session 882987db199587f8d8c26ea4419611ad to remote] DEBUG org.asynchttpclient.netty.request.NettyRequestSender - Using pooled Channel '[id: 0x5dd3b8bb, L:/127.0.0.1:63794 - R:localhost/127.0.0.1:50040]' for 'POST' to 'http://localhost:50040/session/882987db199587f8d8c26ea4419611ad/element'
19:07:27.308 [Forwarding findElement on session 882987db199587f8d8c26ea4419611ad to remote] DEBUG org.asynchttpclient.netty.request.NettyRequestSender - Using open Channel [id: 0x5dd3b8bb, L:/127.0.0.1:63794 - R:localhost/127.0.0.1:50040] for POST '/session/882987db199587f8d8c26ea4419611ad/element'
19:07:27.336 [AsyncHttpClient-1-8] DEBUG org.asynchttpclient.netty.handler.HttpHandler - 

Request DefaultHttpRequest(decodeResult: success, version: HTTP/1.1)
POST /session/882987db199587f8d8c26ea4419611ad/element HTTP/1.1
User-Agent: selenium/4.1.2 (java windows)
Content-Length: 83
Content-Type: application/json; charset=utf-8
host: localhost:50040
accept: */*

Response DefaultHttpResponse(decodeResult: success, version: HTTP/1.1)
HTTP/1.1 200 OK
Content-Type: application/json; charset=utf-8
cache-control: no-cache
content-length: 88

19:07:27.337 [AsyncHttpClient-1-8] DEBUG org.asynchttpclient.netty.channel.ChannelManager - Adding key: http://localhost:50040 for channel [id: 0x5dd3b8bb, L:/127.0.0.1:63794 - R:localhost/127.0.0.1:50040]
19:07:27.339 [Forwarding getElementTagName on session 882987db199587f8d8c26ea4419611ad to remote] DEBUG org.asynchttpclient.netty.request.NettyRequestSender - Using pooled Channel '[id: 0x5dd3b8bb, L:/127.0.0.1:63794 - R:localhost/127.0.0.1:50040]' for 'GET' to 'http://localhost:50040/session/882987db199587f8d8c26ea4419611ad/element/94107f7b-a4fd-40ec-bd29-6f70fdb0345d/name'
19:07:27.339 [Forwarding getElementTagName on session 882987db199587f8d8c26ea4419611ad to remote] DEBUG org.asynchttpclient.netty.request.NettyRequestSender - Using open Channel [id: 0x5dd3b8bb, L:/127.0.0.1:63794 - R:localhost/127.0.0.1:50040] for GET '/session/882987db199587f8d8c26ea4419611ad/element/94107f7b-a4fd-40ec-bd29-6f70fdb0345d/name'
19:07:27.345 [AsyncHttpClient-1-8] DEBUG org.asynchttpclient.netty.handler.HttpHandler - 

Request DefaultFullHttpRequest(decodeResult: success, version: HTTP/1.1, content: EmptyByteBufBE)
GET /session/882987db199587f8d8c26ea4419611ad/element/94107f7b-a4fd-40ec-bd29-6f70fdb0345d/name HTTP/1.1
User-Agent: selenium/4.1.2 (java windows)
Cache-Control: no-cache
Content-Type: application/json; charset=utf-8
host: localhost:50040
accept: */*

Response DefaultHttpResponse(decodeResult: success, version: HTTP/1.1)
HTTP/1.1 200 OK
Content-Type: application/json; charset=utf-8
cache-control: no-cache
content-length: 15

19:07:27.345 [AsyncHttpClient-1-8] DEBUG org.asynchttpclient.netty.channel.ChannelManager - Adding key: http://localhost:50040 for channel [id: 0x5dd3b8bb, L:/127.0.0.1:63794 - R:localhost/127.0.0.1:50040]
19:07:27.348 [Forwarding getElementTagName on session 882987db199587f8d8c26ea4419611ad to remote] DEBUG org.asynchttpclient.netty.request.NettyRequestSender - Using pooled Channel '[id: 0x5dd3b8bb, L:/127.0.0.1:63794 - R:localhost/127.0.0.1:50040]' for 'GET' to 'http://localhost:50040/session/882987db199587f8d8c26ea4419611ad/element/94107f7b-a4fd-40ec-bd29-6f70fdb0345d/name'
19:07:27.348 [Forwarding getElementTagName on session 882987db199587f8d8c26ea4419611ad to remote] DEBUG org.asynchttpclient.netty.request.NettyRequestSender - Using open Channel [id: 0x5dd3b8bb, L:/127.0.0.1:63794 - R:localhost/127.0.0.1:50040] for GET '/session/882987db199587f8d8c26ea4419611ad/element/94107f7b-a4fd-40ec-bd29-6f70fdb0345d/name'
19:07:27.353 [AsyncHttpClient-1-8] DEBUG org.asynchttpclient.netty.handler.HttpHandler - 

Request DefaultFullHttpRequest(decodeResult: success, version: HTTP/1.1, content: EmptyByteBufBE)
GET /session/882987db199587f8d8c26ea4419611ad/element/94107f7b-a4fd-40ec-bd29-6f70fdb0345d/name HTTP/1.1
User-Agent: selenium/4.1.2 (java windows)
Cache-Control: no-cache
Content-Type: application/json; charset=utf-8
host: localhost:50040
accept: */*

Response DefaultHttpResponse(decodeResult: success, version: HTTP/1.1)
HTTP/1.1 200 OK
Content-Type: application/json; charset=utf-8
cache-control: no-cache
content-length: 15

19:07:27.354 [AsyncHttpClient-1-8] DEBUG org.asynchttpclient.netty.channel.ChannelManager - Adding key: http://localhost:50040 for channel [id: 0x5dd3b8bb, L:/127.0.0.1:63794 - R:localhost/127.0.0.1:50040]
19:07:27.357 [Forwarding findElement on session 882987db199587f8d8c26ea4419611ad to remote] DEBUG org.asynchttpclient.netty.request.NettyRequestSender - Using pooled Channel '[id: 0x5dd3b8bb, L:/127.0.0.1:63794 - R:localhost/127.0.0.1:50040]' for 'POST' to 'http://localhost:50040/session/882987db199587f8d8c26ea4419611ad/element'
19:07:27.358 [Forwarding findElement on session 882987db199587f8d8c26ea4419611ad to remote] DEBUG org.asynchttpclient.netty.request.NettyRequestSender - Using open Channel [id: 0x5dd3b8bb, L:/127.0.0.1:63794 - R:localhost/127.0.0.1:50040] for POST '/session/882987db199587f8d8c26ea4419611ad/element'
19:07:27.369 [AsyncHttpClient-1-8] DEBUG org.asynchttpclient.netty.handler.HttpHandler - 

Request DefaultHttpRequest(decodeResult: success, version: HTTP/1.1)
POST /session/882987db199587f8d8c26ea4419611ad/element HTTP/1.1
User-Agent: selenium/4.1.2 (java windows)
Content-Length: 83
Content-Type: application/json; charset=utf-8
host: localhost:50040
accept: */*

Response DefaultHttpResponse(decodeResult: success, version: HTTP/1.1)
HTTP/1.1 200 OK
Content-Type: application/json; charset=utf-8
cache-control: no-cache
content-length: 88

19:07:27.369 [AsyncHttpClient-1-8] DEBUG org.asynchttpclient.netty.channel.ChannelManager - Adding key: http://localhost:50040 for channel [id: 0x5dd3b8bb, L:/127.0.0.1:63794 - R:localhost/127.0.0.1:50040]
19:07:27.372 [Forwarding clickElement on session 882987db199587f8d8c26ea4419611ad to remote] DEBUG org.asynchttpclient.netty.request.NettyRequestSender - Using pooled Channel '[id: 0x5dd3b8bb, L:/127.0.0.1:63794 - R:localhost/127.0.0.1:50040]' for 'POST' to 'http://localhost:50040/session/882987db199587f8d8c26ea4419611ad/element/94107f7b-a4fd-40ec-bd29-6f70fdb0345d/click'
19:07:27.372 [Forwarding clickElement on session 882987db199587f8d8c26ea4419611ad to remote] DEBUG org.asynchttpclient.netty.request.NettyRequestSender - Using open Channel [id: 0x5dd3b8bb, L:/127.0.0.1:63794 - R:localhost/127.0.0.1:50040] for POST '/session/882987db199587f8d8c26ea4419611ad/element/94107f7b-a4fd-40ec-bd29-6f70fdb0345d/click'
19:07:27.456 [AsyncHttpClient-1-8] DEBUG org.asynchttpclient.netty.handler.HttpHandler - 

Request DefaultHttpRequest(decodeResult: success, version: HTTP/1.1)
POST /session/882987db199587f8d8c26ea4419611ad/element/94107f7b-a4fd-40ec-bd29-6f70fdb0345d/click HTTP/1.1
User-Agent: selenium/4.1.2 (java windows)
Content-Length: 50
Content-Type: application/json; charset=utf-8
host: localhost:50040
accept: */*

Response DefaultHttpResponse(decodeResult: success, version: HTTP/1.1)
HTTP/1.1 200 OK
Content-Type: application/json; charset=utf-8
cache-control: no-cache
content-length: 14

19:07:27.456 [AsyncHttpClient-1-8] DEBUG org.asynchttpclient.netty.channel.ChannelManager - Adding key: http://localhost:50040 for channel [id: 0x5dd3b8bb, L:/127.0.0.1:63794 - R:localhost/127.0.0.1:50040]
19:07:27.467 [Forwarding screenshot on session 882987db199587f8d8c26ea4419611ad to remote] DEBUG org.asynchttpclient.netty.request.NettyRequestSender - Using pooled Channel '[id: 0x5dd3b8bb, L:/127.0.0.1:63794 - R:localhost/127.0.0.1:50040]' for 'GET' to 'http://localhost:50040/session/882987db199587f8d8c26ea4419611ad/screenshot'
19:07:27.467 [Forwarding screenshot on session 882987db199587f8d8c26ea4419611ad to remote] DEBUG org.asynchttpclient.netty.request.NettyRequestSender - Using open Channel [id: 0x5dd3b8bb, L:/127.0.0.1:63794 - R:localhost/127.0.0.1:50040] for GET '/session/882987db199587f8d8c26ea4419611ad/screenshot'
19:07:27.929 [AsyncHttpClient-1-8] DEBUG org.asynchttpclient.netty.handler.HttpHandler - 

Request DefaultFullHttpRequest(decodeResult: success, version: HTTP/1.1, content: EmptyByteBufBE)
GET /session/882987db199587f8d8c26ea4419611ad/screenshot HTTP/1.1
User-Agent: selenium/4.1.2 (java windows)
Cache-Control: no-cache
Content-Type: application/json; charset=utf-8
host: localhost:50040
accept: */*

Response DefaultHttpResponse(decodeResult: success, version: HTTP/1.1)
HTTP/1.1 200 OK
Content-Type: application/json; charset=utf-8
cache-control: no-cache
content-length: 315984

19:07:27.931 [AsyncHttpClient-1-8] DEBUG org.asynchttpclient.netty.channel.ChannelManager - Adding key: http://localhost:50040 for channel [id: 0x5dd3b8bb, L:/127.0.0.1:63794 - R:localhost/127.0.0.1:50040]
19:07:27.955 [main] DEBUG net.serenitybdd.core.photography.Darkroom - Send negative for processing for target\site\serenity\e522bbed976560ede1bc7b46a027b164a660a55dc9f79227b6c97afaec170f62.png
19:07:27.956 [main] DEBUG net.thucydides.core.steps.StepInterceptor - STEP DONE: openPage
  &amp#27;[32mGiven &amp#27;[0m&amp#27;[32mI am on the login page&amp#27;[0m                            &amp#27;[90m# starter.stepdefinitions.LoginSteps.onTheLoginPage()&amp#27;[0m
19:07:27.956 [Darkroom Processing Line] DEBUG net.serenitybdd.core.photography.DarkroomProcessingLine - Processing screenshot image in /var/screenshots/screenshot-4623074775010742212
19:07:27.956 [Darkroom Processing Line] DEBUG net.serenitybdd.core.photography.DarkroomProcessingLine - Saving screenshot to target\site\serenity\e522bbed976560ede1bc7b46a027b164a660a55dc9f79227b6c97afaec170f62.png
19:07:27.989 [main] DEBUG net.thucydides.core.steps.StepInterceptor - STARTING STEP: LoginSteps.inputUsername - inputUsername
19:07:27.996 [Forwarding findElement on session 882987db199587f8d8c26ea4419611ad to remote] DEBUG org.asynchttpclient.netty.request.NettyRequestSender - Using pooled Channel '[id: 0x5dd3b8bb, L:/127.0.0.1:63794 - R:localhost/127.0.0.1:50040]' for 'POST' to 'http://localhost:50040/session/882987db199587f8d8c26ea4419611ad/element'
19:07:27.996 [Forwarding findElement on session 882987db199587f8d8c26ea4419611ad to remote] DEBUG org.asynchttpclient.netty.request.NettyRequestSender - Using open Channel [id: 0x5dd3b8bb, L:/127.0.0.1:63794 - R:localhost/127.0.0.1:50040] for POST '/session/882987db199587f8d8c26ea4419611ad/element'
19:07:28.018 [AsyncHttpClient-1-8] DEBUG org.asynchttpclient.netty.handler.HttpHandler - 

Request DefaultHttpRequest(decodeResult: success, version: HTTP/1.1)
POST /session/882987db199587f8d8c26ea4419611ad/element HTTP/1.1
User-Agent: selenium/4.1.2 (java windows)
Content-Length: 53
Content-Type: application/json; charset=utf-8
host: localhost:50040
accept: */*

Response DefaultHttpResponse(decodeResult: success, version: HTTP/1.1)
HTTP/1.1 200 OK
Content-Type: application/json; charset=utf-8
cache-control: no-cache
content-length: 88

19:07:28.018 [AsyncHttpClient-1-8] DEBUG org.asynchttpclient.netty.channel.ChannelManager - Adding key: http://localhost:50040 for channel [id: 0x5dd3b8bb, L:/127.0.0.1:63794 - R:localhost/127.0.0.1:50040]
19:07:28.021 [Forwarding clearElement on session 882987db199587f8d8c26ea4419611ad to remote] DEBUG org.asynchttpclient.netty.request.NettyRequestSender - Using pooled Channel '[id: 0x5dd3b8bb, L:/127.0.0.1:63794 - R:localhost/127.0.0.1:50040]' for 'POST' to 'http://localhost:50040/session/882987db199587f8d8c26ea4419611ad/element/58917d42-74b1-4ddc-b1df-8517bf766d95/clear'
19:07:28.021 [Forwarding clearElement on session 882987db199587f8d8c26ea4419611ad to remote] DEBUG org.asynchttpclient.netty.request.NettyRequestSender - Using open Channel [id: 0x5dd3b8bb, L:/127.0.0.1:63794 - R:localhost/127.0.0.1:50040] for POST '/session/882987db199587f8d8c26ea4419611ad/element/58917d42-74b1-4ddc-b1df-8517bf766d95/clear'
19:07:28.037 [AsyncHttpClient-1-1] DEBUG org.asynchttpclient.netty.channel.DefaultChannelPool - Entry count for : http://localhost:63795 : 1
19:07:28.082 [AsyncHttpClient-1-8] DEBUG org.asynchttpclient.netty.handler.HttpHandler - 

Request DefaultHttpRequest(decodeResult: success, version: HTTP/1.1)
POST /session/882987db199587f8d8c26ea4419611ad/element/58917d42-74b1-4ddc-b1df-8517bf766d95/clear HTTP/1.1
User-Agent: selenium/4.1.2 (java windows)
Content-Length: 50
Content-Type: application/json; charset=utf-8
host: localhost:50040
accept: */*

Response DefaultHttpResponse(decodeResult: success, version: HTTP/1.1)
HTTP/1.1 200 OK
Content-Type: application/json; charset=utf-8
cache-control: no-cache
content-length: 14

19:07:28.083 [AsyncHttpClient-1-8] DEBUG org.asynchttpclient.netty.channel.ChannelManager - Adding key: http://localhost:50040 for channel [id: 0x5dd3b8bb, L:/127.0.0.1:63794 - R:localhost/127.0.0.1:50040]
19:07:28.091 [Forwarding sendKeysToElement on session 882987db199587f8d8c26ea4419611ad to remote] DEBUG org.asynchttpclient.netty.request.NettyRequestSender - Using pooled Channel '[id: 0x5dd3b8bb, L:/127.0.0.1:63794 - R:localhost/127.0.0.1:50040]' for 'POST' to 'http://localhost:50040/session/882987db199587f8d8c26ea4419611ad/element/58917d42-74b1-4ddc-b1df-8517bf766d95/value'
19:07:28.091 [Forwarding sendKeysToElement on session 882987db199587f8d8c26ea4419611ad to remote] DEBUG org.asynchttpclient.netty.request.NettyRequestSender - Using open Channel [id: 0x5dd3b8bb, L:/127.0.0.1:63794 - R:localhost/127.0.0.1:50040] for POST '/session/882987db199587f8d8c26ea4419611ad/element/58917d42-74b1-4ddc-b1df-8517bf766d95/value'
19:07:28.276 [AsyncHttpClient-1-8] DEBUG org.asynchttpclient.netty.handler.HttpHandler - 

Request DefaultHttpRequest(decodeResult: success, version: HTTP/1.1)
POST /session/882987db199587f8d8c26ea4419611ad/element/58917d42-74b1-4ddc-b1df-8517bf766d95/value HTTP/1.1
User-Agent: selenium/4.1.2 (java windows)
Content-Length: 181
Content-Type: application/json; charset=utf-8
host: localhost:50040
accept: */*

Response DefaultHttpResponse(decodeResult: success, version: HTTP/1.1)
HTTP/1.1 200 OK
Content-Type: application/json; charset=utf-8
cache-control: no-cache
content-length: 14

19:07:28.276 [AsyncHttpClient-1-8] DEBUG org.asynchttpclient.netty.channel.ChannelManager - Adding key: http://localhost:50040 for channel [id: 0x5dd3b8bb, L:/127.0.0.1:63794 - R:localhost/127.0.0.1:50040]
19:07:28.344 [Forwarding screenshot on session 882987db199587f8d8c26ea4419611ad to remote] DEBUG org.asynchttpclient.netty.request.NettyRequestSender - Using pooled Channel '[id: 0x5dd3b8bb, L:/127.0.0.1:63794 - R:localhost/127.0.0.1:50040]' for 'GET' to 'http://localhost:50040/session/882987db199587f8d8c26ea4419611ad/screenshot'
19:07:28.344 [Forwarding screenshot on session 882987db199587f8d8c26ea4419611ad to remote] DEBUG org.asynchttpclient.netty.request.NettyRequestSender - Using open Channel [id: 0x5dd3b8bb, L:/127.0.0.1:63794 - R:localhost/127.0.0.1:50040] for GET '/session/882987db199587f8d8c26ea4419611ad/screenshot'
19:07:28.716 [AsyncHttpClient-1-8] DEBUG org.asynchttpclient.netty.handler.HttpHandler - 

Request DefaultFullHttpRequest(decodeResult: success, version: HTTP/1.1, content: EmptyByteBufBE)
GET /session/882987db199587f8d8c26ea4419611ad/screenshot HTTP/1.1
User-Agent: selenium/4.1.2 (java windows)
Cache-Control: no-cache
Content-Type: application/json; charset=utf-8
host: localhost:50040
accept: */*

Response DefaultHttpResponse(decodeResult: success, version: HTTP/1.1)
HTTP/1.1 200 OK
Content-Type: application/json; charset=utf-8
cache-control: no-cache
content-length: 316532

19:07:28.718 [AsyncHttpClient-1-8] DEBUG org.asynchttpclient.netty.channel.ChannelManager - Adding key: http://localhost:50040 for channel [id: 0x5dd3b8bb, L:/127.0.0.1:63794 - R:localhost/127.0.0.1:50040]
19:07:28.750 [main] DEBUG net.serenitybdd.core.photography.Darkroom - Send negative for processing for target\site\serenity\d49f7cf284ffe8ce4b0ff062aab0b1478c1c334a1b7dc01cbc55cfa650744b30.png
19:07:28.751 [main] DEBUG net.thucydides.core.steps.StepInterceptor - STEP DONE: inputUsername
  &amp#27;[32mWhen &amp#27;[0m&amp#27;[32mI input valid username&amp#27;[0m                             &amp#27;[90m# starter.stepdefinitions.LoginSteps.inputUsername()&amp#27;[0m
19:07:28.752 [Darkroom Processing Line] DEBUG net.serenitybdd.core.photography.DarkroomProcessingLine - Processing screenshot image in /var/screenshots/screenshot-4290186371253369661
19:07:28.752 [Darkroom Processing Line] DEBUG net.serenitybdd.core.photography.DarkroomProcessingLine - Saving screenshot to target\site\serenity\d49f7cf284ffe8ce4b0ff062aab0b1478c1c334a1b7dc01cbc55cfa650744b30.png
19:07:28.791 [main] DEBUG net.thucydides.core.steps.StepInterceptor - STARTING STEP: LoginSteps.iInputInvalidPassword - inputPassword
19:07:28.798 [Forwarding findElement on session 882987db199587f8d8c26ea4419611ad to remote] DEBUG org.asynchttpclient.netty.request.NettyRequestSender - Using pooled Channel '[id: 0x5dd3b8bb, L:/127.0.0.1:63794 - R:localhost/127.0.0.1:50040]' for 'POST' to 'http://localhost:50040/session/882987db199587f8d8c26ea4419611ad/element'
19:07:28.798 [Forwarding findElement on session 882987db199587f8d8c26ea4419611ad to remote] DEBUG org.asynchttpclient.netty.request.NettyRequestSender - Using open Channel [id: 0x5dd3b8bb, L:/127.0.0.1:63794 - R:localhost/127.0.0.1:50040] for POST '/session/882987db199587f8d8c26ea4419611ad/element'
19:07:28.822 [AsyncHttpClient-1-8] DEBUG org.asynchttpclient.netty.handler.HttpHandler - 

Request DefaultHttpRequest(decodeResult: success, version: HTTP/1.1)
POST /session/882987db199587f8d8c26ea4419611ad/element HTTP/1.1
User-Agent: selenium/4.1.2 (java windows)
Content-Length: 53
Content-Type: application/json; charset=utf-8
host: localhost:50040
accept: */*

Response DefaultHttpResponse(decodeResult: success, version: HTTP/1.1)
HTTP/1.1 200 OK
Content-Type: application/json; charset=utf-8
cache-control: no-cache
content-length: 88

19:07:28.823 [AsyncHttpClient-1-8] DEBUG org.asynchttpclient.netty.channel.ChannelManager - Adding key: http://localhost:50040 for channel [id: 0x5dd3b8bb, L:/127.0.0.1:63794 - R:localhost/127.0.0.1:50040]
19:07:28.828 [Forwarding clearElement on session 882987db199587f8d8c26ea4419611ad to remote] DEBUG org.asynchttpclient.netty.request.NettyRequestSender - Using pooled Channel '[id: 0x5dd3b8bb, L:/127.0.0.1:63794 - R:localhost/127.0.0.1:50040]' for 'POST' to 'http://localhost:50040/session/882987db199587f8d8c26ea4419611ad/element/cf9e26d2-decd-4296-95e7-281ccad0acbc/clear'
19:07:28.829 [Forwarding clearElement on session 882987db199587f8d8c26ea4419611ad to remote] DEBUG org.asynchttpclient.netty.request.NettyRequestSender - Using open Channel [id: 0x5dd3b8bb, L:/127.0.0.1:63794 - R:localhost/127.0.0.1:50040] for POST '/session/882987db199587f8d8c26ea4419611ad/element/cf9e26d2-decd-4296-95e7-281ccad0acbc/clear'
19:07:28.900 [AsyncHttpClient-1-8] DEBUG org.asynchttpclient.netty.handler.HttpHandler - 

Request DefaultHttpRequest(decodeResult: success, version: HTTP/1.1)
POST /session/882987db199587f8d8c26ea4419611ad/element/cf9e26d2-decd-4296-95e7-281ccad0acbc/clear HTTP/1.1
User-Agent: selenium/4.1.2 (java windows)
Content-Length: 50
Content-Type: application/json; charset=utf-8
host: localhost:50040
accept: */*

Response DefaultHttpResponse(decodeResult: success, version: HTTP/1.1)
HTTP/1.1 200 OK
Content-Type: application/json; charset=utf-8
cache-control: no-cache
content-length: 14

19:07:28.900 [AsyncHttpClient-1-8] DEBUG org.asynchttpclient.netty.channel.ChannelManager - Adding key: http://localhost:50040 for channel [id: 0x5dd3b8bb, L:/127.0.0.1:63794 - R:localhost/127.0.0.1:50040]
19:07:28.905 [Forwarding sendKeysToElement on session 882987db199587f8d8c26ea4419611ad to remote] DEBUG org.asynchttpclient.netty.request.NettyRequestSender - Using pooled Channel '[id: 0x5dd3b8bb, L:/127.0.0.1:63794 - R:localhost/127.0.0.1:50040]' for 'POST' to 'http://localhost:50040/session/882987db199587f8d8c26ea4419611ad/element/cf9e26d2-decd-4296-95e7-281ccad0acbc/value'
19:07:28.905 [Forwarding sendKeysToElement on session 882987db199587f8d8c26ea4419611ad to remote] DEBUG org.asynchttpclient.netty.request.NettyRequestSender - Using open Channel [id: 0x5dd3b8bb, L:/127.0.0.1:63794 - R:localhost/127.0.0.1:50040] for POST '/session/882987db199587f8d8c26ea4419611ad/element/cf9e26d2-decd-4296-95e7-281ccad0acbc/value'
19:07:29.018 [AsyncHttpClient-1-8] DEBUG org.asynchttpclient.netty.handler.HttpHandler - 

Request DefaultHttpRequest(decodeResult: success, version: HTTP/1.1)
POST /session/882987db199587f8d8c26ea4419611ad/element/cf9e26d2-decd-4296-95e7-281ccad0acbc/value HTTP/1.1
User-Agent: selenium/4.1.2 (java windows)
Content-Length: 151
Content-Type: application/json; charset=utf-8
host: localhost:50040
accept: */*

Response DefaultHttpResponse(decodeResult: success, version: HTTP/1.1)
HTTP/1.1 200 OK
Content-Type: application/json; charset=utf-8
cache-control: no-cache
content-length: 14

19:07:29.018 [AsyncHttpClient-1-8] DEBUG org.asynchttpclient.netty.channel.ChannelManager - Adding key: http://localhost:50040 for channel [id: 0x5dd3b8bb, L:/127.0.0.1:63794 - R:localhost/127.0.0.1:50040]
19:07:29.035 [Forwarding screenshot on session 882987db199587f8d8c26ea4419611ad to remote] DEBUG org.asynchttpclient.netty.request.NettyRequestSender - Using pooled Channel '[id: 0x5dd3b8bb, L:/127.0.0.1:63794 - R:localhost/127.0.0.1:50040]' for 'GET' to 'http://localhost:50040/session/882987db199587f8d8c26ea4419611ad/screenshot'
19:07:29.035 [Forwarding screenshot on session 882987db199587f8d8c26ea4419611ad to remote] DEBUG org.asynchttpclient.netty.request.NettyRequestSender - Using open Channel [id: 0x5dd3b8bb, L:/127.0.0.1:63794 - R:localhost/127.0.0.1:50040] for GET '/session/882987db199587f8d8c26ea4419611ad/screenshot'
19:07:29.140 [AsyncHttpClient-1-1] DEBUG org.asynchttpclient.netty.channel.DefaultChannelPool - Entry count for : http://localhost:63795 : 1
19:07:29.448 [AsyncHttpClient-1-8] DEBUG org.asynchttpclient.netty.handler.HttpHandler - 

Request DefaultFullHttpRequest(decodeResult: success, version: HTTP/1.1, content: EmptyByteBufBE)
GET /session/882987db199587f8d8c26ea4419611ad/screenshot HTTP/1.1
User-Agent: selenium/4.1.2 (java windows)
Cache-Control: no-cache
Content-Type: application/json; charset=utf-8
host: localhost:50040
accept: */*

Response DefaultHttpResponse(decodeResult: success, version: HTTP/1.1)
HTTP/1.1 200 OK
Content-Type: application/json; charset=utf-8
cache-control: no-cache
content-length: 314064

19:07:29.450 [AsyncHttpClient-1-8] DEBUG org.asynchttpclient.netty.channel.ChannelManager - Adding key: http://localhost:50040 for channel [id: 0x5dd3b8bb, L:/127.0.0.1:63794 - R:localhost/127.0.0.1:50040]
19:07:29.476 [main] DEBUG net.serenitybdd.core.photography.Darkroom - Send negative for processing for target\site\serenity\408ffb6e836d5a53818609ff39074e70118db1601a829ee0fd6096f004b35e00.png
19:07:29.477 [main] DEBUG net.thucydides.core.steps.StepInterceptor - STEP DONE: inputPassword
  &amp#27;[32mAnd &amp#27;[0m&amp#27;[32mI input invalid password&amp#27;[0m                            &amp#27;[90m# starter.stepdefinitions.LoginSteps.iInputInvalidPassword()&amp#27;[0m
19:07:29.477 [Darkroom Processing Line] DEBUG net.serenitybdd.core.photography.DarkroomProcessingLine - Processing screenshot image in /var/screenshots/screenshot-4451276895584516383
19:07:29.477 [Darkroom Processing Line] DEBUG net.serenitybdd.core.photography.DarkroomProcessingLine - Saving screenshot to target\site\serenity\408ffb6e836d5a53818609ff39074e70118db1601a829ee0fd6096f004b35e00.png
19:07:29.511 [main] DEBUG net.thucydides.core.steps.StepInterceptor - STARTING STEP: LoginSteps.clickLoginButton - clickLoginButton
19:07:29.518 [Forwarding findElement on session 882987db199587f8d8c26ea4419611ad to remote] DEBUG org.asynchttpclient.netty.request.NettyRequestSender - Using pooled Channel '[id: 0x5dd3b8bb, L:/127.0.0.1:63794 - R:localhost/127.0.0.1:50040]' for 'POST' to 'http://localhost:50040/session/882987db199587f8d8c26ea4419611ad/element'
19:07:29.518 [Forwarding findElement on session 882987db199587f8d8c26ea4419611ad to remote] DEBUG org.asynchttpclient.netty.request.NettyRequestSender - Using open Channel [id: 0x5dd3b8bb, L:/127.0.0.1:63794 - R:localhost/127.0.0.1:50040] for POST '/session/882987db199587f8d8c26ea4419611ad/element'
19:07:29.539 [AsyncHttpClient-1-8] DEBUG org.asynchttpclient.netty.handler.HttpHandler - 

Request DefaultHttpRequest(decodeResult: success, version: HTTP/1.1)
POST /session/882987db199587f8d8c26ea4419611ad/element HTTP/1.1
User-Agent: selenium/4.1.2 (java windows)
Content-Length: 50
Content-Type: application/json; charset=utf-8
host: localhost:50040
accept: */*

Response DefaultHttpResponse(decodeResult: success, version: HTTP/1.1)
HTTP/1.1 200 OK
Content-Type: application/json; charset=utf-8
cache-control: no-cache
content-length: 88

19:07:29.539 [AsyncHttpClient-1-8] DEBUG org.asynchttpclient.netty.channel.ChannelManager - Adding key: http://localhost:50040 for channel [id: 0x5dd3b8bb, L:/127.0.0.1:63794 - R:localhost/127.0.0.1:50040]
19:07:29.542 [Forwarding getElementTagName on session 882987db199587f8d8c26ea4419611ad to remote] DEBUG org.asynchttpclient.netty.request.NettyRequestSender - Using pooled Channel '[id: 0x5dd3b8bb, L:/127.0.0.1:63794 - R:localhost/127.0.0.1:50040]' for 'GET' to 'http://localhost:50040/session/882987db199587f8d8c26ea4419611ad/element/e1aeb4b1-0d85-457b-ade2-8d8ed18e46fa/name'
19:07:29.542 [Forwarding getElementTagName on session 882987db199587f8d8c26ea4419611ad to remote] DEBUG org.asynchttpclient.netty.request.NettyRequestSender - Using open Channel [id: 0x5dd3b8bb, L:/127.0.0.1:63794 - R:localhost/127.0.0.1:50040] for GET '/session/882987db199587f8d8c26ea4419611ad/element/e1aeb4b1-0d85-457b-ade2-8d8ed18e46fa/name'
19:07:29.550 [AsyncHttpClient-1-8] DEBUG org.asynchttpclient.netty.handler.HttpHandler - 

Request DefaultFullHttpRequest(decodeResult: success, version: HTTP/1.1, content: EmptyByteBufBE)
GET /session/882987db199587f8d8c26ea4419611ad/element/e1aeb4b1-0d85-457b-ade2-8d8ed18e46fa/name HTTP/1.1
User-Agent: selenium/4.1.2 (java windows)
Cache-Control: no-cache
Content-Type: application/json; charset=utf-8
host: localhost:50040
accept: */*

Response DefaultHttpResponse(decodeResult: success, version: HTTP/1.1)
HTTP/1.1 200 OK
Content-Type: application/json; charset=utf-8
cache-control: no-cache
content-length: 18

19:07:29.550 [AsyncHttpClient-1-8] DEBUG org.asynchttpclient.netty.channel.ChannelManager - Adding key: http://localhost:50040 for channel [id: 0x5dd3b8bb, L:/127.0.0.1:63794 - R:localhost/127.0.0.1:50040]
19:07:29.554 [Forwarding getElementTagName on session 882987db199587f8d8c26ea4419611ad to remote] DEBUG org.asynchttpclient.netty.request.NettyRequestSender - Using pooled Channel '[id: 0x5dd3b8bb, L:/127.0.0.1:63794 - R:localhost/127.0.0.1:50040]' for 'GET' to 'http://localhost:50040/session/882987db199587f8d8c26ea4419611ad/element/e1aeb4b1-0d85-457b-ade2-8d8ed18e46fa/name'
19:07:29.554 [Forwarding getElementTagName on session 882987db199587f8d8c26ea4419611ad to remote] DEBUG org.asynchttpclient.netty.request.NettyRequestSender - Using open Channel [id: 0x5dd3b8bb, L:/127.0.0.1:63794 - R:localhost/127.0.0.1:50040] for GET '/session/882987db199587f8d8c26ea4419611ad/element/e1aeb4b1-0d85-457b-ade2-8d8ed18e46fa/name'
19:07:29.561 [AsyncHttpClient-1-8] DEBUG org.asynchttpclient.netty.handler.HttpHandler - 

Request DefaultFullHttpRequest(decodeResult: success, version: HTTP/1.1, content: EmptyByteBufBE)
GET /session/882987db199587f8d8c26ea4419611ad/element/e1aeb4b1-0d85-457b-ade2-8d8ed18e46fa/name HTTP/1.1
User-Agent: selenium/4.1.2 (java windows)
Cache-Control: no-cache
Content-Type: application/json; charset=utf-8
host: localhost:50040
accept: */*

Response DefaultHttpResponse(decodeResult: success, version: HTTP/1.1)
HTTP/1.1 200 OK
Content-Type: application/json; charset=utf-8
cache-control: no-cache
content-length: 18

19:07:29.561 [AsyncHttpClient-1-8] DEBUG org.asynchttpclient.netty.channel.ChannelManager - Adding key: http://localhost:50040 for channel [id: 0x5dd3b8bb, L:/127.0.0.1:63794 - R:localhost/127.0.0.1:50040]
19:07:29.567 [Forwarding isElementEnabled on session 882987db199587f8d8c26ea4419611ad to remote] DEBUG org.asynchttpclient.netty.request.NettyRequestSender - Using pooled Channel '[id: 0x5dd3b8bb, L:/127.0.0.1:63794 - R:localhost/127.0.0.1:50040]' for 'GET' to 'http://localhost:50040/session/882987db199587f8d8c26ea4419611ad/element/e1aeb4b1-0d85-457b-ade2-8d8ed18e46fa/enabled'
19:07:29.567 [Forwarding isElementEnabled on session 882987db199587f8d8c26ea4419611ad to remote] DEBUG org.asynchttpclient.netty.request.NettyRequestSender - Using open Channel [id: 0x5dd3b8bb, L:/127.0.0.1:63794 - R:localhost/127.0.0.1:50040] for GET '/session/882987db199587f8d8c26ea4419611ad/element/e1aeb4b1-0d85-457b-ade2-8d8ed18e46fa/enabled'
19:07:29.584 [AsyncHttpClient-1-8] DEBUG org.asynchttpclient.netty.handler.HttpHandler - 

Request DefaultFullHttpRequest(decodeResult: success, version: HTTP/1.1, content: EmptyByteBufBE)
GET /session/882987db199587f8d8c26ea4419611ad/element/e1aeb4b1-0d85-457b-ade2-8d8ed18e46fa/enabled HTTP/1.1
User-Agent: selenium/4.1.2 (java windows)
Cache-Control: no-cache
Content-Type: application/json; charset=utf-8
host: localhost:50040
accept: */*

Response DefaultHttpResponse(decodeResult: success, version: HTTP/1.1)
HTTP/1.1 200 OK
Content-Type: application/json; charset=utf-8
cache-control: no-cache
content-length: 14

19:07:29.584 [AsyncHttpClient-1-8] DEBUG org.asynchttpclient.netty.channel.ChannelManager - Adding key: http://localhost:50040 for channel [id: 0x5dd3b8bb, L:/127.0.0.1:63794 - R:localhost/127.0.0.1:50040]
19:07:29.591 [Forwarding isElementEnabled on session 882987db199587f8d8c26ea4419611ad to remote] DEBUG org.asynchttpclient.netty.request.NettyRequestSender - Using pooled Channel '[id: 0x5dd3b8bb, L:/127.0.0.1:63794 - R:localhost/127.0.0.1:50040]' for 'GET' to 'http://localhost:50040/session/882987db199587f8d8c26ea4419611ad/element/e1aeb4b1-0d85-457b-ade2-8d8ed18e46fa/enabled'
19:07:29.591 [Forwarding isElementEnabled on session 882987db199587f8d8c26ea4419611ad to remote] DEBUG org.asynchttpclient.netty.request.NettyRequestSender - Using open Channel [id: 0x5dd3b8bb, L:/127.0.0.1:63794 - R:localhost/127.0.0.1:50040] for GET '/session/882987db199587f8d8c26ea4419611ad/element/e1aeb4b1-0d85-457b-ade2-8d8ed18e46fa/enabled'
19:07:29.606 [AsyncHttpClient-1-8] DEBUG org.asynchttpclient.netty.handler.HttpHandler - 

Request DefaultFullHttpRequest(decodeResult: success, version: HTTP/1.1, content: EmptyByteBufBE)
GET /session/882987db199587f8d8c26ea4419611ad/element/e1aeb4b1-0d85-457b-ade2-8d8ed18e46fa/enabled HTTP/1.1
User-Agent: selenium/4.1.2 (java windows)
Cache-Control: no-cache
Content-Type: application/json; charset=utf-8
host: localhost:50040
accept: */*

Response DefaultHttpResponse(decodeResult: success, version: HTTP/1.1)
HTTP/1.1 200 OK
Content-Type: application/json; charset=utf-8
cache-control: no-cache
content-length: 14

19:07:29.607 [AsyncHttpClient-1-8] DEBUG org.asynchttpclient.netty.channel.ChannelManager - Adding key: http://localhost:50040 for channel [id: 0x5dd3b8bb, L:/127.0.0.1:63794 - R:localhost/127.0.0.1:50040]
19:07:29.612 [Forwarding findElement on session 882987db199587f8d8c26ea4419611ad to remote] DEBUG org.asynchttpclient.netty.request.NettyRequestSender - Using pooled Channel '[id: 0x5dd3b8bb, L:/127.0.0.1:63794 - R:localhost/127.0.0.1:50040]' for 'POST' to 'http://localhost:50040/session/882987db199587f8d8c26ea4419611ad/element'
19:07:29.612 [Forwarding findElement on session 882987db199587f8d8c26ea4419611ad to remote] DEBUG org.asynchttpclient.netty.request.NettyRequestSender - Using open Channel [id: 0x5dd3b8bb, L:/127.0.0.1:63794 - R:localhost/127.0.0.1:50040] for POST '/session/882987db199587f8d8c26ea4419611ad/element'
19:07:29.626 [AsyncHttpClient-1-8] DEBUG org.asynchttpclient.netty.handler.HttpHandler - 

Request DefaultHttpRequest(decodeResult: success, version: HTTP/1.1)
POST /session/882987db199587f8d8c26ea4419611ad/element HTTP/1.1
User-Agent: selenium/4.1.2 (java windows)
Content-Length: 50
Content-Type: application/json; charset=utf-8
host: localhost:50040
accept: */*

Response DefaultHttpResponse(decodeResult: success, version: HTTP/1.1)
HTTP/1.1 200 OK
Content-Type: application/json; charset=utf-8
cache-control: no-cache
content-length: 88

19:07:29.627 [AsyncHttpClient-1-8] DEBUG org.asynchttpclient.netty.channel.ChannelManager - Adding key: http://localhost:50040 for channel [id: 0x5dd3b8bb, L:/127.0.0.1:63794 - R:localhost/127.0.0.1:50040]
19:07:29.632 [Forwarding clickElement on session 882987db199587f8d8c26ea4419611ad to remote] DEBUG org.asynchttpclient.netty.request.NettyRequestSender - Using pooled Channel '[id: 0x5dd3b8bb, L:/127.0.0.1:63794 - R:localhost/127.0.0.1:50040]' for 'POST' to 'http://localhost:50040/session/882987db199587f8d8c26ea4419611ad/element/e1aeb4b1-0d85-457b-ade2-8d8ed18e46fa/click'
19:07:29.633 [Forwarding clickElement on session 882987db199587f8d8c26ea4419611ad to remote] DEBUG org.asynchttpclient.netty.request.NettyRequestSender - Using open Channel [id: 0x5dd3b8bb, L:/127.0.0.1:63794 - R:localhost/127.0.0.1:50040] for POST '/session/882987db199587f8d8c26ea4419611ad/element/e1aeb4b1-0d85-457b-ade2-8d8ed18e46fa/click'
19:07:29.719 [AsyncHttpClient-1-8] DEBUG org.asynchttpclient.netty.handler.HttpHandler - 

Request DefaultHttpRequest(decodeResult: success, version: HTTP/1.1)
POST /session/882987db199587f8d8c26ea4419611ad/element/e1aeb4b1-0d85-457b-ade2-8d8ed18e46fa/click HTTP/1.1
User-Agent: selenium/4.1.2 (java windows)
Content-Length: 50
Content-Type: application/json; charset=utf-8
host: localhost:50040
accept: */*

Response DefaultHttpResponse(decodeResult: success, version: HTTP/1.1)
HTTP/1.1 200 OK
Content-Type: application/json; charset=utf-8
cache-control: no-cache
content-length: 14

19:07:29.720 [AsyncHttpClient-1-8] DEBUG org.asynchttpclient.netty.channel.ChannelManager - Adding key: http://localhost:50040 for channel [id: 0x5dd3b8bb, L:/127.0.0.1:63794 - R:localhost/127.0.0.1:50040]
19:07:29.746 [Forwarding screenshot on session 882987db199587f8d8c26ea4419611ad to remote] DEBUG org.asynchttpclient.netty.request.NettyRequestSender - Using pooled Channel '[id: 0x5dd3b8bb, L:/127.0.0.1:63794 - R:localhost/127.0.0.1:50040]' for 'GET' to 'http://localhost:50040/session/882987db199587f8d8c26ea4419611ad/screenshot'
19:07:29.747 [Forwarding screenshot on session 882987db199587f8d8c26ea4419611ad to remote] DEBUG org.asynchttpclient.netty.request.NettyRequestSender - Using open Channel [id: 0x5dd3b8bb, L:/127.0.0.1:63794 - R:localhost/127.0.0.1:50040] for GET '/session/882987db199587f8d8c26ea4419611ad/screenshot'
19:07:30.228 [AsyncHttpClient-1-8] DEBUG org.asynchttpclient.netty.handler.HttpHandler - 

Request DefaultFullHttpRequest(decodeResult: success, version: HTTP/1.1, content: EmptyByteBufBE)
GET /session/882987db199587f8d8c26ea4419611ad/screenshot HTTP/1.1
User-Agent: selenium/4.1.2 (java windows)
Cache-Control: no-cache
Content-Type: application/json; charset=utf-8
host: localhost:50040
accept: */*

Response DefaultHttpResponse(decodeResult: success, version: HTTP/1.1)
HTTP/1.1 200 OK
Content-Type: application/json; charset=utf-8
cache-control: no-cache
content-length: 288864

19:07:30.231 [AsyncHttpClient-1-8] DEBUG org.asynchttpclient.netty.channel.ChannelManager - Adding key: http://localhost:50040 for channel [id: 0x5dd3b8bb, L:/127.0.0.1:63794 - R:localhost/127.0.0.1:50040]
19:07:30.235 [AsyncHttpClient-1-1] DEBUG org.asynchttpclient.netty.channel.DefaultChannelPool - Entry count for : http://localhost:63795 : 1
19:07:30.236 [AsyncHttpClient-1-1] DEBUG org.asynchttpclient.netty.channel.DefaultChannelPool - Entry count for : http://localhost:50040 : 1
19:07:30.255 [main] DEBUG net.serenitybdd.core.photography.Darkroom - Send negative for processing for target\site\serenity\b47308669c8bf88fc65eb3fa2d2698bafb6a98080fcc9da480a6561fb56c683c.png
19:07:30.256 [main] DEBUG net.thucydides.core.steps.StepInterceptor - STEP DONE: clickLoginButton
  &amp#27;[32mAnd &amp#27;[0m&amp#27;[32mI click login button&amp#27;[0m                                &amp#27;[90m# starter.stepdefinitions.LoginSteps.clickLoginButton()&amp#27;[0m
19:07:30.256 [Darkroom Processing Line] DEBUG net.serenitybdd.core.photography.DarkroomProcessingLine - Processing screenshot image in /var/screenshots/screenshot-466032312942642683
19:07:30.256 [Darkroom Processing Line] DEBUG net.serenitybdd.core.photography.DarkroomProcessingLine - Saving screenshot to target\site\serenity\b47308669c8bf88fc65eb3fa2d2698bafb6a98080fcc9da480a6561fb56c683c.png
19:07:30.306 [main] DEBUG net.thucydides.core.steps.StepInterceptor - STARTING STEP: LoginSteps.showErrorMessage - showErrorMessage
19:07:30.314 [Forwarding findElement on session 882987db199587f8d8c26ea4419611ad to remote] DEBUG org.asynchttpclient.netty.request.NettyRequestSender - Using pooled Channel '[id: 0x5dd3b8bb, L:/127.0.0.1:63794 - R:localhost/127.0.0.1:50040]' for 'POST' to 'http://localhost:50040/session/882987db199587f8d8c26ea4419611ad/element'
19:07:30.314 [Forwarding findElement on session 882987db199587f8d8c26ea4419611ad to remote] DEBUG org.asynchttpclient.netty.request.NettyRequestSender - Using open Channel [id: 0x5dd3b8bb, L:/127.0.0.1:63794 - R:localhost/127.0.0.1:50040] for POST '/session/882987db199587f8d8c26ea4419611ad/element'
19:07:30.342 [AsyncHttpClient-1-8] DEBUG org.asynchttpclient.netty.handler.HttpHandler - 

Request DefaultHttpRequest(decodeResult: success, version: HTTP/1.1)
POST /session/882987db199587f8d8c26ea4419611ad/element HTTP/1.1
User-Agent: selenium/4.1.2 (java windows)
Content-Length: 49
Content-Type: application/json; charset=utf-8
host: localhost:50040
accept: */*

Response DefaultHttpResponse(decodeResult: success, version: HTTP/1.1)
HTTP/1.1 200 OK
Content-Type: application/json; charset=utf-8
cache-control: no-cache
content-length: 88

19:07:30.342 [AsyncHttpClient-1-8] DEBUG org.asynchttpclient.netty.channel.ChannelManager - Adding key: http://localhost:50040 for channel [id: 0x5dd3b8bb, L:/127.0.0.1:63794 - R:localhost/127.0.0.1:50040]
19:07:30.350 [Forwarding isElementDisplayed on session 882987db199587f8d8c26ea4419611ad to remote] DEBUG org.asynchttpclient.netty.request.NettyRequestSender - Using pooled Channel '[id: 0x5dd3b8bb, L:/127.0.0.1:63794 - R:localhost/127.0.0.1:50040]' for 'POST' to 'http://localhost:50040/session/882987db199587f8d8c26ea4419611ad/execute/sync'
19:07:30.350 [Forwarding isElementDisplayed on session 882987db199587f8d8c26ea4419611ad to remote] DEBUG org.asynchttpclient.netty.request.NettyRequestSender - Using open Channel [id: 0x5dd3b8bb, L:/127.0.0.1:63794 - R:localhost/127.0.0.1:50040] for POST '/session/882987db199587f8d8c26ea4419611ad/execute/sync'
19:07:30.379 [AsyncHttpClient-1-8] DEBUG org.asynchttpclient.netty.handler.HttpHandler - 

Request DefaultHttpRequest(decodeResult: success, version: HTTP/1.1)
POST /session/882987db199587f8d8c26ea4419611ad/execute/sync HTTP/1.1
User-Agent: selenium/4.1.2 (java windows)
Content-Length: 48780
Content-Type: application/json; charset=utf-8
host: localhost:50040
accept: */*

Response DefaultHttpResponse(decodeResult: success, version: HTTP/1.1)
HTTP/1.1 200 OK
Content-Type: application/json; charset=utf-8
cache-control: no-cache
content-length: 14

19:07:30.380 [AsyncHttpClient-1-8] DEBUG org.asynchttpclient.netty.channel.ChannelManager - Adding key: http://localhost:50040 for channel [id: 0x5dd3b8bb, L:/127.0.0.1:63794 - R:localhost/127.0.0.1:50040]
19:07:30.389 [Forwarding screenshot on session 882987db199587f8d8c26ea4419611ad to remote] DEBUG org.asynchttpclient.netty.request.NettyRequestSender - Using pooled Channel '[id: 0x5dd3b8bb, L:/127.0.0.1:63794 - R:localhost/127.0.0.1:50040]' for 'GET' to 'http://localhost:50040/session/882987db199587f8d8c26ea4419611ad/screenshot'
19:07:30.389 [Forwarding screenshot on session 882987db199587f8d8c26ea4419611ad to remote] DEBUG org.asynchttpclient.netty.request.NettyRequestSender - Using open Channel [id: 0x5dd3b8bb, L:/127.0.0.1:63794 - R:localhost/127.0.0.1:50040] for GET '/session/882987db199587f8d8c26ea4419611ad/screenshot'
19:07:30.753 [AsyncHttpClient-1-8] DEBUG org.asynchttpclient.netty.handler.HttpHandler - 

Request DefaultFullHttpRequest(decodeResult: success, version: HTTP/1.1, content: EmptyByteBufBE)
GET /session/882987db199587f8d8c26ea4419611ad/screenshot HTTP/1.1
User-Agent: selenium/4.1.2 (java windows)
Cache-Control: no-cache
Content-Type: application/json; charset=utf-8
host: localhost:50040
accept: */*

Response DefaultHttpResponse(decodeResult: success, version: HTTP/1.1)
HTTP/1.1 200 OK
Content-Type: application/json; charset=utf-8
cache-control: no-cache
content-length: 314532

19:07:30.755 [AsyncHttpClient-1-8] DEBUG org.asynchttpclient.netty.channel.ChannelManager - Adding key: http://localhost:50040 for channel [id: 0x5dd3b8bb, L:/127.0.0.1:63794 - R:localhost/127.0.0.1:50040]
19:07:30.776 [main] DEBUG net.serenitybdd.core.photography.Darkroom - Send negative for processing for target\site\serenity\aa796066c448f188162bdfecd774cabc6a64c2d0338ae619b6144cc3483129db.png
19:07:30.776 [main] DEBUG net.thucydides.core.steps.StepInterceptor - STEP DONE: showErrorMessage
19:07:30.776 [Darkroom Processing Line] DEBUG net.serenitybdd.core.photography.DarkroomProcessingLine - Processing screenshot image in /var/screenshots/screenshot-5228200814353907477
19:07:30.776 [Darkroom Processing Line] DEBUG net.serenitybdd.core.photography.DarkroomProcessingLine - Saving screenshot to target\site\serenity\aa796066c448f188162bdfecd774cabc6a64c2d0338ae619b6144cc3483129db.png
19:07:30.788 [main] DEBUG net.thucydides.core.steps.StepInterceptor - STARTING STEP: LoginSteps.showErrorMessage - verify
19:07:30.793 [Forwarding findElement on session 882987db199587f8d8c26ea4419611ad to remote] DEBUG org.asynchttpclient.netty.request.NettyRequestSender - Using pooled Channel '[id: 0x5dd3b8bb, L:/127.0.0.1:63794 - R:localhost/127.0.0.1:50040]' for 'POST' to 'http://localhost:50040/session/882987db199587f8d8c26ea4419611ad/element'
19:07:30.794 [Forwarding findElement on session 882987db199587f8d8c26ea4419611ad to remote] DEBUG org.asynchttpclient.netty.request.NettyRequestSender - Using open Channel [id: 0x5dd3b8bb, L:/127.0.0.1:63794 - R:localhost/127.0.0.1:50040] for POST '/session/882987db199587f8d8c26ea4419611ad/element'
19:07:30.804 [AsyncHttpClient-1-8] DEBUG org.asynchttpclient.netty.handler.HttpHandler - 

Request DefaultHttpRequest(decodeResult: success, version: HTTP/1.1)
POST /session/882987db199587f8d8c26ea4419611ad/element HTTP/1.1
User-Agent: selenium/4.1.2 (java windows)
Content-Length: 49
Content-Type: application/json; charset=utf-8
host: localhost:50040
accept: */*

Response DefaultHttpResponse(decodeResult: success, version: HTTP/1.1)
HTTP/1.1 200 OK
Content-Type: application/json; charset=utf-8
cache-control: no-cache
content-length: 88

19:07:30.804 [AsyncHttpClient-1-8] DEBUG org.asynchttpclient.netty.channel.ChannelManager - Adding key: http://localhost:50040 for channel [id: 0x5dd3b8bb, L:/127.0.0.1:63794 - R:localhost/127.0.0.1:50040]
19:07:30.805 [Forwarding getElementText on session 882987db199587f8d8c26ea4419611ad to remote] DEBUG org.asynchttpclient.netty.request.NettyRequestSender - Using pooled Channel '[id: 0x5dd3b8bb, L:/127.0.0.1:63794 - R:localhost/127.0.0.1:50040]' for 'GET' to 'http://localhost:50040/session/882987db199587f8d8c26ea4419611ad/element/08e78b00-8200-46fc-a5c1-75bc1a7d73fc/text'
19:07:30.806 [Forwarding getElementText on session 882987db199587f8d8c26ea4419611ad to remote] DEBUG org.asynchttpclient.netty.request.NettyRequestSender - Using open Channel [id: 0x5dd3b8bb, L:/127.0.0.1:63794 - R:localhost/127.0.0.1:50040] for GET '/session/882987db199587f8d8c26ea4419611ad/element/08e78b00-8200-46fc-a5c1-75bc1a7d73fc/text'
19:07:30.829 [AsyncHttpClient-1-8] DEBUG org.asynchttpclient.netty.handler.HttpHandler - 

Request DefaultFullHttpRequest(decodeResult: success, version: HTTP/1.1, content: EmptyByteBufBE)
GET /session/882987db199587f8d8c26ea4419611ad/element/08e78b00-8200-46fc-a5c1-75bc1a7d73fc/text HTTP/1.1
User-Agent: selenium/4.1.2 (java windows)
Cache-Control: no-cache
Content-Type: application/json; charset=utf-8
host: localhost:50040
accept: */*

Response DefaultHttpResponse(decodeResult: success, version: HTTP/1.1)
HTTP/1.1 200 OK
Content-Type: application/json; charset=utf-8
cache-control: no-cache
content-length: 41

19:07:30.829 [AsyncHttpClient-1-8] DEBUG org.asynchttpclient.netty.channel.ChannelManager - Adding key: http://localhost:50040 for channel [id: 0x5dd3b8bb, L:/127.0.0.1:63794 - R:localhost/127.0.0.1:50040]
19:07:30.837 [Forwarding screenshot on session 882987db199587f8d8c26ea4419611ad to remote] DEBUG org.asynchttpclient.netty.request.NettyRequestSender - Using pooled Channel '[id: 0x5dd3b8bb, L:/127.0.0.1:63794 - R:localhost/127.0.0.1:50040]' for 'GET' to 'http://localhost:50040/session/882987db199587f8d8c26ea4419611ad/screenshot'
19:07:30.837 [Forwarding screenshot on session 882987db199587f8d8c26ea4419611ad to remote] DEBUG org.asynchttpclient.netty.request.NettyRequestSender - Using open Channel [id: 0x5dd3b8bb, L:/127.0.0.1:63794 - R:localhost/127.0.0.1:50040] for GET '/session/882987db199587f8d8c26ea4419611ad/screenshot'
19:07:31.216 [AsyncHttpClient-1-8] DEBUG org.asynchttpclient.netty.handler.HttpHandler - 

Request DefaultFullHttpRequest(decodeResult: success, version: HTTP/1.1, content: EmptyByteBufBE)
GET /session/882987db199587f8d8c26ea4419611ad/screenshot HTTP/1.1
User-Agent: selenium/4.1.2 (java windows)
Cache-Control: no-cache
Content-Type: application/json; charset=utf-8
host: localhost:50040
accept: */*

Response DefaultHttpResponse(decodeResult: success, version: HTTP/1.1)
HTTP/1.1 200 OK
Content-Type: application/json; charset=utf-8
cache-control: no-cache
content-length: 314532

19:07:31.218 [AsyncHttpClient-1-8] DEBUG org.asynchttpclient.netty.channel.ChannelManager - Adding key: http://localhost:50040 for channel [id: 0x5dd3b8bb, L:/127.0.0.1:63794 - R:localhost/127.0.0.1:50040]
19:07:31.245 [main] DEBUG net.serenitybdd.core.photography.Darkroom - Send negative for processing for target\site\serenity\aa796066c448f188162bdfecd774cabc6a64c2d0338ae619b6144cc3483129db.png
19:07:31.245 [main] DEBUG net.thucydides.core.steps.StepInterceptor - STEP DONE: verify
  &amp#27;[32mThen &amp#27;[0m&amp#27;[32mShow error message &amp#27;[0m&amp#27;[32m&amp#27;[1m"Invalid username or password!"&amp#27;[0m &amp#27;[90m# starter.stepdefinitions.LoginSteps.showErrorMessage(java.lang.String)&amp#27;[0m
19:07:31.252 [main] INFO  - 
  _____   ___   ___   _____     ___     _     ___   ___   ___   ___  
 |_   _| | __| / __| |_   _|   | _ \   /_\   / __| / __| | __| |   \ 
   | |   | _|  \__ \   | |     |  _/  / _ \  \__ \ \__ \ | _|  | |) |
   |_|   |___| |___/   |_|     |_|   /_/ \_\ |___/ |___/ |___| |___/ 

As user, I have be unable login
----------------------------------------------------------------------
19:07:31.253 [AsyncHttpClient-1-10] DEBUG org.asynchttpclient.netty.handler.WebSocketHandler - Channel Closed: [id: 0x1c021fc4, L:/127.0.0.1:63802 ! R:localhost/127.0.0.1:63795] with attribute NettyResponseFuture{currentRetry=5,
	isDone=1,
	isCancelled=0,
	asyncHandler=org.asynchttpclient.ws.WebSocketUpgradeHandler@22e8aefc,
	nettyRequest=org.asynchttpclient.netty.request.NettyRequest@67ea34c5,
	future=java.util.concurrent.CompletableFuture@4978b111[Completed normally],
	uri=ws://localhost:63795/devtools/browser/9f9953ae-1190-4b28-99eb-e5186a1a0bb2,
	keepAlive=true,
	redirectCount=0,
	timeoutsHolder=null,
	inAuth=0,
	touch=1648642023722}
19:07:31.253 [AsyncHttpClient-1-10] DEBUG org.asynchttpclient.netty.channel.ChannelManager - Closing Channel [id: 0x1c021fc4, L:/127.0.0.1:63802 ! R:localhost/127.0.0.1:63795] 
19:07:31.254 [Driver Command Executor] DEBUG org.asynchttpclient.netty.request.NettyRequestSender - Using pooled Channel '[id: 0x5dd3b8bb, L:/127.0.0.1:63794 - R:localhost/127.0.0.1:50040]' for 'DELETE' to 'http://localhost:50040/session/882987db199587f8d8c26ea4419611ad'
19:07:31.254 [Driver Command Executor] DEBUG org.asynchttpclient.netty.request.NettyRequestSender - Using open Channel [id: 0x5dd3b8bb, L:/127.0.0.1:63794 - R:localhost/127.0.0.1:50040] for DELETE '/session/882987db199587f8d8c26ea4419611ad'
19:07:31.342 [AsyncHttpClient-1-1] DEBUG org.asynchttpclient.netty.channel.DefaultChannelPool - Entry count for : http://localhost:63795 : 1
19:07:31.827 [AsyncHttpClient-1-9] DEBUG org.asynchttpclient.netty.handler.HttpHandler - Unexpected I/O exception on channel [id: 0xb372cb22, L:/127.0.0.1:63801 - R:localhost/127.0.0.1:63795]
java.io.IOException: An existing connection was forcibly closed by the remote host
	at sun.nio.ch.SocketDispatcher.read0(Native Method)
	at sun.nio.ch.SocketDispatcher.read(SocketDispatcher.java:43)
	at sun.nio.ch.IOUtil.readIntoNativeBuffer(IOUtil.java:223)
	at sun.nio.ch.IOUtil.read(IOUtil.java:192)
	at sun.nio.ch.SocketChannelImpl.read(SocketChannelImpl.java:380)
	at io.netty.buffer.PooledByteBuf.setBytes(PooledByteBuf.java:258)
	at io.netty.buffer.AbstractByteBuf.writeBytes(AbstractByteBuf.java:1132)
	at io.netty.channel.socket.nio.NioSocketChannel.doReadBytes(NioSocketChannel.java:350)
	at io.netty.channel.nio.AbstractNioByteChannel$NioByteUnsafe.read(AbstractNioByteChannel.java:151)
	at io.netty.channel.nio.NioEventLoop.processSelectedKey(NioEventLoop.java:722)
	at io.netty.channel.nio.NioEventLoop.processSelectedKeysOptimized(NioEventLoop.java:658)
	at io.netty.channel.nio.NioEventLoop.processSelectedKeys(NioEventLoop.java:584)
	at io.netty.channel.nio.NioEventLoop.run(NioEventLoop.java:496)
	at io.netty.util.concurrent.SingleThreadEventExecutor$4.run(SingleThreadEventExecutor.java:986)
	at io.netty.util.internal.ThreadExecutorMap$2.run(ThreadExecutorMap.java:74)
	at io.netty.util.concurrent.FastThreadLocalRunnable.run(FastThreadLocalRunnable.java:30)
	at java.lang.Thread.run(Thread.java:745)
19:07:31.827 [AsyncHttpClient-1-9] DEBUG org.asynchttpclient.netty.channel.ChannelManager - Closing Channel [id: 0xb372cb22, L:/127.0.0.1:63801 - R:localhost/127.0.0.1:63795] 
19:07:31.828 [AsyncHttpClient-1-9] DEBUG org.asynchttpclient.netty.handler.HttpHandler - Channel Closed: [id: 0xb372cb22, L:/127.0.0.1:63801 ! R:localhost/127.0.0.1:63795] with attribute DISCARD
19:07:31.964 [AsyncHttpClient-1-8] DEBUG org.asynchttpclient.netty.handler.HttpHandler - 

Request DefaultFullHttpRequest(decodeResult: success, version: HTTP/1.1, content: EmptyByteBufBE)
DELETE /session/882987db199587f8d8c26ea4419611ad HTTP/1.1
User-Agent: selenium/4.1.2 (java windows)
Content-Type: application/json; charset=utf-8
host: localhost:50040
accept: */*

Response DefaultHttpResponse(decodeResult: success, version: HTTP/1.1)
HTTP/1.1 200 OK
Content-Type: application/json; charset=utf-8
cache-control: no-cache
content-length: 14

19:07:31.965 [AsyncHttpClient-1-8] DEBUG org.asynchttpclient.netty.channel.ChannelManager - Adding key: http://localhost:50040 for channel [id: 0x5dd3b8bb, L:/127.0.0.1:63794 - R:localhost/127.0.0.1:50040]
19:07:32.064 [AsyncHttpClient-1-8] DEBUG org.asynchttpclient.netty.handler.HttpHandler - Channel Closed: [id: 0x5dd3b8bb, L:/127.0.0.1:63794 ! R:localhost/127.0.0.1:50040] with attribute DISCARD
19:07:32.440 [AsyncHttpClient-1-1] DEBUG org.asynchttpclient.netty.channel.DefaultChannelPool - Entry count for : http://localhost:63795 : 1
19:07:32.440 [AsyncHttpClient-1-1] DEBUG org.asynchttpclient.netty.channel.DefaultChannelPool - Entry count for : http://localhost:50040 : 1
19:07:32.448 [AsyncHttpClient-1-1] DEBUG org.asynchttpclient.netty.channel.DefaultChannelPool - Adding Candidate expired Channel [id: 0xb372cb22, L:/127.0.0.1:63801 ! R:localhost/127.0.0.1:63795] isIdleTimeoutExpired=false isRemotelyClosed=true isTtlExpired=false
19:07:32.448 [AsyncHttpClient-1-1] DEBUG org.asynchttpclient.netty.channel.DefaultChannelPool - Closing Idle Channel [id: 0xb372cb22, L:/127.0.0.1:63801 ! R:localhost/127.0.0.1:63795]
19:07:32.448 [AsyncHttpClient-1-1] DEBUG org.asynchttpclient.netty.channel.DefaultChannelPool - Adding Candidate expired Channel [id: 0x5dd3b8bb, L:/127.0.0.1:63794 ! R:localhost/127.0.0.1:50040] isIdleTimeoutExpired=false isRemotelyClosed=true isTtlExpired=false
19:07:32.448 [AsyncHttpClient-1-1] DEBUG org.asynchttpclient.netty.channel.DefaultChannelPool - Closing Idle Channel [id: 0x5dd3b8bb, L:/127.0.0.1:63794 ! R:localhost/127.0.0.1:50040]
19:07:32.448 [AsyncHttpClient-1-1] DEBUG org.asynchttpclient.netty.channel.DefaultChannelPool - Closed 2 connections out of 2 in 4 ms
]]></system-out>
    <system-err><![CDATA[Starting ChromeDriver 99.0.4844.51 (d537ec02474b5afe23684e7963d538896c63ac77-refs/branch-heads/4844@{#875}) on port 50040
Only local connections are allowed.
Please see https://chromedriver.chromium.org/security-considerations for suggestions on keeping ChromeDriver safe.
ChromeDriver was started successfully.
[1648642022.635][WARNING]: This version of ChromeDriver has not been tested with Chrome version 100.
Mar 30, 2022 7:07:03 PM org.openqa.selenium.remote.ProtocolHandshake createSession
INFO: Detected dialect: W3C
Mar 30, 2022 7:07:03 PM org.openqa.selenium.devtools.CdpVersionFinder findNearestMatch
WARNING: Unable to find an exact match for CDP version 100, so returning the closest version found: 97
Mar 30, 2022 7:07:03 PM org.openqa.selenium.devtools.CdpVersionFinder findNearestMatch
INFO: Found CDP implementation for version 100 of 97
]]></system-err>
  </testcase>
  <testcase name="As user, I have be unable login #3" classname="Login" time="20.221">
    <system-out><![CDATA[
Scenario: As user, I have be unable login                 &amp#27;[90m# src/test/resources/features/Login.feature:27&amp#27;[0m
19:07:32.610 [main] INFO io.cucumber.core.plugin.SerenityReporter - Running feature from file:///C:/Users/ASUS/IdeaProjects/WebUITesting/src/test/resources/features/Login.feature
19:07:32.650 [main] DEBUG net.thucydides.core.steps.StepInterceptor - STARTING STEP: LoginSteps.onTheLoginPage - openPage
19:07:32.655 [main] INFO net.serenitybdd.core.webdriver.driverproviders.ChromeDriverProvider - Using automatically driver download
19:07:33.006 [main] DEBUG io.github.bonigarcia.wdm.cache.ResolutionCache - Resolution chrome=100 in cache (valid until 20:01:07 30/03/2022 ICT)
19:07:33.012 [main] DEBUG io.github.bonigarcia.wdm.cache.ResolutionCache - Resolution chrome100=100.0.4896.60 in cache (valid until 19:01:07 31/03/2022 ICT)
19:07:33.016 [main] INFO io.github.bonigarcia.wdm.WebDriverManager - Using chromedriver 100.0.4896.60 (resolved driver for Chrome 100)
19:07:33.063 [main] DEBUG io.github.bonigarcia.wdm.WebDriverManager - Driver chromedriver 100.0.4896.60 found in cache
19:07:33.064 [main] INFO io.github.bonigarcia.wdm.WebDriverManager - Exporting webdriver.chrome.driver as C:\Users\ASUS\.cache\selenium\chromedriver\win32\100.0.4896.60\chromedriver.exe
19:07:33.369 [main] DEBUG net.serenitybdd.core.webdriver.driverproviders.ProvideNewDriver - Instantiating driver
19:07:33.369 [main] DEBUG net.serenitybdd.core.webdriver.driverproviders.ProvideNewDriver - Driver capabilities: Capabilities {acceptInsecureCerts: false, base.url: https://demoqa.com, browserName: chrome, chrome.driver: src/test/resources/webdrive..., driver: chrome, goog:chromeOptions: {args: [], extensions: []}}
19:07:33.938 [AsyncHttpClient-1-11] DEBUG org.asynchttpclient.netty.channel.NettyConnectListener - Using new Channel '[id: 0xc7e1c071, L:/127.0.0.1:63845 - R:localhost/127.0.0.1:57884]' for 'POST' to '/session'
19:07:36.606 [AsyncHttpClient-1-11] DEBUG org.asynchttpclient.netty.handler.HttpHandler - 

Request DefaultHttpRequest(decodeResult: success, version: HTTP/1.1)
POST /session HTTP/1.1
User-Agent: selenium/4.1.2 (java windows)
Content-Length: 599
Content-Type: application/json; charset=utf-8
host: localhost:57884
accept: */*

Response DefaultHttpResponse(decodeResult: success, version: HTTP/1.1)
HTTP/1.1 200 OK
Content-Type: application/json; charset=utf-8
cache-control: no-cache
content-length: 787

19:07:36.607 [AsyncHttpClient-1-11] DEBUG org.asynchttpclient.netty.channel.ChannelManager - Adding key: http://localhost:57884 for channel [id: 0xc7e1c071, L:/127.0.0.1:63845 - R:localhost/127.0.0.1:57884]
19:07:36.647 [AsyncHttpClient-1-12] DEBUG org.asynchttpclient.netty.channel.NettyConnectListener - Using new Channel '[id: 0xad23ea99, L:/127.0.0.1:63854 - R:localhost/127.0.0.1:63846]' for 'GET' to '/json/version'
19:07:36.659 [AsyncHttpClient-1-12] DEBUG org.asynchttpclient.netty.handler.HttpHandler - 

Request DefaultFullHttpRequest(decodeResult: success, version: HTTP/1.1, content: EmptyByteBufBE)
GET /json/version HTTP/1.1
User-Agent: selenium/4.1.2 (java windows)
host: localhost:63846
accept: */*

Response DefaultHttpResponse(decodeResult: success, version: HTTP/1.1)
HTTP/1.1 200 OK
Content-Type: application/json; charset=UTF-8
content-length: 426

19:07:36.661 [AsyncHttpClient-1-12] DEBUG org.asynchttpclient.netty.channel.ChannelManager - Adding key: http://localhost:63846 for channel [id: 0xad23ea99, L:/127.0.0.1:63854 - R:localhost/127.0.0.1:63846]
19:07:36.672 [AsyncHttpClient-1-13] DEBUG org.asynchttpclient.netty.channel.NettyConnectListener - Using new Channel '[id: 0x6117b693, L:/127.0.0.1:63855 - R:localhost/127.0.0.1:63846]' for 'GET' to '/devtools/browser/04782b90-6193-4f55-8895-f06865a97157'
19:07:36.680 [AsyncHttpClient-1-13] DEBUG org.asynchttpclient.netty.handler.WebSocketHandler - 

Request DefaultFullHttpRequest(decodeResult: success, version: HTTP/1.1, content: EmptyByteBufBE)
GET /devtools/browser/04782b90-6193-4f55-8895-f06865a97157 HTTP/1.1
upgrade: websocket
connection: upgrade
sec-websocket-key: bUqWeZqyxYlLSN3gGsrc1A==
sec-websocket-version: 13
origin: http://localhost:63846
host: localhost:63846
accept: */*
user-agent: AHC/2.1

Response DefaultHttpResponse(decodeResult: success, version: HTTP/1.1)
HTTP/1.1 101 WebSocket Protocol Handshake
Upgrade: WebSocket
Connection: Upgrade
Sec-WebSocket-Accept: VDmROqe9A0Ek7NIcRqhnXdaLwpo=

19:07:36.709 [Forwarding maximizeCurrentWindow on session 072d459134a8a13fb7817bcc7fe6f98b to remote] DEBUG org.asynchttpclient.netty.request.NettyRequestSender - Using pooled Channel '[id: 0xc7e1c071, L:/127.0.0.1:63845 - R:localhost/127.0.0.1:57884]' for 'POST' to 'http://localhost:57884/session/072d459134a8a13fb7817bcc7fe6f98b/window/maximize'
19:07:36.709 [Forwarding maximizeCurrentWindow on session 072d459134a8a13fb7817bcc7fe6f98b to remote] DEBUG org.asynchttpclient.netty.request.NettyRequestSender - Using open Channel [id: 0xc7e1c071, L:/127.0.0.1:63845 - R:localhost/127.0.0.1:57884] for POST '/session/072d459134a8a13fb7817bcc7fe6f98b/window/maximize'
19:07:36.866 [AsyncHttpClient-1-1] DEBUG org.asynchttpclient.netty.channel.DefaultChannelPool - Entry count for : http://localhost:63846 : 1
19:07:36.995 [AsyncHttpClient-1-11] DEBUG org.asynchttpclient.netty.handler.HttpHandler - 

Request DefaultHttpRequest(decodeResult: success, version: HTTP/1.1)
POST /session/072d459134a8a13fb7817bcc7fe6f98b/window/maximize HTTP/1.1
User-Agent: selenium/4.1.2 (java windows)
Content-Length: 3
Content-Type: application/json; charset=utf-8
host: localhost:57884
accept: */*

Response DefaultHttpResponse(decodeResult: success, version: HTTP/1.1)
HTTP/1.1 200 OK
Content-Type: application/json; charset=utf-8
cache-control: no-cache
content-length: 51

19:07:36.995 [AsyncHttpClient-1-11] DEBUG org.asynchttpclient.netty.channel.ChannelManager - Adding key: http://localhost:57884 for channel [id: 0xc7e1c071, L:/127.0.0.1:63845 - R:localhost/127.0.0.1:57884]
19:07:36.998 [Forwarding get on session 072d459134a8a13fb7817bcc7fe6f98b to remote] DEBUG org.asynchttpclient.netty.request.NettyRequestSender - Using pooled Channel '[id: 0xc7e1c071, L:/127.0.0.1:63845 - R:localhost/127.0.0.1:57884]' for 'POST' to 'http://localhost:57884/session/072d459134a8a13fb7817bcc7fe6f98b/url'
19:07:36.998 [Forwarding get on session 072d459134a8a13fb7817bcc7fe6f98b to remote] DEBUG org.asynchttpclient.netty.request.NettyRequestSender - Using open Channel [id: 0xc7e1c071, L:/127.0.0.1:63845 - R:localhost/127.0.0.1:57884] for POST '/session/072d459134a8a13fb7817bcc7fe6f98b/url'
19:07:37.941 [AsyncHttpClient-1-1] DEBUG org.asynchttpclient.netty.channel.DefaultChannelPool - Entry count for : http://localhost:63846 : 1
19:07:39.038 [AsyncHttpClient-1-1] DEBUG org.asynchttpclient.netty.channel.DefaultChannelPool - Entry count for : http://localhost:63846 : 1
19:07:40.135 [AsyncHttpClient-1-1] DEBUG org.asynchttpclient.netty.channel.DefaultChannelPool - Entry count for : http://localhost:63846 : 1
19:07:41.243 [AsyncHttpClient-1-1] DEBUG org.asynchttpclient.netty.channel.DefaultChannelPool - Entry count for : http://localhost:63846 : 1
19:07:42.333 [AsyncHttpClient-1-1] DEBUG org.asynchttpclient.netty.channel.DefaultChannelPool - Entry count for : http://localhost:63846 : 1
19:07:43.440 [AsyncHttpClient-1-1] DEBUG org.asynchttpclient.netty.channel.DefaultChannelPool - Entry count for : http://localhost:63846 : 1
19:07:44.532 [AsyncHttpClient-1-1] DEBUG org.asynchttpclient.netty.channel.DefaultChannelPool - Entry count for : http://localhost:63846 : 1
19:07:45.632 [AsyncHttpClient-1-1] DEBUG org.asynchttpclient.netty.channel.DefaultChannelPool - Entry count for : http://localhost:63846 : 1
19:07:46.732 [AsyncHttpClient-1-1] DEBUG org.asynchttpclient.netty.channel.DefaultChannelPool - Entry count for : http://localhost:63846 : 1
19:07:47.656 [AsyncHttpClient-1-11] DEBUG org.asynchttpclient.netty.handler.HttpHandler - 

Request DefaultHttpRequest(decodeResult: success, version: HTTP/1.1)
POST /session/072d459134a8a13fb7817bcc7fe6f98b/url HTTP/1.1
User-Agent: selenium/4.1.2 (java windows)
Content-Length: 54
Content-Type: application/json; charset=utf-8
host: localhost:57884
accept: */*

Response DefaultHttpResponse(decodeResult: success, version: HTTP/1.1)
HTTP/1.1 200 OK
Content-Type: application/json; charset=utf-8
cache-control: no-cache
content-length: 14

19:07:47.656 [AsyncHttpClient-1-11] DEBUG org.asynchttpclient.netty.channel.ChannelManager - Adding key: http://localhost:57884 for channel [id: 0xc7e1c071, L:/127.0.0.1:63845 - R:localhost/127.0.0.1:57884]
19:07:47.661 [Forwarding setTimeout on session 072d459134a8a13fb7817bcc7fe6f98b to remote] DEBUG org.asynchttpclient.netty.request.NettyRequestSender - Using pooled Channel '[id: 0xc7e1c071, L:/127.0.0.1:63845 - R:localhost/127.0.0.1:57884]' for 'POST' to 'http://localhost:57884/session/072d459134a8a13fb7817bcc7fe6f98b/timeouts'
19:07:47.662 [Forwarding setTimeout on session 072d459134a8a13fb7817bcc7fe6f98b to remote] DEBUG org.asynchttpclient.netty.request.NettyRequestSender - Using open Channel [id: 0xc7e1c071, L:/127.0.0.1:63845 - R:localhost/127.0.0.1:57884] for POST '/session/072d459134a8a13fb7817bcc7fe6f98b/timeouts'
19:07:47.664 [AsyncHttpClient-1-11] DEBUG org.asynchttpclient.netty.handler.HttpHandler - 

Request DefaultHttpRequest(decodeResult: success, version: HTTP/1.1)
POST /session/072d459134a8a13fb7817bcc7fe6f98b/timeouts HTTP/1.1
User-Agent: selenium/4.1.2 (java windows)
Content-Length: 22
Content-Type: application/json; charset=utf-8
host: localhost:57884
accept: */*

Response DefaultHttpResponse(decodeResult: success, version: HTTP/1.1)
HTTP/1.1 200 OK
Content-Type: application/json; charset=utf-8
cache-control: no-cache
content-length: 14

19:07:47.666 [AsyncHttpClient-1-11] DEBUG org.asynchttpclient.netty.channel.ChannelManager - Adding key: http://localhost:57884 for channel [id: 0xc7e1c071, L:/127.0.0.1:63845 - R:localhost/127.0.0.1:57884]
19:07:47.682 [Forwarding getCurrentUrl on session 072d459134a8a13fb7817bcc7fe6f98b to remote] DEBUG org.asynchttpclient.netty.request.NettyRequestSender - Using pooled Channel '[id: 0xc7e1c071, L:/127.0.0.1:63845 - R:localhost/127.0.0.1:57884]' for 'GET' to 'http://localhost:57884/session/072d459134a8a13fb7817bcc7fe6f98b/url'
19:07:47.682 [Forwarding getCurrentUrl on session 072d459134a8a13fb7817bcc7fe6f98b to remote] DEBUG org.asynchttpclient.netty.request.NettyRequestSender - Using open Channel [id: 0xc7e1c071, L:/127.0.0.1:63845 - R:localhost/127.0.0.1:57884] for GET '/session/072d459134a8a13fb7817bcc7fe6f98b/url'
19:07:47.699 [AsyncHttpClient-1-11] DEBUG org.asynchttpclient.netty.handler.HttpHandler - 

Request DefaultFullHttpRequest(decodeResult: success, version: HTTP/1.1, content: EmptyByteBufBE)
GET /session/072d459134a8a13fb7817bcc7fe6f98b/url HTTP/1.1
User-Agent: selenium/4.1.2 (java windows)
Cache-Control: no-cache
Content-Type: application/json; charset=utf-8
host: localhost:57884
accept: */*

Response DefaultHttpResponse(decodeResult: success, version: HTTP/1.1)
HTTP/1.1 200 OK
Content-Type: application/json; charset=utf-8
cache-control: no-cache
content-length: 36

19:07:47.700 [AsyncHttpClient-1-11] DEBUG org.asynchttpclient.netty.channel.ChannelManager - Adding key: http://localhost:57884 for channel [id: 0xc7e1c071, L:/127.0.0.1:63845 - R:localhost/127.0.0.1:57884]
19:07:47.723 [Forwarding findElement on session 072d459134a8a13fb7817bcc7fe6f98b to remote] DEBUG org.asynchttpclient.netty.request.NettyRequestSender - Using pooled Channel '[id: 0xc7e1c071, L:/127.0.0.1:63845 - R:localhost/127.0.0.1:57884]' for 'POST' to 'http://localhost:57884/session/072d459134a8a13fb7817bcc7fe6f98b/element'
19:07:47.724 [Forwarding findElement on session 072d459134a8a13fb7817bcc7fe6f98b to remote] DEBUG org.asynchttpclient.netty.request.NettyRequestSender - Using open Channel [id: 0xc7e1c071, L:/127.0.0.1:63845 - R:localhost/127.0.0.1:57884] for POST '/session/072d459134a8a13fb7817bcc7fe6f98b/element'
19:07:47.761 [AsyncHttpClient-1-11] DEBUG org.asynchttpclient.netty.handler.HttpHandler - 

Request DefaultHttpRequest(decodeResult: success, version: HTTP/1.1)
POST /session/072d459134a8a13fb7817bcc7fe6f98b/element HTTP/1.1
User-Agent: selenium/4.1.2 (java windows)
Content-Length: 83
Content-Type: application/json; charset=utf-8
host: localhost:57884
accept: */*

Response DefaultHttpResponse(decodeResult: success, version: HTTP/1.1)
HTTP/1.1 200 OK
Content-Type: application/json; charset=utf-8
cache-control: no-cache
content-length: 88

19:07:47.761 [AsyncHttpClient-1-11] DEBUG org.asynchttpclient.netty.channel.ChannelManager - Adding key: http://localhost:57884 for channel [id: 0xc7e1c071, L:/127.0.0.1:63845 - R:localhost/127.0.0.1:57884]
19:07:47.763 [Forwarding getElementTagName on session 072d459134a8a13fb7817bcc7fe6f98b to remote] DEBUG org.asynchttpclient.netty.request.NettyRequestSender - Using pooled Channel '[id: 0xc7e1c071, L:/127.0.0.1:63845 - R:localhost/127.0.0.1:57884]' for 'GET' to 'http://localhost:57884/session/072d459134a8a13fb7817bcc7fe6f98b/element/490758c9-425c-46fc-9988-ac1f7a869c91/name'
19:07:47.763 [Forwarding getElementTagName on session 072d459134a8a13fb7817bcc7fe6f98b to remote] DEBUG org.asynchttpclient.netty.request.NettyRequestSender - Using open Channel [id: 0xc7e1c071, L:/127.0.0.1:63845 - R:localhost/127.0.0.1:57884] for GET '/session/072d459134a8a13fb7817bcc7fe6f98b/element/490758c9-425c-46fc-9988-ac1f7a869c91/name'
19:07:47.774 [AsyncHttpClient-1-11] DEBUG org.asynchttpclient.netty.handler.HttpHandler - 

Request DefaultFullHttpRequest(decodeResult: success, version: HTTP/1.1, content: EmptyByteBufBE)
GET /session/072d459134a8a13fb7817bcc7fe6f98b/element/490758c9-425c-46fc-9988-ac1f7a869c91/name HTTP/1.1
User-Agent: selenium/4.1.2 (java windows)
Cache-Control: no-cache
Content-Type: application/json; charset=utf-8
host: localhost:57884
accept: */*

Response DefaultHttpResponse(decodeResult: success, version: HTTP/1.1)
HTTP/1.1 200 OK
Content-Type: application/json; charset=utf-8
cache-control: no-cache
content-length: 15

19:07:47.774 [AsyncHttpClient-1-11] DEBUG org.asynchttpclient.netty.channel.ChannelManager - Adding key: http://localhost:57884 for channel [id: 0xc7e1c071, L:/127.0.0.1:63845 - R:localhost/127.0.0.1:57884]
19:07:47.778 [Forwarding getElementTagName on session 072d459134a8a13fb7817bcc7fe6f98b to remote] DEBUG org.asynchttpclient.netty.request.NettyRequestSender - Using pooled Channel '[id: 0xc7e1c071, L:/127.0.0.1:63845 - R:localhost/127.0.0.1:57884]' for 'GET' to 'http://localhost:57884/session/072d459134a8a13fb7817bcc7fe6f98b/element/490758c9-425c-46fc-9988-ac1f7a869c91/name'
19:07:47.779 [Forwarding getElementTagName on session 072d459134a8a13fb7817bcc7fe6f98b to remote] DEBUG org.asynchttpclient.netty.request.NettyRequestSender - Using open Channel [id: 0xc7e1c071, L:/127.0.0.1:63845 - R:localhost/127.0.0.1:57884] for GET '/session/072d459134a8a13fb7817bcc7fe6f98b/element/490758c9-425c-46fc-9988-ac1f7a869c91/name'
19:07:47.785 [AsyncHttpClient-1-11] DEBUG org.asynchttpclient.netty.handler.HttpHandler - 

Request DefaultFullHttpRequest(decodeResult: success, version: HTTP/1.1, content: EmptyByteBufBE)
GET /session/072d459134a8a13fb7817bcc7fe6f98b/element/490758c9-425c-46fc-9988-ac1f7a869c91/name HTTP/1.1
User-Agent: selenium/4.1.2 (java windows)
Cache-Control: no-cache
Content-Type: application/json; charset=utf-8
host: localhost:57884
accept: */*

Response DefaultHttpResponse(decodeResult: success, version: HTTP/1.1)
HTTP/1.1 200 OK
Content-Type: application/json; charset=utf-8
cache-control: no-cache
content-length: 15

19:07:47.786 [AsyncHttpClient-1-11] DEBUG org.asynchttpclient.netty.channel.ChannelManager - Adding key: http://localhost:57884 for channel [id: 0xc7e1c071, L:/127.0.0.1:63845 - R:localhost/127.0.0.1:57884]
19:07:47.791 [Forwarding findElement on session 072d459134a8a13fb7817bcc7fe6f98b to remote] DEBUG org.asynchttpclient.netty.request.NettyRequestSender - Using pooled Channel '[id: 0xc7e1c071, L:/127.0.0.1:63845 - R:localhost/127.0.0.1:57884]' for 'POST' to 'http://localhost:57884/session/072d459134a8a13fb7817bcc7fe6f98b/element'
19:07:47.791 [Forwarding findElement on session 072d459134a8a13fb7817bcc7fe6f98b to remote] DEBUG org.asynchttpclient.netty.request.NettyRequestSender - Using open Channel [id: 0xc7e1c071, L:/127.0.0.1:63845 - R:localhost/127.0.0.1:57884] for POST '/session/072d459134a8a13fb7817bcc7fe6f98b/element'
19:07:47.804 [AsyncHttpClient-1-11] DEBUG org.asynchttpclient.netty.handler.HttpHandler - 

Request DefaultHttpRequest(decodeResult: success, version: HTTP/1.1)
POST /session/072d459134a8a13fb7817bcc7fe6f98b/element HTTP/1.1
User-Agent: selenium/4.1.2 (java windows)
Content-Length: 83
Content-Type: application/json; charset=utf-8
host: localhost:57884
accept: */*

Response DefaultHttpResponse(decodeResult: success, version: HTTP/1.1)
HTTP/1.1 200 OK
Content-Type: application/json; charset=utf-8
cache-control: no-cache
content-length: 88

19:07:47.804 [AsyncHttpClient-1-11] DEBUG org.asynchttpclient.netty.channel.ChannelManager - Adding key: http://localhost:57884 for channel [id: 0xc7e1c071, L:/127.0.0.1:63845 - R:localhost/127.0.0.1:57884]
19:07:47.806 [Forwarding clickElement on session 072d459134a8a13fb7817bcc7fe6f98b to remote] DEBUG org.asynchttpclient.netty.request.NettyRequestSender - Using pooled Channel '[id: 0xc7e1c071, L:/127.0.0.1:63845 - R:localhost/127.0.0.1:57884]' for 'POST' to 'http://localhost:57884/session/072d459134a8a13fb7817bcc7fe6f98b/element/490758c9-425c-46fc-9988-ac1f7a869c91/click'
19:07:47.806 [Forwarding clickElement on session 072d459134a8a13fb7817bcc7fe6f98b to remote] DEBUG org.asynchttpclient.netty.request.NettyRequestSender - Using open Channel [id: 0xc7e1c071, L:/127.0.0.1:63845 - R:localhost/127.0.0.1:57884] for POST '/session/072d459134a8a13fb7817bcc7fe6f98b/element/490758c9-425c-46fc-9988-ac1f7a869c91/click'
19:07:47.847 [AsyncHttpClient-1-1] DEBUG org.asynchttpclient.netty.channel.DefaultChannelPool - Entry count for : http://localhost:63846 : 1
19:07:47.876 [AsyncHttpClient-1-11] DEBUG org.asynchttpclient.netty.handler.HttpHandler - 

Request DefaultHttpRequest(decodeResult: success, version: HTTP/1.1)
POST /session/072d459134a8a13fb7817bcc7fe6f98b/element/490758c9-425c-46fc-9988-ac1f7a869c91/click HTTP/1.1
User-Agent: selenium/4.1.2 (java windows)
Content-Length: 50
Content-Type: application/json; charset=utf-8
host: localhost:57884
accept: */*

Response DefaultHttpResponse(decodeResult: success, version: HTTP/1.1)
HTTP/1.1 200 OK
Content-Type: application/json; charset=utf-8
cache-control: no-cache
content-length: 14

19:07:47.876 [AsyncHttpClient-1-11] DEBUG org.asynchttpclient.netty.channel.ChannelManager - Adding key: http://localhost:57884 for channel [id: 0xc7e1c071, L:/127.0.0.1:63845 - R:localhost/127.0.0.1:57884]
19:07:47.888 [Forwarding screenshot on session 072d459134a8a13fb7817bcc7fe6f98b to remote] DEBUG org.asynchttpclient.netty.request.NettyRequestSender - Using pooled Channel '[id: 0xc7e1c071, L:/127.0.0.1:63845 - R:localhost/127.0.0.1:57884]' for 'GET' to 'http://localhost:57884/session/072d459134a8a13fb7817bcc7fe6f98b/screenshot'
19:07:47.888 [Forwarding screenshot on session 072d459134a8a13fb7817bcc7fe6f98b to remote] DEBUG org.asynchttpclient.netty.request.NettyRequestSender - Using open Channel [id: 0xc7e1c071, L:/127.0.0.1:63845 - R:localhost/127.0.0.1:57884] for GET '/session/072d459134a8a13fb7817bcc7fe6f98b/screenshot'
19:07:48.342 [AsyncHttpClient-1-11] DEBUG org.asynchttpclient.netty.handler.HttpHandler - 

Request DefaultFullHttpRequest(decodeResult: success, version: HTTP/1.1, content: EmptyByteBufBE)
GET /session/072d459134a8a13fb7817bcc7fe6f98b/screenshot HTTP/1.1
User-Agent: selenium/4.1.2 (java windows)
Cache-Control: no-cache
Content-Type: application/json; charset=utf-8
host: localhost:57884
accept: */*

Response DefaultHttpResponse(decodeResult: success, version: HTTP/1.1)
HTTP/1.1 200 OK
Content-Type: application/json; charset=utf-8
cache-control: no-cache
content-length: 315148

19:07:48.344 [AsyncHttpClient-1-11] DEBUG org.asynchttpclient.netty.channel.ChannelManager - Adding key: http://localhost:57884 for channel [id: 0xc7e1c071, L:/127.0.0.1:63845 - R:localhost/127.0.0.1:57884]
19:07:48.365 [main] DEBUG net.serenitybdd.core.photography.Darkroom - Send negative for processing for target\site\serenity\96a7b0525108f9d5b6c74f016d654b247c6e75b786e6a2a8c6d6c32830ae243f.png
19:07:48.365 [main] DEBUG net.thucydides.core.steps.StepInterceptor - STEP DONE: openPage
  &amp#27;[32mGiven &amp#27;[0m&amp#27;[32mI am on the login page&amp#27;[0m                            &amp#27;[90m# starter.stepdefinitions.LoginSteps.onTheLoginPage()&amp#27;[0m
19:07:48.388 [main] DEBUG net.thucydides.core.steps.StepInterceptor - STARTING STEP: LoginSteps.iInputInvalidUsername - inputUsername
19:07:48.391 [Forwarding findElement on session 072d459134a8a13fb7817bcc7fe6f98b to remote] DEBUG org.asynchttpclient.netty.request.NettyRequestSender - Using pooled Channel '[id: 0xc7e1c071, L:/127.0.0.1:63845 - R:localhost/127.0.0.1:57884]' for 'POST' to 'http://localhost:57884/session/072d459134a8a13fb7817bcc7fe6f98b/element'
19:07:48.391 [Forwarding findElement on session 072d459134a8a13fb7817bcc7fe6f98b to remote] DEBUG org.asynchttpclient.netty.request.NettyRequestSender - Using open Channel [id: 0xc7e1c071, L:/127.0.0.1:63845 - R:localhost/127.0.0.1:57884] for POST '/session/072d459134a8a13fb7817bcc7fe6f98b/element'
19:07:48.416 [AsyncHttpClient-1-11] DEBUG org.asynchttpclient.netty.handler.HttpHandler - 

Request DefaultHttpRequest(decodeResult: success, version: HTTP/1.1)
POST /session/072d459134a8a13fb7817bcc7fe6f98b/element HTTP/1.1
User-Agent: selenium/4.1.2 (java windows)
Content-Length: 53
Content-Type: application/json; charset=utf-8
host: localhost:57884
accept: */*

Response DefaultHttpResponse(decodeResult: success, version: HTTP/1.1)
HTTP/1.1 200 OK
Content-Type: application/json; charset=utf-8
cache-control: no-cache
content-length: 88

19:07:48.416 [AsyncHttpClient-1-11] DEBUG org.asynchttpclient.netty.channel.ChannelManager - Adding key: http://localhost:57884 for channel [id: 0xc7e1c071, L:/127.0.0.1:63845 - R:localhost/127.0.0.1:57884]
19:07:48.419 [Forwarding clearElement on session 072d459134a8a13fb7817bcc7fe6f98b to remote] DEBUG org.asynchttpclient.netty.request.NettyRequestSender - Using pooled Channel '[id: 0xc7e1c071, L:/127.0.0.1:63845 - R:localhost/127.0.0.1:57884]' for 'POST' to 'http://localhost:57884/session/072d459134a8a13fb7817bcc7fe6f98b/element/276865ad-d3f6-4645-b5f3-b9eb631b7b85/clear'
19:07:48.420 [Forwarding clearElement on session 072d459134a8a13fb7817bcc7fe6f98b to remote] DEBUG org.asynchttpclient.netty.request.NettyRequestSender - Using open Channel [id: 0xc7e1c071, L:/127.0.0.1:63845 - R:localhost/127.0.0.1:57884] for POST '/session/072d459134a8a13fb7817bcc7fe6f98b/element/276865ad-d3f6-4645-b5f3-b9eb631b7b85/clear'
19:07:48.481 [AsyncHttpClient-1-11] DEBUG org.asynchttpclient.netty.handler.HttpHandler - 

Request DefaultHttpRequest(decodeResult: success, version: HTTP/1.1)
POST /session/072d459134a8a13fb7817bcc7fe6f98b/element/276865ad-d3f6-4645-b5f3-b9eb631b7b85/clear HTTP/1.1
User-Agent: selenium/4.1.2 (java windows)
Content-Length: 50
Content-Type: application/json; charset=utf-8
host: localhost:57884
accept: */*

Response DefaultHttpResponse(decodeResult: success, version: HTTP/1.1)
HTTP/1.1 200 OK
Content-Type: application/json; charset=utf-8
cache-control: no-cache
content-length: 14

19:07:48.481 [AsyncHttpClient-1-11] DEBUG org.asynchttpclient.netty.channel.ChannelManager - Adding key: http://localhost:57884 for channel [id: 0xc7e1c071, L:/127.0.0.1:63845 - R:localhost/127.0.0.1:57884]
19:07:48.485 [Forwarding sendKeysToElement on session 072d459134a8a13fb7817bcc7fe6f98b to remote] DEBUG org.asynchttpclient.netty.request.NettyRequestSender - Using pooled Channel '[id: 0xc7e1c071, L:/127.0.0.1:63845 - R:localhost/127.0.0.1:57884]' for 'POST' to 'http://localhost:57884/session/072d459134a8a13fb7817bcc7fe6f98b/element/276865ad-d3f6-4645-b5f3-b9eb631b7b85/value'
19:07:48.486 [Forwarding sendKeysToElement on session 072d459134a8a13fb7817bcc7fe6f98b to remote] DEBUG org.asynchttpclient.netty.request.NettyRequestSender - Using open Channel [id: 0xc7e1c071, L:/127.0.0.1:63845 - R:localhost/127.0.0.1:57884] for POST '/session/072d459134a8a13fb7817bcc7fe6f98b/element/276865ad-d3f6-4645-b5f3-b9eb631b7b85/value'
19:07:48.592 [AsyncHttpClient-1-11] DEBUG org.asynchttpclient.netty.handler.HttpHandler - 

Request DefaultHttpRequest(decodeResult: success, version: HTTP/1.1)
POST /session/072d459134a8a13fb7817bcc7fe6f98b/element/276865ad-d3f6-4645-b5f3-b9eb631b7b85/value HTTP/1.1
User-Agent: selenium/4.1.2 (java windows)
Content-Length: 141
Content-Type: application/json; charset=utf-8
host: localhost:57884
accept: */*

Response DefaultHttpResponse(decodeResult: success, version: HTTP/1.1)
HTTP/1.1 200 OK
Content-Type: application/json; charset=utf-8
cache-control: no-cache
content-length: 14

19:07:48.592 [AsyncHttpClient-1-11] DEBUG org.asynchttpclient.netty.channel.ChannelManager - Adding key: http://localhost:57884 for channel [id: 0xc7e1c071, L:/127.0.0.1:63845 - R:localhost/127.0.0.1:57884]
19:07:48.605 [Forwarding screenshot on session 072d459134a8a13fb7817bcc7fe6f98b to remote] DEBUG org.asynchttpclient.netty.request.NettyRequestSender - Using pooled Channel '[id: 0xc7e1c071, L:/127.0.0.1:63845 - R:localhost/127.0.0.1:57884]' for 'GET' to 'http://localhost:57884/session/072d459134a8a13fb7817bcc7fe6f98b/screenshot'
19:07:48.605 [Forwarding screenshot on session 072d459134a8a13fb7817bcc7fe6f98b to remote] DEBUG org.asynchttpclient.netty.request.NettyRequestSender - Using open Channel [id: 0xc7e1c071, L:/127.0.0.1:63845 - R:localhost/127.0.0.1:57884] for GET '/session/072d459134a8a13fb7817bcc7fe6f98b/screenshot'
19:07:48.933 [AsyncHttpClient-1-1] DEBUG org.asynchttpclient.netty.channel.DefaultChannelPool - Entry count for : http://localhost:63846 : 1
19:07:49.008 [AsyncHttpClient-1-11] DEBUG org.asynchttpclient.netty.handler.HttpHandler - 

Request DefaultFullHttpRequest(decodeResult: success, version: HTTP/1.1, content: EmptyByteBufBE)
GET /session/072d459134a8a13fb7817bcc7fe6f98b/screenshot HTTP/1.1
User-Agent: selenium/4.1.2 (java windows)
Cache-Control: no-cache
Content-Type: application/json; charset=utf-8
host: localhost:57884
accept: */*

Response DefaultHttpResponse(decodeResult: success, version: HTTP/1.1)
HTTP/1.1 200 OK
Content-Type: application/json; charset=utf-8
cache-control: no-cache
content-length: 315000

19:07:49.012 [AsyncHttpClient-1-11] DEBUG org.asynchttpclient.netty.channel.ChannelManager - Adding key: http://localhost:57884 for channel [id: 0xc7e1c071, L:/127.0.0.1:63845 - R:localhost/127.0.0.1:57884]
19:07:49.038 [main] DEBUG net.serenitybdd.core.photography.Darkroom - Send negative for processing for target\site\serenity\d08abecef42356b4e4975e72ab3d7d306fe52e53c547c52b799f44eba4293c76.png
19:07:49.038 [main] DEBUG net.thucydides.core.steps.StepInterceptor - STEP DONE: inputUsername
  &amp#27;[32mWhen &amp#27;[0m&amp#27;[32mI input invalid username&amp#27;[0m                           &amp#27;[90m# starter.stepdefinitions.LoginSteps.iInputInvalidUsername()&amp#27;[0m
19:07:49.038 [Darkroom Processing Line] DEBUG net.serenitybdd.core.photography.DarkroomProcessingLine - Processing screenshot image in /var/screenshots/screenshot-7158569675449714675
19:07:49.038 [Darkroom Processing Line] DEBUG net.serenitybdd.core.photography.DarkroomProcessingLine - Saving screenshot to target\site\serenity\d08abecef42356b4e4975e72ab3d7d306fe52e53c547c52b799f44eba4293c76.png
19:07:49.077 [main] DEBUG net.thucydides.core.steps.StepInterceptor - STARTING STEP: LoginSteps.iInputInvalidPassword - inputPassword
19:07:49.088 [Forwarding findElement on session 072d459134a8a13fb7817bcc7fe6f98b to remote] DEBUG org.asynchttpclient.netty.request.NettyRequestSender - Using pooled Channel '[id: 0xc7e1c071, L:/127.0.0.1:63845 - R:localhost/127.0.0.1:57884]' for 'POST' to 'http://localhost:57884/session/072d459134a8a13fb7817bcc7fe6f98b/element'
19:07:49.088 [Forwarding findElement on session 072d459134a8a13fb7817bcc7fe6f98b to remote] DEBUG org.asynchttpclient.netty.request.NettyRequestSender - Using open Channel [id: 0xc7e1c071, L:/127.0.0.1:63845 - R:localhost/127.0.0.1:57884] for POST '/session/072d459134a8a13fb7817bcc7fe6f98b/element'
19:07:49.116 [AsyncHttpClient-1-11] DEBUG org.asynchttpclient.netty.handler.HttpHandler - 

Request DefaultHttpRequest(decodeResult: success, version: HTTP/1.1)
POST /session/072d459134a8a13fb7817bcc7fe6f98b/element HTTP/1.1
User-Agent: selenium/4.1.2 (java windows)
Content-Length: 53
Content-Type: application/json; charset=utf-8
host: localhost:57884
accept: */*

Response DefaultHttpResponse(decodeResult: success, version: HTTP/1.1)
HTTP/1.1 200 OK
Content-Type: application/json; charset=utf-8
cache-control: no-cache
content-length: 88

19:07:49.116 [AsyncHttpClient-1-11] DEBUG org.asynchttpclient.netty.channel.ChannelManager - Adding key: http://localhost:57884 for channel [id: 0xc7e1c071, L:/127.0.0.1:63845 - R:localhost/127.0.0.1:57884]
19:07:49.118 [Forwarding clearElement on session 072d459134a8a13fb7817bcc7fe6f98b to remote] DEBUG org.asynchttpclient.netty.request.NettyRequestSender - Using pooled Channel '[id: 0xc7e1c071, L:/127.0.0.1:63845 - R:localhost/127.0.0.1:57884]' for 'POST' to 'http://localhost:57884/session/072d459134a8a13fb7817bcc7fe6f98b/element/efd58c91-d7b2-484b-a77a-8781bc478cde/clear'
19:07:49.119 [Forwarding clearElement on session 072d459134a8a13fb7817bcc7fe6f98b to remote] DEBUG org.asynchttpclient.netty.request.NettyRequestSender - Using open Channel [id: 0xc7e1c071, L:/127.0.0.1:63845 - R:localhost/127.0.0.1:57884] for POST '/session/072d459134a8a13fb7817bcc7fe6f98b/element/efd58c91-d7b2-484b-a77a-8781bc478cde/clear'
19:07:49.183 [AsyncHttpClient-1-11] DEBUG org.asynchttpclient.netty.handler.HttpHandler - 

Request DefaultHttpRequest(decodeResult: success, version: HTTP/1.1)
POST /session/072d459134a8a13fb7817bcc7fe6f98b/element/efd58c91-d7b2-484b-a77a-8781bc478cde/clear HTTP/1.1
User-Agent: selenium/4.1.2 (java windows)
Content-Length: 50
Content-Type: application/json; charset=utf-8
host: localhost:57884
accept: */*

Response DefaultHttpResponse(decodeResult: success, version: HTTP/1.1)
HTTP/1.1 200 OK
Content-Type: application/json; charset=utf-8
cache-control: no-cache
content-length: 14

19:07:49.184 [AsyncHttpClient-1-11] DEBUG org.asynchttpclient.netty.channel.ChannelManager - Adding key: http://localhost:57884 for channel [id: 0xc7e1c071, L:/127.0.0.1:63845 - R:localhost/127.0.0.1:57884]
19:07:49.189 [Forwarding sendKeysToElement on session 072d459134a8a13fb7817bcc7fe6f98b to remote] DEBUG org.asynchttpclient.netty.request.NettyRequestSender - Using pooled Channel '[id: 0xc7e1c071, L:/127.0.0.1:63845 - R:localhost/127.0.0.1:57884]' for 'POST' to 'http://localhost:57884/session/072d459134a8a13fb7817bcc7fe6f98b/element/efd58c91-d7b2-484b-a77a-8781bc478cde/value'
19:07:49.189 [Forwarding sendKeysToElement on session 072d459134a8a13fb7817bcc7fe6f98b to remote] DEBUG org.asynchttpclient.netty.request.NettyRequestSender - Using open Channel [id: 0xc7e1c071, L:/127.0.0.1:63845 - R:localhost/127.0.0.1:57884] for POST '/session/072d459134a8a13fb7817bcc7fe6f98b/element/efd58c91-d7b2-484b-a77a-8781bc478cde/value'
19:07:49.303 [AsyncHttpClient-1-11] DEBUG org.asynchttpclient.netty.handler.HttpHandler - 

Request DefaultHttpRequest(decodeResult: success, version: HTTP/1.1)
POST /session/072d459134a8a13fb7817bcc7fe6f98b/element/efd58c91-d7b2-484b-a77a-8781bc478cde/value HTTP/1.1
User-Agent: selenium/4.1.2 (java windows)
Content-Length: 151
Content-Type: application/json; charset=utf-8
host: localhost:57884
accept: */*

Response DefaultHttpResponse(decodeResult: success, version: HTTP/1.1)
HTTP/1.1 200 OK
Content-Type: application/json; charset=utf-8
cache-control: no-cache
content-length: 14

19:07:49.304 [AsyncHttpClient-1-11] DEBUG org.asynchttpclient.netty.channel.ChannelManager - Adding key: http://localhost:57884 for channel [id: 0xc7e1c071, L:/127.0.0.1:63845 - R:localhost/127.0.0.1:57884]
19:07:49.320 [Forwarding screenshot on session 072d459134a8a13fb7817bcc7fe6f98b to remote] DEBUG org.asynchttpclient.netty.request.NettyRequestSender - Using pooled Channel '[id: 0xc7e1c071, L:/127.0.0.1:63845 - R:localhost/127.0.0.1:57884]' for 'GET' to 'http://localhost:57884/session/072d459134a8a13fb7817bcc7fe6f98b/screenshot'
19:07:49.320 [Forwarding screenshot on session 072d459134a8a13fb7817bcc7fe6f98b to remote] DEBUG org.asynchttpclient.netty.request.NettyRequestSender - Using open Channel [id: 0xc7e1c071, L:/127.0.0.1:63845 - R:localhost/127.0.0.1:57884] for GET '/session/072d459134a8a13fb7817bcc7fe6f98b/screenshot'
19:07:49.714 [AsyncHttpClient-1-11] DEBUG org.asynchttpclient.netty.handler.HttpHandler - 

Request DefaultFullHttpRequest(decodeResult: success, version: HTTP/1.1, content: EmptyByteBufBE)
GET /session/072d459134a8a13fb7817bcc7fe6f98b/screenshot HTTP/1.1
User-Agent: selenium/4.1.2 (java windows)
Cache-Control: no-cache
Content-Type: application/json; charset=utf-8
host: localhost:57884
accept: */*

Response DefaultHttpResponse(decodeResult: success, version: HTTP/1.1)
HTTP/1.1 200 OK
Content-Type: application/json; charset=utf-8
cache-control: no-cache
content-length: 312536

19:07:49.716 [AsyncHttpClient-1-11] DEBUG org.asynchttpclient.netty.channel.ChannelManager - Adding key: http://localhost:57884 for channel [id: 0xc7e1c071, L:/127.0.0.1:63845 - R:localhost/127.0.0.1:57884]
19:07:49.744 [main] DEBUG net.serenitybdd.core.photography.Darkroom - Send negative for processing for target\site\serenity\3bcf41c5e2b51a8e8f85f5075f458769ead48ad668ac03f483f80e4aeb5cab60.png
19:07:49.745 [main] DEBUG net.thucydides.core.steps.StepInterceptor - STEP DONE: inputPassword
  &amp#27;[32mAnd &amp#27;[0m&amp#27;[32mI input invalid password&amp#27;[0m                            &amp#27;[90m# starter.stepdefinitions.LoginSteps.iInputInvalidPassword()&amp#27;[0m
19:07:49.745 [Darkroom Processing Line] DEBUG net.serenitybdd.core.photography.DarkroomProcessingLine - Processing screenshot image in /var/screenshots/screenshot-6539557115056505283
19:07:49.745 [Darkroom Processing Line] DEBUG net.serenitybdd.core.photography.DarkroomProcessingLine - Saving screenshot to target\site\serenity\3bcf41c5e2b51a8e8f85f5075f458769ead48ad668ac03f483f80e4aeb5cab60.png
19:07:49.778 [main] DEBUG net.thucydides.core.steps.StepInterceptor - STARTING STEP: LoginSteps.clickLoginButton - clickLoginButton
19:07:49.785 [Forwarding findElement on session 072d459134a8a13fb7817bcc7fe6f98b to remote] DEBUG org.asynchttpclient.netty.request.NettyRequestSender - Using pooled Channel '[id: 0xc7e1c071, L:/127.0.0.1:63845 - R:localhost/127.0.0.1:57884]' for 'POST' to 'http://localhost:57884/session/072d459134a8a13fb7817bcc7fe6f98b/element'
19:07:49.786 [Forwarding findElement on session 072d459134a8a13fb7817bcc7fe6f98b to remote] DEBUG org.asynchttpclient.netty.request.NettyRequestSender - Using open Channel [id: 0xc7e1c071, L:/127.0.0.1:63845 - R:localhost/127.0.0.1:57884] for POST '/session/072d459134a8a13fb7817bcc7fe6f98b/element'
19:07:49.810 [AsyncHttpClient-1-11] DEBUG org.asynchttpclient.netty.handler.HttpHandler - 

Request DefaultHttpRequest(decodeResult: success, version: HTTP/1.1)
POST /session/072d459134a8a13fb7817bcc7fe6f98b/element HTTP/1.1
User-Agent: selenium/4.1.2 (java windows)
Content-Length: 50
Content-Type: application/json; charset=utf-8
host: localhost:57884
accept: */*

Response DefaultHttpResponse(decodeResult: success, version: HTTP/1.1)
HTTP/1.1 200 OK
Content-Type: application/json; charset=utf-8
cache-control: no-cache
content-length: 88

19:07:49.811 [AsyncHttpClient-1-11] DEBUG org.asynchttpclient.netty.channel.ChannelManager - Adding key: http://localhost:57884 for channel [id: 0xc7e1c071, L:/127.0.0.1:63845 - R:localhost/127.0.0.1:57884]
19:07:49.814 [Forwarding getElementTagName on session 072d459134a8a13fb7817bcc7fe6f98b to remote] DEBUG org.asynchttpclient.netty.request.NettyRequestSender - Using pooled Channel '[id: 0xc7e1c071, L:/127.0.0.1:63845 - R:localhost/127.0.0.1:57884]' for 'GET' to 'http://localhost:57884/session/072d459134a8a13fb7817bcc7fe6f98b/element/04791baf-5371-4788-98b5-a215fd3e1d30/name'
19:07:49.814 [Forwarding getElementTagName on session 072d459134a8a13fb7817bcc7fe6f98b to remote] DEBUG org.asynchttpclient.netty.request.NettyRequestSender - Using open Channel [id: 0xc7e1c071, L:/127.0.0.1:63845 - R:localhost/127.0.0.1:57884] for GET '/session/072d459134a8a13fb7817bcc7fe6f98b/element/04791baf-5371-4788-98b5-a215fd3e1d30/name'
19:07:49.827 [AsyncHttpClient-1-11] DEBUG org.asynchttpclient.netty.handler.HttpHandler - 

Request DefaultFullHttpRequest(decodeResult: success, version: HTTP/1.1, content: EmptyByteBufBE)
GET /session/072d459134a8a13fb7817bcc7fe6f98b/element/04791baf-5371-4788-98b5-a215fd3e1d30/name HTTP/1.1
User-Agent: selenium/4.1.2 (java windows)
Cache-Control: no-cache
Content-Type: application/json; charset=utf-8
host: localhost:57884
accept: */*

Response DefaultHttpResponse(decodeResult: success, version: HTTP/1.1)
HTTP/1.1 200 OK
Content-Type: application/json; charset=utf-8
cache-control: no-cache
content-length: 18

19:07:49.828 [AsyncHttpClient-1-11] DEBUG org.asynchttpclient.netty.channel.ChannelManager - Adding key: http://localhost:57884 for channel [id: 0xc7e1c071, L:/127.0.0.1:63845 - R:localhost/127.0.0.1:57884]
19:07:49.833 [Forwarding getElementTagName on session 072d459134a8a13fb7817bcc7fe6f98b to remote] DEBUG org.asynchttpclient.netty.request.NettyRequestSender - Using pooled Channel '[id: 0xc7e1c071, L:/127.0.0.1:63845 - R:localhost/127.0.0.1:57884]' for 'GET' to 'http://localhost:57884/session/072d459134a8a13fb7817bcc7fe6f98b/element/04791baf-5371-4788-98b5-a215fd3e1d30/name'
19:07:49.833 [Forwarding getElementTagName on session 072d459134a8a13fb7817bcc7fe6f98b to remote] DEBUG org.asynchttpclient.netty.request.NettyRequestSender - Using open Channel [id: 0xc7e1c071, L:/127.0.0.1:63845 - R:localhost/127.0.0.1:57884] for GET '/session/072d459134a8a13fb7817bcc7fe6f98b/element/04791baf-5371-4788-98b5-a215fd3e1d30/name'
19:07:49.844 [AsyncHttpClient-1-11] DEBUG org.asynchttpclient.netty.handler.HttpHandler - 

Request DefaultFullHttpRequest(decodeResult: success, version: HTTP/1.1, content: EmptyByteBufBE)
GET /session/072d459134a8a13fb7817bcc7fe6f98b/element/04791baf-5371-4788-98b5-a215fd3e1d30/name HTTP/1.1
User-Agent: selenium/4.1.2 (java windows)
Cache-Control: no-cache
Content-Type: application/json; charset=utf-8
host: localhost:57884
accept: */*

Response DefaultHttpResponse(decodeResult: success, version: HTTP/1.1)
HTTP/1.1 200 OK
Content-Type: application/json; charset=utf-8
cache-control: no-cache
content-length: 18

19:07:49.844 [AsyncHttpClient-1-11] DEBUG org.asynchttpclient.netty.channel.ChannelManager - Adding key: http://localhost:57884 for channel [id: 0xc7e1c071, L:/127.0.0.1:63845 - R:localhost/127.0.0.1:57884]
19:07:49.854 [Forwarding isElementEnabled on session 072d459134a8a13fb7817bcc7fe6f98b to remote] DEBUG org.asynchttpclient.netty.request.NettyRequestSender - Using pooled Channel '[id: 0xc7e1c071, L:/127.0.0.1:63845 - R:localhost/127.0.0.1:57884]' for 'GET' to 'http://localhost:57884/session/072d459134a8a13fb7817bcc7fe6f98b/element/04791baf-5371-4788-98b5-a215fd3e1d30/enabled'
19:07:49.854 [Forwarding isElementEnabled on session 072d459134a8a13fb7817bcc7fe6f98b to remote] DEBUG org.asynchttpclient.netty.request.NettyRequestSender - Using open Channel [id: 0xc7e1c071, L:/127.0.0.1:63845 - R:localhost/127.0.0.1:57884] for GET '/session/072d459134a8a13fb7817bcc7fe6f98b/element/04791baf-5371-4788-98b5-a215fd3e1d30/enabled'
19:07:49.877 [AsyncHttpClient-1-11] DEBUG org.asynchttpclient.netty.handler.HttpHandler - 

Request DefaultFullHttpRequest(decodeResult: success, version: HTTP/1.1, content: EmptyByteBufBE)
GET /session/072d459134a8a13fb7817bcc7fe6f98b/element/04791baf-5371-4788-98b5-a215fd3e1d30/enabled HTTP/1.1
User-Agent: selenium/4.1.2 (java windows)
Cache-Control: no-cache
Content-Type: application/json; charset=utf-8
host: localhost:57884
accept: */*

Response DefaultHttpResponse(decodeResult: success, version: HTTP/1.1)
HTTP/1.1 200 OK
Content-Type: application/json; charset=utf-8
cache-control: no-cache
content-length: 14

19:07:49.878 [AsyncHttpClient-1-11] DEBUG org.asynchttpclient.netty.channel.ChannelManager - Adding key: http://localhost:57884 for channel [id: 0xc7e1c071, L:/127.0.0.1:63845 - R:localhost/127.0.0.1:57884]
19:07:49.882 [Forwarding isElementEnabled on session 072d459134a8a13fb7817bcc7fe6f98b to remote] DEBUG org.asynchttpclient.netty.request.NettyRequestSender - Using pooled Channel '[id: 0xc7e1c071, L:/127.0.0.1:63845 - R:localhost/127.0.0.1:57884]' for 'GET' to 'http://localhost:57884/session/072d459134a8a13fb7817bcc7fe6f98b/element/04791baf-5371-4788-98b5-a215fd3e1d30/enabled'
19:07:49.883 [Forwarding isElementEnabled on session 072d459134a8a13fb7817bcc7fe6f98b to remote] DEBUG org.asynchttpclient.netty.request.NettyRequestSender - Using open Channel [id: 0xc7e1c071, L:/127.0.0.1:63845 - R:localhost/127.0.0.1:57884] for GET '/session/072d459134a8a13fb7817bcc7fe6f98b/element/04791baf-5371-4788-98b5-a215fd3e1d30/enabled'
19:07:49.904 [AsyncHttpClient-1-11] DEBUG org.asynchttpclient.netty.handler.HttpHandler - 

Request DefaultFullHttpRequest(decodeResult: success, version: HTTP/1.1, content: EmptyByteBufBE)
GET /session/072d459134a8a13fb7817bcc7fe6f98b/element/04791baf-5371-4788-98b5-a215fd3e1d30/enabled HTTP/1.1
User-Agent: selenium/4.1.2 (java windows)
Cache-Control: no-cache
Content-Type: application/json; charset=utf-8
host: localhost:57884
accept: */*

Response DefaultHttpResponse(decodeResult: success, version: HTTP/1.1)
HTTP/1.1 200 OK
Content-Type: application/json; charset=utf-8
cache-control: no-cache
content-length: 14

19:07:49.905 [AsyncHttpClient-1-11] DEBUG org.asynchttpclient.netty.channel.ChannelManager - Adding key: http://localhost:57884 for channel [id: 0xc7e1c071, L:/127.0.0.1:63845 - R:localhost/127.0.0.1:57884]
19:07:49.909 [Forwarding findElement on session 072d459134a8a13fb7817bcc7fe6f98b to remote] DEBUG org.asynchttpclient.netty.request.NettyRequestSender - Using pooled Channel '[id: 0xc7e1c071, L:/127.0.0.1:63845 - R:localhost/127.0.0.1:57884]' for 'POST' to 'http://localhost:57884/session/072d459134a8a13fb7817bcc7fe6f98b/element'
19:07:49.909 [Forwarding findElement on session 072d459134a8a13fb7817bcc7fe6f98b to remote] DEBUG org.asynchttpclient.netty.request.NettyRequestSender - Using open Channel [id: 0xc7e1c071, L:/127.0.0.1:63845 - R:localhost/127.0.0.1:57884] for POST '/session/072d459134a8a13fb7817bcc7fe6f98b/element'
19:07:49.924 [AsyncHttpClient-1-11] DEBUG org.asynchttpclient.netty.handler.HttpHandler - 

Request DefaultHttpRequest(decodeResult: success, version: HTTP/1.1)
POST /session/072d459134a8a13fb7817bcc7fe6f98b/element HTTP/1.1
User-Agent: selenium/4.1.2 (java windows)
Content-Length: 50
Content-Type: application/json; charset=utf-8
host: localhost:57884
accept: */*

Response DefaultHttpResponse(decodeResult: success, version: HTTP/1.1)
HTTP/1.1 200 OK
Content-Type: application/json; charset=utf-8
cache-control: no-cache
content-length: 88

19:07:49.924 [AsyncHttpClient-1-11] DEBUG org.asynchttpclient.netty.channel.ChannelManager - Adding key: http://localhost:57884 for channel [id: 0xc7e1c071, L:/127.0.0.1:63845 - R:localhost/127.0.0.1:57884]
19:07:49.927 [Forwarding clickElement on session 072d459134a8a13fb7817bcc7fe6f98b to remote] DEBUG org.asynchttpclient.netty.request.NettyRequestSender - Using pooled Channel '[id: 0xc7e1c071, L:/127.0.0.1:63845 - R:localhost/127.0.0.1:57884]' for 'POST' to 'http://localhost:57884/session/072d459134a8a13fb7817bcc7fe6f98b/element/04791baf-5371-4788-98b5-a215fd3e1d30/click'
19:07:49.928 [Forwarding clickElement on session 072d459134a8a13fb7817bcc7fe6f98b to remote] DEBUG org.asynchttpclient.netty.request.NettyRequestSender - Using open Channel [id: 0xc7e1c071, L:/127.0.0.1:63845 - R:localhost/127.0.0.1:57884] for POST '/session/072d459134a8a13fb7817bcc7fe6f98b/element/04791baf-5371-4788-98b5-a215fd3e1d30/click'
19:07:50.031 [AsyncHttpClient-1-11] DEBUG org.asynchttpclient.netty.handler.HttpHandler - 

Request DefaultHttpRequest(decodeResult: success, version: HTTP/1.1)
POST /session/072d459134a8a13fb7817bcc7fe6f98b/element/04791baf-5371-4788-98b5-a215fd3e1d30/click HTTP/1.1
User-Agent: selenium/4.1.2 (java windows)
Content-Length: 50
Content-Type: application/json; charset=utf-8
host: localhost:57884
accept: */*

Response DefaultHttpResponse(decodeResult: success, version: HTTP/1.1)
HTTP/1.1 200 OK
Content-Type: application/json; charset=utf-8
cache-control: no-cache
content-length: 14

19:07:50.032 [AsyncHttpClient-1-11] DEBUG org.asynchttpclient.netty.channel.ChannelManager - Adding key: http://localhost:57884 for channel [id: 0xc7e1c071, L:/127.0.0.1:63845 - R:localhost/127.0.0.1:57884]
19:07:50.039 [AsyncHttpClient-1-1] DEBUG org.asynchttpclient.netty.channel.DefaultChannelPool - Entry count for : http://localhost:57884 : 1
19:07:50.039 [AsyncHttpClient-1-1] DEBUG org.asynchttpclient.netty.channel.DefaultChannelPool - Entry count for : http://localhost:63846 : 1
19:07:50.050 [Forwarding screenshot on session 072d459134a8a13fb7817bcc7fe6f98b to remote] DEBUG org.asynchttpclient.netty.request.NettyRequestSender - Using pooled Channel '[id: 0xc7e1c071, L:/127.0.0.1:63845 - R:localhost/127.0.0.1:57884]' for 'GET' to 'http://localhost:57884/session/072d459134a8a13fb7817bcc7fe6f98b/screenshot'
19:07:50.051 [Forwarding screenshot on session 072d459134a8a13fb7817bcc7fe6f98b to remote] DEBUG org.asynchttpclient.netty.request.NettyRequestSender - Using open Channel [id: 0xc7e1c071, L:/127.0.0.1:63845 - R:localhost/127.0.0.1:57884] for GET '/session/072d459134a8a13fb7817bcc7fe6f98b/screenshot'
19:07:50.448 [AsyncHttpClient-1-11] DEBUG org.asynchttpclient.netty.handler.HttpHandler - 

Request DefaultFullHttpRequest(decodeResult: success, version: HTTP/1.1, content: EmptyByteBufBE)
GET /session/072d459134a8a13fb7817bcc7fe6f98b/screenshot HTTP/1.1
User-Agent: selenium/4.1.2 (java windows)
Cache-Control: no-cache
Content-Type: application/json; charset=utf-8
host: localhost:57884
accept: */*

Response DefaultHttpResponse(decodeResult: success, version: HTTP/1.1)
HTTP/1.1 200 OK
Content-Type: application/json; charset=utf-8
cache-control: no-cache
content-length: 287988

19:07:50.450 [AsyncHttpClient-1-11] DEBUG org.asynchttpclient.netty.channel.ChannelManager - Adding key: http://localhost:57884 for channel [id: 0xc7e1c071, L:/127.0.0.1:63845 - R:localhost/127.0.0.1:57884]
19:07:50.477 [main] DEBUG net.serenitybdd.core.photography.Darkroom - Send negative for processing for target\site\serenity\8144c225bcf723c8a98cde469fa179e8ccccf7020201fcfe26f55a381a68abef.png
19:07:50.478 [main] DEBUG net.thucydides.core.steps.StepInterceptor - STEP DONE: clickLoginButton
  &amp#27;[32mAnd &amp#27;[0m&amp#27;[32mI click login button&amp#27;[0m                                &amp#27;[90m# starter.stepdefinitions.LoginSteps.clickLoginButton()&amp#27;[0m
19:07:50.519 [main] DEBUG net.thucydides.core.steps.StepInterceptor - STARTING STEP: LoginSteps.showErrorMessage - showErrorMessage
19:07:50.524 [Forwarding findElement on session 072d459134a8a13fb7817bcc7fe6f98b to remote] DEBUG org.asynchttpclient.netty.request.NettyRequestSender - Using pooled Channel '[id: 0xc7e1c071, L:/127.0.0.1:63845 - R:localhost/127.0.0.1:57884]' for 'POST' to 'http://localhost:57884/session/072d459134a8a13fb7817bcc7fe6f98b/element'
19:07:50.524 [Forwarding findElement on session 072d459134a8a13fb7817bcc7fe6f98b to remote] DEBUG org.asynchttpclient.netty.request.NettyRequestSender - Using open Channel [id: 0xc7e1c071, L:/127.0.0.1:63845 - R:localhost/127.0.0.1:57884] for POST '/session/072d459134a8a13fb7817bcc7fe6f98b/element'
19:07:50.558 [AsyncHttpClient-1-11] DEBUG org.asynchttpclient.netty.handler.HttpHandler - 

Request DefaultHttpRequest(decodeResult: success, version: HTTP/1.1)
POST /session/072d459134a8a13fb7817bcc7fe6f98b/element HTTP/1.1
User-Agent: selenium/4.1.2 (java windows)
Content-Length: 49
Content-Type: application/json; charset=utf-8
host: localhost:57884
accept: */*

Response DefaultHttpResponse(decodeResult: success, version: HTTP/1.1)
HTTP/1.1 200 OK
Content-Type: application/json; charset=utf-8
cache-control: no-cache
content-length: 88

19:07:50.558 [AsyncHttpClient-1-11] DEBUG org.asynchttpclient.netty.channel.ChannelManager - Adding key: http://localhost:57884 for channel [id: 0xc7e1c071, L:/127.0.0.1:63845 - R:localhost/127.0.0.1:57884]
19:07:50.568 [Forwarding isElementDisplayed on session 072d459134a8a13fb7817bcc7fe6f98b to remote] DEBUG org.asynchttpclient.netty.request.NettyRequestSender - Using pooled Channel '[id: 0xc7e1c071, L:/127.0.0.1:63845 - R:localhost/127.0.0.1:57884]' for 'POST' to 'http://localhost:57884/session/072d459134a8a13fb7817bcc7fe6f98b/execute/sync'
19:07:50.568 [Forwarding isElementDisplayed on session 072d459134a8a13fb7817bcc7fe6f98b to remote] DEBUG org.asynchttpclient.netty.request.NettyRequestSender - Using open Channel [id: 0xc7e1c071, L:/127.0.0.1:63845 - R:localhost/127.0.0.1:57884] for POST '/session/072d459134a8a13fb7817bcc7fe6f98b/execute/sync'
19:07:50.612 [AsyncHttpClient-1-11] DEBUG org.asynchttpclient.netty.handler.HttpHandler - 

Request DefaultHttpRequest(decodeResult: success, version: HTTP/1.1)
POST /session/072d459134a8a13fb7817bcc7fe6f98b/execute/sync HTTP/1.1
User-Agent: selenium/4.1.2 (java windows)
Content-Length: 48780
Content-Type: application/json; charset=utf-8
host: localhost:57884
accept: */*

Response DefaultHttpResponse(decodeResult: success, version: HTTP/1.1)
HTTP/1.1 200 OK
Content-Type: application/json; charset=utf-8
cache-control: no-cache
content-length: 14

19:07:50.612 [AsyncHttpClient-1-11] DEBUG org.asynchttpclient.netty.channel.ChannelManager - Adding key: http://localhost:57884 for channel [id: 0xc7e1c071, L:/127.0.0.1:63845 - R:localhost/127.0.0.1:57884]
19:07:50.625 [Forwarding screenshot on session 072d459134a8a13fb7817bcc7fe6f98b to remote] DEBUG org.asynchttpclient.netty.request.NettyRequestSender - Using pooled Channel '[id: 0xc7e1c071, L:/127.0.0.1:63845 - R:localhost/127.0.0.1:57884]' for 'GET' to 'http://localhost:57884/session/072d459134a8a13fb7817bcc7fe6f98b/screenshot'
19:07:50.625 [Forwarding screenshot on session 072d459134a8a13fb7817bcc7fe6f98b to remote] DEBUG org.asynchttpclient.netty.request.NettyRequestSender - Using open Channel [id: 0xc7e1c071, L:/127.0.0.1:63845 - R:localhost/127.0.0.1:57884] for GET '/session/072d459134a8a13fb7817bcc7fe6f98b/screenshot'
19:07:50.981 [AsyncHttpClient-1-11] DEBUG org.asynchttpclient.netty.handler.HttpHandler - 

Request DefaultFullHttpRequest(decodeResult: success, version: HTTP/1.1, content: EmptyByteBufBE)
GET /session/072d459134a8a13fb7817bcc7fe6f98b/screenshot HTTP/1.1
User-Agent: selenium/4.1.2 (java windows)
Cache-Control: no-cache
Content-Type: application/json; charset=utf-8
host: localhost:57884
accept: */*

Response DefaultHttpResponse(decodeResult: success, version: HTTP/1.1)
HTTP/1.1 200 OK
Content-Type: application/json; charset=utf-8
cache-control: no-cache
content-length: 312944

19:07:50.982 [AsyncHttpClient-1-11] DEBUG org.asynchttpclient.netty.channel.ChannelManager - Adding key: http://localhost:57884 for channel [id: 0xc7e1c071, L:/127.0.0.1:63845 - R:localhost/127.0.0.1:57884]
19:07:51.002 [main] DEBUG net.serenitybdd.core.photography.Darkroom - Send negative for processing for target\site\serenity\2d18b68abe7a5d13ae94e8f0c41651a9bb64803eda42d4561f940cfea99cb105.png
19:07:51.002 [main] DEBUG net.thucydides.core.steps.StepInterceptor - STEP DONE: showErrorMessage
19:07:51.002 [Darkroom Processing Line] DEBUG net.serenitybdd.core.photography.DarkroomProcessingLine - Processing screenshot image in /var/screenshots/screenshot-3190591031651226789
19:07:51.002 [Darkroom Processing Line] DEBUG net.serenitybdd.core.photography.DarkroomProcessingLine - Saving screenshot to target\site\serenity\2d18b68abe7a5d13ae94e8f0c41651a9bb64803eda42d4561f940cfea99cb105.png
19:07:51.012 [main] DEBUG net.thucydides.core.steps.StepInterceptor - STARTING STEP: LoginSteps.showErrorMessage - verify
19:07:51.016 [Forwarding findElement on session 072d459134a8a13fb7817bcc7fe6f98b to remote] DEBUG org.asynchttpclient.netty.request.NettyRequestSender - Using pooled Channel '[id: 0xc7e1c071, L:/127.0.0.1:63845 - R:localhost/127.0.0.1:57884]' for 'POST' to 'http://localhost:57884/session/072d459134a8a13fb7817bcc7fe6f98b/element'
19:07:51.016 [Forwarding findElement on session 072d459134a8a13fb7817bcc7fe6f98b to remote] DEBUG org.asynchttpclient.netty.request.NettyRequestSender - Using open Channel [id: 0xc7e1c071, L:/127.0.0.1:63845 - R:localhost/127.0.0.1:57884] for POST '/session/072d459134a8a13fb7817bcc7fe6f98b/element'
19:07:51.025 [AsyncHttpClient-1-11] DEBUG org.asynchttpclient.netty.handler.HttpHandler - 

Request DefaultHttpRequest(decodeResult: success, version: HTTP/1.1)
POST /session/072d459134a8a13fb7817bcc7fe6f98b/element HTTP/1.1
User-Agent: selenium/4.1.2 (java windows)
Content-Length: 49
Content-Type: application/json; charset=utf-8
host: localhost:57884
accept: */*

Response DefaultHttpResponse(decodeResult: success, version: HTTP/1.1)
HTTP/1.1 200 OK
Content-Type: application/json; charset=utf-8
cache-control: no-cache
content-length: 88

19:07:51.025 [AsyncHttpClient-1-11] DEBUG org.asynchttpclient.netty.channel.ChannelManager - Adding key: http://localhost:57884 for channel [id: 0xc7e1c071, L:/127.0.0.1:63845 - R:localhost/127.0.0.1:57884]
19:07:51.026 [Forwarding getElementText on session 072d459134a8a13fb7817bcc7fe6f98b to remote] DEBUG org.asynchttpclient.netty.request.NettyRequestSender - Using pooled Channel '[id: 0xc7e1c071, L:/127.0.0.1:63845 - R:localhost/127.0.0.1:57884]' for 'GET' to 'http://localhost:57884/session/072d459134a8a13fb7817bcc7fe6f98b/element/85b725d3-345a-4532-8ca9-ee6a9253f56c/text'
19:07:51.027 [Forwarding getElementText on session 072d459134a8a13fb7817bcc7fe6f98b to remote] DEBUG org.asynchttpclient.netty.request.NettyRequestSender - Using open Channel [id: 0xc7e1c071, L:/127.0.0.1:63845 - R:localhost/127.0.0.1:57884] for GET '/session/072d459134a8a13fb7817bcc7fe6f98b/element/85b725d3-345a-4532-8ca9-ee6a9253f56c/text'
19:07:51.047 [AsyncHttpClient-1-11] DEBUG org.asynchttpclient.netty.handler.HttpHandler - 

Request DefaultFullHttpRequest(decodeResult: success, version: HTTP/1.1, content: EmptyByteBufBE)
GET /session/072d459134a8a13fb7817bcc7fe6f98b/element/85b725d3-345a-4532-8ca9-ee6a9253f56c/text HTTP/1.1
User-Agent: selenium/4.1.2 (java windows)
Cache-Control: no-cache
Content-Type: application/json; charset=utf-8
host: localhost:57884
accept: */*

Response DefaultHttpResponse(decodeResult: success, version: HTTP/1.1)
HTTP/1.1 200 OK
Content-Type: application/json; charset=utf-8
cache-control: no-cache
content-length: 41

19:07:51.047 [AsyncHttpClient-1-11] DEBUG org.asynchttpclient.netty.channel.ChannelManager - Adding key: http://localhost:57884 for channel [id: 0xc7e1c071, L:/127.0.0.1:63845 - R:localhost/127.0.0.1:57884]
19:07:51.055 [Forwarding screenshot on session 072d459134a8a13fb7817bcc7fe6f98b to remote] DEBUG org.asynchttpclient.netty.request.NettyRequestSender - Using pooled Channel '[id: 0xc7e1c071, L:/127.0.0.1:63845 - R:localhost/127.0.0.1:57884]' for 'GET' to 'http://localhost:57884/session/072d459134a8a13fb7817bcc7fe6f98b/screenshot'
19:07:51.055 [Forwarding screenshot on session 072d459134a8a13fb7817bcc7fe6f98b to remote] DEBUG org.asynchttpclient.netty.request.NettyRequestSender - Using open Channel [id: 0xc7e1c071, L:/127.0.0.1:63845 - R:localhost/127.0.0.1:57884] for GET '/session/072d459134a8a13fb7817bcc7fe6f98b/screenshot'
19:07:51.138 [AsyncHttpClient-1-1] DEBUG org.asynchttpclient.netty.channel.DefaultChannelPool - Entry count for : http://localhost:63846 : 1
19:07:51.378 [AsyncHttpClient-1-11] DEBUG org.asynchttpclient.netty.handler.HttpHandler - 

Request DefaultFullHttpRequest(decodeResult: success, version: HTTP/1.1, content: EmptyByteBufBE)
GET /session/072d459134a8a13fb7817bcc7fe6f98b/screenshot HTTP/1.1
User-Agent: selenium/4.1.2 (java windows)
Cache-Control: no-cache
Content-Type: application/json; charset=utf-8
host: localhost:57884
accept: */*

Response DefaultHttpResponse(decodeResult: success, version: HTTP/1.1)
HTTP/1.1 200 OK
Content-Type: application/json; charset=utf-8
cache-control: no-cache
content-length: 312944

19:07:51.379 [AsyncHttpClient-1-11] DEBUG org.asynchttpclient.netty.channel.ChannelManager - Adding key: http://localhost:57884 for channel [id: 0xc7e1c071, L:/127.0.0.1:63845 - R:localhost/127.0.0.1:57884]
19:07:51.405 [main] DEBUG net.serenitybdd.core.photography.Darkroom - Send negative for processing for target\site\serenity\2d18b68abe7a5d13ae94e8f0c41651a9bb64803eda42d4561f940cfea99cb105.png
19:07:51.405 [main] DEBUG net.thucydides.core.steps.StepInterceptor - STEP DONE: verify
  &amp#27;[32mThen &amp#27;[0m&amp#27;[32mShow error message &amp#27;[0m&amp#27;[32m&amp#27;[1m"Invalid username or password!"&amp#27;[0m &amp#27;[90m# starter.stepdefinitions.LoginSteps.showErrorMessage(java.lang.String)&amp#27;[0m
19:07:51.415 [AsyncHttpClient-1-13] DEBUG org.asynchttpclient.netty.handler.WebSocketHandler - Channel Closed: [id: 0x6117b693, L:/127.0.0.1:63855 ! R:localhost/127.0.0.1:63846] with attribute NettyResponseFuture{currentRetry=5,
	isDone=1,
	isCancelled=0,
	asyncHandler=org.asynchttpclient.ws.WebSocketUpgradeHandler@59b7db7b,
	nettyRequest=org.asynchttpclient.netty.request.NettyRequest@1cb54e29,
	future=java.util.concurrent.CompletableFuture@32547a5c[Completed normally],
	uri=ws://localhost:63846/devtools/browser/04782b90-6193-4f55-8895-f06865a97157,
	keepAlive=true,
	redirectCount=0,
	timeoutsHolder=null,
	inAuth=0,
	touch=1648642056682}
19:07:51.415 [AsyncHttpClient-1-13] DEBUG org.asynchttpclient.netty.channel.ChannelManager - Closing Channel [id: 0x6117b693, L:/127.0.0.1:63855 ! R:localhost/127.0.0.1:63846] 
19:07:51.415 [Driver Command Executor] DEBUG org.asynchttpclient.netty.request.NettyRequestSender - Using pooled Channel '[id: 0xc7e1c071, L:/127.0.0.1:63845 - R:localhost/127.0.0.1:57884]' for 'DELETE' to 'http://localhost:57884/session/072d459134a8a13fb7817bcc7fe6f98b'
19:07:51.415 [Driver Command Executor] DEBUG org.asynchttpclient.netty.request.NettyRequestSender - Using open Channel [id: 0xc7e1c071, L:/127.0.0.1:63845 - R:localhost/127.0.0.1:57884] for DELETE '/session/072d459134a8a13fb7817bcc7fe6f98b'
19:07:51.869 [AsyncHttpClient-1-12] DEBUG org.asynchttpclient.netty.handler.HttpHandler - Unexpected I/O exception on channel [id: 0xad23ea99, L:/127.0.0.1:63854 - R:localhost/127.0.0.1:63846]
java.io.IOException: An existing connection was forcibly closed by the remote host
	at sun.nio.ch.SocketDispatcher.read0(Native Method)
	at sun.nio.ch.SocketDispatcher.read(SocketDispatcher.java:43)
	at sun.nio.ch.IOUtil.readIntoNativeBuffer(IOUtil.java:223)
	at sun.nio.ch.IOUtil.read(IOUtil.java:192)
	at sun.nio.ch.SocketChannelImpl.read(SocketChannelImpl.java:380)
	at io.netty.buffer.PooledByteBuf.setBytes(PooledByteBuf.java:258)
	at io.netty.buffer.AbstractByteBuf.writeBytes(AbstractByteBuf.java:1132)
	at io.netty.channel.socket.nio.NioSocketChannel.doReadBytes(NioSocketChannel.java:350)
	at io.netty.channel.nio.AbstractNioByteChannel$NioByteUnsafe.read(AbstractNioByteChannel.java:151)
	at io.netty.channel.nio.NioEventLoop.processSelectedKey(NioEventLoop.java:722)
	at io.netty.channel.nio.NioEventLoop.processSelectedKeysOptimized(NioEventLoop.java:658)
	at io.netty.channel.nio.NioEventLoop.processSelectedKeys(NioEventLoop.java:584)
	at io.netty.channel.nio.NioEventLoop.run(NioEventLoop.java:496)
	at io.netty.util.concurrent.SingleThreadEventExecutor$4.run(SingleThreadEventExecutor.java:986)
	at io.netty.util.internal.ThreadExecutorMap$2.run(ThreadExecutorMap.java:74)
	at io.netty.util.concurrent.FastThreadLocalRunnable.run(FastThreadLocalRunnable.java:30)
	at java.lang.Thread.run(Thread.java:745)
19:07:51.869 [AsyncHttpClient-1-12] DEBUG org.asynchttpclient.netty.channel.ChannelManager - Closing Channel [id: 0xad23ea99, L:/127.0.0.1:63854 - R:localhost/127.0.0.1:63846] 
19:07:51.870 [AsyncHttpClient-1-12] DEBUG org.asynchttpclient.netty.handler.HttpHandler - Channel Closed: [id: 0xad23ea99, L:/127.0.0.1:63854 ! R:localhost/127.0.0.1:63846] with attribute DISCARD
19:07:52.093 [AsyncHttpClient-1-11] DEBUG org.asynchttpclient.netty.handler.HttpHandler - 

Request DefaultFullHttpRequest(decodeResult: success, version: HTTP/1.1, content: EmptyByteBufBE)
DELETE /session/072d459134a8a13fb7817bcc7fe6f98b HTTP/1.1
User-Agent: selenium/4.1.2 (java windows)
Content-Type: application/json; charset=utf-8
host: localhost:57884
accept: */*

Response DefaultHttpResponse(decodeResult: success, version: HTTP/1.1)
HTTP/1.1 200 OK
Content-Type: application/json; charset=utf-8
cache-control: no-cache
content-length: 14

19:07:52.093 [AsyncHttpClient-1-11] DEBUG org.asynchttpclient.netty.channel.ChannelManager - Adding key: http://localhost:57884 for channel [id: 0xc7e1c071, L:/127.0.0.1:63845 - R:localhost/127.0.0.1:57884]
19:07:52.233 [AsyncHttpClient-1-1] DEBUG org.asynchttpclient.netty.channel.DefaultChannelPool - Entry count for : http://localhost:57884 : 1
19:07:52.233 [AsyncHttpClient-1-1] DEBUG org.asynchttpclient.netty.channel.DefaultChannelPool - Entry count for : http://localhost:63846 : 1
19:07:52.233 [AsyncHttpClient-1-1] DEBUG org.asynchttpclient.netty.channel.DefaultChannelPool - Adding Candidate expired Channel [id: 0xad23ea99, L:/127.0.0.1:63854 ! R:localhost/127.0.0.1:63846] isIdleTimeoutExpired=false isRemotelyClosed=true isTtlExpired=false
19:07:52.233 [AsyncHttpClient-1-1] DEBUG org.asynchttpclient.netty.channel.DefaultChannelPool - Closing Idle Channel [id: 0xad23ea99, L:/127.0.0.1:63854 ! R:localhost/127.0.0.1:63846]
19:07:52.233 [AsyncHttpClient-1-1] DEBUG org.asynchttpclient.netty.channel.DefaultChannelPool - Closed 1 connections out of 2 in 0 ms
19:07:52.281 [AsyncHttpClient-1-11] DEBUG org.asynchttpclient.netty.handler.HttpHandler - Channel Closed: [id: 0xc7e1c071, L:/127.0.0.1:63845 ! R:localhost/127.0.0.1:57884] with attribute DISCARD
]]></system-out>
    <system-err><![CDATA[Starting ChromeDriver 99.0.4844.51 (d537ec02474b5afe23684e7963d538896c63ac77-refs/branch-heads/4844@{#875}) on port 57884
Only local connections are allowed.
Please see https://chromedriver.chromium.org/security-considerations for suggestions on keeping ChromeDriver safe.
ChromeDriver was started successfully.
[1648642055.810][WARNING]: This version of ChromeDriver has not been tested with Chrome version 100.
Mar 30, 2022 7:07:36 PM org.openqa.selenium.remote.ProtocolHandshake createSession
INFO: Detected dialect: W3C
Mar 30, 2022 7:07:36 PM org.openqa.selenium.devtools.CdpVersionFinder findNearestMatch
WARNING: Unable to find an exact match for CDP version 100, so returning the closest version found: 97
Mar 30, 2022 7:07:36 PM org.openqa.selenium.devtools.CdpVersionFinder findNearestMatch
INFO: Found CDP implementation for version 100 of 97
]]></system-err>
  </testcase>
</testsuite>